[info] Loading settings for project global-plugins from idea.sbt ...
[info] Loading global plugins from /home/girish/.sbt/1.0/plugins
[info] Loading settings for project csw-build-build from metaplugins.sbt ...
[info] Loading project definition from /home/girish/IdeaProjects/csw/project/project
[info] Loading settings for project csw-build from plugins.sbt ...
[info] Loading project definition from /home/girish/IdeaProjects/csw/project
[info] Loading settings for project csw from build.sbt ...
[info] Resolving key references (29071 settings) ...
[info] Set current project to csw (in build file:/home/girish/IdeaProjects/csw/)
[info] BinaryUtilsTest:
[info] - testIsNotTextIsFalseForMoreThan85percentASCIICharacters (37 milliseconds)
[info] - testIsBinaryIsFalseForMoreThan85percentASCIICharacters (40 milliseconds)
[info] - testIsNotTextIsTrueForLessThan85percentASCIICharacters (1 millisecond)
[info] - testIsBinaryIsTrueForLessThan85percentASCIICharacters (1 millisecond)
[info] ConfigDataTest:
[info] - should able to retrieve string from Config Data source (89 milliseconds)
[info] - should able to generate InputStream from Config Data source (37 milliseconds)
[info] - should create source of ByteString from string (3 milliseconds)
[info] - should be able to save ConfigData to local disc (33 milliseconds)
[info] - should be able to get Config object when data is in valid HOCON format (9 milliseconds)
[info] - config object conversion should receive exception when data is NOT in valid HOCON format (9 milliseconds)
[info] Run completed in 4 seconds, 696 milliseconds.
[info] Total number of tests run: 0
[info] Suites: completed 0, aborted 0
[info] Tests: succeeded 0, failed 0, canceled 0, ignored 0, pending 0
[info] No tests were executed.
[info] Run completed in 4 seconds, 559 milliseconds.
[info] Total number of tests run: 10
[info] Suites: completed 2, aborted 0
[info] Tests: succeeded 10, failed 0, canceled 0, ignored 0, pending 0
[info] All tests passed.
[info] ILoggerActorTest:
[info] - testDefaultLogConfigurationForActor
[info] JLoggerImplAPITest:
[info] - testOverloadedDebugLogLevel
[info] - testOverloadedFatalLogLevel
[info] - testOverloadedWarnLogLevel
[info] - testOverloadedErrorLogLevel
[info] - testOverloadedInfoLogLevel
[info] - testOverloadedTraceLogLevel
[info] ILoggerMutableActorTest:
[info] - testDefaultLogConfigurationForActor
[info] FileAppenderTest:
[info] - log file is rotated every day (26 milliseconds)
[info] NonFileRotationTest:
[info] - verify log file rotation is off (11 milliseconds)
[info] ActorLoggingTest:
[info] - messages logged from actor should contain component name, file name, class name, line number and actor path (205 milliseconds)
[info] - message logged with custom Map properties should get logged (209 milliseconds)
[info] - should load default filter provided in configuration file and applied to actor messages (204 milliseconds)
[info] LoggerCompTest:
[info] - changing log level of component should only affect component specific classes (423 milliseconds)
[info] AkkaLoggerTest:
[info] - logging framework should capture akka log messages and log it (304 milliseconds)
[info] SimpleLoggingTest:
[info] - logs should contain component name and source location in terms of file name, class name and line number (112 milliseconds)
[info] - inner class logs should contain source location in terms of file name, class name and line number (121 milliseconds)
[info] - singleton object logs should contain source location in terms of file name, class name and line number (116 milliseconds)
[info] - object logs should allow user definable keys and values (106 milliseconds)
[info] - should load default filter provided in configuration file and applied to normal logging messages (204 milliseconds)
[info] - should apply default log level provided in configuration file for normal logging messages (319 milliseconds)
[info] - should able to filter logs based on configured/updated log level (covers all levels) (1 second, 252 milliseconds)
[info] - should able to filter logs based on configured/updated log level (covers all levels) with non-default level (1 second, 213 milliseconds)
[info] - alternative log message should contain @category (103 milliseconds)
[info] - should able to log exception at ERROR level with complete stacktrace (308 milliseconds)
[info] StdOutAppenderTest:
[info] - should print message to standard output stream if category is 'common' (1 millisecond)
[info] - should not print message to standard output stream if category is not 'common' (1 millisecond)
[info] - should able to pretty-print one log message to one line (23 milliseconds)
[info] MutableActorLoggingTest:
[info] - messages logged from actor should contain component name, file name, class name, line number and actor path (202 milliseconds)
[info] - should load default filter provided in configuration file and applied to actor messages (204 milliseconds)
[info] LoggingConfigurationTest:
[info] - should log messages in the file with standard headers (135 milliseconds)
[info] - should log messages in the file without standard headers based on the log level configured in the config (237 milliseconds)
[info] - should log messages in the file and on console based on the log level configured in the file and stdout appender config (261 milliseconds)
[info] - should log messages on the console with standard headers based on the log level configured in the config (253 milliseconds)
[info] - should log messages on the console without standard headers (150 milliseconds)
[info] - should log messages on the console in one line (148 milliseconds)
[info] LoggingSystemTest:
[info] - should load default log level provided in configuration file (1 millisecond)
[info] - should able to set log level for default logger, slf4j and akka (1 millisecond)
[info] - should able to parse appenders from configuration file (0 milliseconds)
[info] - should throw AppenderNotFoundException for an invalid appender configured (23 milliseconds)
[info] CustomAppenderTest:
[info] - should be able to add and configure a custom appender using an object extending from CustomAppenderBuilder (237 milliseconds)
[info] - should be able to add and configure a custom appender using a class extending from CustomAppenderBuilder (252 milliseconds)
[info] - should be able to add and configure a custom appender using a class extending from CustomAppenderBuilder showing config changes (245 milliseconds)
[info] JGenericLoggerTest:
[info] - testGenericLoggerActorWithoutComponentName
[info] - testGenericLoggerWithoutComponentName
[info] Slf4jAppenderTest:
[info] - logging framework should capture slf4j logs and log it (304 milliseconds)
[info] ComponentLoggingStateManagerTest:
[info] - should able to parse logging configuration and extract component log levels state (2 milliseconds)
[info] - should able to add/update component logging level (1 millisecond)
[info] - should return empty map if component log levels are not provided in configuration file (5 milliseconds)
[info] ComponentLoggingStateTest:
[info] - should initialize component logging state with provided level (1 millisecond)
[info] - should able to update the log level of component (1 millisecond)
[info] ILoggerTest:
[info] - testLogLevelOfMultipleComponentsInSingleContainer
[info] - testDefaultLogConfigurationAndDefaultComponentLogLevel
[info] TimingTest:
[info] - should able to log messages to combination of standard out and file concurrently and also log time messages. (209 milliseconds)
[info] TimeServiceTest:
[info] - should get UTC time (72 milliseconds)
[info] JTimeServiceTest:
[info] - shouldGetUTCTime *** FAILED ***
[info]   java.lang.AssertionError: expected:<1542003561282> but was:<1542003561281>
[info]   at org.junit.Assert.fail(Assert.java:88)
[info]   at org.junit.Assert.failNotEquals(Assert.java:743)
[info]   at org.junit.Assert.assertEquals(Assert.java:118)
[info]   at org.junit.Assert.assertEquals(Assert.java:555)
[info]   at org.junit.Assert.assertEquals(Assert.java:542)
[info]   at csw.time.client.JTimeServiceTest.shouldGetUTCTime(JTimeServiceTest.java:30)
[info]   at java.base/jdk.internal.reflect.NativeMethodAccessorImpl.invoke0(Native Method)
[info]   at java.base/jdk.internal.reflect.NativeMethodAccessorImpl.invoke(NativeMethodAccessorImpl.java:62)
[info]   at java.base/jdk.internal.reflect.DelegatingMethodAccessorImpl.invoke(DelegatingMethodAccessorImpl.java:43)
[info]   at java.base/java.lang.reflect.Method.invoke(Method.java:564)
[info]   at org.junit.runners.model.FrameworkMethod$1.runReflectiveCall(FrameworkMethod.java:47)
[info]   at org.junit.internal.runners.model.ReflectiveCallable.run(ReflectiveCallable.java:12)
[info]   at org.junit.runners.model.FrameworkMethod.invokeExplosively(FrameworkMethod.java:44)
[info]   at org.junit.internal.runners.statements.InvokeMethod.evaluate(InvokeMethod.java:17)
[info]   at org.junit.runners.ParentRunner.runLeaf(ParentRunner.java:271)
[info]   at org.junit.runners.BlockJUnit4ClassRunner.runChild(BlockJUnit4ClassRunner.java:70)
[info]   at org.junit.runners.BlockJUnit4ClassRunner.runChild(BlockJUnit4ClassRunner.java:50)
[info]   at org.junit.runners.ParentRunner$3.run(ParentRunner.java:238)
[info]   at org.junit.runners.ParentRunner$1.schedule(ParentRunner.java:63)
[info]   at org.junit.runners.ParentRunner.runChildren(ParentRunner.java:236)
[info]   at org.junit.runners.ParentRunner.access$000(ParentRunner.java:53)
[info]   at org.junit.runners.ParentRunner$2.evaluate(ParentRunner.java:229)
[info]   at org.junit.runners.ParentRunner.run(ParentRunner.java:309)
[info]   at org.junit.runners.Suite.runChild(Suite.java:127)
[info]   at org.junit.runners.Suite.runChild(Suite.java:26)
[info]   at org.junit.runners.ParentRunner$3.run(ParentRunner.java:238)
[info]   at org.junit.runners.ParentRunner$1.schedule(ParentRunner.java:63)
[info]   at org.junit.runners.ParentRunner.runChildren(ParentRunner.java:236)
[info]   at org.junit.runners.ParentRunner.access$000(ParentRunner.java:53)
[info]   at org.junit.runners.ParentRunner$2.evaluate(ParentRunner.java:229)
[info]   at org.junit.runners.ParentRunner.run(ParentRunner.java:309)
[info]   at org.junit.runner.JUnitCore.run(JUnitCore.java:160)
[info]   at org.junit.runner.JUnitCore.run(JUnitCore.java:138)
[info]   at org.junit.runner.JUnitCore.run(JUnitCore.java:117)
[info]   at org.scalatest.junit.JUnitSuiteLike.run(JUnitSuiteLike.scala:242)
[info]   at org.scalatest.junit.JUnitSuiteLike.run$(JUnitSuiteLike.scala:230)
[info]   at org.scalatest.junit.JUnitSuite.run(JUnitSuite.scala:71)
[info]   at org.scalatest.tools.Framework.org$scalatest$tools$Framework$$runSuite(Framework.scala:314)
[info]   at org.scalatest.tools.Framework$ScalaTestTask.execute(Framework.scala:507)
[info]   at sbt.ForkMain$Run.lambda$runTest$1(ForkMain.java:304)
[info]   at java.base/java.util.concurrent.FutureTask.run(FutureTask.java:264)
[info]   at java.base/java.util.concurrent.ThreadPoolExecutor.runWorker(ThreadPoolExecutor.java:1135)
[info]   at java.base/java.util.concurrent.ThreadPoolExecutor$Worker.run(ThreadPoolExecutor.java:635)
[info]   at java.base/java.lang.Thread.run(Thread.java:844)
[info] ScalaTest
[info] Run completed in 18 seconds, 949 milliseconds.
[info] Total number of tests run: 54
[info] Suites: completed 20, aborted 0
[info] Tests: succeeded 54, failed 0, canceled 0, ignored 0, pending 0
[info] All tests passed.
[info] Passed: Total 54, Failed 0, Errors 0, Passed 54
[info] ScalaTest
[info] Run completed in 18 seconds, 797 milliseconds.
[info] Total number of tests run: 2
[info] Suites: completed 2, aborted 0
[info] Tests: succeeded 1, failed 1, canceled 0, ignored 0, pending 0
[info] *** 1 TEST FAILED ***
[error] Failed: Total 2, Failed 1, Errors 0, Passed 1
[error] Failed tests:
[error] 	csw.time.client.JTimeServiceTest
[info] UniqueKeyVerificationTest:
[info] Test Commands
[info] - Setup command is able to remove duplicate keys (5 milliseconds)
[info] - Observe command is able to remove duplicate keys (1 millisecond)
[info] - Wait command is able to remove duplicate keys (2 milliseconds)
[info] Test Result
[info] - is able to remove duplicate keys (2 milliseconds)
[info] Test Struct
[info] - is able to remove duplicate keys (1 millisecond)
[info] Test StateVariables
[info] - DemandState is able to remove duplicate keys (2 milliseconds)
[info] - CurrentState is able to remove duplicate keys (1 millisecond)
[info] Test Events
[info] - ObserveEvent command is able to remove duplicate keys (1 millisecond)
[info] - SystemEvent command is able to remove duplicate keys (1 millisecond)
[info] EventsTest:
[info] SystemEvent Test
[info] - should create with prefix and eventName (6 milliseconds)
[info] - should create with prefix, eventName, paramSet (2 milliseconds)
[info] - Should allow removing (1 millisecond)
[info] - Should allow adding (1 millisecond)
[info] - Should access metadata fields (0 milliseconds)
[info] - each event created should be unique (0 milliseconds)
[info] ObserveEvent Test
[info] - should create with prefix and eventName (0 milliseconds)
[info] - should create with prefix, eventName and paramSet (1 millisecond)
[info] - Should allow removing (2 milliseconds)
[info] - Should allow adding (1 millisecond)
[info] - Should access metadata fields (0 milliseconds)
[info] - each event created should be unique (0 milliseconds)
[info] JsonTest:
[info] Test Subsystem JSON
[info] - should encode and decode properly (0 milliseconds)
[info] Test Prefix
[info] - should encode and decode properly (0 milliseconds)
[info] Test Units JSON
[info] - should encode and decode properly (3 milliseconds)
[info] Test concrete items
[info] - char item encode/decode without units (3 milliseconds)
[info] - char item encode/decode with units (1 millisecond)
[info] - short item encode/decode (2 milliseconds)
[info] - int item encode/decode (1 millisecond)
[info] - long item encode/decode (1 millisecond)
[info] - float item encode/decode (3 milliseconds)
[info] - double item encode/decode (1 millisecond)
[info] - boolean item encode/decode (1 millisecond)
[info] - string item encode/decode (0 milliseconds)
[info] Testing Items
[info] - should encode and decode items list (1 millisecond)
[info] Commands and Events JSON
[info] - Should encode/decode a Setup (5 milliseconds)
[info] - Should encode/decode an Observe (4 milliseconds)
[info] - Should encode/decode an Wait (3 milliseconds)
[info] - Should encode/decode an ObserveEvent (7 milliseconds)
[info] - Should encode/decode an SystemEvent (4 milliseconds)
[info] - Should encode/decode an CurrentState (3 milliseconds)
[info] - Should encode/decode an DemandState (3 milliseconds)
[info] Test Custom RaDecItem
[info] - Should allow custom RaDecItem (2 milliseconds)
[info] Test Double Matrix items
[info] - Should allow double matrix values (3 milliseconds)
[info] Test Double Array items
[info] - Should allow double array values (2 milliseconds)
[info] Test Int Matrix items
[info] - Should allow int matrix values (2 milliseconds)
[info] Test Int Array items
[info] - Should allow int array values (2 milliseconds)
[info] Test Byte Matrix items
[info] - Should allow byte matrix values (2 milliseconds)
[info] Test Byte Array items
[info] - Should allow byte array values (2 milliseconds)
[info] Test Short Matrix items
[info] - Should allow short matrix values (2 milliseconds)
[info] Test Short Array items
[info] - Should allow short array values (1 millisecond)
[info] Test Long Matrix items
[info] - Should allow long matrix values (2 milliseconds)
[info] Test Long Array items
[info] - Should allow long array values (3 milliseconds)
[info] Test Choice items
[info] - Should allow choice/enum values (2 milliseconds)
[info] testing StructItem JSON support
[info] - should allow Struct values (4 milliseconds)
[info] KeyParameterTest:
[info] basic key tests
[info] - should have correct name (1 millisecond)
[info] - should have equality based on name (0 milliseconds)
[info] test booleanKey
[info] - should allow single val (1 millisecond)
[info] - should work with list, withUnits (1 millisecond)
[info] - should work with list, units (0 milliseconds)
[info] test charItem
[info] - should allow single val (0 milliseconds)
[info] - should work with list, withUnits (1 millisecond)
[info] - should work with list, units (1 millisecond)
[info] test ByteItem
[info] - should allow single val (1 millisecond)
[info] - should work with list, withUnits (0 milliseconds)
[info] - should work with list, units (0 milliseconds)
[info] test ByteArrayKey
[info] - should test single item (0 milliseconds)
[info] - should test with list, withUnits (1 millisecond)
[info] - should test with list, units (1 millisecond)
[info] - should test using one array with and without units (0 milliseconds)
[info] - should test using var args (0 milliseconds)
[info] test byteMatrixKey
[info] - should work with a single item (0 milliseconds)
[info] - should work with list and withUnits (0 milliseconds)
[info] - should work with list and units (0 milliseconds)
[info] - work with one matrix without and with units (0 milliseconds)
[info] - work with varargs (0 milliseconds)
[info] - work with varargs as arrays (0 milliseconds)
[info] test ShortItem
[info] - should allow single val (0 milliseconds)
[info] - should work with list, withUnits (1 millisecond)
[info] - should work with list, units (0 milliseconds)
[info] test shortArrayKey
[info] - should test single item (0 milliseconds)
[info] - should test with list, withUnits (1 millisecond)
[info] - should test with list, units (0 milliseconds)
[info] - should test using one array with and without units (1 millisecond)
[info] - should test using var args (0 milliseconds)
[info] test shortMatrixKey
[info] - should work with a single item (0 milliseconds)
[info] - should work with list and withUnits (0 milliseconds)
[info] - should work with list and units (0 milliseconds)
[info] - work with one matrix without and with units (0 milliseconds)
[info] - work with varargs (0 milliseconds)
[info] - work with varargs as arrays (0 milliseconds)
[info] test IntItem
[info] - should allow single val (1 millisecond)
[info] - should work with list, withUnits (1 millisecond)
[info] - should work with list, units (0 milliseconds)
[info] test intArrayKey
[info] - should test single item (0 milliseconds)
[info] - should test with list, withUnits (0 milliseconds)
[info] - should test with list, units (0 milliseconds)
[info] - should test using one array with and without units (0 milliseconds)
[info] - should test using var args (0 milliseconds)
[info] test intMatrixKey
[info] - should work with a single item (0 milliseconds)
[info] - should work with list and withUnits (0 milliseconds)
[info] - should work with list and units (0 milliseconds)
[info] - work with one matrix without and with units (0 milliseconds)
[info] - work with varargs (0 milliseconds)
[info] - work with varargs as arrays (0 milliseconds)
[info] test longKey
[info] - should allow single val (0 milliseconds)
[info] - should work with list, withUnits (0 milliseconds)
[info] - should work with list, units (0 milliseconds)
[info] test LongArrayKey
[info] - should test single item (1 millisecond)
[info] - should test with list, withUnits (0 milliseconds)
[info] - should test with list, units (0 milliseconds)
[info] - should test using one array with and without units (1 millisecond)
[info] - should test using var args (1 millisecond)
[info] test longMatrixKey
[info] - should work with a single item (1 millisecond)
[info] - should work with list and withUnits (1 millisecond)
[info] - should work with list and units (1 millisecond)
[info] - work with one matrix without and with units (1 millisecond)
[info] - work with varargs (1 millisecond)
[info] - work with varargs as arrays (1 millisecond)
[info] test floatItem
[info] - should allow single val (1 millisecond)
[info] - should work with list, withUnits (1 millisecond)
[info] - should work with list, units (0 milliseconds)
[info] test floatArrayKey
[info] - should test single item (1 millisecond)
[info] - should test with list, withUnits (0 milliseconds)
[info] - should test with list, units (1 millisecond)
[info] - should test using one array with and without units (1 millisecond)
[info] - should test using var args (1 millisecond)
[info] test floatMatrixKey
[info] - should work with a single item (0 milliseconds)
[info] - should work with list and withUnits (0 milliseconds)
[info] - should work with list and units (0 milliseconds)
[info] - work with one matrix without and with units (1 millisecond)
[info] - work with varargs (0 milliseconds)
[info] - work with varargs as arrays (0 milliseconds)
[info] test doubleItem
[info] - should allow single val (0 milliseconds)
[info] - should work with list, withUnits (1 millisecond)
[info] - should work with list, units (0 milliseconds)
[info] test doubleArrayKey
[info] - should test single item (0 milliseconds)
[info] - should test with list, withUnits (0 milliseconds)
[info] - should test with list, units (1 millisecond)
[info] - should test using one array with and without units (0 milliseconds)
[info] - should test using var args (0 milliseconds)
[info] test doubleMatrixKey
[info] - should work with a single item (0 milliseconds)
[info] - should work with list and withUnits (0 milliseconds)
[info] - should work with list and units (1 millisecond)
[info] - work with one matrix without and with units (1 millisecond)
[info] - work with varargs (0 milliseconds)
[info] - work with varargs as arrays (0 milliseconds)
[info] test TimestampItem
[info] - should allow create a Timestamp parameter from a timestamp key (0 milliseconds)
[info] - and second must be default Unit (0 milliseconds)
[info] - should work with list, withUnits (1 millisecond)
[info] - should work with list, units (0 milliseconds)
[info] testing ChoiceItem
[info] - should allow creating with Choices object (1 millisecond)
[info] - should allow creating with varargs of Strings (1 millisecond)
[info] - should allow creation with individual Choice items (1 millisecond)
[info] test raDecKey
[info] - should allow single val (1 millisecond)
[info] - should work with list, withUnits (1 millisecond)
[info] - should work with list, units (0 milliseconds)
[info] test stringKey
[info] - should allow single val (0 milliseconds)
[info] - should work with list, withUnits (1 millisecond)
[info] - should work with list, units (1 millisecond)
[info] testing StructItem
[info] - should allow creating Struct items (1 millisecond)
[info] test setting multiple values
[info] - should allow setting a single value (0 milliseconds)
[info] - should allow setting several (0 milliseconds)
[info] - should also allow setting with sequence (0 milliseconds)
[info] CommandsTest:
[info] Setup config tests
[info] - Should allow adding keys using single set (1 millisecond)
[info] - Should allow setting with units (1 millisecond)
[info] - Should allow apply which returns values (1 millisecond)
[info] - should update for the same key with set (1 millisecond)
[info] - Should able to create with Byte Parameteret (1 millisecond)
[info] - Should allow updates (1 millisecond)
[info] - Should allow to create setup without obsId (0 milliseconds)
[info] - Should create new RunId when a parameter is added or removed (0 milliseconds)
[info] Observe config tests
[info] - Should allow adding keys (0 milliseconds)
[info] - Should allow setting (0 milliseconds)
[info] - Should allow apply (1 millisecond)
[info] - should update for the same key with set (0 milliseconds)
[info] - should update for the same key with add (0 milliseconds)
[info] - Should create new RunId when a parameter is added or removed (0 milliseconds)
[info] Wait config tests
[info] - Should allow adding keys (0 milliseconds)
[info] - Should allow setting (1 millisecond)
[info] - Should allow apply (0 milliseconds)
[info] - should update for the same key with set (0 milliseconds)
[info] - should update for the same key with add (0 milliseconds)
[info] - Should create new RunId when a parameter is added or removed (1 millisecond)
[info] testing for getting typed items
[info] Checking for item types in configs
[info] - Should get as IntItem (0 milliseconds)
[info] Check for multi-add
[info] - Should allow vararg add (0 milliseconds)
[info] Should work with remove
[info] - Setup command should allow removing one at a time (1 millisecond)
[info] - Observe command should allow removing one at a time (1 millisecond)
[info] - Wait command should allow removing one at a time (1 millisecond)
[info] should work with remove by item
[info] - Should allow removing one at a time (1 millisecond)
[info] clone command test
[info] - clone command creates a command from existing command with a new RunId for Setup, Observe or Wait (1 millisecond)
[info] EqualityTest:
[info] Array-based long array equality
[info] - should short circuit with identical same arrays (0 milliseconds)
[info] - should be equal with identical different arrays (0 milliseconds)
[info] - should fail with different valued arrays (0 milliseconds)
[info] - should work with items too when equal (0 milliseconds)
[info] - should fail with items when values not equal (1 millisecond)
[info] Array-based long matrix equality
[info] - should short circuit with identical same matrices (0 milliseconds)
[info] - should be equal with identical different matrices (0 milliseconds)
[info] - should fail with different valued matrices (0 milliseconds)
[info] - should fail for totally different matrices (0 milliseconds)
[info] Array-based byte array equality
[info] - should short circuit with identical same arrays (1 millisecond)
[info] - should be equal with identical different arrays (0 milliseconds)
[info] - should fail with different valued arrays (0 milliseconds)
[info] - should work with items too when equal (0 milliseconds)
[info] - should fail with items when values not equal (0 milliseconds)
[info] Array-based byte matrix equality
[info] - should short circuit with identical same matrices (0 milliseconds)
[info] - should be equal with identical different matrices (1 millisecond)
[info] - should fail with different valued matrices (0 milliseconds)
[info] - should fail for totally different matrices (0 milliseconds)
[info] Array-based double array equality
[info] - should short circuit with identical same arrays (0 milliseconds)
[info] - should be equal with identical different arrays (0 milliseconds)
[info] - should fail with different valued arrays (0 milliseconds)
[info] - should work with items too when equal (0 milliseconds)
[info] - should fail with items when values not equal (0 milliseconds)
[info] Array-based double matrix equality
[info] - should short circuit with identical same matrices (1 millisecond)
[info] - should be equal with identical different matrices (0 milliseconds)
[info] - should fail with different valued matrices (0 milliseconds)
[info] - should fail for totally different matrices (0 milliseconds)
[info] Array-based float array equality
[info] - should short circuit with identical same arrays (1 millisecond)
[info] - should be equal with identical different arrays (0 milliseconds)
[info] - should fail with different valued arrays (0 milliseconds)
[info] - should work with items too when equal (1 millisecond)
[info] - should fail with items when values not equal (0 milliseconds)
[info] Array-based float matrix equality
[info] - should short circuit with identical same matrices (0 milliseconds)
[info] - should be equal with identical different matrices (0 milliseconds)
[info] - should fail with different valued matrices (1 millisecond)
[info] - should fail for totally different matrices (0 milliseconds)
[info] Array-based int array equality
[info] - should short circuit with identical same arrays (0 milliseconds)
[info] - should be equal with identical different arrays (1 millisecond)
[info] - should fail with different valued arrays (0 milliseconds)
[info] - should work with items too when equal (0 milliseconds)
[info] - should fail with items when values not equal (0 milliseconds)
[info] Array-based int matrix equality
[info] - should short circuit with identical same matrices (0 milliseconds)
[info] - should be equal with identical different matrices (0 milliseconds)
[info] - should fail with different valued matrices (1 millisecond)
[info] - should fail for totally different matrices (0 milliseconds)
[info] Array-based short array equality
[info] - should short circuit with identical same arrays (0 milliseconds)
[info] - should be equal with identical different arrays (0 milliseconds)
[info] - should fail with different valued arrays (0 milliseconds)
[info] - should work with items too when equal (0 milliseconds)
[info] - should fail with items when values not equal (0 milliseconds)
[info] Array-based short matrix equality
[info] - should short circuit with identical same matrices (1 millisecond)
[info] - should be equal with identical different matrices (0 milliseconds)
[info] - should fail with different valued matrices (0 milliseconds)
[info] - should fail for totally different matrices (0 milliseconds)
[info] IdTest:
[info] - should able to create setup commands having unique runId (2 milliseconds)
[info] - should able to create observe commands having unique runId (1 millisecond)
[info] - should able to create wait commands having unique runId (0 milliseconds)
[info] SocketUtilsTest:
[info] - should return true when server is running on given host and port (32 milliseconds)
[info] - should throw exception when server is not running on given host and port (5 seconds, 83 milliseconds)
[info] NetworksTest:
[info] - Should filter ipv6 addresses (307 milliseconds)
[info] - Should get ip4 address of interface with lowest index when interfacename is not provided (0 milliseconds)
[info] - testGetIpv4Address throws NetworkInterfaceNotFound when provided interface name is not present (36 milliseconds)
[info] - testGetIpv4Address returns inet address when provided a valid interface name (3 milliseconds)
[info] Run completed in 6 seconds, 544 milliseconds.
[info] Total number of tests run: 72
[info] Suites: completed 4, aborted 0
[info] Tests: succeeded 72, failed 0, canceled 0, ignored 0, pending 0
[info] All tests passed.
[info] Run completed in 9 seconds.
[info] Total number of tests run: 6
[info] Suites: completed 2, aborted 0
[info] Tests: succeeded 6, failed 0, canceled 0, ignored 0, pending 0
[info] All tests passed.
[info] ComponentIdTest:
[info] - should not contain leading or trailing spaces in component's name (150 milliseconds)
[info] - should not contain '-' in component's name (1 millisecond)
[info] ComponentTypeTest:
[info] - ComponentType should be any one of this types : 'container', 'hcd', 'assembly' and 'service' (4 milliseconds)
[info] ConnectionTypeTest:
[info] - ConnectionType should be any one of this types : 'http', 'tcp' and 'akka' (4 milliseconds)
[info] ConnectionTest:
[info] - should able to form a string representation for akka connection for trombone HCD (5 milliseconds)
[info] - should able to form a string representation for tcp connection for redis (1 millisecond)
[info] - should able to form a string representation for http connection for config service (1 millisecond)
[info] - should able to form a string representation for akka connection for trombone container (1 millisecond)
[info] - should able to form a string representation for akka connection for trombone assembly (0 milliseconds)
[info] - should able to form a connection for components from a valid string representation (4 milliseconds)
[info] - should not be able to form a connection for components from an invalid string representation (1 millisecond)
[info] FullAlarmSeverityTest:
[info] - should match enum values (21 milliseconds)
[info] AlarmHealthTest:
[info] - should match enum values (1 millisecond)
[info] - severities Okay, Warning should result in Good health (2 milliseconds)
[info] - severity Major should result in Ill health (1 millisecond)
[info] - severities Disconnected, Indeterminate, Critical should result in Bad health (0 milliseconds)
[info] AlarmTypeTest:
[info] - should match enum values (1 millisecond)
[info] KeyTest:
[info] - AlarmKey should be representing a unique alarm (6 milliseconds)
[info] - SubsystemKey should be representing keys for all alarms of a subsystem (1 millisecond)
[info] - ComponentKey should be representing keys for all alarms of a component (1 millisecond)
[info] - GlobalKey should be representing keys for all alarms (1 millisecond)
[info] - AlarmKey should not allow '*' character (1 millisecond)
[info] - AlarmKey should not allow '[' character (1 millisecond)
[info] - AlarmKey should not allow ']' character (0 milliseconds)
[info] - AlarmKey should not allow '-' character (1 millisecond)
[info] - AlarmKey should not allow '^' character (1 millisecond)
[info] - ComponentKey should not allow '*' character (1 millisecond)
[info] - ComponentKey should not allow '[' character (0 milliseconds)
[info] - ComponentKey should not allow ']' character (0 milliseconds)
[info] - ComponentKey should not allow '-' character (1 millisecond)
[info] - ComponentKey should not allow '^' character (1 millisecond)
[info] - ComponentKey should not allow empty values (2 milliseconds)
[info] - AlarmKey should not allow empty values (1 millisecond)
[info] AlarmMetadataTest:
[info] - should get alarm key from AlarmMetadata (0 milliseconds)
[info] - should always support Indeterminate and Okay severities  (1 millisecond)
[info] - should tell if the alarm is active or not (1 millisecond)
[info] - should be able to get description of the alarm (0 milliseconds)
[info] - should be able to get alarm type (6 milliseconds)
[info] - should get probable cause from AlarmMetadata (1 millisecond)
[info] - should get operator response from AlarmMetadata (0 milliseconds)
[info] - should be able to determine if alarm can be auto-acknowledged (0 milliseconds)
[info] - should be able to determine if alarm can be latched (0 milliseconds)
[info] ShelveStatusTest:
[info] - should match enum values (0 milliseconds)
[info] AcknowledgementStatusTest:
[info] - should match enum values (1 millisecond)
[info] AlarmSeverityTest:
[info] - should match enum values (1 millisecond)
[info] ActivationStatusTest:
[info] - should match enum values (0 milliseconds)
[info] Run completed in 6 seconds, 148 milliseconds.
[info] Total number of tests run: 0
[info] Suites: completed 0, aborted 0
[info] Tests: succeeded 0, failed 0, canceled 0, ignored 0, pending 0
[info] No tests were executed.
[info] Run completed in 5 seconds, 930 milliseconds.
[info] Total number of tests run: 11
[info] Suites: completed 4, aborted 0
[info] Tests: succeeded 11, failed 0, canceled 0, ignored 0, pending 0
[info] All tests passed.
[info] Run completed in 5 seconds, 834 milliseconds.
[info] Total number of tests run: 35
[info] Suites: completed 9, aborted 0
[info] Tests: succeeded 35, failed 0, canceled 0, ignored 0, pending 0
[info] All tests passed.
[info] LocationServerStatusTest:
[info] - should return true when server is running on given host and port (86 milliseconds)
[info] - should throw exception when server is not running on given host and port (5 seconds, 62 milliseconds)
[info] JLocationServiceImplTest:
[info] - testHttpRegistration
[info] - testTrackingConnection
[info] - testResolveTcpConnection
[info] - testRegistrationAndUnregistrationOfHttpComponent
[info] - testListComponentsByHostname
[info] - testResolveAkkaConnection
[info] - testUnregisteringDeadActorByDeathWatch
[info] - testTcpRegistration
[info] - testListComponents
[info] - testSubscribeConnection
[info] - testListakkaComponentsByPrefix
[info] - testAkkaRegistration
[info] - testLocationServiceRegisterWithAkkaHttpTcpAsSequence
[info] - testListComponentsByConnectionType
[info] - testListComponentsByComponentType
[ERROR] [11/12/2018 11:50:02.997] [csw-remote-actor-system-akka.actor.default-dispatcher-3] [akka.tcp://csw-location-server@192.168.12.210:3552/system/remote-watcher] swallowing exception during message send (akka.remote.RemoteTransportExceptionNoStackTrace: Attempted to send remote message but Remoting is not running.)
[info] LocationServiceCompTestWithCluster:
[info] - should able to register, resolve, list and unregister tcp location (2 seconds, 254 milliseconds)
[info] - should able to register, resolve, list and unregister http location (2 seconds, 30 milliseconds)
[info] - should able to register, resolve, list and unregister akka location (2 seconds, 41 milliseconds)
[info] - akka location death watch actor should unregister services whose actorRef is terminated (326 milliseconds)
[info] - should able to track tcp connection and get location updated(on registration) and remove(on unregistration) messages (896 milliseconds)
[info] - should be able to subscribe a tcp connection and receive notifications via callback (1 second, 202 milliseconds)
[info] - should able to track http and akka connection registered before tracking started (1 second, 289 milliseconds)
[info] - should able to stop tracking (703 milliseconds)
[info] - should not register a different Registration(connection + port/URI/actorRef) against already registered name (13 milliseconds)
[info] - registering an already registered Registration(connection + port/URI/actorRef) on same machine should not result in failure (8 milliseconds)
[info] - unregistering an already unregistered connection does not result in failure (5 milliseconds)
[info] - should able to resolve tcp connection (4 milliseconds)
[info] - should filter components with component type (11 milliseconds)
[info] - should filter connections based on Connection type (11 milliseconds)
[info] - should filter connections based on hostname (7 milliseconds)
[info] - should filter akka connections based on prefix (5 milliseconds)
[info] - should able to unregister all components (3 milliseconds)
[info] ArgsParserTest:
[info] - parse without arguments (8 milliseconds)
[info] - parse with all arguments without testMode (2 milliseconds)
[info] - parse with all arguments --testMode (1 millisecond)
[info] - parse with some arguments (1 millisecond)
[info] BlockingUtilsTest:
[info] - test that Poll method bottoms out and returns expected result (1 second, 7 milliseconds)
[info] - test that Poll method detects predicate fulfillment (209 milliseconds)
[info] MultiActorSystemTest:
[info] - ensure that location service works across two actorSystems within the same JVM (93 milliseconds)
[info] StreamExtTest:
[info] - distinctUntilChanged (3 milliseconds)
[info] ClusterSettingsTest:
[info] - exception is thrown when settings are not found for a given cluster name (3 milliseconds)
[info] - default cluster settings are used when no custom parameters are supplied (5 milliseconds)
[info] - cluster settings with custom parameters are used (1 millisecond)
[info] - cluster settings with join Local (3 milliseconds)
[info] - cluster settings with custom values (1 millisecond)
[info] - cluster settings with system properties (1 millisecond)
[info] RegistrationTest:
[info] - should able to create the AkkaRegistration which should internally create AkkaLocation (2 milliseconds)
[info] - should able to create the HttpRegistration which should internally create HttpLocation (1 millisecond)
[info] - should able to create the TcpRegistration which should internally create TcpLocation (1 millisecond)
[WARN] [11/12/2018 11:50:17.722] [pool-1-thread-1-ScalaTest-running-RegistrationTest] [ManifestInfo(akka://local-actor-system)] Detected possible incompatible versions on the classpath. Please note that a given Akka version MUST be the same across all modules of Akka that you are using, e.g. if you use [2.5.17] all other modules that are released together MUST be of the same version. Make sure you're using a compatible set of libraries.Possibly conflicting versions [2.5.17, 2.5.6] in libraries [akka-multi-node-testkit:2.5.17, akka-persistence:2.5.6, akka-cluster-sharding:2.5.6, akka-protobuf:2.5.17, akka-actor-typed:2.5.17, akka-actor:2.5.17, akka-slf4j:2.5.17, akka-remote:2.5.17, akka-cluster:2.5.17, akka-distributed-data:2.5.17, akka-stream:2.5.17, akka-cluster-typed:2.5.17, akka-actor-testkit-typed:2.5.17, akka-stream-testkit:2.5.17, akka-cluster-tools:2.5.17]
[info] - should not allow AkkaRegistration using local ActorRef (34 milliseconds)
[info] LocationServiceCompTestWithHttp:
[info] - should able to register, resolve, list and unregister tcp location (2 seconds, 104 milliseconds)
[info] - should able to register, resolve, list and unregister http location (2 seconds, 75 milliseconds)
[info] - should able to register, resolve, list and unregister akka location (2 seconds, 93 milliseconds)
[info] - akka location death watch actor should unregister services whose actorRef is terminated (136 milliseconds)
[info] - should able to track tcp connection and get location updated(on registration) and remove(on unregistration) messages (973 milliseconds)
[info] - should be able to subscribe a tcp connection and receive notifications via callback (1 second, 216 milliseconds)
[info] - should able to track http and akka connection registered before tracking started (1 second, 262 milliseconds)
[info] - should able to stop tracking (713 milliseconds)
[info] - should not register a different Registration(connection + port/URI/actorRef) against already registered name (31 milliseconds)
[info] - registering an already registered Registration(connection + port/URI/actorRef) on same machine should not result in failure (19 milliseconds)
[info] - unregistering an already unregistered connection does not result in failure (9 milliseconds)
[info] - should able to resolve tcp connection (7 milliseconds)
[info] - should filter components with component type (18 milliseconds)
[info] - should filter connections based on Connection type (26 milliseconds)
[info] - should filter connections based on hostname (21 milliseconds)
[info] - should filter akka connections based on prefix (17 milliseconds)
[info] - should able to unregister all components (15 milliseconds)
[ERROR] [11/12/2018 11:50:28.879] [test-akka.actor.default-dispatcher-5] [akka.tcp://test@192.168.12.210:40925/system/pool-master] connection pool for PoolGateway(hcps = HostConnectionPoolSetup(localhost,7654,ConnectionPoolSetup(ConnectionPoolSettings(4,0,5,32,1,30 seconds,ClientConnectionSettings(Some(User-Agent: akka-http/10.1.5),10 seconds,1 minute,512,None,WebSocketSettings(<function0>,ping,Duration.Inf,akka.http.impl.settings.WebSocketSettingsImpl$$$Lambda$1387/634130161@26c8d7c5),List(),ParserSettings(2048,16,64,64,8192,64,8388608,8388608,256,1048576,Strict,RFC6265,true,Set(),Full,Error,Map(If-Range -> 0, If-Modified-Since -> 0, If-Unmodified-Since -> 0, default -> 12, Content-MD5 -> 0, Date -> 0, If-Match -> 0, If-None-Match -> 0, User-Agent -> 32),false,true,akka.util.ConstantFun$$$Lambda$785/1183912264@60cb10c4,akka.util.ConstantFun$$$Lambda$785/1183912264@60cb10c4,akka.util.ConstantFun$$$Lambda$786/766621271@4f38325a),None,TCPTransport),New,1 second),akka.http.scaladsl.HttpConnectionContext$@2f2ea287,akka.event.MarkerLoggingAdapter@b7be1d8))) has shut down unexpectedly
[info] IdTest:
[info] - should able to create setup commands having unique runId (27 milliseconds)
[info] - should able to create observe commands having unique runId (1 millisecond)
[info] - should able to create wait commands having unique runId (1 millisecond)
[info] JStructTest:
[info] - shouldAbleToCreateWithSetOfParams
[info] - shouldAbleToCreateWithVarArgs
[info] JArrayDataTest:
[info] - shouldCreateArrayDataFromJavaArray
[info] JEventsTest:
[info] - shouldAbleToRemoveParamsInSystemEvent
[info] - shouldAbleToRemoveParamsInObserveEvent
[info] - shouldAbleToCreateAndAccessSystemEvent
[info] - shouldBeUniqueIdWhenParametersAreAddedOrRemovedForObserve
[info] - shouldBeUniqueWhenParametersAreAddedOrRemovedForSystem
[info] - shouldAbleToCreateAndAccessObserveEvent
[info] EventsTest:
[info] SystemEvent Test
[info] - should create with prefix and eventName (4 milliseconds)
[info] - should create with prefix, eventName, paramSet (2 milliseconds)
[info] - Should allow removing (1 millisecond)
[info] - Should allow adding (0 milliseconds)
[info] - Should access metadata fields (5 milliseconds)
[info] - each event created should be unique (0 milliseconds)
[info] ObserveEvent Test
[info] - should create with prefix and eventName (1 millisecond)
[info] - should create with prefix, eventName and paramSet (0 milliseconds)
[info] - Should allow removing (0 milliseconds)
[info] - Should allow adding (0 milliseconds)
[info] - Should access metadata fields (0 milliseconds)
[info] - each event created should be unique (0 milliseconds)
[info] BinaryImageByteArrayTest:
[info] test ByteArrayKey
[info] - should able to create parameter representing binary image (2 milliseconds)
[info] JsonTest:
[info] Test Subsystem JSON
[info] - should encode and decode properly (142 milliseconds)
[info] Test Prefix
[info] - should encode and decode properly (0 milliseconds)
[info] Test Units JSON
[info] - should encode and decode properly (1 millisecond)
[info] Test concrete items
[info] - char item encode/decode without units (11 milliseconds)
[info] - char item encode/decode with units (1 millisecond)
[info] - short item encode/decode (4 milliseconds)
[info] - int item encode/decode (1 millisecond)
[info] - long item encode/decode (1 millisecond)
[info] - float item encode/decode (4 milliseconds)
[info] - double item encode/decode (4 milliseconds)
[info] - boolean item encode/decode (2 milliseconds)
[info] - string item encode/decode (0 milliseconds)
[info] Testing Items
[info] - should encode and decode items list (1 millisecond)
[info] Commands and Events JSON
[info] - Should encode/decode a Setup (18 milliseconds)
[info] - Should encode/decode an Observe (4 milliseconds)
[info] - Should encode/decode an Wait (6 milliseconds)
[info] - Should encode/decode an ObserveEvent (6 milliseconds)
[info] - Should encode/decode an SystemEvent (3 milliseconds)
[info] - Should encode/decode an CurrentState (8 milliseconds)
[info] - Should encode/decode an DemandState (5 milliseconds)
[info] Test Custom RaDecItem
[info] - Should allow custom RaDecItem (3 milliseconds)
[info] Test Double Matrix items
[info] - Should allow double matrix values (2 milliseconds)
[info] Test Double Array items
[info] - Should allow double array values (2 milliseconds)
[info] Test Int Matrix items
[info] - Should allow int matrix values (1 millisecond)
[info] Test Int Array items
[info] - Should allow int array values (1 millisecond)
[info] Test Byte Matrix items
[info] - Should allow byte matrix values (1 millisecond)
[info] Test Byte Array items
[info] - Should allow byte array values (1 millisecond)
[info] Test Short Matrix items
[info] - Should allow short matrix values (2 milliseconds)
[info] Test Short Array items
[info] - Should allow short array values (1 millisecond)
[info] Test Long Matrix items
[info] - Should allow long matrix values (1 millisecond)
[info] Test Long Array items
[info] - Should allow long array values (1 millisecond)
[info] Test Choice items
[info] - Should allow choice/enum values (6 milliseconds)
[info] testing StructItem JSON support
[info] - should allow Struct values (3 milliseconds)
[info] JChoiceKeyTypeTest:
[info] - choicesAPIShouldBeAccessible
[info] - shouldThrowExceptionForInvalidChoice
[info] - shouldAbleToCreateChoiceParameterWithUnits
[info] - choiceKeyShouldHaveNameTypeAndChoices
[info] - shouldAbleToCreateChoiceParameterWithoutUnits
[info] JArrayKeyTypeTest:
[info] - testDoubleArrayKeyParameter
[info] - testByteArrayKeyParameter
[info] - testIntArrayKeyParameter
[info] - testLongArrayKeyParameter
[info] - testFloatArrayKeyParameter
[info] - testShortArrayKeyParameter
[info] JSimpleKeyTypeTest:
[info] - testBooleanKeyParameter
[info] - testDoubleKeyParameter
[info] - testCharKeyParameter
[info] - testFloatKeyParameter
[info] - testStructKeyParameter
[info] - testIntegerKeyParameter
[info] - testStringKeyParameter
[info] - testTimestampKeyParameter
[info] - testLongKeyParameter
[info] - testShortKeyParameter
[info] - testByteKeyParameter
[info] - testRaDecKeyParameter
[info] JCommandsTest:
[info] - shouldAbleToCreateAndAccessWaitCommand
[info] - shouldAbleToCreateAndAccessSetupCommand
[info] - shoulRdAbleToCloneAnExistingCommand
[info] - shouldAbleToCreateAndAccessObserveCommand
[info] JsonContractTest:
[info] Test Sequence Commands
[info] - should adhere to specified standard Setup json format (9 milliseconds)
[info] - should adhere to specified standard Observe json format (1 millisecond)
[info] - should adhere to specified standard Wait json format (1 millisecond)
[info] Test Events
[info] - should adhere to specified standard ObserveEvent json format (2 milliseconds)
[info] - should adhere to specified standard SystemEvent json format (1 millisecond)
[info] Test State Variables
[info] - should adhere to specified standard CurrentState json format (1 millisecond)
[info] - should adhere to specified standard DemandState json format (1 millisecond)
[info] Exercise all types of keys
[info] - should able to serialize and deserialize Setup command with all keys to and from json (5 milliseconds)
[info] EqualityTest:
[info] Array-based long array equality
[info] - should short circuit with identical same arrays (0 milliseconds)
[info] - should be equal with identical different arrays (0 milliseconds)
[info] - should fail with different valued arrays (0 milliseconds)
[info] - should work with items too when equal (1 millisecond)
[info] - should fail with items when values not equal (0 milliseconds)
[info] Array-based long matrix equality
[info] - should short circuit with identical same matrices (0 milliseconds)
[info] - should be equal with identical different matrices (0 milliseconds)
[info] - should fail with different valued matrices (0 milliseconds)
[info] - should fail for totally different matrices (1 millisecond)
[info] Array-based byte array equality
[info] - should short circuit with identical same arrays (0 milliseconds)
[info] - should be equal with identical different arrays (0 milliseconds)
[info] - should fail with different valued arrays (0 milliseconds)
[info] - should work with items too when equal (0 milliseconds)
[info] - should fail with items when values not equal (0 milliseconds)
[info] Array-based byte matrix equality
[info] - should short circuit with identical same matrices (0 milliseconds)
[info] - should be equal with identical different matrices (0 milliseconds)
[info] - should fail with different valued matrices (0 milliseconds)
[info] - should fail for totally different matrices (1 millisecond)
[info] Array-based double array equality
[info] - should short circuit with identical same arrays (0 milliseconds)
[info] - should be equal with identical different arrays (0 milliseconds)
[info] - should fail with different valued arrays (0 milliseconds)
[info] - should work with items too when equal (0 milliseconds)
[info] - should fail with items when values not equal (1 millisecond)
[info] Array-based double matrix equality
[info] - should short circuit with identical same matrices (0 milliseconds)
[info] - should be equal with identical different matrices (0 milliseconds)
[info] - should fail with different valued matrices (0 milliseconds)
[info] - should fail for totally different matrices (0 milliseconds)
[info] Array-based float array equality
[info] - should short circuit with identical same arrays (0 milliseconds)
[info] - should be equal with identical different arrays (0 milliseconds)
[info] - should fail with different valued arrays (0 milliseconds)
[info] - should work with items too when equal (0 milliseconds)
[info] - should fail with items when values not equal (1 millisecond)
[info] Array-based float matrix equality
[info] - should short circuit with identical same matrices (0 milliseconds)
[info] - should be equal with identical different matrices (0 milliseconds)
[info] - should fail with different valued matrices (0 milliseconds)
[info] - should fail for totally different matrices (0 milliseconds)
[info] Array-based int array equality
[info] - should short circuit with identical same arrays (0 milliseconds)
[info] - should be equal with identical different arrays (0 milliseconds)
[info] - should fail with different valued arrays (0 milliseconds)
[info] - should work with items too when equal (0 milliseconds)
[info] - should fail with items when values not equal (0 milliseconds)
[info] Array-based int matrix equality
[info] - should short circuit with identical same matrices (0 milliseconds)
[info] - should be equal with identical different matrices (0 milliseconds)
[info] - should fail with different valued matrices (0 milliseconds)
[info] - should fail for totally different matrices (1 millisecond)
[info] Array-based short array equality
[info] - should short circuit with identical same arrays (0 milliseconds)
[info] - should be equal with identical different arrays (1 millisecond)
[info] - should fail with different valued arrays (0 milliseconds)
[info] - should work with items too when equal (0 milliseconds)
[info] - should fail with items when values not equal (1 millisecond)
[info] Array-based short matrix equality
[info] - should short circuit with identical same matrices (0 milliseconds)
[info] - should be equal with identical different matrices (1 millisecond)
[info] - should fail with different valued matrices (0 milliseconds)
[info] - should fail for totally different matrices (0 milliseconds)
[info] SerializationTest:
[info] - ConfigType kryo serialization (141 milliseconds)
[info] - System event kryo serialization (3 milliseconds)
[info] - CurrentStates kryo serialization (2 milliseconds)
[info] KeyParameterTest:
[info] basic key tests
[info] - should have correct name (0 milliseconds)
[info] - should have equality based on name (0 milliseconds)
[info] test booleanKey
[info] - should allow single val (4 milliseconds)
[info] - should work with list, withUnits (0 milliseconds)
[info] - should work with list, units (0 milliseconds)
[info] test charItem
[info] - should allow single val (0 milliseconds)
[info] - should work with list, withUnits (0 milliseconds)
[info] - should work with list, units (0 milliseconds)
[info] test ByteItem
[info] - should allow single val (0 milliseconds)
[info] - should work with list, withUnits (0 milliseconds)
[info] - should work with list, units (0 milliseconds)
[info] test ByteArrayKey
[info] - should test single item (0 milliseconds)
[info] - should test with list, withUnits (0 milliseconds)
[info] - should test with list, units (2 milliseconds)
[info] - should test using one array with and without units (0 milliseconds)
[info] - should test using var args (0 milliseconds)
[info] test byteMatrixKey
[info] - should work with a single item (0 milliseconds)
[info] - should work with list and withUnits (0 milliseconds)
[info] - should work with list and units (0 milliseconds)
[info] - work with one matrix without and with units (0 milliseconds)
[info] - work with varargs (0 milliseconds)
[info] - work with varargs as arrays (1 millisecond)
[info] test ShortItem
[info] - should allow single val (0 milliseconds)
[info] - should work with list, withUnits (0 milliseconds)
[info] - should work with list, units (0 milliseconds)
[info] test shortArrayKey
[info] - should test single item (0 milliseconds)
[info] - should test with list, withUnits (0 milliseconds)
[info] - should test with list, units (0 milliseconds)
[info] - should test using one array with and without units (0 milliseconds)
[info] - should test using var args (0 milliseconds)
[info] test shortMatrixKey
[info] - should work with a single item (1 millisecond)
[info] - should work with list and withUnits (0 milliseconds)
[info] - should work with list and units (0 milliseconds)
[info] - work with one matrix without and with units (0 milliseconds)
[info] - work with varargs (0 milliseconds)
[info] - work with varargs as arrays (0 milliseconds)
[info] test IntItem
[info] - should allow single val (0 milliseconds)
[info] - should work with list, withUnits (0 milliseconds)
[info] - should work with list, units (0 milliseconds)
[info] test intArrayKey
[info] - should test single item (0 milliseconds)
[info] - should test with list, withUnits (0 milliseconds)
[info] - should test with list, units (0 milliseconds)
[info] - should test using one array with and without units (0 milliseconds)
[info] - should test using var args (0 milliseconds)
[info] test intMatrixKey
[info] - should work with a single item (0 milliseconds)
[info] - should work with list and withUnits (0 milliseconds)
[info] - should work with list and units (0 milliseconds)
[info] - work with one matrix without and with units (1 millisecond)
[info] - work with varargs (0 milliseconds)
[info] - work with varargs as arrays (0 milliseconds)
[info] test longKey
[info] - should allow single val (1 millisecond)
[info] - should work with list, withUnits (0 milliseconds)
[info] - should work with list, units (0 milliseconds)
[info] test LongArrayKey
[info] - should test single item (0 milliseconds)
[info] - should test with list, withUnits (0 milliseconds)
[info] - should test with list, units (0 milliseconds)
[info] - should test using one array with and without units (0 milliseconds)
[info] - should test using var args (1 millisecond)
[info] test longMatrixKey
[info] - should work with a single item (0 milliseconds)
[info] - should work with list and withUnits (0 milliseconds)
[info] - should work with list and units (0 milliseconds)
[info] - work with one matrix without and with units (0 milliseconds)
[info] - work with varargs (0 milliseconds)
[info] - work with varargs as arrays (0 milliseconds)
[info] test floatItem
[info] - should allow single val (0 milliseconds)
[info] - should work with list, withUnits (0 milliseconds)
[info] - should work with list, units (0 milliseconds)
[info] test floatArrayKey
[info] - should test single item (1 millisecond)
[info] - should test with list, withUnits (0 milliseconds)
[info] - should test with list, units (0 milliseconds)
[info] - should test using one array with and without units (0 milliseconds)
[info] - should test using var args (0 milliseconds)
[info] test floatMatrixKey
[info] - should work with a single item (0 milliseconds)
[info] - should work with list and withUnits (0 milliseconds)
[info] - should work with list and units (0 milliseconds)
[info] - work with one matrix without and with units (0 milliseconds)
[info] - work with varargs (0 milliseconds)
[info] - work with varargs as arrays (1 millisecond)
[info] test doubleItem
[info] - should allow single val (0 milliseconds)
[info] - should work with list, withUnits (0 milliseconds)
[info] - should work with list, units (1 millisecond)
[info] test doubleArrayKey
[info] - should test single item (0 milliseconds)
[info] - should test with list, withUnits (0 milliseconds)
[info] - should test with list, units (1 millisecond)
[info] - should test using one array with and without units (0 milliseconds)
[info] - should test using var args (0 milliseconds)
[info] test doubleMatrixKey
[info] - should work with a single item (1 millisecond)
[info] - should work with list and withUnits (0 milliseconds)
[info] - should work with list and units (0 milliseconds)
[info] - work with one matrix without and with units (0 milliseconds)
[info] - work with varargs (0 milliseconds)
[info] - work with varargs as arrays (0 milliseconds)
[info] test TimestampItem
[info] - should allow create a Timestamp parameter from a timestamp key (0 milliseconds)
[info] - and second must be default Unit (0 milliseconds)
[info] - should work with list, withUnits (0 milliseconds)
[info] - should work with list, units (0 milliseconds)
[info] testing ChoiceItem
[info] - should allow creating with Choices object (2 milliseconds)
[info] - should allow creating with varargs of Strings (1 millisecond)
[info] - should allow creation with individual Choice items (1 millisecond)
[info] test raDecKey
[info] - should allow single val (0 milliseconds)
[info] - should work with list, withUnits (0 milliseconds)
[info] - should work with list, units (0 milliseconds)
[info] test stringKey
[info] - should allow single val (0 milliseconds)
[info] - should work with list, withUnits (0 milliseconds)
[info] - should work with list, units (0 milliseconds)
[info] testing StructItem
[info] - should allow creating Struct items (0 milliseconds)
[info] test setting multiple values
[info] - should allow setting a single value (0 milliseconds)
[info] - should allow setting several (0 milliseconds)
[info] - should also allow setting with sequence (0 milliseconds)
[info] JStateVariableTest:
[info] - shouldAbleToCreateDemandState
[info] - shouldAbleToCreateCurrentState
[info] - shouldAbleToCreateCurrentStatesUsingList
[info] - shouldAbleToCreateCurrentStatesUsingVargs
[info] - shouldAbleToMatchWithDefaultMatcher
[info] - shouldAbleToCreateCurrentStateFromSetup
[info] - shouldAbleToCreateDemandStateFromSetup
[info] JMatrixDataTest:
[info] - shouldCreateMatrixDataFromJavaArrays
[info] UniqueKeyVerificationTest:
[info] Test Commands
[info] - Setup command is able to remove duplicate keys (8 milliseconds)
[info] - Observe command is able to remove duplicate keys (1 millisecond)
[info] - Wait command is able to remove duplicate keys (1 millisecond)
[info] Test Result
[info] - is able to remove duplicate keys (3 milliseconds)
[info] Test Struct
[info] - is able to remove duplicate keys (1 millisecond)
[info] Test StateVariables
[info] - DemandState is able to remove duplicate keys (1 millisecond)
[info] - CurrentState is able to remove duplicate keys (1 millisecond)
[info] Test Events
[info] - ObserveEvent command is able to remove duplicate keys (1 millisecond)
[info] - SystemEvent command is able to remove duplicate keys (1 millisecond)
[info] CommandsTest:
[info] Setup config tests
[info] - Should allow adding keys using single set (2 milliseconds)
[info] - Should allow setting with units (0 milliseconds)
[info] - Should allow apply which returns values (1 millisecond)
[info] - should update for the same key with set (0 milliseconds)
[info] - Should able to create with Byte Parameteret (0 milliseconds)
[info] - Should allow updates (0 milliseconds)
[info] - Should allow to create setup without obsId (0 milliseconds)
[info] - Should create new RunId when a parameter is added or removed (1 millisecond)
[info] Observe config tests
[info] - Should allow adding keys (0 milliseconds)
[info] - Should allow setting (0 milliseconds)
[info] - Should allow apply (0 milliseconds)
[info] - should update for the same key with set (0 milliseconds)
[info] - should update for the same key with add (1 millisecond)
[info] - Should create new RunId when a parameter is added or removed (0 milliseconds)
[info] Wait config tests
[info] - Should allow adding keys (1 millisecond)
[info] - Should allow setting (0 milliseconds)
[info] - Should allow apply (0 milliseconds)
[info] - should update for the same key with set (0 milliseconds)
[info] - should update for the same key with add (0 milliseconds)
[info] - Should create new RunId when a parameter is added or removed (1 millisecond)
[info] testing for getting typed items
[info] Checking for item types in configs
[info] - Should get as IntItem (0 milliseconds)
[info] Check for multi-add
[info] - Should allow vararg add (0 milliseconds)
[info] Should work with remove
[info] - Setup command should allow removing one at a time (1 millisecond)
[info] - Observe command should allow removing one at a time (0 milliseconds)
[info] - Wait command should allow removing one at a time (1 millisecond)
[info] should work with remove by item
[info] - Should allow removing one at a time (0 milliseconds)
[info] clone command test
[info] - clone command creates a command from existing command with a new RunId for Setup, Observe or Wait (18 milliseconds)
[info] Run completed in 44 seconds, 324 milliseconds.
[info] Total number of tests run: 2
[info] Suites: completed 1, aborted 0
[info] Tests: succeeded 2, failed 0, canceled 0, ignored 0, pending 0
[info] All tests passed.
[info] ScalaTest
[info] Run completed in 44 seconds, 171 milliseconds.
[info] Total number of tests run: 67
[info] Suites: completed 9, aborted 0
[info] Tests: succeeded 67, failed 0, canceled 0, ignored 0, pending 0
[info] All tests passed.
[info] Passed: Total 67, Failed 0, Errors 0, Passed 67
[info] * csw.location.server.http.LocationServiceTestWithHttp
[JVM-1] Run starting. Expected test count is: 2
[JVM-1] LocationServiceTestWithHttpMultiJvmNode1:
[JVM-2] Run starting. Expected test count is: 2
[JVM-2] LocationServiceTestWithHttpMultiJvmNode2:
[JVM-1] - ensure that location service is up for all the nodes
[JVM-2] - ensure that location service is up for all the nodes
[JVM-1] WARNING: An illegal reflective access operation has occurred
[JVM-1] WARNING: Illegal reflective access by com.esotericsoftware.kryo.util.UnsafeUtil (file:/home/girish/IdeaProjects/csw/csw-location-server/target/multi-run-copied-libraries/kryo-shaded-4.0.2.jar) to constructor java.nio.DirectByteBuffer(long,int,java.lang.Object)
[JVM-1] WARNING: Please consider reporting this to the maintainers of com.esotericsoftware.kryo.util.UnsafeUtil
[JVM-1] WARNING: Use --illegal-access=warn to enable warnings of further illegal reflective access operations
[JVM-1] WARNING: All illegal access operations will be denied in a future release
[JVM-2] WARNING: An illegal reflective access operation has occurred
[JVM-2] WARNING: Illegal reflective access by com.esotericsoftware.kryo.util.UnsafeUtil (file:/home/girish/IdeaProjects/csw/csw-location-server/target/multi-run-copied-libraries/kryo-shaded-4.0.2.jar) to constructor java.nio.DirectByteBuffer(long,int,java.lang.Object)
[JVM-2] WARNING: Please consider reporting this to the maintainers of com.esotericsoftware.kryo.util.UnsafeUtil
[JVM-2] WARNING: Use --illegal-access=warn to enable warnings of further illegal reflective access operations
[JVM-2] WARNING: All illegal access operations will be denied in a future release
[JVM-2] - ensure that a component registered by one node is resolved and listed on all the nodes
[JVM-1] - ensure that a component registered by one node is resolved and listed on all the nodes
[JVM-1] Run completed in 11 seconds, 717 milliseconds.
[JVM-1] Total number of tests run: 2
[JVM-1] Suites: completed 1, aborted 0
[JVM-1] Tests: succeeded 2, failed 0, canceled 0, ignored 0, pending 0
[JVM-1] All tests passed.
[JVM-2] Run completed in 11 seconds, 744 milliseconds.
[JVM-2] Total number of tests run: 2
[JVM-2] Suites: completed 1, aborted 0
[JVM-2] Tests: succeeded 2, failed 0, canceled 0, ignored 0, pending 0
[JVM-2] All tests passed.
[info] * csw.location.LocationServiceTest
[JVM-1] Run starting. Expected test count is: 2
[JVM-1] LocationServiceTestMultiJvmNode1:
[JVM-2] Run starting. Expected test count is: 2
[JVM-2] LocationServiceTestMultiJvmNode2:
[JVM-2] - ensure that location service is up for all the nodes
[JVM-1] - ensure that location service is up for all the nodes
[JVM-2] WARNING: An illegal reflective access operation has occurred
[JVM-2] WARNING: Illegal reflective access by com.esotericsoftware.kryo.util.UnsafeUtil (file:/home/girish/IdeaProjects/csw/csw-location-server/target/multi-run-copied-libraries/kryo-shaded-4.0.2.jar) to constructor java.nio.DirectByteBuffer(long,int,java.lang.Object)
[JVM-2] WARNING: Please consider reporting this to the maintainers of com.esotericsoftware.kryo.util.UnsafeUtil
[JVM-2] WARNING: Use --illegal-access=warn to enable warnings of further illegal reflective access operations
[JVM-2] WARNING: All illegal access operations will be denied in a future release
[JVM-1] WARNING: An illegal reflective access operation has occurred
[JVM-1] WARNING: Illegal reflective access by com.esotericsoftware.kryo.util.UnsafeUtil (file:/home/girish/IdeaProjects/csw/csw-location-server/target/multi-run-copied-libraries/kryo-shaded-4.0.2.jar) to constructor java.nio.DirectByteBuffer(long,int,java.lang.Object)
[JVM-1] WARNING: Please consider reporting this to the maintainers of com.esotericsoftware.kryo.util.UnsafeUtil
[JVM-1] WARNING: Use --illegal-access=warn to enable warnings of further illegal reflective access operations
[JVM-1] WARNING: All illegal access operations will be denied in a future release
[JVM-1] - ensure that a component registered by one node is resolved and listed on all the nodes
[JVM-2] - ensure that a component registered by one node is resolved and listed on all the nodes
[JVM-2] Run completed in 8 seconds, 127 milliseconds.
[JVM-2] Total number of tests run: 2
[JVM-2] Suites: completed 1, aborted 0
[JVM-2] Tests: succeeded 2, failed 0, canceled 0, ignored 0, pending 0
[JVM-2] All tests passed.
[JVM-1] Run completed in 8 seconds, 221 milliseconds.
[JVM-1] Total number of tests run: 2
[JVM-1] Suites: completed 1, aborted 0
[JVM-1] Tests: succeeded 2, failed 0, canceled 0, ignored 0, pending 0
[JVM-1] All tests passed.
[info] * csw.location.DetectAkkaComponentCrashTest
[JVM-1] Run starting. Expected test count is: 2
[JVM-1] DetectAkkaComponentCrashTestMultiJvmNode1:
[JVM-3] Run starting. Expected test count is: 2
[JVM-3] DetectAkkaComponentCrashTestMultiJvmNode3:
[JVM-2] Run starting. Expected test count is: 2
[JVM-2] DetectAkkaComponentCrashTestMultiJvmNode2:
[JVM-1] - ensure that location service is up for all the nodes
[JVM-2] - ensure that location service is up for all the nodes
[JVM-3] - ensure that location service is up for all the nodes
[JVM-3] WARNING: An illegal reflective access operation has occurred
[JVM-3] WARNING: Illegal reflective access by com.esotericsoftware.kryo.util.UnsafeUtil (file:/home/girish/IdeaProjects/csw/csw-location-server/target/multi-run-copied-libraries/kryo-shaded-4.0.2.jar) to constructor java.nio.DirectByteBuffer(long,int,java.lang.Object)
[JVM-3] WARNING: Please consider reporting this to the maintainers of com.esotericsoftware.kryo.util.UnsafeUtil
[JVM-3] WARNING: Use --illegal-access=warn to enable warnings of further illegal reflective access operations
[JVM-3] WARNING: All illegal access operations will be denied in a future release
[JVM-2] WARNING: An illegal reflective access operation has occurred
[JVM-2] WARNING: Illegal reflective access by com.esotericsoftware.kryo.util.UnsafeUtil (file:/home/girish/IdeaProjects/csw/csw-location-server/target/multi-run-copied-libraries/kryo-shaded-4.0.2.jar) to constructor java.nio.DirectByteBuffer(long,int,java.lang.Object)
[JVM-2] WARNING: Please consider reporting this to the maintainers of com.esotericsoftware.kryo.util.UnsafeUtil
[JVM-2] WARNING: Use --illegal-access=warn to enable warnings of further illegal reflective access operations
[JVM-2] WARNING: All illegal access operations will be denied in a future release
[JVM-1] WARNING: An illegal reflective access operation has occurred
[JVM-1] WARNING: Illegal reflective access by com.esotericsoftware.kryo.util.UnsafeUtil (file:/home/girish/IdeaProjects/csw/csw-location-server/target/multi-run-copied-libraries/kryo-shaded-4.0.2.jar) to constructor java.nio.DirectByteBuffer(long,int,java.lang.Object)
[JVM-1] WARNING: Please consider reporting this to the maintainers of com.esotericsoftware.kryo.util.UnsafeUtil
[JVM-1] WARNING: Use --illegal-access=warn to enable warnings of further illegal reflective access operations
[JVM-1] WARNING: All illegal access operations will be denied in a future release
[JVM-1] - akka component running on one node should detect if other component running on another node crashes
[JVM-3] - akka component running on one node should detect if other component running on another node crashes
[JVM-3] Run completed in 14 seconds, 685 milliseconds.
[JVM-3] Total number of tests run: 2
[JVM-3] Suites: completed 1, aborted 0
[JVM-3] Tests: succeeded 2, failed 0, canceled 0, ignored 0, pending 0
[JVM-3] All tests passed.
[JVM-1] Run completed in 14 seconds, 645 milliseconds.
[JVM-1] Total number of tests run: 2
[JVM-1] Suites: completed 1, aborted 0
[JVM-1] Tests: succeeded 2, failed 0, canceled 0, ignored 0, pending 0
[JVM-1] All tests passed.
[info] * csw.location.server.http.DetectComponentRestartTestWithHttp
[JVM-1] Run starting. Expected test count is: 2
[JVM-1] DetectComponentRestartTestWithHttpMultiJvmNode1:
[JVM-2] Run starting. Expected test count is: 2
[JVM-2] DetectComponentRestartTestWithHttpMultiJvmNode2:
[JVM-3] Run starting. Expected test count is: 2
[JVM-3] DetectComponentRestartTestWithHttpMultiJvmNode3:
[JVM-2] - ensure that location service is up for all the nodes
[JVM-1] - ensure that location service is up for all the nodes
[JVM-3] - ensure that location service is up for all the nodes
[JVM-1] WARNING: An illegal reflective access operation has occurred
[JVM-1] WARNING: Illegal reflective access by com.esotericsoftware.kryo.util.UnsafeUtil (file:/home/girish/IdeaProjects/csw/csw-location-server/target/multi-run-copied-libraries/kryo-shaded-4.0.2.jar) to constructor java.nio.DirectByteBuffer(long,int,java.lang.Object)
[JVM-1] WARNING: Please consider reporting this to the maintainers of com.esotericsoftware.kryo.util.UnsafeUtil
[JVM-1] WARNING: Use --illegal-access=warn to enable warnings of further illegal reflective access operations
[JVM-1] WARNING: All illegal access operations will be denied in a future release
[JVM-2] WARNING: An illegal reflective access operation has occurred
[JVM-2] WARNING: Illegal reflective access by com.esotericsoftware.kryo.util.UnsafeUtil (file:/home/girish/IdeaProjects/csw/csw-location-server/target/multi-run-copied-libraries/kryo-shaded-4.0.2.jar) to constructor java.nio.DirectByteBuffer(long,int,java.lang.Object)
[JVM-2] WARNING: Please consider reporting this to the maintainers of com.esotericsoftware.kryo.util.UnsafeUtil
[JVM-2] WARNING: Use --illegal-access=warn to enable warnings of further illegal reflective access operations
[JVM-2] WARNING: All illegal access operations will be denied in a future release
[JVM-3] WARNING: An illegal reflective access operation has occurred
[JVM-3] WARNING: Illegal reflective access by com.esotericsoftware.kryo.util.UnsafeUtil (file:/home/girish/IdeaProjects/csw/csw-location-server/target/multi-run-copied-libraries/kryo-shaded-4.0.2.jar) to constructor java.nio.DirectByteBuffer(long,int,java.lang.Object)
[JVM-3] WARNING: Please consider reporting this to the maintainers of com.esotericsoftware.kryo.util.UnsafeUtil
[JVM-3] WARNING: Use --illegal-access=warn to enable warnings of further illegal reflective access operations
[JVM-3] WARNING: All illegal access operations will be denied in a future release
[JVM-2] [WARN] [11/12/2018 11:51:22.120] [csw-location-server-akka.actor.default-dispatcher-16] [CoordinatedShutdown(akka://csw-location-server)] Coordinated shutdown phase [before-service-unbind] timed out after 5000 milliseconds
[JVM-2] - should detect re-registering of new location for a connection that has crashed/gone away
[JVM-3] - should detect re-registering of new location for a connection that has crashed/gone away
[JVM-1] - should detect re-registering of new location for a connection that has crashed/gone away
[JVM-2] Run completed in 27 seconds, 620 milliseconds.
[JVM-2] Total number of tests run: 2
[JVM-2] Suites: completed 1, aborted 0
[JVM-2] Tests: succeeded 2, failed 0, canceled 0, ignored 0, pending 0
[JVM-2] All tests passed.
[JVM-1] Run completed in 28 seconds, 496 milliseconds.
[JVM-1] Total number of tests run: 2
[JVM-1] Suites: completed 1, aborted 0
[JVM-1] Tests: succeeded 2, failed 0, canceled 0, ignored 0, pending 0
[JVM-1] All tests passed.
[JVM-3] Run completed in 28 seconds, 428 milliseconds.
[JVM-3] Total number of tests run: 2
[JVM-3] Suites: completed 1, aborted 0
[JVM-3] Tests: succeeded 2, failed 0, canceled 0, ignored 0, pending 0
[JVM-3] All tests passed.
[info] * csw.location.TrackLocationTest
[JVM-1] Run starting. Expected test count is: 2
[JVM-1] TrackLocationTestMultiJvmNode1:
[JVM-3] Run starting. Expected test count is: 2
[JVM-3] TrackLocationTestMultiJvmNode3:
[JVM-2] Run starting. Expected test count is: 2
[JVM-2] TrackLocationTestMultiJvmNode2:
[JVM-1] - ensure that location service is up for all the nodes
[JVM-2] - ensure that location service is up for all the nodes
[JVM-3] - ensure that location service is up for all the nodes
[JVM-1] WARNING: An illegal reflective access operation has occurred
[JVM-1] WARNING: Illegal reflective access by com.esotericsoftware.kryo.util.UnsafeUtil (file:/home/girish/IdeaProjects/csw/csw-location-server/target/multi-run-copied-libraries/kryo-shaded-4.0.2.jar) to constructor java.nio.DirectByteBuffer(long,int,java.lang.Object)
[JVM-1] WARNING: Please consider reporting this to the maintainers of com.esotericsoftware.kryo.util.UnsafeUtil
[JVM-1] WARNING: Use --illegal-access=warn to enable warnings of further illegal reflective access operations
[JVM-1] WARNING: All illegal access operations will be denied in a future release
[JVM-3] WARNING: An illegal reflective access operation has occurred
[JVM-3] WARNING: Illegal reflective access by com.esotericsoftware.kryo.util.UnsafeUtil (file:/home/girish/IdeaProjects/csw/csw-location-server/target/multi-run-copied-libraries/kryo-shaded-4.0.2.jar) to constructor java.nio.DirectByteBuffer(long,int,java.lang.Object)
[JVM-3] WARNING: Please consider reporting this to the maintainers of com.esotericsoftware.kryo.util.UnsafeUtil
[JVM-3] WARNING: Use --illegal-access=warn to enable warnings of further illegal reflective access operations
[JVM-3] WARNING: All illegal access operations will be denied in a future release
[JVM-2] WARNING: An illegal reflective access operation has occurred
[JVM-2] WARNING: Illegal reflective access by com.esotericsoftware.kryo.util.UnsafeUtil (file:/home/girish/IdeaProjects/csw/csw-location-server/target/multi-run-copied-libraries/kryo-shaded-4.0.2.jar) to constructor java.nio.DirectByteBuffer(long,int,java.lang.Object)
[JVM-2] WARNING: Please consider reporting this to the maintainers of com.esotericsoftware.kryo.util.UnsafeUtil
[JVM-2] WARNING: Use --illegal-access=warn to enable warnings of further illegal reflective access operations
[JVM-2] WARNING: All illegal access operations will be denied in a future release
[JVM-3] - two components should able to track same connection and single component should able to track two components
[JVM-2] - two components should able to track same connection and single component should able to track two components
[JVM-1] - two components should able to track same connection and single component should able to track two components
[JVM-3] Run completed in 13 seconds, 51 milliseconds.
[JVM-3] Total number of tests run: 2
[JVM-3] Suites: completed 1, aborted 0
[JVM-3] Tests: succeeded 2, failed 0, canceled 0, ignored 0, pending 0
[JVM-3] All tests passed.
[JVM-2] Run completed in 13 seconds, 17 milliseconds.
[JVM-2] Total number of tests run: 2
[JVM-2] Suites: completed 1, aborted 0
[JVM-2] Tests: succeeded 2, failed 0, canceled 0, ignored 0, pending 0
[JVM-2] All tests passed.
[JVM-1] Run completed in 13 seconds, 111 milliseconds.
[JVM-1] Total number of tests run: 2
[JVM-1] Suites: completed 1, aborted 0
[JVM-1] Tests: succeeded 2, failed 0, canceled 0, ignored 0, pending 0
[JVM-1] All tests passed.
[info] * csw.location.server.http.TrackLocationTestWithHttp
[JVM-1] Run starting. Expected test count is: 2
[JVM-1] TrackLocationTestWithHttpMultiJvmNode1:
[JVM-2] Run starting. Expected test count is: 2
[JVM-2] TrackLocationTestWithHttpMultiJvmNode2:
[JVM-3] Run starting. Expected test count is: 2
[JVM-3] TrackLocationTestWithHttpMultiJvmNode3:
[JVM-1] - ensure that location service is up for all the nodes
[JVM-2] - ensure that location service is up for all the nodes
[JVM-3] - ensure that location service is up for all the nodes
[JVM-1] WARNING: An illegal reflective access operation has occurred
[JVM-1] WARNING: Illegal reflective access by com.esotericsoftware.kryo.util.UnsafeUtil (file:/home/girish/IdeaProjects/csw/csw-location-server/target/multi-run-copied-libraries/kryo-shaded-4.0.2.jar) to constructor java.nio.DirectByteBuffer(long,int,java.lang.Object)
[JVM-1] WARNING: Please consider reporting this to the maintainers of com.esotericsoftware.kryo.util.UnsafeUtil
[JVM-1] WARNING: Use --illegal-access=warn to enable warnings of further illegal reflective access operations
[JVM-1] WARNING: All illegal access operations will be denied in a future release
[JVM-3] WARNING: An illegal reflective access operation has occurred
[JVM-3] WARNING: Illegal reflective access by com.esotericsoftware.kryo.util.UnsafeUtil (file:/home/girish/IdeaProjects/csw/csw-location-server/target/multi-run-copied-libraries/kryo-shaded-4.0.2.jar) to constructor java.nio.DirectByteBuffer(long,int,java.lang.Object)
[JVM-3] WARNING: Please consider reporting this to the maintainers of com.esotericsoftware.kryo.util.UnsafeUtil
[JVM-3] WARNING: Use --illegal-access=warn to enable warnings of further illegal reflective access operations
[JVM-3] WARNING: All illegal access operations will be denied in a future release
[JVM-2] WARNING: An illegal reflective access operation has occurred
[JVM-2] WARNING: Illegal reflective access by com.esotericsoftware.kryo.util.UnsafeUtil (file:/home/girish/IdeaProjects/csw/csw-location-server/target/multi-run-copied-libraries/kryo-shaded-4.0.2.jar) to constructor java.nio.DirectByteBuffer(long,int,java.lang.Object)
[JVM-2] WARNING: Please consider reporting this to the maintainers of com.esotericsoftware.kryo.util.UnsafeUtil
[JVM-2] WARNING: Use --illegal-access=warn to enable warnings of further illegal reflective access operations
[JVM-2] WARNING: All illegal access operations will be denied in a future release
[JVM-1] - two components should able to track same connection and single component should able to track two components
[JVM-3] - two components should able to track same connection and single component should able to track two components
[JVM-2] - two components should able to track same connection and single component should able to track two components
[JVM-3] Run completed in 14 seconds, 147 milliseconds.
[JVM-3] Total number of tests run: 2
[JVM-3] Suites: completed 1, aborted 0
[JVM-3] Tests: succeeded 2, failed 0, canceled 0, ignored 0, pending 0
[JVM-3] All tests passed.
[JVM-1] Run completed in 14 seconds, 157 milliseconds.
[JVM-1] Total number of tests run: 2
[JVM-1] Suites: completed 1, aborted 0
[JVM-1] Tests: succeeded 2, failed 0, canceled 0, ignored 0, pending 0
[JVM-1] All tests passed.
[JVM-2] Run completed in 14 seconds, 178 milliseconds.
[JVM-2] Total number of tests run: 2
[JVM-2] Suites: completed 1, aborted 0
[JVM-2] Tests: succeeded 2, failed 0, canceled 0, ignored 0, pending 0
[JVM-2] All tests passed.
[info] * csw.location.server.http.DetectAkkaComponentCrashWithHttp
[JVM-1] Run starting. Expected test count is: 2
[JVM-1] DetectAkkaComponentCrashWithHttpMultiJvmNode1:
[JVM-3] Run starting. Expected test count is: 2
[JVM-3] DetectAkkaComponentCrashWithHttpMultiJvmNode3:
[JVM-2] Run starting. Expected test count is: 2
[JVM-2] DetectAkkaComponentCrashWithHttpMultiJvmNode2:
[JVM-1] - ensure that location service is up for all the nodes
[JVM-2] - ensure that location service is up for all the nodes
[JVM-3] - ensure that location service is up for all the nodes
[JVM-1] WARNING: An illegal reflective access operation has occurred
[JVM-1] WARNING: Illegal reflective access by com.esotericsoftware.kryo.util.UnsafeUtil (file:/home/girish/IdeaProjects/csw/csw-location-server/target/multi-run-copied-libraries/kryo-shaded-4.0.2.jar) to constructor java.nio.DirectByteBuffer(long,int,java.lang.Object)
[JVM-1] WARNING: Please consider reporting this to the maintainers of com.esotericsoftware.kryo.util.UnsafeUtil
[JVM-1] WARNING: Use --illegal-access=warn to enable warnings of further illegal reflective access operations
[JVM-1] WARNING: All illegal access operations will be denied in a future release
[JVM-2] WARNING: An illegal reflective access operation has occurred
[JVM-2] WARNING: Illegal reflective access by com.esotericsoftware.kryo.util.UnsafeUtil (file:/home/girish/IdeaProjects/csw/csw-location-server/target/multi-run-copied-libraries/kryo-shaded-4.0.2.jar) to constructor java.nio.DirectByteBuffer(long,int,java.lang.Object)
[JVM-2] WARNING: Please consider reporting this to the maintainers of com.esotericsoftware.kryo.util.UnsafeUtil
[JVM-2] WARNING: Use --illegal-access=warn to enable warnings of further illegal reflective access operations
[JVM-2] WARNING: All illegal access operations will be denied in a future release
[JVM-3] WARNING: An illegal reflective access operation has occurred
[JVM-3] WARNING: Illegal reflective access by com.esotericsoftware.kryo.util.UnsafeUtil (file:/home/girish/IdeaProjects/csw/csw-location-server/target/multi-run-copied-libraries/kryo-shaded-4.0.2.jar) to constructor java.nio.DirectByteBuffer(long,int,java.lang.Object)
[JVM-3] WARNING: Please consider reporting this to the maintainers of com.esotericsoftware.kryo.util.UnsafeUtil
[JVM-3] WARNING: Use --illegal-access=warn to enable warnings of further illegal reflective access operations
[JVM-3] WARNING: All illegal access operations will be denied in a future release
[JVM-3] - akka component running on one node should detect if other component running on another node crashes
[JVM-1] - akka component running on one node should detect if other component running on another node crashes
[JVM-1] Run completed in 18 seconds, 512 milliseconds.
[JVM-1] Total number of tests run: 2
[JVM-1] Suites: completed 1, aborted 0
[JVM-1] Tests: succeeded 2, failed 0, canceled 0, ignored 0, pending 0
[JVM-1] All tests passed.
[JVM-3] Run completed in 18 seconds, 489 milliseconds.
[JVM-3] Total number of tests run: 2
[JVM-3] Suites: completed 1, aborted 0
[JVM-3] Tests: succeeded 2, failed 0, canceled 0, ignored 0, pending 0
[JVM-3] All tests passed.
[info] * csw.location.DetectComponentRestartTest
[JVM-1] Run starting. Expected test count is: 2
[JVM-1] DetectComponentRestartTestMultiJvmNode1:
[JVM-2] Run starting. Expected test count is: 2
[JVM-2] DetectComponentRestartTestMultiJvmNode2:
[JVM-3] Run starting. Expected test count is: 2
[JVM-3] DetectComponentRestartTestMultiJvmNode3:
[JVM-1] - ensure that location service is up for all the nodes
[JVM-2] - ensure that location service is up for all the nodes
[JVM-3] - ensure that location service is up for all the nodes
[JVM-2] WARNING: An illegal reflective access operation has occurred
[JVM-2] WARNING: Illegal reflective access by com.esotericsoftware.kryo.util.UnsafeUtil (file:/home/girish/IdeaProjects/csw/csw-location-server/target/multi-run-copied-libraries/kryo-shaded-4.0.2.jar) to constructor java.nio.DirectByteBuffer(long,int,java.lang.Object)
[JVM-2] WARNING: Please consider reporting this to the maintainers of com.esotericsoftware.kryo.util.UnsafeUtil
[JVM-2] WARNING: Use --illegal-access=warn to enable warnings of further illegal reflective access operations
[JVM-2] WARNING: All illegal access operations will be denied in a future release
[JVM-1] WARNING: An illegal reflective access operation has occurred
[JVM-1] WARNING: Illegal reflective access by com.esotericsoftware.kryo.util.UnsafeUtil (file:/home/girish/IdeaProjects/csw/csw-location-server/target/multi-run-copied-libraries/kryo-shaded-4.0.2.jar) to constructor java.nio.DirectByteBuffer(long,int,java.lang.Object)
[JVM-1] WARNING: Please consider reporting this to the maintainers of com.esotericsoftware.kryo.util.UnsafeUtil
[JVM-1] WARNING: Use --illegal-access=warn to enable warnings of further illegal reflective access operations
[JVM-1] WARNING: All illegal access operations will be denied in a future release
[JVM-3] WARNING: An illegal reflective access operation has occurred
[JVM-3] WARNING: Illegal reflective access by com.esotericsoftware.kryo.util.UnsafeUtil (file:/home/girish/IdeaProjects/csw/csw-location-server/target/multi-run-copied-libraries/kryo-shaded-4.0.2.jar) to constructor java.nio.DirectByteBuffer(long,int,java.lang.Object)
[JVM-3] WARNING: Please consider reporting this to the maintainers of com.esotericsoftware.kryo.util.UnsafeUtil
[JVM-3] WARNING: Use --illegal-access=warn to enable warnings of further illegal reflective access operations
[JVM-3] WARNING: All illegal access operations will be denied in a future release
[JVM-1] - should detect re-registering of new location for a connection that has crashed/gone away
[JVM-2] - should detect re-registering of new location for a connection that has crashed/gone away
[JVM-3] - should detect re-registering of new location for a connection that has crashed/gone away
[JVM-2] Run completed in 27 seconds, 52 milliseconds.
[JVM-2] Total number of tests run: 2
[JVM-2] Suites: completed 1, aborted 0
[JVM-2] Tests: succeeded 2, failed 0, canceled 0, ignored 0, pending 0
[JVM-2] All tests passed.
[JVM-3] Run completed in 27 seconds, 111 milliseconds.
[JVM-3] Total number of tests run: 2
[JVM-3] Suites: completed 1, aborted 0
[JVM-3] Tests: succeeded 2, failed 0, canceled 0, ignored 0, pending 0
[JVM-3] All tests passed.
[JVM-1] Run completed in 37 seconds, 590 milliseconds.
[JVM-1] Total number of tests run: 2
[JVM-1] Suites: completed 1, aborted 0
[JVM-1] Tests: succeeded 2, failed 0, canceled 0, ignored 0, pending 0
[JVM-1] All tests passed.
[info] ScalaTest
[info] Run completed in 44 seconds, 997 milliseconds.
[info] Total number of tests run: 303
[info] Suites: completed 19, aborted 0
[info] Tests: succeeded 303, failed 0, canceled 0, ignored 0, pending 0
[info] All tests passed.
[info] Passed: Total 303, Failed 0, Errors 0, Passed 303
[info] multi-jvm
[info] csw.location.server.http.LocationServiceTestWithHttp
[info] multi-jvm
[info] csw.location.LocationServiceTest
[info] multi-jvm
[info] csw.location.DetectAkkaComponentCrashTest
[info] multi-jvm
[info] csw.location.server.http.DetectComponentRestartTestWithHttp
[info] multi-jvm
[info] csw.location.TrackLocationTest
[info] multi-jvm
[info] csw.location.server.http.TrackLocationTestWithHttp
[info] multi-jvm
[info] csw.location.server.http.DetectAkkaComponentCrashWithHttp
[info] multi-jvm
[info] csw.location.DetectComponentRestartTest
[info] Passed: Total 0, Failed 0, Errors 0, Passed 0
[info] No tests to run for MultiJvm
[info] CommandResponseManagerBehaviorTest:
[info] - should be able to add command entry in Command Response Manager (613 milliseconds)
[info] - should be able to add correlation between parent and child via AddSubCommand (10 milliseconds)
[info] - should be able to add subscriber and publish current state to newly added subscriber (40 milliseconds)
[info] - should not get update for long running command that returns Started (206 milliseconds)
[info] - should not be able to set value to Intermediate after Final in Command Response Manager (11 milliseconds)
[info] - should be able to remove subscriber (13 milliseconds)
[info] - should be able to get current status of command on Query message (10 milliseconds)
[info] - should be able to update and publish command status to all subscribers (15 milliseconds)
[info] - should be able to infer command status when status of sub command is updated (17 milliseconds)
[info] - should be able to update command status with the status of subcommand if one of the subcommand fails (19 milliseconds)
[info] - should be able to update successful command status when all the subcommand completes with success (8 milliseconds)
[info] - CRM should support three level tree including sequenceId as top level (6 milliseconds)
[info] - should be able subscribe before submitting command and gets added to CRM  (7 milliseconds)
[info] InterOperabilityTest:
[info] - should able to send commands/events from scala code to java and vice a versa (102 milliseconds)
[info] AkkaKryoSerializationTest:
[info] Test akka serialization of Commands
[info] - should serialize Setup (183 milliseconds)
[info] - should serialize Observe (103 milliseconds)
[info] - should serialize Wait (25 milliseconds)
[info] Test akka serialization of Events
[info] - should serialize ObserveEvent (22 milliseconds)
[info] - should serialize SystemEvent (15 milliseconds)
[info] Test akka serialization of StateVariables
[info] - should serialize CurrentState (29 milliseconds)
[info] - should serialize DemandState (12 milliseconds)
[info] csw messages
[info] - should serialize ToComponentLifecycle messages (1 millisecond)
[info] - should serialize Lifecycle messages (21 milliseconds)
[info] - should serialize Common messages for all components (1 millisecond)
[info] - should serialize Common messages for supervisor (3 milliseconds)
[info] - should serialize Common messages for container (22 milliseconds)
[info] - should serialize CommandValidationResponse messages (1 millisecond)
[info] - should serialize CommandExecutionResponse messages (44 milliseconds)
[info] PathValidatorTest:
[info] - should return false for invalid path (36 milliseconds)
[info] - should return true for valid file path (0 milliseconds)
[info] HttpServiceTest:
[info] - should start the http server and register with location service (1 second, 246 milliseconds)
[info] - should not register with location service if server binding fails (196 milliseconds)
[ERROR] [11/12/2018 11:53:21.082] [config-server-akka.actor.default-dispatcher-4] [akka://config-server/system/pool-master] connection pool for PoolGateway(hcps = HostConnectionPoolSetup(localhost,7654,ConnectionPoolSetup(ConnectionPoolSettings(4,0,5,32,1,30 seconds,ClientConnectionSettings(Some(User-Agent: akka-http/10.1.5),10 seconds,1 minute,512,None,WebSocketSettings(<function0>,ping,Duration.Inf,akka.http.impl.settings.WebSocketSettingsImpl$$$Lambda$1441/1037572485@60bd42d8),List(),ParserSettings(2048,16,64,64,8192,64,8388608,8388608,256,1048576,Strict,RFC6265,true,Set(),Full,Error,Map(If-Range -> 0, If-Modified-Since -> 0, If-Unmodified-Since -> 0, default -> 12, Content-MD5 -> 0, Date -> 0, If-Match -> 0, If-None-Match -> 0, User-Agent -> 32),false,true,akka.util.ConstantFun$$$Lambda$1053/253214754@3a570b25,akka.util.ConstantFun$$$Lambda$1053/253214754@3a570b25,akka.util.ConstantFun$$$Lambda$1054/927026081@56f50718),None,TCPTransport),New,1 second),akka.http.scaladsl.HttpConnectionContext$@5c54249c,akka.event.MarkerLoggingAdapter@6fc3f6f4))) has shut down unexpectedly
[info] - should not start server if registration with location service fails (185 milliseconds)
[info] SVNDirEntryExtTest:
[info] - should match the pattern for relative path (4 milliseconds)
[info] - should not match invalid pattern for relative path (1 millisecond)
[info] - should detect annex and normal file based on type (2 milliseconds)
[info] ArgsParserTest:
[info] - should set init to false and port to None if no options are provided (103 milliseconds)
[info] - should set init to true if option --initRepo is provided (2 milliseconds)
[info] - should set port with the value provided with -- port option (2 milliseconds)
[info] - should set init to true if --initRepo option is provided and port with the value provided with -- port option (1 millisecond)
[info] AnnexFileServiceTest:
[info] - storing annex file (86 milliseconds)
[info] - getting annex file (8 milliseconds)
[info] ConfigServiceRouteTest:
[info] - create - success status code (304 milliseconds)
[info] - create - failure status codes (99 milliseconds)
[info] - update - success status code (174 milliseconds)
[info] - update - failure status codes (77 milliseconds)
[info] - get - success status code (105 milliseconds)
[info] - get - failure status codes (57 milliseconds)
[info] - get by date - success status code (456 milliseconds)
[info] - get by date - failure status codes (18 milliseconds)
[info] - get latest - success status code (249 milliseconds)
[info] - get latest - failure status code (11 milliseconds)
[info] - list - success status code (81 milliseconds)
[info] - list by pattern - success code (68 milliseconds)
[info] - list by pattern - rejection (54 milliseconds)
[info] - list by file type - success code (69 milliseconds)
[info] - list by file type - rejection (7 milliseconds)
[info] - list by file type and pattern - success code (58 milliseconds)
[info] - history - success  status code (103 milliseconds)
[info] - history - failure  status codes (47 milliseconds)
[info] - getActive - success status code (71 milliseconds)
[info] - getActive - failure status codes (11 milliseconds)
[info] - getActive by date - success status code (161 milliseconds)
[info] - getActive by date - failure status codes (18 milliseconds)
[info] - setActive - success status code (88 milliseconds)
[info] - setActive - failure status codes (85 milliseconds)
[info] - resetActive - success status code (116 milliseconds)
[info] - resetActive - failure status codes (15 milliseconds)
[info] - history-active - success  status code (134 milliseconds)
[info] - history-active - failure  status codes (16 milliseconds)
[info] - exists - success status code (45 milliseconds)
[info] - exists - failure status code (15 milliseconds)
[info] - getMetadata - success status code (16 milliseconds)
[info] SvnConfigServiceTest:
[info] - should able to upload and get component configurations from config service (172 milliseconds)
[info] - should able to upload and get binary configurations from config service (3 seconds, 900 milliseconds)
[info] - should able to create a file and retrieve the same (64 milliseconds)
[info] - should ignore '/' at the beginning of file path and create a file (57 milliseconds)
[info] - should throw FileAlreadyExists while creating a file if it already exists in repository - assume svn first (240 milliseconds)
[info] - should throw FileAlreadyExists while creating a file if it already exists in repository - assume annex first (97 milliseconds)
[info] - should able to update existing file and get the file with updated content (79 milliseconds)
[info] - update should throw FileNotFoundException if a file does not exists in repository (6 milliseconds)
[info] - each revision of file should have unique identifier (159 milliseconds)
[info] - get call should return `None` if a file does not exists in repository (8 milliseconds)
[info] - should able to retrieve the specific version of file by config ID (175 milliseconds)
[info] - should get the correct version of file based on time (59 milliseconds)
[info] - should get the initial version of file if date provided is before the creation date (295 milliseconds)
[info] - should record datetime for creation of config file (58 milliseconds)
[info] - should record datetime when config file is updated (57 milliseconds)
[info] - should get the history of a file (88 milliseconds)
[info] - should list all the available config files (196 milliseconds)
[info] - exists should return false if file does not exist (7 milliseconds)
[info] - exists should return true if file exist (70 milliseconds)
[info] - should able to delete existing file (221 milliseconds)
[info] - deleting non existing file should throw FileNotFoundException (7 milliseconds)
[info] - delete removes all versions of a file (112 milliseconds)
[info] - should able to get, set and reset the active version of config file (164 milliseconds)
[info] - should able to get history of active versions of file (169 milliseconds)
[info] - getActive and getActiveVersion should return None if file does not exists (13 milliseconds)
[info] - set and reset active should throw FileNotFound exception if file or version does not exists (45 milliseconds)
[info] - should be able to store and retrieve file from annex store (45 milliseconds)
[info] - should list files from annex store without .$sha1 suffix (60 milliseconds)
[info] - should be able to update and retrieve the history of a file in annex store (173 milliseconds)
[info] - should able to get history of active versions of file from annex store (137 milliseconds)
[info] - should be able to get active file from annex store (108 milliseconds)
[info] - should be able to get time stamped file from annex store (110 milliseconds)
[info] - should exclude .$active files from list (111 milliseconds)
[info] - should be able to store and retrieve text file from annex store when size is greater than configured size (105 milliseconds)
[info] - should list all files in a repository (197 milliseconds)
[info] - should give empty list if pattern does not match any file (90 milliseconds)
[info] - should filter list based on the pattern (188 milliseconds)
[info] - should filter list based on the type and pattern (170 milliseconds)
[info] - should get the correct active version of the file based on time (100 milliseconds)
[info] - should get metadata (63 milliseconds)
[info] - create call should create a normal file and active file in repo and reset should not delete active file (78 milliseconds)
[info] MainTest:
[info] - should not start HTTP server if repo does not exist (117 milliseconds)
[info] - should init svn repo and register with location service if --initRepo option is provided (595 milliseconds)
[ERROR] [11/12/2018 11:54:17.417] [config-server-akka.actor.default-dispatcher-21] [akka://config-server/system/pool-master] connection pool for PoolGateway(hcps = HostConnectionPoolSetup(localhost,7654,ConnectionPoolSetup(ConnectionPoolSettings(4,0,5,32,1,30 seconds,ClientConnectionSettings(Some(User-Agent: akka-http/10.1.5),10 seconds,1 minute,512,None,WebSocketSettings(<function0>,ping,Duration.Inf,akka.http.impl.settings.WebSocketSettingsImpl$$$Lambda$1441/1037572485@60bd42d8),List(),ParserSettings(2048,16,64,64,8192,64,8388608,8388608,256,1048576,Strict,RFC6265,true,Set(),Full,Error,Map(If-Range -> 0, If-Modified-Since -> 0, If-Unmodified-Since -> 0, default -> 12, Content-MD5 -> 0, Date -> 0, If-Match -> 0, If-None-Match -> 0, User-Agent -> 32),false,true,akka.util.ConstantFun$$$Lambda$1053/253214754@3a570b25,akka.util.ConstantFun$$$Lambda$1053/253214754@3a570b25,akka.util.ConstantFun$$$Lambda$1054/927026081@56f50718),None,TCPTransport),New,1 second),akka.http.scaladsl.HttpConnectionContext$@5c54249c,akka.event.MarkerLoggingAdapter@7ba5a065))) has shut down unexpectedly
[ERROR] [11/12/2018 11:54:17.503] [config-server-akka.actor.default-dispatcher-3] [akka://config-server/system/pool-master] connection pool for PoolGateway(hcps = HostConnectionPoolSetup(localhost,7654,ConnectionPoolSetup(ConnectionPoolSettings(4,0,5,32,1,30 seconds,ClientConnectionSettings(Some(User-Agent: akka-http/10.1.5),10 seconds,1 minute,512,None,WebSocketSettings(<function0>,ping,Duration.Inf,akka.http.impl.settings.WebSocketSettingsImpl$$$Lambda$1441/1037572485@60bd42d8),List(),ParserSettings(2048,16,64,64,8192,64,8388608,8388608,256,1048576,Strict,RFC6265,true,Set(),Full,Error,Map(If-Range -> 0, If-Modified-Since -> 0, If-Unmodified-Since -> 0, default -> 12, Content-MD5 -> 0, Date -> 0, If-Match -> 0, If-None-Match -> 0, User-Agent -> 32),false,true,akka.util.ConstantFun$$$Lambda$1053/253214754@3a570b25,akka.util.ConstantFun$$$Lambda$1053/253214754@3a570b25,akka.util.ConstantFun$$$Lambda$1054/927026081@56f50718),None,TCPTransport),New,1 second),akka.http.scaladsl.HttpConnectionContext$@5c54249c,akka.event.MarkerLoggingAdapter@3d432a9b))) has shut down unexpectedly
[info] - should not initialize svn repo if --initRepo option is not provided and should use existing repo if available (652 milliseconds)
[info] JPbParameterTest:
[info] - booleanParam
[info] - stringArrayParam
[info] - event
[info] ProtobufSerializationTest:
[info] Test protobuf serialization of Events
[info] - should serialize ObserveEvent (755 milliseconds)
[info] - should serialize SystemEvent (15 milliseconds)
[info] EventPublisherTest:
[ERROR] [11/12/2018 11:54:27.866] [csw-location-server-akka.remote.default-remote-dispatcher-6] [akka.remote.Remoting] Remoting system has been terminated abrubtly. Attempting to shut down transports
[info] - should_be_able_to_maintain_ordering_while_publish(Redis)
[info] - should_be_able_to_maintain_ordering_while_publish(Kafka)
[info] - should_be_able_to_publish_an_event_with_block_genrating_future_of_event(Redis)
[info] - should_be_able_to_publish_an_event_with_block_genrating_future_of_event(Kafka)
[info] - should_be_able_to_publish_an_event_with_duration(Redis)
[info] - should_be_able_to_publish_an_event_with_duration(Kafka)
[info] - should_be_able_to_publish_and_subscribe_an_event(Redis)
[info] - should_be_able_to_publish_and_subscribe_an_event(Kafka)
[info] - should_be_able_to_publish_concurrently_to_the_different_channel(Redis)
[info] - should_be_able_to_publish_concurrently_to_the_different_channel(Kafka)

===============================================
Command line suite
Total tests run: 10, Failures: 0, Skips: 0
===============================================

[info] EventSubscriptionFrequencyTest:
[info] - should_be_able_to_subscribe_an_event_with_duration_with_rate_adapter_for_fast_publisher(Redis)
[info] - should_be_able_to_subscribe_an_event_with_duration_with_rate_adapter_for_fast_publisher(Kafka)
[info] - should_be_able_to_subscribe_with_duration_with_rate_adapter_mode_for_slow_publisher(Redis)
[info] - should_be_able_to_subscribe_with_duration_with_rate_adapter_mode_for_slow_publisher(Kafka) *** FAILED ***
[info]   9 was not equal to 11 (EventSubscriptionFrequencyTest.scala:88)
[info]   org.scalatest.exceptions.TestFailedException:
[info]   at org.scalatest.MatchersHelper$.indicateFailure(MatchersHelper.scala:346)
[info]   at org.scalatest.Matchers$AnyShouldWrapper.shouldBe(Matchers.scala:6864)
[info]   at csw.event.client.EventSubscriptionFrequencyTest.should_be_able_to_subscribe_with_duration_with_rate_adapter_mode_for_slow_publisher(EventSubscriptionFrequencyTest.scala:88)
[info]   at java.base/jdk.internal.reflect.NativeMethodAccessorImpl.invoke0(Native Method)
[info]   at java.base/jdk.internal.reflect.NativeMethodAccessorImpl.invoke(NativeMethodAccessorImpl.java:62)
[info]   at java.base/jdk.internal.reflect.DelegatingMethodAccessorImpl.invoke(DelegatingMethodAccessorImpl.java:43)
[info]   at java.base/java.lang.reflect.Method.invoke(Method.java:564)
[info]   at org.testng.internal.MethodInvocationHelper.invokeMethod(MethodInvocationHelper.java:124)
[info]   at org.testng.internal.Invoker.invokeMethod(Invoker.java:583)
[info]   at org.testng.internal.Invoker.invokeTestMethod(Invoker.java:719)
[info]   at org.testng.internal.Invoker.invokeTestMethods(Invoker.java:989)
[info]   at org.testng.internal.TestMethodWorker.invokeTestMethods(TestMethodWorker.java:125)
[info]   at org.testng.internal.TestMethodWorker.run(TestMethodWorker.java:109)
[info]   at org.testng.TestRunner.privateRun(TestRunner.java:648)
[info]   at org.testng.TestRunner.run(TestRunner.java:505)
[info]   at org.testng.SuiteRunner.runTest(SuiteRunner.java:455)
[info]   at org.testng.SuiteRunner.runSequentially(SuiteRunner.java:450)
[info]   at org.testng.SuiteRunner.privateRun(SuiteRunner.java:415)
[info]   at org.testng.SuiteRunner.run(SuiteRunner.java:364)
[info]   at org.testng.SuiteRunnerWorker.runSuite(SuiteRunnerWorker.java:52)
[info]   at org.testng.SuiteRunnerWorker.run(SuiteRunnerWorker.java:84)
[info]   at org.testng.TestNG.runSuitesSequentially(TestNG.java:1208)
[info]   at org.testng.TestNG.runSuitesLocally(TestNG.java:1137)
[info]   at org.testng.TestNG.runSuites(TestNG.java:1049)
[info]   at org.testng.TestNG.run(TestNG.java:1017)
[info]   at org.scalatest.testng.TestNGSuiteLike.run(TestNGSuiteLike.scala:261)
[info]   at org.scalatest.testng.TestNGSuiteLike.run$(TestNGSuiteLike.scala:254)
[info]   at org.scalatest.testng.TestNGSuite.run(TestNGSuite.scala:67)
[info]   at org.scalatest.testng.TestNGSuiteLike.runTestNG(TestNGSuiteLike.scala:248)
[info]   at org.scalatest.testng.TestNGSuiteLike.runTestNG$(TestNGSuiteLike.scala:227)
[info]   at org.scalatest.testng.TestNGSuite.runTestNG(TestNGSuite.scala:67)
[info]   at org.scalatest.testng.TestNGSuiteLike.run(TestNGSuiteLike.scala:149)
[info]   at org.scalatest.testng.TestNGSuiteLike.run$(TestNGSuiteLike.scala:146)
[info]   at org.scalatest.testng.TestNGSuite.run(TestNGSuite.scala:67)
[info]   at org.scalatest.tools.Framework.org$scalatest$tools$Framework$$runSuite(Framework.scala:314)
[info]   at org.scalatest.tools.Framework$ScalaTestTask.execute(Framework.scala:507)
[info]   at sbt.ForkMain$Run.lambda$runTest$1(ForkMain.java:304)
[info]   at java.base/java.util.concurrent.FutureTask.run(FutureTask.java:264)
[info]   at java.base/java.util.concurrent.ThreadPoolExecutor.runWorker(ThreadPoolExecutor.java:1135)
[info]   at java.base/java.util.concurrent.ThreadPoolExecutor$Worker.run(ThreadPoolExecutor.java:635)
[info]   at java.base/java.lang.Thread.run(Thread.java:844)
[info] - should_be_able_to_subscribe_with_duration_with_rate_limiter_mode_for_fast_publisher(Redis)
[info] - should_be_able_to_subscribe_with_duration_with_rate_limiter_mode_for_fast_publisher(Kafka) *** FAILED ***
[info]   4 was not equal to 5 (EventSubscriptionFrequencyTest.scala:188)
[info]   org.scalatest.exceptions.TestFailedException:
[info]   at org.scalatest.MatchersHelper$.indicateFailure(MatchersHelper.scala:346)
[info]   at org.scalatest.Matchers$AnyShouldWrapper.shouldBe(Matchers.scala:6864)
[info]   at csw.event.client.EventSubscriptionFrequencyTest.should_be_able_to_subscribe_with_duration_with_rate_limiter_mode_for_fast_publisher(EventSubscriptionFrequencyTest.scala:188)
[info]   at java.base/jdk.internal.reflect.NativeMethodAccessorImpl.invoke0(Native Method)
[info]   at java.base/jdk.internal.reflect.NativeMethodAccessorImpl.invoke(NativeMethodAccessorImpl.java:62)
[info]   at java.base/jdk.internal.reflect.DelegatingMethodAccessorImpl.invoke(DelegatingMethodAccessorImpl.java:43)
[info]   at java.base/java.lang.reflect.Method.invoke(Method.java:564)
[info]   at org.testng.internal.MethodInvocationHelper.invokeMethod(MethodInvocationHelper.java:124)
[info]   at org.testng.internal.Invoker.invokeMethod(Invoker.java:583)
[info]   at org.testng.internal.Invoker.invokeTestMethod(Invoker.java:719)
[info]   at org.testng.internal.Invoker.invokeTestMethods(Invoker.java:989)
[info]   at org.testng.internal.TestMethodWorker.invokeTestMethods(TestMethodWorker.java:125)
[info]   at org.testng.internal.TestMethodWorker.run(TestMethodWorker.java:109)
[info]   at org.testng.TestRunner.privateRun(TestRunner.java:648)
[info]   at org.testng.TestRunner.run(TestRunner.java:505)
[info]   at org.testng.SuiteRunner.runTest(SuiteRunner.java:455)
[info]   at org.testng.SuiteRunner.runSequentially(SuiteRunner.java:450)
[info]   at org.testng.SuiteRunner.privateRun(SuiteRunner.java:415)
[info]   at org.testng.SuiteRunner.run(SuiteRunner.java:364)
[info]   at org.testng.SuiteRunnerWorker.runSuite(SuiteRunnerWorker.java:52)
[info]   at org.testng.SuiteRunnerWorker.run(SuiteRunnerWorker.java:84)
[info]   at org.testng.TestNG.runSuitesSequentially(TestNG.java:1208)
[info]   at org.testng.TestNG.runSuitesLocally(TestNG.java:1137)
[info]   at org.testng.TestNG.runSuites(TestNG.java:1049)
[info]   at org.testng.TestNG.run(TestNG.java:1017)
[info]   at org.scalatest.testng.TestNGSuiteLike.run(TestNGSuiteLike.scala:261)
[info]   at org.scalatest.testng.TestNGSuiteLike.run$(TestNGSuiteLike.scala:254)
[info]   at org.scalatest.testng.TestNGSuite.run(TestNGSuite.scala:67)
[info]   at org.scalatest.testng.TestNGSuiteLike.runTestNG(TestNGSuiteLike.scala:248)
[info]   at org.scalatest.testng.TestNGSuiteLike.runTestNG$(TestNGSuiteLike.scala:227)
[info]   at org.scalatest.testng.TestNGSuite.runTestNG(TestNGSuite.scala:67)
[info]   at org.scalatest.testng.TestNGSuiteLike.run(TestNGSuiteLike.scala:149)
[info]   at org.scalatest.testng.TestNGSuiteLike.run$(TestNGSuiteLike.scala:146)
[info]   at org.scalatest.testng.TestNGSuite.run(TestNGSuite.scala:67)
[info]   at org.scalatest.tools.Framework.org$scalatest$tools$Framework$$runSuite(Framework.scala:314)
[info]   at org.scalatest.tools.Framework$ScalaTestTask.execute(Framework.scala:507)
[info]   at sbt.ForkMain$Run.lambda$runTest$1(ForkMain.java:304)
[info]   at java.base/java.util.concurrent.FutureTask.run(FutureTask.java:264)
[info]   at java.base/java.util.concurrent.ThreadPoolExecutor.runWorker(ThreadPoolExecutor.java:1135)
[info]   at java.base/java.util.concurrent.ThreadPoolExecutor$Worker.run(ThreadPoolExecutor.java:635)
[info]   at java.base/java.lang.Thread.run(Thread.java:844)
[info] - should_be_able_to_subscribe_with_duration_with_rate_limiter_mode_for_slow_publisher(Redis)
[info] - should_be_able_to_subscribe_with_duration_with_rate_limiter_mode_for_slow_publisher(Kafka) *** FAILED ***
[info]   4 was not equal to 3 (EventSubscriptionFrequencyTest.scala:161)
[info]   org.scalatest.exceptions.TestFailedException:
[info]   at org.scalatest.MatchersHelper$.indicateFailure(MatchersHelper.scala:346)
[info]   at org.scalatest.Matchers$AnyShouldWrapper.shouldBe(Matchers.scala:6864)
[info]   at csw.event.client.EventSubscriptionFrequencyTest.should_be_able_to_subscribe_with_duration_with_rate_limiter_mode_for_slow_publisher(EventSubscriptionFrequencyTest.scala:161)
[info]   at java.base/jdk.internal.reflect.NativeMethodAccessorImpl.invoke0(Native Method)
[info]   at java.base/jdk.internal.reflect.NativeMethodAccessorImpl.invoke(NativeMethodAccessorImpl.java:62)
[info]   at java.base/jdk.internal.reflect.DelegatingMethodAccessorImpl.invoke(DelegatingMethodAccessorImpl.java:43)
[info]   at java.base/java.lang.reflect.Method.invoke(Method.java:564)
[info]   at org.testng.internal.MethodInvocationHelper.invokeMethod(MethodInvocationHelper.java:124)
[info]   at org.testng.internal.Invoker.invokeMethod(Invoker.java:583)
[info]   at org.testng.internal.Invoker.invokeTestMethod(Invoker.java:719)
[info]   at org.testng.internal.Invoker.invokeTestMethods(Invoker.java:989)
[info]   at org.testng.internal.TestMethodWorker.invokeTestMethods(TestMethodWorker.java:125)
[info]   at org.testng.internal.TestMethodWorker.run(TestMethodWorker.java:109)
[info]   at org.testng.TestRunner.privateRun(TestRunner.java:648)
[info]   at org.testng.TestRunner.run(TestRunner.java:505)
[info]   at org.testng.SuiteRunner.runTest(SuiteRunner.java:455)
[info]   at org.testng.SuiteRunner.runSequentially(SuiteRunner.java:450)
[info]   at org.testng.SuiteRunner.privateRun(SuiteRunner.java:415)
[info]   at org.testng.SuiteRunner.run(SuiteRunner.java:364)
[info]   at org.testng.SuiteRunnerWorker.runSuite(SuiteRunnerWorker.java:52)
[info]   at org.testng.SuiteRunnerWorker.run(SuiteRunnerWorker.java:84)
[info]   at org.testng.TestNG.runSuitesSequentially(TestNG.java:1208)
[info]   at org.testng.TestNG.runSuitesLocally(TestNG.java:1137)
[info]   at org.testng.TestNG.runSuites(TestNG.java:1049)
[info]   at org.testng.TestNG.run(TestNG.java:1017)
[info]   at org.scalatest.testng.TestNGSuiteLike.run(TestNGSuiteLike.scala:261)
[info]   at org.scalatest.testng.TestNGSuiteLike.run$(TestNGSuiteLike.scala:254)
[info]   at org.scalatest.testng.TestNGSuite.run(TestNGSuite.scala:67)
[info]   at org.scalatest.testng.TestNGSuiteLike.runTestNG(TestNGSuiteLike.scala:248)
[info]   at org.scalatest.testng.TestNGSuiteLike.runTestNG$(TestNGSuiteLike.scala:227)
[info]   at org.scalatest.testng.TestNGSuite.runTestNG(TestNGSuite.scala:67)
[info]   at org.scalatest.testng.TestNGSuiteLike.run(TestNGSuiteLike.scala:149)
[info]   at org.scalatest.testng.TestNGSuiteLike.run$(TestNGSuiteLike.scala:146)
[info]   at org.scalatest.testng.TestNGSuite.run(TestNGSuite.scala:67)
[info]   at org.scalatest.tools.Framework.org$scalatest$tools$Framework$$runSuite(Framework.scala:314)
[info]   at org.scalatest.tools.Framework$ScalaTestTask.execute(Framework.scala:507)
[info]   at sbt.ForkMain$Run.lambda$runTest$1(ForkMain.java:304)
[info]   at java.base/java.util.concurrent.FutureTask.run(FutureTask.java:264)
[info]   at java.base/java.util.concurrent.ThreadPoolExecutor.runWorker(ThreadPoolExecutor.java:1135)
[info]   at java.base/java.util.concurrent.ThreadPoolExecutor$Worker.run(ThreadPoolExecutor.java:635)
[info]   at java.base/java.lang.Thread.run(Thread.java:844)

===============================================
Command line suite
Total tests run: 8, Failures: 3, Skips: 0
===============================================

[info] JEventSubscriberTest:
[info] - should_be_able_to_get_InvalidEvent(Redis)
[info] - should_be_able_to_get_InvalidEvent(Kafka)
[info] - should_be_able_to_get_an_event_without_subscribing_for_it(Redis)
[info] - should_be_able_to_get_an_event_without_subscribing_for_it(Kafka)
[info] - should_be_able_to_get_events_for_multiple_event_keys(Redis)
[info] - should_be_able_to_get_events_for_multiple_event_keys(Kafka)
[info] - should_be_able_to_make_independent_subscriptions(Redis)
[info] - should_be_able_to_make_independent_subscriptions(Kafka)
[info] - should_be_able_to_retrieve_InvalidEvent(Redis)
[info] - should_be_able_to_retrieve_InvalidEvent(Kafka)
[info] - should_be_able_to_retrieve_recently_published_event_on_subscription(Redis)
[info] - should_be_able_to_retrieve_recently_published_event_on_subscription(Kafka)
[info] - should_be_able_to_retrieve_valid_as_well_as_invalid_event_when_events_are_published_for_some_and_not_for_other_keys(Redis)
[info] - should_be_able_to_retrieve_valid_as_well_as_invalid_event_when_events_are_published_for_some_and_not_for_other_keys(Kafka)
[info] - should_be_able_to_subscribe_an_event(Redis)
[info] - should_be_able_to_subscribe_an_event(Kafka)
[info] - should_be_able_to_subscribe_an_event_with_pattern_from_different_subsystem(Redis)
[info] - should_be_able_to_subscribe_an_event_with_pattern_from_same_subsystem(Redis)
[info] - should_be_able_to_subscribe_with_an_ActorRef(Redis)
[info] - should_be_able_to_subscribe_with_an_ActorRef(Kafka)
[info] - should_be_able_to_subscribe_with_an_ActorRef_with_duration(Redis)
[info] - should_be_able_to_subscribe_with_an_ActorRef_with_duration(Kafka)
[info] - should_be_able_to_subscribe_with_async_callback(Redis)
[info] - should_be_able_to_subscribe_with_async_callback(Kafka)
[info] - should_be_able_to_subscribe_with_async_callback_with_duration(Redis)
[info] - should_be_able_to_subscribe_with_async_callback_with_duration(Kafka)
[info] - should_be_able_to_subscribe_with_callback(Redis)
[info] - should_be_able_to_subscribe_with_callback(Kafka)
[info] - should_be_able_to_subscribe_with_callback_with_duration(Redis)
[info] - should_be_able_to_subscribe_with_callback_with_duration(Kafka)

===============================================
Command line suite
Total tests run: 30, Failures: 0, Skips: 0
===============================================

[info] JEventSubscriptionFrequencyTest:
[info] - should_be_able_to_subscribe_with_duration_with_rate_adapter_for_fast_publisher(Redis)
[info] - should_be_able_to_subscribe_with_duration_with_rate_adapter_for_fast_publisher(Kafka)
[info] - should_be_able_to_subscribe_with_duration_with_rate_adapter_mode_for_slow_publisher(Redis)
[info] - should_be_able_to_subscribe_with_duration_with_rate_adapter_mode_for_slow_publisher(Kafka)
[info] - should_be_able_to_subscribe_with_duration_with_rate_limiter_mode_for_fast_publisher(Redis)
[info] - should_be_able_to_subscribe_with_duration_with_rate_limiter_mode_for_fast_publisher(Kafka)
[info] - should_be_able_to_subscribe_with_duration_with_rate_limiter_mode_for_slow_publisher(Redis)
[info] - should_be_able_to_subscribe_with_duration_with_rate_limiter_mode_for_slow_publisher(Kafka)

===============================================
Command line suite
Total tests run: 8, Failures: 0, Skips: 0
===============================================

[info] JRedisFailureTest:
[info] - failureInPublishingShouldFailFutureWithPublishFailedException
[info] - handleFailedPublishEventWithACallback
[info] - handleFailedPublishEventWithAnEventGeneratorAndACallback
[info] - handleFailedPublishEventWithAnEventGeneratorGeneratingFutureOfEventAndACallback
[info] JEventPublisherTest:
[info] - should_be_able_to_maintain_ordering_while_publish(Redis)
[info] - should_be_able_to_maintain_ordering_while_publish(Kafka)
[info] - should_be_able_to_publish_an_event_with_block_generating_future_of_event_with_duration(Redis)
[info] - should_be_able_to_publish_an_event_with_block_generating_future_of_event_with_duration(Kafka)
[info] - should_be_able_to_publish_an_event_with_duration(Redis)
[info] - should_be_able_to_publish_an_event_with_duration(Kafka)
[info] - should_be_able_to_publish_and_subscribe_an_event(Redis)
[info] - should_be_able_to_publish_and_subscribe_an_event(Kafka)
[info] - should_be_able_to_publish_concurrently_to_the_different_channel(Redis)
[info] - should_be_able_to_publish_concurrently_to_the_different_channel(Kafka)

===============================================
Command line suite
Total tests run: 10, Failures: 0, Skips: 0
===============================================

[info] EventSubscriberTest:
[info] - should_be_able_to_get_InvalidEvent(Redis)
[info] - should_be_able_to_get_InvalidEvent(Kafka)
[info] - should_be_able_to_get_an_event_without_subscribing_for_it(Redis)
[info] - should_be_able_to_get_an_event_without_subscribing_for_it(Kafka)
[info] - should_be_able_to_get_events_for_multiple_event_keys(Redis)
[info] - should_be_able_to_get_events_for_multiple_event_keys(Kafka)
[info] - should_be_able_to_get_invalid_event_on_event_parse_failure(Redis)
[info] - should_be_able_to_get_invalid_event_on_event_parse_failure(Kafka)
[info] - should_be_able_to_make_independent_subscriptions(Redis)
[info] - should_be_able_to_make_independent_subscriptions(Kafka)
[info] - should_be_able_to_retrieve_InvalidEvent(Redis)
[info] - should_be_able_to_retrieve_InvalidEvent(Kafka)
[info] - should_be_able_to_retrieve_recently_published_event_on_subscription(Redis)
[info] - should_be_able_to_retrieve_recently_published_event_on_subscription(Kafka)
[info] - should_be_able_to_retrieve_valid_as_well_as_invalid_event_when_events_are_published_for_some_and_not_for_other_keys(Redis)
[info] - should_be_able_to_retrieve_valid_as_well_as_invalid_event_when_events_are_published_for_some_and_not_for_other_keys(Kafka)
[info] - should_be_able_to_subscribe_an_event(Redis)
[info] - should_be_able_to_subscribe_an_event(Kafka)
[info] - should_be_able_to_subscribe_an_event_with_pattern_from_different_subsystem(Redis)
[info] - should_be_able_to_subscribe_an_event_with_pattern_from_same_subsystem(Redis)
[info] - should_be_able_to_subscribe_with_an_ActorRef(Redis)
[info] - should_be_able_to_subscribe_with_an_ActorRef(Kafka)
[info] - should_be_able_to_subscribe_with_an_ActorRef_with_duration(Redis)
[info] - should_be_able_to_subscribe_with_an_ActorRef_with_duration(Kafka)
[info] - should_be_able_to_subscribe_with_async_callback(Redis)
[info] - should_be_able_to_subscribe_with_async_callback(Kafka)
[info] - should_be_able_to_subscribe_with_async_callback_with_duration(Redis)
[info] - should_be_able_to_subscribe_with_async_callback_with_duration(Kafka)
[info] - should_be_able_to_subscribe_with_callback(Redis)
[info] - should_be_able_to_subscribe_with_callback(Kafka)
[info] - should_be_able_to_subscribe_with_callback_with_duration(Redis)
[info] - should_be_able_to_subscribe_with_callback_with_duration(Kafka)

===============================================
Command line suite
Total tests run: 32, Failures: 0, Skips: 0
===============================================

[info] PbParameterTest:
[info] - should able to parse PbParameter with multiple values (4 milliseconds)
[info] - should able to parse PbParameter with sequence of values (1 millisecond)
[info] - should able to create Boolean Items (3 milliseconds)
[info] - should able to create PbParameter with Timestamp items (29 milliseconds)
[info] - should able to create PbParameter with Byte items (1 millisecond)
[info] - should able to create PbParameter with Choice items (0 milliseconds)
[info] - should able to create PbParameter with int items only when KeyType is Int (2 milliseconds)
[info] - should able to create PbParameter and compare with Parameter for Int and String Key (1 millisecond)
[info] - should able to create PbParameter with ArrayItems (2 milliseconds)
[info] - should able to create PbParameter with MatrixItems (2 milliseconds)
[info] - should able to change the type from/to PbParameter to/from Parameter for IntKey (0 milliseconds)
[info] - should able to change the type from/to PbParameter to/from Parameter for IntArrayKey (0 milliseconds)
[info] - should able to change the type from/to PbParameter to/from Parameter for IntMatrixKey (1 millisecond)
[info] - should able to change the type from/to PbParameter to/from Parameter using java api (0 milliseconds)
[info] - should able to change the type from/to PbParameter to/from Parameter for RaDec (18 milliseconds)
[info] KafkaFailureTest:
[info] - failure in publishing should fail future with PublishFailed exception (203 milliseconds)
[info] - handle failed publish event with a callback (6 milliseconds)
[info] - handle failed publish event with an eventGenerator and a callback (5 milliseconds)
[info] - handle failed publish event with an eventGenerator generating future of event and a callback (4 milliseconds)
[info] RedisFailureTest:
[info] - should throw PublishFailed exception on publish failure (1 second, 112 milliseconds)
[info] - should invoke onError callback on publish failure [stream API] (1 second, 24 milliseconds)
[info] - should invoke onError callback on publish failure [eventGenerator API] (1 second, 24 milliseconds)
[info] - should throw EventServerNotAvailable exception on subscription failure (88 milliseconds)
[info] - should invoke onError callback on publish failure [eventGenerator API] with future of event generator (1 second, 20 milliseconds)
[info] JKafkaFailureTest:
[info] - failureInPublishingShouldFailFutureWithPublishFailedException
[info] - handleFailedPublishEventWithACallback
[info] - handleFailedPublishEventWithAnEventGeneratorAndACallback
[info] - handleFailedPublishEventWithAnEventGeneratorGeneratingFutureOfEventAndACallback
[info] TimeExtensionsTest:
[info] - untilNext text (55 milliseconds)
[info] LoggingSeverityTest:
[info] - setCurrentSeverity should log a message (188 milliseconds)
[info] MetadataServiceModuleTest:
[info] - getMetadata should fetch metadata of the given Alarm key (122 milliseconds)
[info] - getMetadata should throw exception while getting metadata if key does not exist (6 milliseconds)
[info] - getMetadata should fetch all alarms for a component (130 milliseconds)
[info] - getMetadata should fetch all alarms for a subsystem (47 milliseconds)
[info] - getMetadata should fetch all alarms of whole system (44 milliseconds)
[info] - getMetadata should throw exception if no alarms are found while getting metadata by subsystem (3 milliseconds)
[info] - initAlarms should load alarms from provided config file (130 milliseconds)
[info] - initAlarms should reset the previous alarm data in redis and load with newly provided (123 milliseconds)
[info] - initAlarm with reset should not delete keys other than alarm service, for example sentinel related keys (48 milliseconds)
[info] - initAlarm with reset=false should preserve existing alarm keys (62 milliseconds)
[info] - activate should activate an inactive alarm (77 milliseconds)
[info] - deActivate should deactivate an active alarm (61 milliseconds)
[info] - should throw exception when tried to activate/deactivate alarm which is not present in alarm store (6 milliseconds)
[info] ConfigValidatorTest:
[info] - validation result should be successful for list of valid alarm's metadata (6 milliseconds)
[info] - validation result should be failed for invalid alarms metadata (9 milliseconds)
[info] JAlarmServiceFactoryTest:
[info] - shouldCreateClientAlarmServiceUsingLocationService
[info] - shouldCreateClientAlarmServiceUsingHostAndPort
[ERROR] [11/12/2018 11:57:45.046] [csw-remote-actor-system-akka.actor.default-dispatcher-29] [akka.tcp://csw-remote-actor-system@192.168.12.210:39585/system/pool-master] connection pool for PoolGateway(hcps = HostConnectionPoolSetup(localhost,7654,ConnectionPoolSetup(ConnectionPoolSettings(4,0,5,32,1,30 seconds,ClientConnectionSettings(Some(User-Agent: akka-http/10.1.5),10 seconds,1 minute,512,None,WebSocketSettings(<function0>,ping,Duration.Inf,akka.http.impl.settings.WebSocketSettingsImpl$$$Lambda$1352/120999784@2745881e),List(),ParserSettings(2048,16,64,64,8192,64,8388608,8388608,256,1048576,Strict,RFC6265,true,Set(),Full,Error,Map(If-Range -> 0, If-Modified-Since -> 0, If-Unmodified-Since -> 0, default -> 12, Content-MD5 -> 0, Date -> 0, If-Match -> 0, If-None-Match -> 0, User-Agent -> 32),false,true,akka.util.ConstantFun$$$Lambda$970/1312690617@4fc2ab43,akka.util.ConstantFun$$$Lambda$970/1312690617@4fc2ab43,akka.util.ConstantFun$$$Lambda$971/1741684397@6a4112e1),None,TCPTransport),New,1 second),akka.http.scaladsl.HttpConnectionContext$@61cf72cf,akka.event.MarkerLoggingAdapter@2b1102a7))) has shut down unexpectedly
[info] HealthServiceModuleTest:
[info] - getAggregatedHealth should get aggregated health for a alarm (48 milliseconds)
[info] - getAggregatedHealth should get aggregated health for a component (34 milliseconds)
[info] - getAggregatedHealth should get aggregated health for a subsystem (39 milliseconds)
[info] - getAggregatedHealth should get aggregated health for global system (67 milliseconds)
[info] - getAggregatedHealth should not consider inactive alarms for health aggregation (32 milliseconds)
[info] - getAggregatedHealth should consider shelved alarms also for health aggregation (32 milliseconds)
[info] - getAggregatedHealth should throw KeyNotFoundException when key is invalid (2 milliseconds)
[info] - getAggregatedHealth should throw InactiveAlarmException when all resolved keys are inactive (4 milliseconds)
[info] - subscribe aggregated health via callback for an alarm (2 seconds, 972 milliseconds)
[info] - subscribe aggregated health via callback for a subsystem (552 milliseconds)
[info] - subscribe aggregated health via callback for a component (250 milliseconds)
[info] - subscribeAggregatedHealthCallback should not consider inactive alarm for aggregation (367 milliseconds)
[info] - subscribeAggregatedSeverityCallback should throw KeyNotFoundException if the key does not match any key (3 milliseconds)
[info] - subscribeAggregatedHealthCallback should throw KeyNotFoundException when key is invalid (2 milliseconds)
[info] - subscribeAggregatedHealthCallback should throw InactiveAlarmException when all resolved keys are inactive (6 milliseconds)
[info] - subscribe aggregated health via actorRef for a subsystem (397 milliseconds)
[info] - shelved alarms should be considered in health aggregation (166 milliseconds)
[info] - subscribeAggregatedHealthActorRef should throw InactiveAlarmException when all resolved keys are inactive (5 milliseconds)
[info] AlarmServiceTestSetup:
[info] ConfigParserTest:
[info] - should able to parse valid alarm metadata's config file (6 milliseconds)
[info] - should throw Exception while parsing invalid alarms metadata config file (7 milliseconds)
[info] StatusServiceModuleTest:
[info] - reset should never update the alarm time (27 milliseconds)
[info] - simple test to check behavior of latch and reset (66 milliseconds)
[info] - reset should set latchedSeverity to current severity when current severity is Okay (19 milliseconds)
[info] - reset should set latchedSeverity to current severity when current severity is Warning (19 milliseconds)
[info] - reset should set latchedSeverity to current severity when current severity is Major (17 milliseconds)
[info] - reset should set latchedSeverity to current severity when current severity is Indeterminate (16 milliseconds)
[info] - reset should set latchedSeverity to current severity when current severity is Critical (17 milliseconds)
[info] - reset should set latchedSeverity to current severity when current severity is Disconnected (1 second, 560 milliseconds)
[info] - reset should throw exception if key does not exist (2 milliseconds)
[info] - acknowledge should set acknowledgementStatus to Acknowledged of an alarm (18 milliseconds)
[info] - unacknowledge should set acknowledgementStatus to Unacknowledged of an alarm (21 milliseconds)
[info] - acknowledge should throw exception if key does not exist (4 milliseconds)
[info] - unacknowledge should throw exception if key does not exist (3 milliseconds)
[info] - shelve should update the status of the alarm to shelved (10 milliseconds)
[info] - shelve alarm should automatically get unshelved on configured time (2 seconds, 14 milliseconds)
[info] - unshelve should update the alarm status to unshelved (11 milliseconds)
[info] - getStatus should throw exception if key does not exist (3 milliseconds)
[WARN] [11/12/2018 11:57:55.269] [pool-1-thread-1] [ManifestInfo(akka://AutoRefreshSeverityActorTest)] Detected possible incompatible versions on the classpath. Please note that a given Akka version MUST be the same across all modules of Akka that you are using, e.g. if you use [2.5.17] all other modules that are released together MUST be of the same version. Make sure you're using a compatible set of libraries.Possibly conflicting versions [2.5.17, 2.5.6] in libraries [akka-multi-node-testkit:2.5.17, akka-persistence:2.5.6, akka-cluster-sharding:2.5.6, akka-protobuf:2.5.17, akka-actor-typed:2.5.17, akka-actor:2.5.17, akka-slf4j:2.5.17, akka-remote:2.5.17, akka-cluster:2.5.17, akka-distributed-data:2.5.17, akka-stream:2.5.17, akka-cluster-typed:2.5.17, akka-actor-testkit-typed:2.5.17, akka-stream-testkit:2.5.17, akka-cluster-tools:2.5.17]
[info] AutoRefreshSeverityActorTest:
[info] - should refresh severity (36 milliseconds)
[info] - should set severity and refresh it (107 milliseconds)
[info] - should cancel the refreshing of alarm severity (213 milliseconds)
[info] - should refresh for multiple alarms (154 milliseconds)
[info] SeverityServiceModuleTest:
[info] - setSeverity should set severity (1 second, 21 milliseconds)
[info] - setSeverity should throw KeyNotFoundException when tried to set severity for key which does not exists in alarm store (2 milliseconds)
[info] - setSeverity should throw InvalidSeverityException when unsupported severity is provided (9 milliseconds)
[info] - setSeverity should latch alarm when it is higher than previous latched severity (476 milliseconds)
[info] - setSeverity should not auto-acknowledge alarm even when it is auto-acknowledgable (13 milliseconds)
[info] - setSeverity should not update alarm time when current severity does not change (241 milliseconds)
[info] - getCurrentSeverity should get current severity (14 milliseconds)
[info] - getCurrentSeverity should throw exception if key does not exist (2 milliseconds)
[info] - getAggregatedSeverity should get aggregated severity for component (28 milliseconds)
[info] - getAggregatedSeverity should get aggregated severity for subsystem (48 milliseconds)
[info] - getAggregatedSeverity should get aggregated severity for global system (74 milliseconds)
[info] - getAggregatedSeverity should not consider inactive alarms in aggregation (26 milliseconds)
[info] - getAggregatedSeverity should consider shelved alarms also in aggregation (20 milliseconds)
[info] - getAggregatedSeverity should get aggregated to Disconnected for Warning and Critical severities (18 milliseconds)
[info] - getAggregatedSeverity should throw KeyNotFoundException when key is invalid (2 milliseconds)
[info] - getAggregatedSeverity should throw InactiveAlarmException when all resolved keys are inactive (2 milliseconds)
[info] - subscribe aggregated severity via callback for an alarm (1 second, 340 milliseconds)
[info] - subscribe aggregated severity via callback for a subsystem (1 second, 115 milliseconds)
[info] - subscribe aggregated severity via callback for two different subscriptions, one for a component and other for all (2 seconds, 612 milliseconds)
[info] - subscribeAggregatedSeverityCallback should not consider inactive alarm for aggregation (362 milliseconds)
[info] - subscribeAggregatedSeverityCallback should throw InactiveAlarmException when all resolved keys are inactive (5 milliseconds)
[info] - subscribeAggregatedSeverity should throw KeyNotFoundException when key is invalid (3 milliseconds)
[info] - subscribe aggregated severity via actorRef for a subsystem (1 second, 338 milliseconds)
[info] - subscribeAggregatedSeverityActorRef should not consider inactive alarm for aggregation (346 milliseconds)
[info] - shelved alarms should be considered while subscribing aggregated severity (35 milliseconds)
[info] - IsHigher_WasNotDisconnected (12 milliseconds)
[info] - IsHigher_WasDisconnected (10 milliseconds)
[info] - IsNotHigher_WasNotDisconnected (12 milliseconds)
[info] - IsNotHigher_WasDisconnected (11 milliseconds)
[info] - ack status should transition from Unacknowledged to Unacknowledged when severity changes from Critical to Warning & autoAck=true (10 milliseconds)
[info] - ack status should transition from Acknowledged to Unacknowledged when severity changes from Critical to Warning & autoAck=true (11 milliseconds)
[info] - ack status should transition from Acknowledged to Unacknowledged when severity changes from Critical to Warning & autoAck=false (14 milliseconds)
[info] - ack status should transition from Unacknowledged to Acknowledged when severity changes from Disconnected to Okay & autoAck=true (11 milliseconds)
[info] - ack status should transition from Unacknowledged to Acknowledged when severity changes from Critical to Okay & autoAck=true (11 milliseconds)
[info] - ack status should transition from Unacknowledged to Acknowledged when severity changes from Okay to Okay & autoAck=true (12 milliseconds)
[info] - ack status should transition from Unacknowledged to Unacknowledged when severity changes from Warning to Okay & autoAck=false (12 milliseconds)
[info] - ack status should transition from Acknowledged to Acknowledged when severity changes from Warning to Okay & autoAck=false (10 milliseconds)
[info] - ack status should transition from Acknowledged to Acknowledged when severity changes from Okay to Disconnected & autoAck=false (1 second, 11 milliseconds)
[info] - ack status should transition from Unacknowledged to Unacknowledged when severity changes from Warning to Disconnected & autoAck=false (1 second, 19 milliseconds)
[info] JSeverityServiceModuleTest:
[info] - setSeverity_shouldNotUpdateAlarmTimeWhenSeverityDoesNotChange
[info] - setSeverity_shouldLatchAlarmWhenItIsHigherThanPreviousLatchedSeverity
[info] - setSeverity_shouldNotAutoAcknowledgeAlarmEvenWhenItIsAutoAcknowlegable
[info] - setSeverity_shouldThrowInvalidSeverityExceptionWhenUnsupportedSeverityIsProvided
[info] - setSeverity_shouldSetSeverityForAGivenKey
[info] AlarmServiceFactoryTest:
[info] - should create admin alarm service using location service (10 milliseconds)
[info] - should create admin alarm service using host and port (5 milliseconds)
[info] - should create client alarm service using location service (50 milliseconds)
[info] - should create client alarm service using host and port (25 milliseconds)
[info] ScalaTest
[info] Run completed in 5 minutes, 3 seconds.
[info] Total number of tests run: 28
[info] Suites: completed 3, aborted 0
[info] Tests: succeeded 28, failed 0, canceled 0, ignored 0, pending 0
[info] All tests passed.
[info] Passed: Total 28, Failed 0, Errors 0, Passed 28
[info] ScalaTest
[info] Run completed in 5 minutes, 3 seconds.
[info] Total number of tests run: 89
[info] Suites: completed 8, aborted 0
[info] Tests: succeeded 89, failed 0, canceled 0, ignored 0, pending 0
[info] All tests passed.
[info] Passed: Total 89, Failed 0, Errors 0, Passed 89
[info] ScalaTest
[info] Run completed in 5 minutes, 4 seconds.
[info] Total number of tests run: 135
[info] Suites: completed 13, aborted 0
[info] Tests: succeeded 132, failed 3, canceled 0, ignored 0, pending 0
[info] *** 3 TESTS FAILED ***
[error] Failed: Total 135, Failed 3, Errors 0, Passed 132
[error] Failed tests:
[error] 	csw.event.client.EventSubscriptionFrequencyTest
[info] ScalaTest
[info] Run completed in 5 minutes, 4 seconds.
[info] Total number of tests run: 108
[info] Suites: completed 13, aborted 0
[info] Tests: succeeded 108, failed 0, canceled 0, ignored 0, pending 0
[info] All tests passed.
[info] Passed: Total 108, Failed 0, Errors 0, Passed 108
[info] * csw.event.client.perf.model_obs.ModelObsPerfTest
[JVM-1] Run starting. Expected test count is: 0
[JVM-2] Run starting. Expected test count is: 0
[JVM-1] ModelObsPerfTestMultiJvmNode1:
[JVM-2] ModelObsPerfTestMultiJvmNode2:
[JVM-2] - Perf results must be great for model observatory use case !!! IGNORED !!!
[JVM-2] Run completed in 2 seconds, 909 milliseconds.
[JVM-2] Total number of tests run: 0
[JVM-2] Suites: completed 1, aborted 0
[JVM-2] Tests: succeeded 0, failed 0, canceled 0, ignored 1, pending 0
[JVM-2] No tests were executed.
[JVM-1] - Perf results must be great for model observatory use case !!! IGNORED !!!
[JVM-1] Run completed in 2 seconds, 910 milliseconds.
[JVM-1] Total number of tests run: 0
[JVM-1] Suites: completed 1, aborted 0
[JVM-1] Tests: succeeded 0, failed 0, canceled 0, ignored 1, pending 0
[JVM-1] No tests were executed.
[JVM-1] WARNING: An illegal reflective access operation has occurred
[JVM-1] WARNING: Illegal reflective access by org.jboss.netty.util.internal.ByteBufferUtil (file:/home/girish/IdeaProjects/csw/csw-event-client/target/multi-run-copied-libraries/netty-3.10.6.Final.jar) to method java.nio.DirectByteBuffer.cleaner()
[JVM-1] WARNING: Please consider reporting this to the maintainers of org.jboss.netty.util.internal.ByteBufferUtil
[JVM-1] WARNING: Use --illegal-access=warn to enable warnings of further illegal reflective access operations
[JVM-1] WARNING: All illegal access operations will be denied in a future release
[JVM-2] WARNING: An illegal reflective access operation has occurred
[JVM-2] WARNING: Illegal reflective access by org.jboss.netty.util.internal.ByteBufferUtil (file:/home/girish/IdeaProjects/csw/csw-event-client/target/multi-run-copied-libraries/netty-3.10.6.Final.jar) to method java.nio.DirectByteBuffer.cleaner()
[JVM-2] WARNING: Please consider reporting this to the maintainers of org.jboss.netty.util.internal.ByteBufferUtil
[JVM-2] WARNING: Use --illegal-access=warn to enable warnings of further illegal reflective access operations
[JVM-2] WARNING: All illegal access operations will be denied in a future release
[info] * csw.event.client.perf.event_service.EventServicePerfTest
[JVM-2] Run starting. Expected test count is: 0
[JVM-1] Run starting. Expected test count is: 0
[JVM-2] EventServicePerfTestMultiJvmNode2:
[JVM-1] EventServicePerfTestMultiJvmNode1:
[JVM-2] - Perf results must be great for 1-to-1-size-100 with payloadSize = 100 !!! IGNORED !!!
[JVM-2] - Perf results must be great for 1-to-5-size-100 with payloadSize = 100 !!! IGNORED !!!
[JVM-2] - Perf results must be great for 1-to-5-size-1KB with payloadSize = 1024 !!! IGNORED !!!
[JVM-2] Run completed in 2 seconds, 289 milliseconds.
[JVM-2] Total number of tests run: 0
[JVM-2] Suites: completed 1, aborted 0
[JVM-2] Tests: succeeded 0, failed 0, canceled 0, ignored 3, pending 0
[JVM-2] No tests were executed.
[JVM-1] - Perf results must be great for 1-to-1-size-100 with payloadSize = 100 !!! IGNORED !!!
[JVM-1] - Perf results must be great for 1-to-5-size-100 with payloadSize = 100 !!! IGNORED !!!
[JVM-1] - Perf results must be great for 1-to-5-size-1KB with payloadSize = 1024 !!! IGNORED !!!
[JVM-2] WARNING: An illegal reflective access operation has occurred
[JVM-2] WARNING: Illegal reflective access by org.jboss.netty.util.internal.ByteBufferUtil (file:/home/girish/IdeaProjects/csw/csw-event-client/target/multi-run-copied-libraries/netty-3.10.6.Final.jar) to method java.nio.DirectByteBuffer.cleaner()
[JVM-2] WARNING: Please consider reporting this to the maintainers of org.jboss.netty.util.internal.ByteBufferUtil
[JVM-2] WARNING: Use --illegal-access=warn to enable warnings of further illegal reflective access operations
[JVM-2] WARNING: All illegal access operations will be denied in a future release
[JVM-1] Run completed in 2 seconds, 348 milliseconds.
[JVM-1] Total number of tests run: 0
[JVM-1] Suites: completed 1, aborted 0
[JVM-1] Tests: succeeded 0, failed 0, canceled 0, ignored 3, pending 0
[JVM-1] No tests were executed.
[JVM-1] WARNING: An illegal reflective access operation has occurred
[JVM-1] WARNING: Illegal reflective access by org.jboss.netty.util.internal.ByteBufferUtil (file:/home/girish/IdeaProjects/csw/csw-event-client/target/multi-run-copied-libraries/netty-3.10.6.Final.jar) to method java.nio.DirectByteBuffer.cleaner()
[JVM-1] WARNING: Please consider reporting this to the maintainers of org.jboss.netty.util.internal.ByteBufferUtil
[JVM-1] WARNING: Use --illegal-access=warn to enable warnings of further illegal reflective access operations
[JVM-1] WARNING: All illegal access operations will be denied in a future release
[info] Passed: Total 0, Failed 0, Errors 0, Passed 0
[info] No tests to run for MultiJvm
[info] multi-jvm
[info] csw.event.client.perf.model_obs.ModelObsPerfTest
[info] multi-jvm
[info] csw.event.client.perf.event_service.EventServicePerfTest
[info] Passed: Total 0, Failed 0, Errors 0, Passed 0
[info] No tests to run for MultiJvm
[info] JConfigClientApiTest:
[info] - testConfigClientApi
[info] JConfigAdminApiTest:
[info] - testFileAlreadyExistsExceptionOnCreate
[info] - testGetReturnsNoneIfFileNotExists
[info] - testUpdateExistingFile
[info] - testListIsFilteredBasedOnTypeAndPattern
[info] - testListFilesFromAnnexStoreWithoutShaSuffix
[info] - testRetrieveVersionBasedOnDate
[info] - testGetAndSetActiveConfigFileFromAnnexStore
[info] - testGetHistoryOfActiveVersionsOfFile
[info] - testListAllFiles
[info] - testActiveVersionBasedOnTime
[info] - testCreateFileInAnnexStore
[info] - testFileExistsInAnnexStore
[info] - testEachRevisionHasUniqueId
[info] - testListIsFilteredBasedOnPattern
[info] - testSpecificVersionRetrieval
[info] - testRetrieveVersionBasedOnDateForFileInAnnexStore
[info] - testGetMetadata
[info] - testHistoryOfAFile
[info] - testGetSetAndResetActiveConfigFile
[info] - testDelete
[info] - testExists
[info] - testGetActiveReturnsNoneIfFileNotExist
[info] - testUpdateReturnsFileNotFoundExceptionOnAbsenceOfFile
[info] - testUpdateAndHistoryOfFilesInAnnexStore
[info] - testActiveFilesAreExcludedInList
[info] - testCreateAndRetrieveFile
[info] ConfigServiceResolverTest:
[info] - should throw exception if not able to resolve config service http server (5 seconds, 308 milliseconds)
[info] - should give URI for resolved config service (319 milliseconds)
[info] ConfigAdminApiTest:
[info] - should able to upload and get component configurations from config service (186 milliseconds)
[info] - should able to upload and get binary configurations from config service (4 seconds, 175 milliseconds)
[info] - should able to create a file and retrieve the same (128 milliseconds)
[info] - should ignore '/' at the beginning of file path and create a file (2 seconds, 448 milliseconds)
[info] - should throw FileAlreadyExists while creating a file if it already exists in repository - assume svn first (157 milliseconds)
[info] - should throw FileAlreadyExists while creating a file if it already exists in repository - assume annex first (131 milliseconds)
[info] - should able to update existing file and get the file with updated content (105 milliseconds)
[info] - update should throw FileNotFoundException if a file does not exists in repository (25 milliseconds)
[info] - each revision of file should have unique identifier (171 milliseconds)
[info] - get call should return `None` if a file does not exists in repository (17 milliseconds)
[info] - should able to retrieve the specific version of file by config ID (171 milliseconds)
[info] - should get the correct version of file based on time (58 milliseconds)
[info] - should get the initial version of file if date provided is before the creation date (128 milliseconds)
[info] - should record datetime for creation of config file (454 milliseconds)
[info] - should record datetime when config file is updated (69 milliseconds)
[info] - should get the history of a file (152 milliseconds)
[info] - should list all the available config files (87 milliseconds)
[info] - exists should return false if file does not exist (20 milliseconds)
[info] - exists should return true if file exist (129 milliseconds)
[info] - should able to delete existing file (323 milliseconds)
[info] - deleting non existing file should throw FileNotFoundException (20 milliseconds)
[info] - delete removes all versions of a file (212 milliseconds)
[info] - should able to get, set and reset the active version of config file (211 milliseconds)
[info] - should able to get history of active versions of file (507 milliseconds)
[info] - getActive and getActiveVersion should return None if file does not exists (23 milliseconds)
[info] - set and reset active should throw FileNotFound exception if file or version does not exists (80 milliseconds)
[info] - should be able to store and retrieve file from annex store (48 milliseconds)
[info] - should list files from annex store without .$sha1 suffix (99 milliseconds)
[info] - should be able to update and retrieve the history of a file in annex store (713 milliseconds)
[info] - should able to get history of active versions of file from annex store (175 milliseconds)
[info] - should be able to get active file from annex store (217 milliseconds)
[info] - should be able to get time stamped file from annex store (595 milliseconds)
[info] - should exclude .$active files from list (117 milliseconds)
[info] - should be able to store and retrieve text file from annex store when size is greater than configured size (1 second, 438 milliseconds)
[info] - should list all files in a repository (167 milliseconds)
[info] - should give empty list if pattern does not match any file (120 milliseconds)
[info] - should filter list based on the pattern (148 milliseconds)
[info] - should filter list based on the type and pattern (345 milliseconds)
[info] - should get the correct active version of the file based on time (136 milliseconds)
[info] - should get metadata (27 milliseconds)
[info] - should throw exception for invalid path (167 milliseconds)
[info] - should be able to store and retrieve binary file in annex dir (363 milliseconds)
[info] - should throw invalid input exception if pattern is invalid (16 milliseconds)
[info] ConfigClientApiTest:
[info] - should able to get, set and reset the active version of config file (145 milliseconds)
[ERROR] [11/12/2018 11:59:48.960] [config-server-akka.actor.default-dispatcher-73] [akka://config-server/system/pool-master] connection pool for PoolGateway(hcps = HostConnectionPoolSetup(localhost,7654,ConnectionPoolSetup(ConnectionPoolSettings(10,0,5,32,1,30 seconds,ClientConnectionSettings(Some(User-Agent: akka-http/10.1.5),10 seconds,1 minute,512,None,WebSocketSettings(<function0>,ping,Duration.Inf,akka.http.impl.settings.WebSocketSettingsImpl$$$Lambda$1410/17130226@1ca586a),List(),ParserSettings(2048,16,64,64,8192,64,8388608,8388608,256,1048576,Strict,RFC6265,true,Set(),Full,Error,Map(If-Range -> 0, If-Modified-Since -> 0, If-Unmodified-Since -> 0, default -> 12, Content-MD5 -> 0, Date -> 0, If-Match -> 0, If-None-Match -> 0, User-Agent -> 32),false,true,akka.util.ConstantFun$$$Lambda$674/1153822948@6fd2f08e,akka.util.ConstantFun$$$Lambda$674/1153822948@6fd2f08e,akka.util.ConstantFun$$$Lambda$675/1511504697@706ef238),None,TCPTransport),New,1 second),akka.http.scaladsl.HttpConnectionContext$@2334fd57,akka.event.MarkerLoggingAdapter@4b64de92))) has shut down unexpectedly
[info] ArgsParserTest:
[info] - test arguments without specifying operation (131 milliseconds)
[info] - test create with no sub-options (4 milliseconds)
[info] - test create with all applicable sub-options (8 milliseconds)
[info] - test create with bare minimum sub-options (2 milliseconds)
[info] - test update with no sub-options (1 millisecond)
[info] - test update with all applicable sub-options (1 millisecond)
[info] - test get with no sub-options (1 millisecond)
[info] - test get with all applicable sub-options (2 milliseconds)
[info] - test get with date sub-option (5 milliseconds)
[info] - test get with bare minimum sub-options (1 millisecond)
[info] - test delete with no sub-options (1 millisecond)
[info] - test delete with sub-options (1 millisecond)
[info] - test list (1 millisecond)
[info] - test list with pattern (1 millisecond)
[info] - test list with type (1 millisecond)
[info] - test list with type and pattern (1 millisecond)
[info] - test history with no sub-options (1 millisecond)
[info] - test history with all sub-options (1 millisecond)
[info] - test history with max sub-option (1 millisecond)
[info] - test history with from and to sub-options (1 millisecond)
[info] - test setActiveVersion with all sub-options (1 millisecond)
[info] - test resetActiveVersion with no sub-options (1 millisecond)
[info] - test resetActiveVersion with sub-options (1 millisecond)
[info] - test getActiveVersion (1 millisecond)
[info] - test getActiveByTime with date sub-option (2 milliseconds)
[info] - test historyActive with no sub-options (1 millisecond)
[info] - test historyActive with all sub-options (1 millisecond)
[info] - test historyActive with max sub-option (0 milliseconds)
[info] - test historyActive with from and to sub-options (1 millisecond)
[info] - test getMetadata (1 millisecond)
[info] - test getMetadata with locationHost (1 millisecond)
[info] - test exists with no sub-options (1 millisecond)
[info] - test exists with sub-options (1 millisecond)
[info] - test getActive (0 milliseconds)
[info] CommandLineRunnerTest:
[info] - should able to create a file in repo and read it from repo to local disk (634 milliseconds)
[info] - should able to update, delete and check for existence of a file from repo (955 milliseconds)
[info] - should be able to list files and use filter pattern (803 milliseconds)
[info] - should able to set, reset and get the active version of file. (290 milliseconds)
[info] - should able to fetch history of file. (155 milliseconds)
[info] - should able to fetch history of active files. (199 milliseconds)
[info] - get repository MetaData from server (52 milliseconds)
[ERROR] [11/12/2018 12:00:13.146] [config-server-akka.actor.default-dispatcher-102] [akka://config-server/system/pool-master] connection pool for PoolGateway(hcps = HostConnectionPoolSetup(localhost,7654,ConnectionPoolSetup(ConnectionPoolSettings(4,0,5,32,1,30 seconds,ClientConnectionSettings(Some(User-Agent: akka-http/10.1.5),10 seconds,1 minute,512,None,WebSocketSettings(<function0>,ping,Duration.Inf,akka.http.impl.settings.WebSocketSettingsImpl$$$Lambda$1591/1296928012@2d908955),List(),ParserSettings(2048,16,64,64,8192,64,8388608,8388608,256,1048576,Strict,RFC6265,true,Set(),Full,Error,Map(If-Range -> 0, If-Modified-Since -> 0, If-Unmodified-Since -> 0, default -> 12, Content-MD5 -> 0, Date -> 0, If-Match -> 0, If-None-Match -> 0, User-Agent -> 32),false,true,akka.util.ConstantFun$$$Lambda$1209/413632703@4349e00d,akka.util.ConstantFun$$$Lambda$1209/413632703@4349e00d,akka.util.ConstantFun$$$Lambda$1210/1846009041@54cd55e7),None,TCPTransport),New,1 second),akka.http.scaladsl.HttpConnectionContext$@7d3ea40a,akka.event.MarkerLoggingAdapter@372964b))) has shut down unexpectedly
[ERROR] [11/12/2018 12:00:13.168] [config-cli-akka.actor.default-dispatcher-34] [akka://config-cli/system/pool-master] connection pool for PoolGateway(hcps = HostConnectionPoolSetup(192.168.12.210,4000,ConnectionPoolSetup(ConnectionPoolSettings(4,0,5,32,1,30 seconds,ClientConnectionSettings(Some(User-Agent: akka-http/10.1.5),10 seconds,1 minute,512,None,WebSocketSettings(<function0>,ping,Duration.Inf,akka.http.impl.settings.WebSocketSettingsImpl$$$Lambda$1591/1296928012@2d908955),List(),ParserSettings(2048,16,64,64,8192,64,8388608,8388608,256,1048576,Strict,RFC6265,true,Set(),Full,Error,Map(If-Range -> 0, If-Modified-Since -> 0, If-Unmodified-Since -> 0, default -> 12, Content-MD5 -> 0, Date -> 0, If-Match -> 0, If-None-Match -> 0, User-Agent -> 32),false,true,akka.util.ConstantFun$$$Lambda$1209/413632703@4349e00d,akka.util.ConstantFun$$$Lambda$1209/413632703@4349e00d,akka.util.ConstantFun$$$Lambda$1210/1846009041@54cd55e7),None,TCPTransport),New,1 second),akka.http.scaladsl.HttpConnectionContext$@7d3ea40a,akka.event.MarkerLoggingAdapter@38e854fe))) has shut down unexpectedly
[info] ArgsParserTest:
[info] - parse without specifying operation (117 milliseconds)
[info] - parse init command without any options (7 milliseconds)
[info] - parse init command with only mandatory options (11 milliseconds)
[info] - parse init command with all options (4 milliseconds)
[info] - parse severity without sub command (3 milliseconds)
[info] - parse set severity command (61 milliseconds)
[info] - parse get severity command (1 millisecond)
[info] - parse subscribe severity command (2 milliseconds)
[info] - parse refresh severity command (2 milliseconds)
[info] - parse acknowledge command (1 millisecond)
[info] - parse acknowledge without options (1 millisecond)
[info] - parse unacknowledge command (1 millisecond)
[info] - parse unacknowledge without options (1 millisecond)
[info] - parse activate command (1 millisecond)
[info] - parse activate without options (1 millisecond)
[info] - parse deactivate command (1 millisecond)
[info] - parse deactivate without options (1 millisecond)
[info] - parse shelve command (1 millisecond)
[info] - parse shelve without options (0 milliseconds)
[info] - parse unshelve command (1 millisecond)
[info] - parse unshelve without options (1 millisecond)
[info] - parse reset command (1 millisecond)
[info] - parse reset without options (1 millisecond)
[info] - parse list command without options (1 millisecond)
[info] - parse list command (1 millisecond)
[info] - parse list command with status with full alarm key (1 millisecond)
[info] - parse list command with status with subsystem key (1 millisecond)
[info] - parse list command with metadata with component key (1 millisecond)
[info] - parse list command only with subsystem and/or component options (2 milliseconds)
[info] - parse list command  with invalid options (2 milliseconds)
[info] - parse health without sub command (1 millisecond)
[info] - parse get health command (1 millisecond)
[info] - parse health command only with subsystem and/or component options (2 milliseconds)
[info] - parse subscribe health command (1 millisecond)
[info] CliAppTest:
[info] - should initialize alarms in alarm store from local config (159 milliseconds)
[info] - should initialize alarms in alarm store from remote config (1 second, 759 milliseconds)
config service connection=ConfigServer-service-http can not be resolved
[info] - should fail to initialize alarms in alarm store when config service is down (5 seconds, 66 milliseconds)
[info] - should acknowledge the alarm (48 milliseconds)
[info] - should unacknowledge the alarm (22 milliseconds)
[info] - should activate the alarm (26 milliseconds)
[info] - should deactivate the alarm (25 milliseconds)
[info] - should shelve the alarm (73 milliseconds)
[info] - should unshelve the alarm (33 milliseconds)
[info] - should list all alarms present in the alarm store (222 milliseconds)
[info] - should list alarms for specified subsystem (12 milliseconds)
[info] - should list alarms for specified component (9 milliseconds)
[info] - should list the alarm for specified name (4 milliseconds)
[info] - should list the metadata of alarm for specified name (4 milliseconds)
[info] - should list status of alarms (5 milliseconds)
[info] - should list no alarm for invalid key/pattern (4 milliseconds)
[info] - should reset the severity of latched alarm (67 milliseconds)
[info] - should set severity of alarm (24 milliseconds)
[info] - should get severity of alarm (17 milliseconds)
[info] - should get severity of a component (23 milliseconds)
[info] - should get severity of a subsystem (3 milliseconds)
[info] - should get severity of Alarm Service (13 milliseconds)
[info] - should subscribe severity of alarm (171 milliseconds)
[info] - should refresh severity of alarm (1 second, 803 milliseconds)
[info] - should get health of alarm (7 milliseconds)
[info] - should get health of component (23 milliseconds)
[info] - should get health of subsystem (66 milliseconds)
[info] - should get health of alarm service (3 milliseconds)
[info] - should subscribe health of subsystem/component/alarm (86 milliseconds)
[info] ComponentLifecycleTest:
[info] - running component should handle RunOffline lifecycle message (1 second, 585 milliseconds)
[info] - running component should not accept RunOffline lifecycle message when it is already offline (39 milliseconds)
[info] - running component should handle RunOnline lifecycle message when it is Offline (43 milliseconds)
[info] - running component should not accept RunOnline lifecycle message when it is already Online (39 milliseconds)
[info] - running component should clean up using onShutdown handler before stopping (76 milliseconds)
[info] - running component should handle Submit command (159 milliseconds)
[info] - running component should handle Oneway command (3 seconds, 42 milliseconds)
[info] - running component can send an immediate response to a submit command and avoid invoking further processing (59 milliseconds)
[info] - running component can send a oneway command that is rejected (3 seconds, 64 milliseconds)
[info] AlarmServiceIntegrationTest:
[info] - component should be able to set severity of an alarm (2 seconds, 477 milliseconds)
[WARN] [11/12/2018 12:01:05.388] [csw-remote-actor-system-akka.actor.default-dispatcher-42] [csw-remote-actor-system/Pool(shared->http://localhost:7654)] [0 (WaitingForResponse)] Ongoing request [POST /location/unregister Strict(85 bytes)] was dropped because pool is shutting down
[info] ComponentBehaviorTest:
[info] - component should send itself initialize message and handle initialization (64 milliseconds)
[info] ContainerIntegrationTest:
[WARN] [11/12/2018 12:01:08.572] [csw-remote-actor-system-akka.actor.default-dispatcher-35] [csw-remote-actor-system/Pool(shared->http://localhost:7654)] [0 (WaitingForResponse)] Ongoing request [POST /location/unregister Strict(93 bytes)] was dropped because pool is shutting down
[ERROR] [11/12/2018 12:01:08.575] [csw-remote-actor-system-akka.actor.default-dispatcher-47] [akka.tcp://csw-remote-actor-system@192.168.12.210:33507/system/pool-master] connection pool for PoolGateway(hcps = HostConnectionPoolSetup(localhost,7654,ConnectionPoolSetup(ConnectionPoolSettings(32,0,5,32,1,30 seconds,ClientConnectionSettings(Some(User-Agent: akka-http/10.1.5),10 seconds,1 minute,512,None,WebSocketSettings(<function0>,ping,Duration.Inf,akka.http.impl.settings.WebSocketSettingsImpl$$$Lambda$1656/1782424126@67d5f135),List(),ParserSettings(2048,16,64,64,8192,64,8388608,8388608,256,1048576,Strict,RFC6265,true,Set(),Full,Error,Map(If-Range -> 0, If-Modified-Since -> 0, If-Unmodified-Since -> 0, default -> 12, Content-MD5 -> 0, Date -> 0, If-Match -> 0, If-None-Match -> 0, User-Agent -> 32),false,true,akka.util.ConstantFun$$$Lambda$1126/1171920167@456a306e,akka.util.ConstantFun$$$Lambda$1126/1171920167@456a306e,akka.util.ConstantFun$$$Lambda$1127/1181328013@77a017cc),None,TCPTransport),New,50 seconds),akka.http.scaladsl.HttpConnectionContext$@3f341c54,akka.event.MarkerLoggingAdapter@3d8fbc68))) has shut down unexpectedly
[info] - should start multiple components withing a single container and able to accept lifecycle messages (2 seconds, 444 milliseconds)
[info] SupervisorBehaviorTest:
[info] - Supervisor should create child actors for TLA, pub-sub actor for lifecycle and component state (44 milliseconds)
[info] - Supervisor should watch child component actor [TLA] (17 milliseconds)
[info] LockManagerTest:
[info] - should be locked when prefix is available (1 millisecond)
[info] - should be unlocked when prefix is not available (0 milliseconds)
[info] - should able to lock (3 milliseconds)
[info] - should able to reacquire lock (2 milliseconds)
[info] - should not acquire lock when invalid prefix is provided (2 milliseconds)
[info] - should able to unlock (2 milliseconds)
[info] - should not able to unlock with invalid prefix (2 milliseconds)
[info] - should not result into failure when tried to unlock already unlocked component (2 milliseconds)
[info] - should allow commands when component is not locked (0 milliseconds)
[info] - should allow commands when component is locked with same prefix (1 millisecond)
[info] - should not allow commands when component is locked with different prefix (1 millisecond)
[info] EventServiceIntegrationTest:
[info] - should be able to publish and subscribe to events (2 seconds, 301 milliseconds)
[WARN] [11/12/2018 12:01:12.252] [csw-remote-actor-system-akka.actor.default-dispatcher-31] [csw-remote-actor-system/Pool(shared->http://localhost:7654)] [0 (Connecting)] Ongoing request [POST /location/unregister Strict(93 bytes)] was dropped because pool is shutting down
[ERROR] [11/12/2018 12:01:12.255] [csw-remote-actor-system-akka.actor.default-dispatcher-45] [akka.tcp://csw-remote-actor-system@192.168.12.210:38819/system/pool-master] connection pool for PoolGateway(hcps = HostConnectionPoolSetup(localhost,7654,ConnectionPoolSetup(ConnectionPoolSettings(32,0,5,32,1,30 seconds,ClientConnectionSettings(Some(User-Agent: akka-http/10.1.5),10 seconds,1 minute,512,None,WebSocketSettings(<function0>,ping,Duration.Inf,akka.http.impl.settings.WebSocketSettingsImpl$$$Lambda$1656/1782424126@67d5f135),List(),ParserSettings(2048,16,64,64,8192,64,8388608,8388608,256,1048576,Strict,RFC6265,true,Set(),Full,Error,Map(If-Range -> 0, If-Modified-Since -> 0, If-Unmodified-Since -> 0, default -> 12, Content-MD5 -> 0, Date -> 0, If-Match -> 0, If-None-Match -> 0, User-Agent -> 32),false,true,akka.util.ConstantFun$$$Lambda$1126/1171920167@456a306e,akka.util.ConstantFun$$$Lambda$1126/1171920167@456a306e,akka.util.ConstantFun$$$Lambda$1127/1181328013@77a017cc),None,TCPTransport),New,50 seconds),akka.http.scaladsl.HttpConnectionContext$@3f341c54,akka.event.MarkerLoggingAdapter@12f27172))) has shut down unexpectedly
[ERROR] [11/12/2018 12:01:12.285] [csw-remote-actor-system-akka.actor.default-dispatcher-30] [akka.tcp://Filter-system@192.168.12.210:46231/system/remote-watcher] swallowing exception during message send (akka.remote.RemoteTransportExceptionNoStackTrace: Attempted to send remote message but Remoting is not running.)
[info] ArgsParserTest:
[info] - should able to parse when all arguments are provided (140 milliseconds)
[info] - should able to parse arguments with default value of false when local option is not provided (1 millisecond)
[info] - should not parse if inputFilePath is not provided (1 millisecond)
[info] - should not parse if no arguments provided (0 milliseconds)
[info] TrackConnectionsIntegrationTest:
[info] - should track connections when locationServiceUsage is RegisterAndTrackServices (1 second, 994 milliseconds)
[info] - component should be able to track http and tcp connections (1 second, 895 milliseconds)
[ERROR] [11/12/2018 12:01:16.899] [csw-remote-actor-system-akka.actor.default-dispatcher-30] [akka.tcp://Filter-system@192.168.12.210:37359/system/remote-watcher] swallowing exception during message send (akka.remote.RemoteTransportExceptionNoStackTrace: Attempted to send remote message but Remoting is not running.)
[ERROR] [11/12/2018 12:01:16.900] [csw-remote-actor-system-akka.actor.default-dispatcher-29] [akka.tcp://test2@192.168.12.210:42255/system/remote-watcher] swallowing exception during message send (akka.remote.RemoteTransportExceptionNoStackTrace: Attempted to send remote message but Remoting is not running.)
[info] ConfigParserTest:
[info] - should able to parse container config (49 milliseconds)
[info] - should able to throw error when 'name' is missing (25 milliseconds)
[info] - should able to throw error when 'components' is missing (8 milliseconds)
[info] - should able to throw error when 'components' is not a config object (4 milliseconds)
[info] - should able to parse standalone assembly config (114 milliseconds)
[info] - should able to throw error when 'behaviorFactoryClassName' is missing for assembly (18 milliseconds)
[info] - should able to throw error when 'prefix' is missing for assembly (19 milliseconds)
[info] - should able to throw error when 'locationServiceUsage' is missing for assembly (6 milliseconds)
[info] - should able to throw error when 'connections' is not an array for assembly (13 milliseconds)
[info] - should able to throw error when connection ingredients has typos for 'connections' in assembly (21 milliseconds)
[info] - should able to throw error when 'componentType' is missing for assembly (5 milliseconds)
[info] - should able to throw error when 'behaviorFactoryClassName' is missing for hcd (18 milliseconds)
[info] - should able to throw error when 'prefix' is missing for hcd (10 milliseconds)
[info] - should able to throw error when 'locationServiceUsage' is missing for hcd (7 milliseconds)
[info] - should able to throw error when 'componentType' is missing for hcd (4 milliseconds)
[info] - should able to throw error when 'name' is missing for standalone mode (5 milliseconds)
[info] - should able to parse host config (147 milliseconds)
[info] - should able to throw error when provided mode is invalid in host config (17 milliseconds)
[info] - should able to throw error when provided location is invalid in host config (17 milliseconds)
[info] ArgsParserTest:
[info] - should parse arguments when all arguments are provided (56 milliseconds)
[info] - should parse arguments with default value of false when standalone option is not provided (2 milliseconds)
[info] - should parse arguments with default value of false when local option is not provided (3 milliseconds)
[info] ContainerBehaviorTest:
[info] - should change its lifecycle state to running after all components move to running lifecycle state (46 milliseconds)
[info] - should handle restart message by changing its lifecycle state to Idle (19 milliseconds)
[info] - should change its lifecycle state from Idle to Running after all components have restarted (4 milliseconds)
[info] - should handle GoOnline and GoOffline Lifecycle messages by forwarding to all components (4 milliseconds)
[info] SupervisorLockTest:
[info] - should able to lock and unlock a component (173 milliseconds)
[info] - should forward command messages from client that locked the component and reject for other clients  (128 milliseconds)
[info] - should forward messages that are of type SupervisorLockMessage to TLA (329 milliseconds)
[info] - should expire lock after timeout (428 milliseconds)
[info] - should not publish LockExpired or LockExpiringShortly messages if component is unlocked within timeout (221 milliseconds)
[info] StandaloneComponentTest:
[ERROR] [11/12/2018 12:01:22.241] [csw-remote-actor-system-akka.actor.default-dispatcher-4] [akka.tcp://csw-remote-actor-system@192.168.12.210:41191/system/pool-master] connection pool for PoolGateway(hcps = HostConnectionPoolSetup(localhost,7654,ConnectionPoolSetup(ConnectionPoolSettings(32,0,5,32,1,30 seconds,ClientConnectionSettings(Some(User-Agent: akka-http/10.1.5),10 seconds,1 minute,512,None,WebSocketSettings(<function0>,ping,Duration.Inf,akka.http.impl.settings.WebSocketSettingsImpl$$$Lambda$1656/1782424126@67d5f135),List(),ParserSettings(2048,16,64,64,8192,64,8388608,8388608,256,1048576,Strict,RFC6265,true,Set(),Full,Error,Map(If-Range -> 0, If-Modified-Since -> 0, If-Unmodified-Since -> 0, default -> 12, Content-MD5 -> 0, Date -> 0, If-Match -> 0, If-None-Match -> 0, User-Agent -> 32),false,true,akka.util.ConstantFun$$$Lambda$1126/1171920167@456a306e,akka.util.ConstantFun$$$Lambda$1126/1171920167@456a306e,akka.util.ConstantFun$$$Lambda$1127/1181328013@77a017cc),None,TCPTransport),New,50 seconds),akka.http.scaladsl.HttpConnectionContext$@3f341c54,akka.event.MarkerLoggingAdapter@1d102ec9))) has shut down unexpectedly
[info] - should start a component in standalone mode and register with location service (1 second, 789 milliseconds)
[info] SupervisorBehaviorLifecycleTest:
[info] - supervisor should start in Idle lifecycle state and spawn two actors (51 milliseconds)
[info] - supervisor should accept Running message and register with Location service when LocationServiceUsage is RegisterOnly (18 milliseconds)
[info] - supervisor should accept Running message and should not register when LocationServiceUsage is DoNotRegister (18 milliseconds)
[info] - supervisor should publish state change after successful registration with location service (18 milliseconds)
[info] - supervisor should publish state change if locationServiceUsage is DoNotRegister (18 milliseconds)
[info] - supervisor should handle LifecycleStateSubscription message by coordinating with pub sub actor (18 milliseconds)
[info] - supervisor should handle lifecycle Restart message (20 milliseconds)
[info] - supervisor should handle lifecycle GoOffline message (18 milliseconds)
[info] - supervisor should handle lifecycle GoOnline message (25 milliseconds)
[info] - supervisor should handle Terminated signal for Idle lifecycle state (22 milliseconds)
[info] - supervisor should handle Command Response Manager messages by forwarding it to Command Response Manager (32 milliseconds)
[info] SupervisorModuleTest:
[info] - onInitialized and onRun hooks of comp handlers should be invoked when supervisor creates comp (451 milliseconds)
[info] - onSubmit hook should be invoked and command validation should be successful on receiving Setup config (461 milliseconds)
[info] - onOneway hook should be invoked and command validation should be successful on receiving Observe config (248 milliseconds)
[info] - component handler should be able to validate a Setup or Observe command as failure during validation (246 milliseconds)
[info] - onGoOffline and goOnline hooks of comp handlers should be invoked when supervisor receives Lifecycle messages (252 milliseconds)
[info] - should invoke onShutdown hook when supervisor restarts component using Restart external message (953 milliseconds)
[info] - running component should ignore RunOnline lifecycle message when it is already online (2 seconds, 240 milliseconds)
[info] - running component should ignore RunOffline lifecycle message when it is already offline (2 seconds, 242 milliseconds)
[info] - handle InitializeTimeout by stopping TLA (95 milliseconds)
[info] JCommandIntegrationTest:
[info] - testSupervisorLock
[info] - testCommandExecutionBetweenComponents
[info] - testSubscribeCurrentState
[info] - testCommandFailure
[info] - testSubmitAll
[info] - testSubscribeOnlyCurrentState
[WARN] [11/12/2018 12:01:41.088] [csw-remote-actor-system-akka.actor.default-dispatcher-16] [csw-remote-actor-system/Pool(shared->http://localhost:7654)] [0 (WaitingForResponse)] Ongoing request [POST /location/unregister Strict(113 bytes)] was dropped because pool is shutting down
[info] PubSubBehaviorTest:
[info] - message should be published to all the subscribers (5 milliseconds)
[info] - message should be published to the subscribers depending on names (3 milliseconds)
[info] - should not receive messages on un-subscription (53 milliseconds)
[info] SupervisorLifecycleFailureTest:
[info] - handle TLA failure with FailureStop exception in initialize with Restart message (371 milliseconds)
[info] - handle TLA failure with FailureRestart exception in initialize (329 milliseconds)
[info] - handle TLA failure with FailureRestart exception in Running (529 milliseconds)
[info] ScalaTest
[info] Run completed in 3 minutes, 13 seconds.
[info] Total number of tests run: 73
[info] Suites: completed 5, aborted 0
[info] Tests: succeeded 73, failed 0, canceled 0, ignored 0, pending 0
[info] All tests passed.
[info] Passed: Total 73, Failed 0, Errors 0, Passed 73
[info] ScalaTest
[info] Run completed in 3 minutes, 13 seconds.
[info] Total number of tests run: 41
[info] Suites: completed 2, aborted 0
[info] Tests: succeeded 41, failed 0, canceled 0, ignored 0, pending 0
[info] All tests passed.
[info] Passed: Total 41, Failed 0, Errors 0, Passed 41
[info] ScalaTest
[info] Run completed in 3 minutes, 13 seconds.
[info] Total number of tests run: 63
[info] Suites: completed 2, aborted 0
[info] Tests: succeeded 63, failed 0, canceled 0, ignored 0, pending 0
[info] All tests passed.
[info] Passed: Total 63, Failed 0, Errors 0, Passed 63
[info] ScalaTest
[info] Run completed in 3 minutes, 13 seconds.
[info] Total number of tests run: 96
[info] Suites: completed 19, aborted 0
[info] Tests: succeeded 96, failed 0, canceled 0, ignored 0, pending 0
[info] All tests passed.
[info] Passed: Total 96, Failed 0, Errors 0, Passed 96
[info] * csw.config.client.ConfigServiceTest
[JVM-1] Run starting. Expected test count is: 2
[JVM-1] ConfigServiceTestMultiJvmNode1:
[JVM-2] Run starting. Expected test count is: 2
[JVM-2] ConfigServiceTestMultiJvmNode2:
[JVM-1] - ensure that location service is up for all the nodes
[JVM-2] - ensure that location service is up for all the nodes
[JVM-1] WARNING: An illegal reflective access operation has occurred
[JVM-1] WARNING: Illegal reflective access by com.esotericsoftware.kryo.util.UnsafeUtil (file:/home/girish/IdeaProjects/csw/csw-config-client/target/multi-run-copied-libraries/kryo-shaded-4.0.2.jar) to constructor java.nio.DirectByteBuffer(long,int,java.lang.Object)
[JVM-1] WARNING: Please consider reporting this to the maintainers of com.esotericsoftware.kryo.util.UnsafeUtil
[JVM-1] WARNING: Use --illegal-access=warn to enable warnings of further illegal reflective access operations
[JVM-1] WARNING: All illegal access operations will be denied in a future release
[JVM-2] WARNING: An illegal reflective access operation has occurred
[JVM-2] WARNING: Illegal reflective access by com.esotericsoftware.kryo.util.UnsafeUtil (file:/home/girish/IdeaProjects/csw/csw-config-client/target/multi-run-copied-libraries/kryo-shaded-4.0.2.jar) to constructor java.nio.DirectByteBuffer(long,int,java.lang.Object)
[JVM-2] WARNING: Please consider reporting this to the maintainers of com.esotericsoftware.kryo.util.UnsafeUtil
[JVM-2] WARNING: Use --illegal-access=warn to enable warnings of further illegal reflective access operations
[JVM-2] WARNING: All illegal access operations will be denied in a future release
[JVM-2] - should start config service server on one node and client should able to create and get files from other node
[JVM-1] - should start config service server on one node and client should able to create and get files from other node
[JVM-1] Run completed in 14 seconds, 243 milliseconds.
[JVM-1] Total number of tests run: 2
[JVM-1] Suites: completed 1, aborted 0
[JVM-1] Tests: succeeded 2, failed 0, canceled 0, ignored 0, pending 0
[JVM-1] All tests passed.
[JVM-2] Run completed in 14 seconds, 321 milliseconds.
[JVM-2] Total number of tests run: 2
[JVM-2] Suites: completed 1, aborted 0
[JVM-2] Tests: succeeded 2, failed 0, canceled 0, ignored 0, pending 0
[JVM-2] All tests passed.
[info] * csw.config.ConfigCliAppTest
[JVM-1] Run starting. Expected test count is: 2
[JVM-1] ConfigCliAppTestMultiJvmNode1:
[JVM-2] WARNING: An illegal reflective access operation has occurred
[JVM-2] WARNING: Illegal reflective access by org.jboss.netty.util.internal.ByteBufferUtil (file:/home/girish/IdeaProjects/csw/csw-config-cli/target/multi-run-copied-libraries/netty-3.10.6.Final.jar) to method java.nio.DirectByteBuffer.cleaner()
[JVM-2] WARNING: Please consider reporting this to the maintainers of org.jboss.netty.util.internal.ByteBufferUtil
[JVM-2] WARNING: Use --illegal-access=warn to enable warnings of further illegal reflective access operations
[JVM-2] WARNING: All illegal access operations will be denied in a future release
[JVM-3] WARNING: An illegal reflective access operation has occurred
[JVM-3] WARNING: Illegal reflective access by org.jboss.netty.util.internal.ByteBufferUtil (file:/home/girish/IdeaProjects/csw/csw-config-cli/target/multi-run-copied-libraries/netty-3.10.6.Final.jar) to method java.nio.DirectByteBuffer.cleaner()
[JVM-3] WARNING: Please consider reporting this to the maintainers of org.jboss.netty.util.internal.ByteBufferUtil
[JVM-3] WARNING: Use --illegal-access=warn to enable warnings of further illegal reflective access operations
[JVM-3] WARNING: All illegal access operations will be denied in a future release
[JVM-2] Run starting. Expected test count is: 2
[JVM-3] Run starting. Expected test count is: 2
[JVM-2] ConfigCliAppTestMultiJvmNode2:
[JVM-3] ConfigCliAppTestMultiJvmNode3:
[JVM-1] - ensure that location service is up for all the nodes
[JVM-3] - ensure that location service is up for all the nodes
[JVM-2] - ensure that location service is up for all the nodes
[JVM-1] WARNING: An illegal reflective access operation has occurred
[JVM-1] WARNING: Illegal reflective access by org.jboss.netty.util.internal.ByteBufferUtil (file:/home/girish/IdeaProjects/csw/csw-config-cli/target/multi-run-copied-libraries/netty-3.10.6.Final.jar) to method java.nio.DirectByteBuffer.cleaner()
[JVM-1] WARNING: Please consider reporting this to the maintainers of org.jboss.netty.util.internal.ByteBufferUtil
[JVM-1] WARNING: Use --illegal-access=warn to enable warnings of further illegal reflective access operations
[JVM-1] WARNING: All illegal access operations will be denied in a future release
[JVM-1] - should upload, update, get and set active version of configuration files
[JVM-2] - should upload, update, get and set active version of configuration files
[JVM-3] - should upload, update, get and set active version of configuration files
[JVM-2] Run completed in 17 seconds, 89 milliseconds.
[JVM-2] Total number of tests run: 2
[JVM-2] Suites: completed 1, aborted 0
[JVM-2] Tests: succeeded 2, failed 0, canceled 0, ignored 0, pending 0
[JVM-2] All tests passed.
[JVM-3] Run completed in 17 seconds, 148 milliseconds.
[JVM-3] Total number of tests run: 2
[JVM-3] Suites: completed 1, aborted 0
[JVM-3] Tests: succeeded 2, failed 0, canceled 0, ignored 0, pending 0
[JVM-3] All tests passed.
[JVM-1] Run completed in 17 seconds, 890 milliseconds.
[JVM-1] Total number of tests run: 2
[JVM-1] Suites: completed 1, aborted 0
[JVM-1] Tests: succeeded 2, failed 0, canceled 0, ignored 0, pending 0
[JVM-1] All tests passed.
[info] * csw.framework.command.CommandServiceTest
[JVM-1] Run starting. Expected test count is: 2
[JVM-1] CommandServiceTestMultiJvm1:
[JVM-2] Run starting. Expected test count is: 2
[JVM-2] CommandServiceTestMultiJvm2:
[JVM-3] Run starting. Expected test count is: 2
[JVM-3] CommandServiceTestMultiJvm3:
[JVM-1] - ensure that location service is up for all the nodes
[JVM-2] - ensure that location service is up for all the nodes
[JVM-3] - ensure that location service is up for all the nodes
[JVM-1] WARNING: An illegal reflective access operation has occurred
[JVM-1] WARNING: Illegal reflective access by org.jboss.netty.util.internal.ByteBufferUtil (file:/home/girish/IdeaProjects/csw/csw-framework/target/multi-run-copied-libraries/netty-3.10.6.Final.jar) to method java.nio.DirectByteBuffer.cleaner()
[JVM-1] WARNING: Please consider reporting this to the maintainers of org.jboss.netty.util.internal.ByteBufferUtil
[JVM-1] WARNING: Use --illegal-access=warn to enable warnings of further illegal reflective access operations
[JVM-1] WARNING: All illegal access operations will be denied in a future release
[JVM-3] WARNING: An illegal reflective access operation has occurred
[JVM-3] WARNING: Illegal reflective access by org.jboss.netty.util.internal.ByteBufferUtil (file:/home/girish/IdeaProjects/csw/csw-framework/target/multi-run-copied-libraries/netty-3.10.6.Final.jar) to method java.nio.DirectByteBuffer.cleaner()
[JVM-3] WARNING: Please consider reporting this to the maintainers of org.jboss.netty.util.internal.ByteBufferUtil
[JVM-3] WARNING: Use --illegal-access=warn to enable warnings of further illegal reflective access operations
[JVM-3] WARNING: All illegal access operations will be denied in a future release
[JVM-2] - sender of command should receive appropriate responses *** FAILED ***
[JVM-2]   java.util.concurrent.ExecutionException: Boxed Error
[JVM-2]   at scala.concurrent.impl.Promise$.resolver(Promise.scala:83)
[JVM-2]   at scala.concurrent.impl.Promise$.scala$concurrent$impl$Promise$$resolveTry(Promise.scala:75)
[JVM-2]   at scala.concurrent.impl.Promise$DefaultPromise.tryComplete(Promise.scala:280)
[JVM-2]   at scala.concurrent.Promise.complete(Promise.scala:49)
[JVM-2]   at scala.concurrent.Promise.complete$(Promise.scala:48)
[JVM-2]   at scala.concurrent.impl.Promise$DefaultPromise.complete(Promise.scala:183)
[JVM-2]   at csw.framework.models.CswContext$stateMachine$macro$75$1.apply(CswContext.scala:64)
[JVM-2]   at csw.framework.models.CswContext$stateMachine$macro$75$1.apply$mcV$sp(CswContext.scala:64)
[JVM-2]   at csw.framework.models.CswContext$stateMachine$macro$75$1.apply(CswContext.scala:64)
[JVM-2]   at csw.framework.models.CswContext$stateMachine$macro$75$1.apply(CswContext.scala:64)
[JVM-2]   ...
[JVM-2]   Cause: java.lang.NoSuchMethodError: akka.actor.typed.scaladsl.AskPattern$.Askable(Lakka/actor/typed/RecipientRef;)Lakka/actor/typed/RecipientRef;
[JVM-2]   at csw.framework.internal.wiring.CswFrameworkSystem.spawnTyped(CswFrameworkSystem.scala:25)
[JVM-2]   at csw.framework.models.CswContext$stateMachine$macro$75$1.apply(CswContext.scala:68)
[JVM-2]   at csw.framework.models.CswContext$stateMachine$macro$75$1.apply$mcV$sp(CswContext.scala:64)
[JVM-2]   at csw.framework.models.CswContext$stateMachine$macro$75$1.apply(CswContext.scala:64)
[JVM-2]   at csw.framework.models.CswContext$stateMachine$macro$75$1.apply(CswContext.scala:64)
[JVM-2]   at scala.concurrent.Future$.$anonfun$apply$1(Future.scala:654)
[JVM-2]   at scala.util.Success.$anonfun$map$1(Try.scala:251)
[JVM-2]   at scala.util.Success.map(Try.scala:209)
[JVM-2]   at scala.concurrent.Future.$anonfun$map$1(Future.scala:288)
[JVM-2]   at scala.concurrent.impl.Promise.liftedTree1$1(Promise.scala:29)
[JVM-2]   ...
[JVM-3] *** RUN ABORTED ***
[JVM-3]   java.lang.NoSuchMethodError: akka.actor.typed.scaladsl.AskPattern$.Askable(Lakka/actor/typed/RecipientRef;)Lakka/actor/typed/RecipientRef;
[JVM-3]   at csw.framework.internal.wiring.CswFrameworkSystem.spawnTyped(CswFrameworkSystem.scala:25)
[JVM-3]   at csw.framework.internal.wiring.Container$.spawn(Container.scala:27)
[JVM-3]   at csw.framework.command.CommandServiceTest.$anonfun$new$5(CommandServiceTest.scala:339)
[JVM-3]   at akka.remote.testkit.MultiNodeSpec.runOn(MultiNodeSpec.scala:370)
[JVM-3]   at csw.framework.command.CommandServiceTest.$anonfun$new$1(CommandServiceTest.scala:335)
[JVM-3]   at scala.runtime.java8.JFunction0$mcV$sp.apply(JFunction0$mcV$sp.java:12)
[JVM-3]   at org.scalatest.OutcomeOf.outcomeOf(OutcomeOf.scala:85)
[JVM-3]   at org.scalatest.OutcomeOf.outcomeOf$(OutcomeOf.scala:83)
[JVM-3]   at org.scalatest.OutcomeOf$.outcomeOf(OutcomeOf.scala:104)
[JVM-3]   at org.scalatest.Transformer.apply(Transformer.scala:22)
[JVM-3]   ...
[JVM-2] WARNING: An illegal reflective access operation has occurred
[JVM-2] WARNING: Illegal reflective access by org.jboss.netty.util.internal.ByteBufferUtil (file:/home/girish/IdeaProjects/csw/csw-framework/target/multi-run-copied-libraries/netty-3.10.6.Final.jar) to method java.nio.DirectByteBuffer.cleaner()
[JVM-2] WARNING: Please consider reporting this to the maintainers of org.jboss.netty.util.internal.ByteBufferUtil
[JVM-2] WARNING: Use --illegal-access=warn to enable warnings of further illegal reflective access operations
[JVM-2] WARNING: All illegal access operations will be denied in a future release
[JVM-1] - sender of command should receive appropriate responses *** FAILED ***
[JVM-1]   java.lang.RuntimeException: barrier failed: spawned
[JVM-1]   at akka.remote.testconductor.ClientFSM$$anonfun$3.applyOrElse(Player.scala:221)
[JVM-1]   at akka.remote.testconductor.ClientFSM$$anonfun$3.applyOrElse(Player.scala:196)
[JVM-1]   at scala.runtime.AbstractPartialFunction.apply(AbstractPartialFunction.scala:34)
[JVM-1]   at akka.actor.FSM.processEvent(FSM.scala:684)
[JVM-1]   at akka.actor.FSM.processEvent$(FSM.scala:681)
[JVM-1]   at akka.remote.testconductor.ClientFSM.akka$actor$LoggingFSM$$super$processEvent(Player.scala:156)
[JVM-1]   at akka.actor.LoggingFSM.processEvent(FSM.scala:820)
[JVM-1]   at akka.actor.LoggingFSM.processEvent$(FSM.scala:802)
[JVM-1]   at akka.remote.testconductor.ClientFSM.processEvent(Player.scala:156)
[JVM-1]   at akka.actor.FSM.akka$actor$FSM$$processMsg(FSM.scala:678)
[JVM-1]   ...
[JVM-2] Run completed in 25 seconds, 954 milliseconds.
[JVM-2] Total number of tests run: 2
[JVM-2] Suites: completed 1, aborted 0
[JVM-2] Tests: succeeded 1, failed 1, canceled 0, ignored 0, pending 0
[JVM-2] *** 1 TEST FAILED ***
[JVM-1] Run completed in 27 seconds, 142 milliseconds.
[JVM-1] Total number of tests run: 2
[JVM-1] Suites: completed 1, aborted 0
[JVM-1] Tests: succeeded 1, failed 1, canceled 0, ignored 0, pending 0
[JVM-1] *** 1 TEST FAILED ***
[error] Failed: csw.framework.command.CommandServiceTestMultiJvm1
[error] Failed: csw.framework.command.CommandServiceTestMultiJvm2
[error] Failed: csw.framework.command.CommandServiceTestMultiJvm3
[info] * csw.framework.command.CancellableCommandTest
[JVM-1] Run starting. Expected test count is: 2
[JVM-1] CancellableCommandTestMultiJvm1:
[JVM-2] Run starting. Expected test count is: 2
[JVM-2] CancellableCommandTestMultiJvm2:
[JVM-1] - ensure that location service is up for all the nodes
[JVM-2] - ensure that location service is up for all the nodes
[JVM-1] - a long running command should be cancellable *** FAILED ***
[JVM-1]   java.util.concurrent.ExecutionException: Boxed Error
[JVM-1]   at scala.concurrent.impl.Promise$.resolver(Promise.scala:83)
[JVM-1]   at scala.concurrent.impl.Promise$.scala$concurrent$impl$Promise$$resolveTry(Promise.scala:75)
[JVM-1]   at scala.concurrent.impl.Promise$DefaultPromise.tryComplete(Promise.scala:280)
[JVM-1]   at scala.concurrent.Promise.complete(Promise.scala:49)
[JVM-1]   at scala.concurrent.Promise.complete$(Promise.scala:48)
[JVM-1]   at scala.concurrent.impl.Promise$DefaultPromise.complete(Promise.scala:183)
[JVM-1]   at csw.framework.models.CswContext$stateMachine$macro$75$1.apply(CswContext.scala:64)
[JVM-1]   at csw.framework.models.CswContext$stateMachine$macro$75$1.apply$mcV$sp(CswContext.scala:64)
[JVM-1]   at csw.framework.models.CswContext$stateMachine$macro$75$1.apply(CswContext.scala:64)
[JVM-1]   at csw.framework.models.CswContext$stateMachine$macro$75$1.apply(CswContext.scala:64)
[JVM-1]   ...
[JVM-1]   Cause: java.lang.NoSuchMethodError: akka.actor.typed.scaladsl.AskPattern$.Askable(Lakka/actor/typed/RecipientRef;)Lakka/actor/typed/RecipientRef;
[JVM-1]   at csw.framework.internal.wiring.CswFrameworkSystem.spawnTyped(CswFrameworkSystem.scala:25)
[JVM-1]   at csw.framework.models.CswContext$stateMachine$macro$75$1.apply(CswContext.scala:68)
[JVM-1]   at csw.framework.models.CswContext$stateMachine$macro$75$1.apply$mcV$sp(CswContext.scala:64)
[JVM-1]   at csw.framework.models.CswContext$stateMachine$macro$75$1.apply(CswContext.scala:64)
[JVM-1]   at csw.framework.models.CswContext$stateMachine$macro$75$1.apply(CswContext.scala:64)
[JVM-1]   at scala.concurrent.Future$.$anonfun$apply$1(Future.scala:654)
[JVM-1]   at scala.util.Success.$anonfun$map$1(Try.scala:251)
[JVM-1]   at scala.util.Success.map(Try.scala:209)
[JVM-1]   at scala.concurrent.Future.$anonfun$map$1(Future.scala:288)
[JVM-1]   at scala.concurrent.impl.Promise.liftedTree1$1(Promise.scala:29)
[JVM-1]   ...
[JVM-1] WARNING: An illegal reflective access operation has occurred
[JVM-1] WARNING: Illegal reflective access by org.jboss.netty.util.internal.ByteBufferUtil (file:/home/girish/IdeaProjects/csw/csw-framework/target/multi-run-copied-libraries/netty-3.10.6.Final.jar) to method java.nio.DirectByteBuffer.cleaner()
[JVM-1] WARNING: Please consider reporting this to the maintainers of org.jboss.netty.util.internal.ByteBufferUtil
[JVM-1] WARNING: Use --illegal-access=warn to enable warnings of further illegal reflective access operations
[JVM-1] WARNING: All illegal access operations will be denied in a future release
[JVM-2] WARNING: An illegal reflective access operation has occurred
[JVM-2] WARNING: Illegal reflective access by org.jboss.netty.util.internal.ByteBufferUtil (file:/home/girish/IdeaProjects/csw/csw-framework/target/multi-run-copied-libraries/netty-3.10.6.Final.jar) to method java.nio.DirectByteBuffer.cleaner()
[JVM-2] WARNING: Please consider reporting this to the maintainers of org.jboss.netty.util.internal.ByteBufferUtil
[JVM-2] WARNING: Use --illegal-access=warn to enable warnings of further illegal reflective access operations
[JVM-2] WARNING: All illegal access operations will be denied in a future release
[JVM-1] Run completed in 11 seconds, 786 milliseconds.
[JVM-1] Total number of tests run: 2
[JVM-1] Suites: completed 1, aborted 0
[JVM-1] Tests: succeeded 1, failed 1, canceled 0, ignored 0, pending 0
[JVM-1] *** 1 TEST FAILED ***
[JVM-2] - a long running command should be cancellable *** FAILED ***
[JVM-2]   java.util.concurrent.TimeoutException: Client timed out while waiting for barrier spawned
[JVM-2]   at akka.remote.testconductor.Player.$anonfun$enter$1(Player.scala:110)
[JVM-2]   at akka.remote.testconductor.Player.$anonfun$enter$1$adapted(Player.scala:97)
[JVM-2]   at scala.collection.Iterator.foreach(Iterator.scala:937)
[JVM-2]   at scala.collection.Iterator.foreach$(Iterator.scala:937)
[JVM-2]   at scala.collection.AbstractIterator.foreach(Iterator.scala:1425)
[JVM-2]   at scala.collection.IterableLike.foreach(IterableLike.scala:70)
[JVM-2]   at scala.collection.IterableLike.foreach$(IterableLike.scala:69)
[JVM-2]   at scala.collection.AbstractIterable.foreach(Iterable.scala:54)
[JVM-2]   at akka.remote.testconductor.Player.enter(Player.scala:97)
[JVM-2]   at akka.remote.testconductor.Player.enter$(Player.scala:94)
[JVM-2]   ...
[JVM-2] Run completed in 50 seconds, 735 milliseconds.
[JVM-2] Total number of tests run: 2
[JVM-2] Suites: completed 1, aborted 0
[JVM-2] Tests: succeeded 1, failed 1, canceled 0, ignored 0, pending 0
[JVM-2] *** 1 TEST FAILED ***
[error] Failed: csw.framework.command.CancellableCommandTestMultiJvm1
[error] Failed: csw.framework.command.CancellableCommandTestMultiJvm2
[info] * csw.framework.deploy.containercmd.ContainerCmdTest
[JVM-1] Run starting. Expected test count is: 2
[JVM-1] ContainerCmdTestMultiJvm1:
[JVM-2] Run starting. Expected test count is: 2
[JVM-2] ContainerCmdTestMultiJvm2:
[JVM-3] Run starting. Expected test count is: 2
[JVM-3] ContainerCmdTestMultiJvm3:
[JVM-2] - ensure that location service is up for all the nodes
[JVM-1] - ensure that location service is up for all the nodes
[JVM-3] - ensure that location service is up for all the nodes
[JVM-1] WARNING: An illegal reflective access operation has occurred
[JVM-1] WARNING: Illegal reflective access by org.jboss.netty.util.internal.ByteBufferUtil (file:/home/girish/IdeaProjects/csw/csw-framework/target/multi-run-copied-libraries/netty-3.10.6.Final.jar) to method java.nio.DirectByteBuffer.cleaner()
[JVM-1] WARNING: Please consider reporting this to the maintainers of org.jboss.netty.util.internal.ByteBufferUtil
[JVM-1] WARNING: Use --illegal-access=warn to enable warnings of further illegal reflective access operations
[JVM-1] WARNING: All illegal access operations will be denied in a future release
[JVM-3] WARNING: An illegal reflective access operation has occurred
[JVM-3] WARNING: Illegal reflective access by com.esotericsoftware.kryo.util.UnsafeUtil (file:/home/girish/IdeaProjects/csw/csw-framework/target/multi-run-copied-libraries/kryo-shaded-4.0.2.jar) to constructor java.nio.DirectByteBuffer(long,int,java.lang.Object)
[JVM-3] WARNING: Please consider reporting this to the maintainers of com.esotericsoftware.kryo.util.UnsafeUtil
[JVM-3] WARNING: Use --illegal-access=warn to enable warnings of further illegal reflective access operations
[JVM-3] WARNING: All illegal access operations will be denied in a future release
[JVM-2] WARNING: An illegal reflective access operation has occurred
[JVM-2] WARNING: Illegal reflective access by com.esotericsoftware.kryo.util.UnsafeUtil (file:/home/girish/IdeaProjects/csw/csw-framework/target/multi-run-copied-libraries/kryo-shaded-4.0.2.jar) to constructor java.nio.DirectByteBuffer(long,int,java.lang.Object)
[JVM-2] WARNING: Please consider reporting this to the maintainers of com.esotericsoftware.kryo.util.UnsafeUtil
[JVM-2] WARNING: Use --illegal-access=warn to enable warnings of further illegal reflective access operations
[JVM-2] WARNING: All illegal access operations will be denied in a future release
[JVM-3] - should able to start components in container mode and in standalone mode through configuration service *** FAILED ***
[JVM-3]   java.util.concurrent.ExecutionException: Boxed Error
[JVM-3]   at scala.concurrent.impl.Promise$.resolver(Promise.scala:83)
[JVM-3]   at scala.concurrent.impl.Promise$.scala$concurrent$impl$Promise$$resolveTry(Promise.scala:75)
[JVM-3]   at scala.concurrent.impl.Promise$DefaultPromise.tryComplete(Promise.scala:280)
[JVM-3]   at scala.concurrent.Promise.complete(Promise.scala:49)
[JVM-3]   at scala.concurrent.Promise.complete$(Promise.scala:48)
[JVM-3]   at scala.concurrent.impl.Promise$DefaultPromise.complete(Promise.scala:183)
[JVM-3]   at csw.framework.models.CswContext$stateMachine$macro$75$1.apply(CswContext.scala:64)
[JVM-3]   at csw.framework.models.CswContext$stateMachine$macro$75$1.apply$mcV$sp(CswContext.scala:64)
[JVM-3]   at csw.framework.models.CswContext$stateMachine$macro$75$1.apply(CswContext.scala:64)
[JVM-3]   at csw.framework.models.CswContext$stateMachine$macro$75$1.apply(CswContext.scala:64)
[JVM-3]   ...
[JVM-3]   Cause: java.lang.NoSuchMethodError: akka.actor.typed.scaladsl.AskPattern$.Askable(Lakka/actor/typed/RecipientRef;)Lakka/actor/typed/RecipientRef;
[JVM-3]   at csw.framework.internal.wiring.CswFrameworkSystem.spawnTyped(CswFrameworkSystem.scala:25)
[JVM-3]   at csw.framework.models.CswContext$stateMachine$macro$75$1.apply(CswContext.scala:68)
[JVM-3]   at csw.framework.models.CswContext$stateMachine$macro$75$1.apply$mcV$sp(CswContext.scala:64)
[JVM-3]   at csw.framework.models.CswContext$stateMachine$macro$75$1.apply(CswContext.scala:64)
[JVM-3]   at csw.framework.models.CswContext$stateMachine$macro$75$1.apply(CswContext.scala:64)
[JVM-3]   at scala.concurrent.Future$.$anonfun$apply$1(Future.scala:654)
[JVM-3]   at scala.util.Success.$anonfun$map$1(Try.scala:251)
[JVM-3]   at scala.util.Success.map(Try.scala:209)
[JVM-3]   at scala.concurrent.Future.$anonfun$map$1(Future.scala:288)
[JVM-3]   at scala.concurrent.impl.Promise.liftedTree1$1(Promise.scala:29)
[JVM-3]   ...
[JVM-2] - should able to start components in container mode and in standalone mode through configuration service *** FAILED ***
[JVM-2]   java.util.concurrent.ExecutionException: Boxed Error
[JVM-2]   at scala.concurrent.impl.Promise$.resolver(Promise.scala:83)
[JVM-2]   at scala.concurrent.impl.Promise$.scala$concurrent$impl$Promise$$resolveTry(Promise.scala:75)
[JVM-2]   at scala.concurrent.impl.Promise$DefaultPromise.tryComplete(Promise.scala:280)
[JVM-2]   at scala.concurrent.Promise.complete(Promise.scala:49)
[JVM-2]   at scala.concurrent.Promise.complete$(Promise.scala:48)
[JVM-2]   at scala.concurrent.impl.Promise$DefaultPromise.complete(Promise.scala:183)
[JVM-2]   at csw.framework.deploy.containercmd.ContainerCmd$stateMachine$macro$15$1.apply(ContainerCmd.scala:72)
[JVM-2]   at csw.framework.deploy.containercmd.ContainerCmd$stateMachine$macro$15$1.apply(ContainerCmd.scala:72)
[JVM-2]   at scala.concurrent.impl.CallbackRunnable.run(Promise.scala:60)
[JVM-2]   at akka.dispatch.BatchingExecutor$AbstractBatch.processBatch(BatchingExecutor.scala:55)
[JVM-2]   ...
[JVM-2]   Cause: java.lang.NoSuchMethodError: akka.actor.typed.scaladsl.AskPattern$.Askable(Lakka/actor/typed/RecipientRef;)Lakka/actor/typed/RecipientRef;
[JVM-2]   at csw.framework.internal.wiring.CswFrameworkSystem.spawnTyped(CswFrameworkSystem.scala:25)
[JVM-2]   at csw.framework.internal.wiring.Container$.spawn(Container.scala:27)
[JVM-2]   at csw.framework.deploy.containercmd.ContainerCmd.csw$framework$deploy$containercmd$ContainerCmd$$createComponent(ContainerCmd.scala:81)
[JVM-2]   at csw.framework.deploy.containercmd.ContainerCmd$stateMachine$macro$15$1.apply(ContainerCmd.scala:74)
[JVM-2]   at csw.framework.deploy.containercmd.ContainerCmd$stateMachine$macro$15$1.apply(ContainerCmd.scala:72)
[JVM-2]   at scala.concurrent.impl.CallbackRunnable.run(Promise.scala:60)
[JVM-2]   at akka.dispatch.BatchingExecutor$AbstractBatch.processBatch(BatchingExecutor.scala:55)
[JVM-2]   at akka.dispatch.BatchingExecutor$BlockableBatch.$anonfun$run$1(BatchingExecutor.scala:91)
[JVM-2]   at scala.runtime.java8.JFunction0$mcV$sp.apply(JFunction0$mcV$sp.java:12)
[JVM-2]   at scala.concurrent.BlockContext$.withBlockContext(BlockContext.scala:81)
[JVM-2]   ...
[JVM-2] Run completed in 16 seconds, 530 milliseconds.
[JVM-2] Total number of tests run: 2
[JVM-2] Suites: completed 1, aborted 0
[JVM-2] Tests: succeeded 1, failed 1, canceled 0, ignored 0, pending 0
[JVM-2] *** 1 TEST FAILED ***
[JVM-3] Run completed in 16 seconds, 614 milliseconds.
[JVM-3] Total number of tests run: 2
[JVM-3] Suites: completed 1, aborted 0
[JVM-3] Tests: succeeded 1, failed 1, canceled 0, ignored 0, pending 0
[JVM-3] *** 1 TEST FAILED ***
[JVM-1] - should able to start components in container mode and in standalone mode through configuration service *** FAILED ***
[JVM-1]   java.lang.RuntimeException: barrier failed: running
[JVM-1]   at akka.remote.testconductor.ClientFSM$$anonfun$3.applyOrElse(Player.scala:221)
[JVM-1]   at akka.remote.testconductor.ClientFSM$$anonfun$3.applyOrElse(Player.scala:196)
[JVM-1]   at scala.runtime.AbstractPartialFunction.apply(AbstractPartialFunction.scala:34)
[JVM-1]   at akka.actor.FSM.processEvent(FSM.scala:684)
[JVM-1]   at akka.actor.FSM.processEvent$(FSM.scala:681)
[JVM-1]   at akka.remote.testconductor.ClientFSM.akka$actor$LoggingFSM$$super$processEvent(Player.scala:156)
[JVM-1]   at akka.actor.LoggingFSM.processEvent(FSM.scala:820)
[JVM-1]   at akka.actor.LoggingFSM.processEvent$(FSM.scala:802)
[JVM-1]   at akka.remote.testconductor.ClientFSM.processEvent(Player.scala:156)
[JVM-1]   at akka.actor.FSM.akka$actor$FSM$$processMsg(FSM.scala:678)
[JVM-1]   ...
[JVM-1] Run completed in 22 seconds, 551 milliseconds.
[JVM-1] Total number of tests run: 2
[JVM-1] Suites: completed 1, aborted 0
[JVM-1] Tests: succeeded 1, failed 1, canceled 0, ignored 0, pending 0
[JVM-1] *** 1 TEST FAILED ***
[error] Failed: csw.framework.deploy.containercmd.ContainerCmdTestMultiJvm1
[error] Failed: csw.framework.deploy.containercmd.ContainerCmdTestMultiJvm2
[error] Failed: csw.framework.deploy.containercmd.ContainerCmdTestMultiJvm3
[info] * csw.framework.command.LongRunningCommandTest
[JVM-1] Run starting. Expected test count is: 2
[JVM-1] LongRunningCommandTestMultiJvm1:
[JVM-3] Run starting. Expected test count is: 2
[JVM-3] LongRunningCommandTestMultiJvm3:
[JVM-2] Run starting. Expected test count is: 2
[JVM-2] LongRunningCommandTestMultiJvm2:
[JVM-2] - ensure that location service is up for all the nodes
[JVM-3] - ensure that location service is up for all the nodes
[JVM-1] - ensure that location service is up for all the nodes
[JVM-1] WARNING: An illegal reflective access operation has occurred
[JVM-1] WARNING: Illegal reflective access by org.jboss.netty.util.internal.ByteBufferUtil (file:/home/girish/IdeaProjects/csw/csw-framework/target/multi-run-copied-libraries/netty-3.10.6.Final.jar) to method java.nio.DirectByteBuffer.cleaner()
[JVM-1] WARNING: Please consider reporting this to the maintainers of org.jboss.netty.util.internal.ByteBufferUtil
[JVM-1] WARNING: Use --illegal-access=warn to enable warnings of further illegal reflective access operations
[JVM-1] WARNING: All illegal access operations will be denied in a future release
[JVM-2] - should be able to send long running commands asynchronously and get the response *** FAILED ***
[JVM-2]   java.util.concurrent.ExecutionException: Boxed Error
[JVM-2]   at scala.concurrent.impl.Promise$.resolver(Promise.scala:83)
[JVM-2]   at scala.concurrent.impl.Promise$.scala$concurrent$impl$Promise$$resolveTry(Promise.scala:75)
[JVM-2]   at scala.concurrent.impl.Promise$DefaultPromise.tryComplete(Promise.scala:280)
[JVM-2]   at scala.concurrent.Promise.complete(Promise.scala:49)
[JVM-2]   at scala.concurrent.Promise.complete$(Promise.scala:48)
[JVM-2]   at scala.concurrent.impl.Promise$DefaultPromise.complete(Promise.scala:183)
[JVM-2]   at csw.framework.models.CswContext$stateMachine$macro$75$1.apply(CswContext.scala:64)
[JVM-2]   at csw.framework.models.CswContext$stateMachine$macro$75$1.apply$mcV$sp(CswContext.scala:64)
[JVM-2]   at csw.framework.models.CswContext$stateMachine$macro$75$1.apply(CswContext.scala:64)
[JVM-2]   at csw.framework.models.CswContext$stateMachine$macro$75$1.apply(CswContext.scala:64)
[JVM-2]   ...
[JVM-2]   Cause: java.lang.NoSuchMethodError: akka.actor.typed.scaladsl.AskPattern$.Askable(Lakka/actor/typed/RecipientRef;)Lakka/actor/typed/RecipientRef;
[JVM-2]   at csw.framework.internal.wiring.CswFrameworkSystem.spawnTyped(CswFrameworkSystem.scala:25)
[JVM-2]   at csw.framework.models.CswContext$stateMachine$macro$75$1.apply(CswContext.scala:68)
[JVM-2]   at csw.framework.models.CswContext$stateMachine$macro$75$1.apply$mcV$sp(CswContext.scala:64)
[JVM-2]   at csw.framework.models.CswContext$stateMachine$macro$75$1.apply(CswContext.scala:64)
[JVM-2]   at csw.framework.models.CswContext$stateMachine$macro$75$1.apply(CswContext.scala:64)
[JVM-2]   at scala.concurrent.Future$.$anonfun$apply$1(Future.scala:654)
[JVM-2]   at scala.util.Success.$anonfun$map$1(Try.scala:251)
[JVM-2]   at scala.util.Success.map(Try.scala:209)
[JVM-2]   at scala.concurrent.Future.$anonfun$map$1(Future.scala:288)
[JVM-2]   at scala.concurrent.impl.Promise.liftedTree1$1(Promise.scala:29)
[JVM-2]   ...
[JVM-3] - should be able to send long running commands asynchronously and get the response *** FAILED ***
[JVM-3]   java.util.concurrent.ExecutionException: Boxed Error
[JVM-3]   at scala.concurrent.impl.Promise$.resolver(Promise.scala:83)
[JVM-3]   at scala.concurrent.impl.Promise$.scala$concurrent$impl$Promise$$resolveTry(Promise.scala:75)
[JVM-3]   at scala.concurrent.impl.Promise$DefaultPromise.tryComplete(Promise.scala:280)
[JVM-3]   at scala.concurrent.Promise.complete(Promise.scala:49)
[JVM-3]   at scala.concurrent.Promise.complete$(Promise.scala:48)
[JVM-3]   at scala.concurrent.impl.Promise$DefaultPromise.complete(Promise.scala:183)
[JVM-3]   at csw.framework.models.CswContext$stateMachine$macro$75$1.apply(CswContext.scala:64)
[JVM-3]   at csw.framework.models.CswContext$stateMachine$macro$75$1.apply$mcV$sp(CswContext.scala:64)
[JVM-3]   at csw.framework.models.CswContext$stateMachine$macro$75$1.apply(CswContext.scala:64)
[JVM-3]   at csw.framework.models.CswContext$stateMachine$macro$75$1.apply(CswContext.scala:64)
[JVM-3]   ...
[JVM-3]   Cause: java.lang.NoSuchMethodError: akka.actor.typed.scaladsl.AskPattern$.Askable(Lakka/actor/typed/RecipientRef;)Lakka/actor/typed/RecipientRef;
[JVM-3]   at csw.framework.internal.wiring.CswFrameworkSystem.spawnTyped(CswFrameworkSystem.scala:25)
[JVM-3]   at csw.framework.models.CswContext$stateMachine$macro$75$1.apply(CswContext.scala:68)
[JVM-3]   at csw.framework.models.CswContext$stateMachine$macro$75$1.apply$mcV$sp(CswContext.scala:64)
[JVM-3]   at csw.framework.models.CswContext$stateMachine$macro$75$1.apply(CswContext.scala:64)
[JVM-3]   at csw.framework.models.CswContext$stateMachine$macro$75$1.apply(CswContext.scala:64)
[JVM-3]   at scala.concurrent.Future$.$anonfun$apply$1(Future.scala:654)
[JVM-3]   at scala.util.Success.$anonfun$map$1(Try.scala:251)
[JVM-3]   at scala.util.Success.map(Try.scala:209)
[JVM-3]   at scala.concurrent.Future.$anonfun$map$1(Future.scala:288)
[JVM-3]   at scala.concurrent.impl.Promise.liftedTree1$1(Promise.scala:29)
[JVM-3]   ...
[JVM-2] WARNING: An illegal reflective access operation has occurred
[JVM-2] WARNING: Illegal reflective access by org.jboss.netty.util.internal.ByteBufferUtil (file:/home/girish/IdeaProjects/csw/csw-framework/target/multi-run-copied-libraries/netty-3.10.6.Final.jar) to method java.nio.DirectByteBuffer.cleaner()
[JVM-2] WARNING: Please consider reporting this to the maintainers of org.jboss.netty.util.internal.ByteBufferUtil
[JVM-2] WARNING: Use --illegal-access=warn to enable warnings of further illegal reflective access operations
[JVM-2] WARNING: All illegal access operations will be denied in a future release
[JVM-3] WARNING: An illegal reflective access operation has occurred
[JVM-3] WARNING: Illegal reflective access by org.jboss.netty.util.internal.ByteBufferUtil (file:/home/girish/IdeaProjects/csw/csw-framework/target/multi-run-copied-libraries/netty-3.10.6.Final.jar) to method java.nio.DirectByteBuffer.cleaner()
[JVM-3] WARNING: Please consider reporting this to the maintainers of org.jboss.netty.util.internal.ByteBufferUtil
[JVM-3] WARNING: Use --illegal-access=warn to enable warnings of further illegal reflective access operations
[JVM-3] WARNING: All illegal access operations will be denied in a future release
[JVM-2] Run completed in 15 seconds, 412 milliseconds.
[JVM-2] Total number of tests run: 2
[JVM-2] Suites: completed 1, aborted 0
[JVM-2] Tests: succeeded 1, failed 1, canceled 0, ignored 0, pending 0
[JVM-2] *** 1 TEST FAILED ***
[JVM-3] Run completed in 15 seconds, 427 milliseconds.
[JVM-3] Total number of tests run: 2
[JVM-3] Suites: completed 1, aborted 0
[JVM-3] Tests: succeeded 1, failed 1, canceled 0, ignored 0, pending 0
[JVM-3] *** 1 TEST FAILED ***
[JVM-1] - should be able to send long running commands asynchronously and get the response *** FAILED ***
[JVM-1]   java.lang.RuntimeException: barrier failed: spawned
[JVM-1]   at akka.remote.testconductor.ClientFSM$$anonfun$3.applyOrElse(Player.scala:221)
[JVM-1]   at akka.remote.testconductor.ClientFSM$$anonfun$3.applyOrElse(Player.scala:196)
[JVM-1]   at scala.runtime.AbstractPartialFunction.apply(AbstractPartialFunction.scala:34)
[JVM-1]   at akka.actor.FSM.processEvent(FSM.scala:684)
[JVM-1]   at akka.actor.FSM.processEvent$(FSM.scala:681)
[JVM-1]   at akka.remote.testconductor.ClientFSM.akka$actor$LoggingFSM$$super$processEvent(Player.scala:156)
[JVM-1]   at akka.actor.LoggingFSM.processEvent(FSM.scala:820)
[JVM-1]   at akka.actor.LoggingFSM.processEvent$(FSM.scala:802)
[JVM-1]   at akka.remote.testconductor.ClientFSM.processEvent(Player.scala:156)
[JVM-1]   at akka.actor.FSM.akka$actor$FSM$$processMsg(FSM.scala:678)
[JVM-1]   ...
[JVM-1] Run completed in 16 seconds, 435 milliseconds.
[JVM-1] Total number of tests run: 2
[JVM-1] Suites: completed 1, aborted 0
[JVM-1] Tests: succeeded 1, failed 1, canceled 0, ignored 0, pending 0
[JVM-1] *** 1 TEST FAILED ***
[error] Failed: csw.framework.command.LongRunningCommandTestMultiJvm1
[error] Failed: csw.framework.command.LongRunningCommandTestMultiJvm2
[error] Failed: csw.framework.command.LongRunningCommandTestMultiJvm3
[info] csw.config.client.ConfigServiceTest
[info] No tests to run for MultiJvm
[info] csw.config.ConfigCliAppTest
[info] No tests to run for MultiJvm
[info] multi-jvm
[info] csw.framework.command.CommandServiceTest
[info] multi-jvm
[info] csw.framework.command.CancellableCommandTest
[info] multi-jvm
[info] csw.framework.deploy.containercmd.ContainerCmdTest
[info] multi-jvm
[info] csw.framework.command.LongRunningCommandTest
[error] Failed: Total 0, Failed 0, Errors 0, Passed 0
[info] No tests to run for MultiJvm
[info] ArgsParserTest:
[info] - parse without arguments (183 milliseconds)
[info] - parse inspect command without any options (4 milliseconds)
[info] - parse inspect command with only mandatory options (12 milliseconds)
[info] - parse get command without any options (3 milliseconds)
[info] - parse get with only mandatory options (4 milliseconds)
[info] - parse get with json output (2 milliseconds)
[info] - parse get with all options (3 milliseconds)
[info] - parse publish when input data file does not exist (2 milliseconds)
[info] - parse publish with mandatory fields when input data file exist (3 milliseconds)
[info] - parse publish with all fields when input data file exist (2 milliseconds)
[info] - parse publish with only params provided (46 milliseconds)
[info] ParameterArgParserTest:
[info] - should able to parse valid single param string when key name, type, units & values provided (74 milliseconds)
[info] - should able to parse valid string params (1 millisecond)
[info] - should able to parse valid string params with single quote and comma (1 millisecond)
[info] - should able to parse all valid space separated multi param string (22 milliseconds)
[info] - should throw exception when values are not provided for some of the param (1 millisecond)
[info] - should throw exception when unsupported key type provided (1 millisecond)
[info] - should throw exception when invalid unit provided (3 milliseconds)
[info] KeyArgTest:
[info] - should able to parse valid ':' separated string when key name, type and units provided (1 millisecond)
[info] - should able to parse valid ':' separated string when units are not provided (0 milliseconds)
[info] - should throw exception when key type is missing (1 millisecond)
[info] EventOnelineTransformerTest:
[info] - should be able to inspect entire event in oneline format (93 milliseconds)
[info] - should be able to get entire event in oneline format (9 milliseconds)
[info] - should be able to get specified paths for event in oneline format (9 milliseconds)
[info] - should be able to get paths for multiple events in oneline format (2 milliseconds)
[info] - should be able to get partial struct paths from event in oneline format (1 millisecond)
[info] - should be able to log timestamp in oneline format (3 milliseconds)
[info] - should be able to log id per event in oneline format (1 millisecond)
[info] - should be able to log units per event in oneline format (1 millisecond)
[info] EventJsonTransformerTest:
[info] - should be able to get entire event json when no paths are specified (2 milliseconds)
[info] - should be able to get top level non struct key from json (15 milliseconds)
[info] - should be able to get top level partial struct key from json (3 milliseconds)
[info] - should be able to get specified paths two levels deep in event in json format (4 milliseconds)
[info] - should be able to get multiple specified paths in event in json format (4 milliseconds)
[info] - should be able to get specified paths for multiple events in json format (8 milliseconds)
[info] - should be able to get full struct if both partial struct path and full path are given (2 milliseconds)
[info] CommandLineRunnerTest:
[info] - should able to inspect events containing multiple parameters including recursive structs (125 milliseconds)
[info] - should able to get events in json format (55 milliseconds)
[info] - should able to get appropriate error message when there is no event published for provided key (5 milliseconds)
[info] - should able to get events in oneline format (8 milliseconds)
[info] - should able to get events in oneline terse format (23 milliseconds)
[info] - should able to publish event when event key and event json file provided (50 milliseconds)
[info] - should able to publish event with interval (2 seconds, 574 milliseconds)
[info] - should able to publish event when params are provided (542 milliseconds)
[info] - should be able to subscribe and get json output to event key (1 second, 524 milliseconds)
[info] - should be able to subscribe to event key and get oneline output (1 second, 511 milliseconds)
[info] - should be able to subscribe to event key using terse mode and get oneline output (1 second, 518 milliseconds)
[info] FrameworkTestKitJunitTest:
[info] - shouldStartAllProvidedCSWServices
[ERROR] [11/12/2018 12:04:59.699] [framework-testkit-akka.actor.default-dispatcher-23] [akka.tcp://framework-testkit@192.168.12.210:34979/system/pool-master] connection pool for PoolGateway(hcps = HostConnectionPoolSetup(localhost,7654,ConnectionPoolSetup(ConnectionPoolSettings(4,0,5,32,1,30 seconds,ClientConnectionSettings(Some(User-Agent: akka-http/10.1.5),10 seconds,1 minute,512,None,WebSocketSettings(<function0>,ping,Duration.Inf,akka.http.impl.settings.WebSocketSettingsImpl$$$Lambda$1372/1598107897@763470e6),List(),ParserSettings(2048,16,64,64,8192,64,8388608,8388608,256,1048576,Strict,RFC6265,true,Set(),Full,Error,Map(If-Range -> 0, If-Modified-Since -> 0, If-Unmodified-Since -> 0, default -> 12, Content-MD5 -> 0, Date -> 0, If-Match -> 0, If-None-Match -> 0, User-Agent -> 32),false,true,akka.util.ConstantFun$$$Lambda$796/2022289413@281131f1,akka.util.ConstantFun$$$Lambda$796/2022289413@281131f1,akka.util.ConstantFun$$$Lambda$797/888573823@7f152723),None,TCPTransport),New,1 second),akka.http.scaladsl.HttpConnectionContext$@2a73db67,akka.event.MarkerLoggingAdapter@2637f259))) has shut down unexpectedly
[info] ScalaTestFrameworkTestKitSpec:
[info] - should start all the provided services (72 milliseconds)
[info] UtilsTest:
[info] - testGetFreePort (19 milliseconds)
[info] - testGetAppConfig (75 milliseconds)
[info] - testNonExistantAppConfig (1 millisecond)
[info] CommandTest:
[info] - testParse with no options should return command with default values (67 milliseconds)
[info] - testParse with options should return executable command (2 milliseconds)
[info] - testParse with config file should honour config options (5 milliseconds)
[info] - testParse with config file but undefined value (3 milliseconds)
[info] - testParse with config file port, command parameters are overridable from command line (2 milliseconds)
[info] - testParse when empty command is specified, should execute a 'false' command (1 millisecond)
[info] MainTest:
[info] - Test with command line args (2 seconds, 91 milliseconds)
[info] - Test with config file (1 second, 151 milliseconds)
[ERROR] [11/12/2018 12:05:08.978] [location-agent-akka.actor.default-dispatcher-33] [akka.tcp://location-agent@192.168.12.210:38859/system/pool-master] connection pool for PoolGateway(hcps = HostConnectionPoolSetup(localhost,7654,ConnectionPoolSetup(ConnectionPoolSettings(4,0,5,32,1,30 seconds,ClientConnectionSettings(Some(User-Agent: akka-http/10.1.5),10 seconds,1 minute,512,None,WebSocketSettings(<function0>,ping,Duration.Inf,akka.http.impl.settings.WebSocketSettingsImpl$$$Lambda$1460/1544854849@4df7ffc3),List(),ParserSettings(2048,16,64,64,8192,64,8388608,8388608,256,1048576,Strict,RFC6265,true,Set(),Full,Error,Map(If-Range -> 0, If-Modified-Since -> 0, If-Unmodified-Since -> 0, default -> 12, Content-MD5 -> 0, Date -> 0, If-Match -> 0, If-None-Match -> 0, User-Agent -> 32),false,true,akka.util.ConstantFun$$$Lambda$881/1050797736@33266426,akka.util.ConstantFun$$$Lambda$881/1050797736@33266426,akka.util.ConstantFun$$$Lambda$882/528082695@8cb7440),None,TCPTransport),New,1 second),akka.http.scaladsl.HttpConnectionContext$@7ab08b7d,akka.event.MarkerLoggingAdapter@27a036dd))) has shut down unexpectedly
[info] ArgsParserTest:
[info] - test parser with valid arguments (9 milliseconds)
[info] - test parser with invalid service name combinations (6 milliseconds)
[info] - test parser with only --name option, should be allowed (1 millisecond)
[info] - test parser without --name option, should error out (1 millisecond)
[info] - test parser with service name containing '-' character, should error out (0 milliseconds)
[info] - test parser with list of services containing leading/trailing whitespace, should error out (1 millisecond)
[info] - test parser with service name containing leading whitespace, should error out (1 millisecond)
[info] - test parser with service name containing trailing whitespace, should error out (1 millisecond)
[info] - test parser with service name containing both leading and trailing whitespaces, error is shown (1 millisecond)
[info] JResultTest:
[info] - showUniqueKeyConstraintExample
[info] - showJsonSerialization
[info] - showUsageOfResult
[info] JStateVariablesTest:
[info] - showUsageOfCurrentState
[info] - showUniqueKeyConstraintExample
[info] - showUsageOfDemandState
[info] - showJsonSerialization
[info] ScalaTestIntegrationExampleTest:
[info] - test spawning component in standalone mode (521 milliseconds)
[info] JEventsTest:
[info] - showUsageOfSystemEvent
[info] - showUsageOfProtobuf
[info] - showUsageOfEventTime
[info] - showUsageOfJsonSerialization
[info] - showUniqueKeyConstraintExample
[info] - showUsageOfObserveEvent
[info] JConfigClientExampleTest:
[info] - testList
[info] - testCreateUpdateDelete
[info] - testGetById
[info] - testHistory
[info] - testActiveFileManagement
[info] - testGetActive
[info] - testGetMetadata
[info] - testGetByTime
[info] - testGetLatest
[info] - testExists
[ERROR] [11/12/2018 12:05:26.195] [framework-testkit-akka.actor.default-dispatcher-15] [akka.tcp://framework-testkit@192.168.12.210:45057/system/pool-master] connection pool for PoolGateway(hcps = HostConnectionPoolSetup(localhost,7654,ConnectionPoolSetup(ConnectionPoolSettings(4,0,5,32,1,30 seconds,ClientConnectionSettings(Some(User-Agent: akka-http/10.1.5),10 seconds,1 minute,512,None,WebSocketSettings(<function0>,ping,Duration.Inf,akka.http.impl.settings.WebSocketSettingsImpl$$$Lambda$1598/1497303455@25302158),List(),ParserSettings(2048,16,64,64,8192,64,8388608,8388608,256,1048576,Strict,RFC6265,true,Set(),Full,Error,Map(If-Range -> 0, If-Modified-Since -> 0, If-Unmodified-Since -> 0, default -> 12, Content-MD5 -> 0, Date -> 0, If-Match -> 0, If-None-Match -> 0, User-Agent -> 32),false,true,akka.util.ConstantFun$$$Lambda$800/1670849676@7310ec9f,akka.util.ConstantFun$$$Lambda$800/1670849676@7310ec9f,akka.util.ConstantFun$$$Lambda$801/636886060@a5cf4af),None,TCPTransport),New,1 second),akka.http.scaladsl.HttpConnectionContext$@2ec22e5d,akka.event.MarkerLoggingAdapter@4cc56682))) has shut down unexpectedly
[info] CommandsTest:
[info] Examples of Prefix
[info] - should show usage of utility functions (5 milliseconds)
[info] Examples of commands
[info] - Should show usage of Setup command (5 milliseconds)
[info] - Should show usage of Observe command (6 milliseconds)
[info] - Should show usage of Wait command (47 milliseconds)
[info] Examples of serialization
[info] - should show reading and writing of commands (67 milliseconds)
[info] Examples of unique key constraint
[info] - should show duplicate keys are removed (21 milliseconds)
[info] Examples of clone command
[info] - clone command creates a command from existing command with a new RunId for Setup, Observe or Wait (1 millisecond)
[info] EventsTest:
[info] Examples of EventTime
[info] - should show usage of utility functions (0 milliseconds)
[info] Examples of Events
[info] - should show usages of ObserveEvent (1 millisecond)
[info] - should show usages of SystemEvent (1 millisecond)
[info] Examples of serialization
[info] - should show reading and writing of events (2 milliseconds)
[info] Examples of unique key constraint
[info] - should show duplicate keys are removed (2 milliseconds)
[info] Examples of protobuf
[info] - should show usage of converting events to/from protobuf (1 millisecond)
[info] TestKitsExampleTest:
[info] - framework testkit example for spawning container (563 milliseconds)
[info] JCommandsTest:
[info] - showUsageOfObserveCommand
[info] - showUsageOfSetupCommand
[info] - showUniqueKeyConstraintExample
[info] - showUsageOfWaitCommand
[info] - showUsageOfUtilityFunctions
[info] - showCloneCommandExample
[info] - showJsonSerialization
[info] ConfigClientExampleTest:
[info] - exists (125 milliseconds)
[info] - getActive (119 milliseconds)
[info] - create-update-delete (358 milliseconds)
[info] - getById (90 milliseconds)
[info] - getLatest (98 milliseconds)
[info] - getByTime (129 milliseconds)
[info] - list (325 milliseconds)
[info] - history (139 milliseconds)
[info] - historyActive-setActiveVersion-resetActiveVersion-getActiveVersion-getActiveByTime (310 milliseconds)
[info] - getMetadata (39 milliseconds)
[info] KeysAndParametersTest:
[info] Examples of keys and parameters
[info] - should show usage of primitive types (12 milliseconds)
[info] - should show usage of arrays (11 milliseconds)
[info] - should show usage of matrices (5 milliseconds)
[info] - should show usage of choice (14 milliseconds)
[info] - should show usage of radec (0 milliseconds)
[info] - should show usage of struct (0 milliseconds)
[info] - should show usage of units (0 milliseconds)
[info] JTestKitsExampleTest:
[info] - shouldAbleToSpawnContainerUsingTestKit
[WARN] [11/12/2018 12:05:39.360] [framework-testkit-akka.actor.default-dispatcher-29] [framework-testkit/Pool(shared->http://localhost:7654)] [0 (WaitingForResponse)] Ongoing request [POST /location/unregister Strict(95 bytes)] was dropped because pool is shutting down
[info] StateVariablesTest:
[info] Examples of State variables
[info] - should show usages of DemandState (8 milliseconds)
[info] - should show usages of CurrentState (1 millisecond)
[info] Examples of serialization
[info] - should show reading and writing of State variables (4 milliseconds)
[info] Examples of unique key constraint
[info] - should show duplicate keys are removed (3 milliseconds)
[info] ResultTest:
[info] Examples of Result
[info] - Should show usage of Result (0 milliseconds)
[info] Examples of serialization
[info] - should show reading and writing of commands (1 millisecond)
[info] Examples of unique key constraint
[info] - should show duplicate keys are removed (1 millisecond)
[info] JUnitIntegrationExampleTest:
[info] - testSpawningComponentInStandaloneMode
[info] JKeysAndParametersTest:
[info] - showUsageOfMatrices
[info] - showUsageOfArrays
[info] - showUsageOfChoice
[info] - showUsageOfRaDec
[info] - showUsageOfUnits
[info] - showUsageOfPrimitiveTypes
[info] - showUsageOfStruct
[info] AkkaLogAdminTest:
[info] - should able to get the current component log meta data (303 milliseconds)
[info] - should able to set log level of the component dynamically through http end point (365 milliseconds)
[info] - should give appropriate exception when component name is incorrect (71 milliseconds)
[info] - should give appropriate exception when logging level is incorrect (11 milliseconds)
[WARN] [11/12/2018 12:05:51.065] [csw-remote-actor-system-akka.actor.default-dispatcher-44] [csw-remote-actor-system/Pool(shared->http://localhost:7654)] [0 (WaitingForResponse)] Ongoing request [POST /location/unregister Strict(93 bytes)] was dropped because pool is shutting down
[WARN] [11/12/2018 12:05:51.070] [csw-remote-actor-system-akka.actor.default-dispatcher-44] [csw-remote-actor-system/Pool(shared->http://localhost:7654)] [1 (WaitingForEndOfResponseEntity)] Ongoing request [GET /location/track/Motion_Controller-hcd-akka Empty] was dropped because pool is shutting down
[WARN] [11/12/2018 12:05:51.070] [csw-remote-actor-system-akka.actor.default-dispatcher-44] [csw-remote-actor-system/Pool(shared->http://localhost:7654)] [3 (WaitingForEndOfResponseEntity)] Ongoing request [GET /location/track/Galil-hcd-akka Empty] was dropped because pool is shutting down
[info] HttpAndTcpLogAdminTest:
[info] - get component log meta data for http service not supported (16 milliseconds)
[info] - set component log level for http service not supported (6 milliseconds)
[info] - get component log meta data and set log level for tcp service not supported (5 milliseconds)
[info] - set component log level for tcp service not supported (6 milliseconds)
[info] ArgsParserTest:
[info] - parse without arguments (29 milliseconds)
[info] - parse when only port argument provided (3 milliseconds)
[info] - parse with all arguments (1 millisecond)
[info] ScalaTest
[info] Run completed in 1 minute, 21 seconds.
[info] Total number of tests run: 47
[info] Suites: completed 6, aborted 0
[info] Tests: succeeded 47, failed 0, canceled 0, ignored 0, pending 0
[info] All tests passed.
[info] Passed: Total 47, Failed 0, Errors 0, Passed 47
[info] ScalaTest
[info] Run completed in 1 minute, 21 seconds.
[info] Total number of tests run: 2
[info] Suites: completed 2, aborted 0
[info] Tests: succeeded 2, failed 0, canceled 0, ignored 0, pending 0
[info] All tests passed.
[info] Passed: Total 2, Failed 0, Errors 0, Passed 2
[info] ScalaTest
[info] Run completed in 1 minute, 21 seconds.
[info] Total number of tests run: 20
[info] Suites: completed 4, aborted 0
[info] Tests: succeeded 20, failed 0, canceled 0, ignored 0, pending 0
[info] All tests passed.
[info] Passed: Total 20, Failed 0, Errors 0, Passed 20
[info] ScalaTest
[info] Run completed in 1 minute, 21 seconds.
[info] Total number of tests run: 78
[info] Suites: completed 16, aborted 0
[info] Tests: succeeded 78, failed 0, canceled 0, ignored 0, pending 0
[info] All tests passed.
[info] Passed: Total 78, Failed 0, Errors 0, Passed 78
[info] ScalaTest
[info] Run completed in 1 minute, 21 seconds.
[info] Total number of tests run: 11
[info] Suites: completed 3, aborted 0
[info] Tests: succeeded 11, failed 0, canceled 0, ignored 0, pending 0
[info] All tests passed.
[info] Passed: Total 11, Failed 0, Errors 0, Passed 11
[info] ScalaTest
[info] Run completed in 1 minute, 21 seconds.
[info] Total number of tests run: 0
[info] Suites: completed 0, aborted 0
[info] Tests: succeeded 0, failed 0, canceled 0, ignored 0, pending 0
[info] No tests were executed.
[info] Run completed in 99 milliseconds.
[info] Total number of tests run: 0
[info] Suites: completed 0, aborted 0
[info] Tests: succeeded 0, failed 0, canceled 0, ignored 0, pending 0
[info] No tests were executed.
[error] (csw-event-client / Test / test) sbt.TestsFailedException: Tests unsuccessful
[error] (csw-time-client / Test / test) sbt.TestsFailedException: Tests unsuccessful
[error] (csw-framework / Multi-jvm / test) sbt.TestsFailedException: Tests unsuccessful
[error] Total time: 1064 s, completed 12-Nov-2018, 12:05:58 PM
[INFO] [11/12/2018 12:05:58.296] [Thread-226] [CoordinatedShutdown(akka://sbt-web)] Starting coordinated shutdown from JVM shutdown hook
