[info] Loading settings for project global-plugins from idea.sbt ...
[info] Loading global plugins from /home/girish/.sbt/1.0/plugins
[info] Loading settings for project csw-build-build from metaplugins.sbt ...
[info] Loading project definition from /home/girish/IdeaProjects/csw/project/project
[info] Loading settings for project csw-build from plugins.sbt ...
[info] Loading project definition from /home/girish/IdeaProjects/csw/project
[info] Compiling 2 Scala sources to /home/girish/IdeaProjects/csw/project/target/scala-2.12/sbt-1.0/classes ...
[info] Done compiling.
[info] Loading settings for project csw from build.sbt ...
[info] Resolving key references (33658 settings) ...
[info] Set current project to csw (in build file:/home/girish/IdeaProjects/csw/)
[info] Compiling 5 Scala sources to /home/girish/IdeaProjects/csw/csw-config-api/target/scala-2.12/classes ...
[warn] /home/girish/IdeaProjects/csw/csw-config-api/src/main/scala/csw/config/api/internal/JsonSupport.scala:36:18: local val configIdFormat in value configFileInfoFormat is never used
[warn]     implicit val configIdFormat: Format[ConfigId] = new Format[ConfigId] {
[warn]                  ^
[warn] /home/girish/IdeaProjects/csw/csw-config-api/src/main/scala/csw/config/api/internal/JsonSupport.scala:47:18: local val configIdFormat in value configFileHistoryFormat is never used
[warn]     implicit val configIdFormat: Format[ConfigId] = new Format[ConfigId] {
[warn]                  ^
[warn] two warnings found
[info] Done compiling.
[info] BinaryUtilsTest:
[info] - testIsNotTextIsFalseForMoreThan85percentASCIICharacters (34 milliseconds)
[info] - testIsBinaryIsFalseForMoreThan85percentASCIICharacters (23 milliseconds)
[info] - testIsNotTextIsTrueForLessThan85percentASCIICharacters (0 milliseconds)
[info] - testIsBinaryIsTrueForLessThan85percentASCIICharacters (1 millisecond)
[info] ConfigDataTest:
[info] - should able to retrieve string from Config Data source (112 milliseconds)
[info] - should able to generate InputStream from Config Data source (31 milliseconds)
[info] - should create source of ByteString from string (3 milliseconds)
[info] - should be able to save ConfigData to local disc (41 milliseconds)
[info] - should be able to get Config object when data is in valid HOCON format (7 milliseconds)
[info] - config object conversion should receive exception when data is NOT in valid HOCON format (6 milliseconds)
[info] Compiling 1 Scala source to /home/girish/IdeaProjects/csw/csw-time-client/target/scala-2.12/test-classes ...
[info] Done compiling.
[info] Compiling 11 Scala sources to /home/girish/IdeaProjects/csw/csw-auth/auth-core/target/scala-2.12/classes ...
[info] Done compiling.
[info] Run completed in 9 seconds, 667 milliseconds.
[info] Total number of tests run: 10
[info] Suites: completed 2, aborted 0
[info] Tests: succeeded 10, failed 0, canceled 0, ignored 0, pending 0
[info] All tests passed.
[info] Run completed in 9 seconds, 559 milliseconds.
[info] Total number of tests run: 0
[info] Suites: completed 0, aborted 0
[info] Tests: succeeded 0, failed 0, canceled 0, ignored 0, pending 0
[info] No tests were executed.
[info] TimeServiceTest:
[info] ILoggerActorTest:
[info] - testDefaultLogConfigurationForActor
[info] JLoggerImplAPITest:
[info] - testOverloadedDebugLogLevel
[info] - testOverloadedFatalLogLevel
[info] - testOverloadedWarnLogLevel
[info] - testOverloadedErrorLogLevel
[info] - testOverloadedInfoLogLevel
[info] - testOverloadedTraceLogLevel
[info] ILoggerMutableActorTest:
[info] - testDefaultLogConfigurationForActor
[info] FileAppenderTest:
[info] - log file is rotated every day (42 milliseconds)
[info] NonFileRotationTest:
[info] - verify log file rotation is off (13 milliseconds)
[info] ActorLoggingTest:
[info] - messages logged from actor should contain component name, file name, class name, line number and actor path (208 milliseconds)
[info] - message logged with custom Map properties should get logged (209 milliseconds)
[info] - should load default filter provided in configuration file and applied to actor messages (204 milliseconds)
[info] LoggerCompTest:
[info] - changing log level of component should only affect component specific classes (423 milliseconds)
[info] AkkaLoggerTest:
[info] - logging framework should capture akka log messages and log it (304 milliseconds)
[info] SimpleLoggingTest:
[info] - logs should contain component name and source location in terms of file name, class name and line number (112 milliseconds)
[info] - inner class logs should contain source location in terms of file name, class name and line number (125 milliseconds)
[info] - singleton object logs should contain source location in terms of file name, class name and line number (136 milliseconds)
[info] - object logs should allow user definable keys and values (110 milliseconds)
[info] - should load default filter provided in configuration file and applied to normal logging messages (205 milliseconds)
[info] - should apply default log level provided in configuration file for normal logging messages (310 milliseconds)
[info] - should able to filter logs based on configured/updated log level (covers all levels) (1 second, 256 milliseconds)
[info] - should able to filter logs based on configured/updated log level (covers all levels) with non-default level (1 second, 213 milliseconds)
[info] - alternative log message should contain @category (104 milliseconds)
[info] - should able to log exception at ERROR level with complete stacktrace (310 milliseconds)
[info] StdOutAppenderTest:
[info] - should print message to standard output stream if category is 'common' (1 millisecond)
[info] - should not print message to standard output stream if category is not 'common' (1 millisecond)
[info] - should able to pretty-print one log message to one line (24 milliseconds)
[info] MutableActorLoggingTest:
[info] - messages logged from actor should contain component name, file name, class name, line number and actor path (203 milliseconds)
[info] - should load default filter provided in configuration file and applied to actor messages (204 milliseconds)
[info] LoggingConfigurationTest:
[info] - should log messages in the file with standard headers (147 milliseconds)
[info] - should log messages in the file without standard headers based on the log level configured in the config (251 milliseconds)
[info] - should log messages in the file and on console based on the log level configured in the file and stdout appender config (261 milliseconds)
[info] - should log messages on the console with standard headers based on the log level configured in the config (253 milliseconds)
[info] - should log messages on the console without standard headers (151 milliseconds)
[info] - should log messages on the console in one line (140 milliseconds)
[info] LoggingSystemTest:
[info] - should load default log level provided in configuration file (1 millisecond)
[info] - should able to set log level for default logger, slf4j and akka (1 millisecond)
[info] - should able to parse appenders from configuration file (0 milliseconds)
[info] - should throw AppenderNotFoundException for an invalid appender configured (33 milliseconds)
[info] CustomAppenderTest:
[info] - should be able to add and configure a custom appender using an object extending from CustomAppenderBuilder (236 milliseconds)
[info] - should be able to add and configure a custom appender using a class extending from CustomAppenderBuilder (241 milliseconds)
[info] - should be able to add and configure a custom appender using a class extending from CustomAppenderBuilder showing config changes (244 milliseconds)
[info] JGenericLoggerTest:
[info] - testGenericLoggerActorWithoutComponentName
[info] - testGenericLoggerWithoutComponentName
[info] Slf4jAppenderTest:
[info] - logging framework should capture slf4j logs and log it (304 milliseconds)
[info] ComponentLoggingStateManagerTest:
[info] - should able to parse logging configuration and extract component log levels state (0 milliseconds)
[info] - should able to add/update component logging level (1 millisecond)
[info] - should return empty map if component log levels are not provided in configuration file (2 milliseconds)
[info] ComponentLoggingStateTest:
[info] - should initialize component logging state with provided level (1 millisecond)
[info] - should able to update the log level of component (1 millisecond)
[info] ILoggerTest:
[info] - testLogLevelOfMultipleComponentsInSingleContainer
[info] - testDefaultLogConfigurationAndDefaultComponentLogLevel
[info] TimingTest:
[info] - should able to log messages to combination of standard out and file concurrently and also log time messages. (209 milliseconds)
[info] Compiling 4 Scala sources to /home/girish/IdeaProjects/csw/csw-auth/auth-core/target/scala-2.12/test-classes ...
[info] Done compiling.
[info] Compiling 5 Scala sources to /home/girish/IdeaProjects/csw/csw-auth/native-client-adapter/target/scala-2.12/classes ...
[info] Done compiling.
[info] Compiling 4 Scala sources to /home/girish/IdeaProjects/csw/csw-auth/akka-http-adapter/target/scala-2.12/classes ...
[info] Done compiling.
[info] ScalaTest
[info] Run completed in 23 seconds, 548 milliseconds.
[info] Total number of tests run: 0
[info] Suites: completed 1, aborted 0
[info] Tests: succeeded 0, failed 0, canceled 0, ignored 0, pending 0
[info] No tests were executed.
[info] Passed: Total 0, Failed 0, Errors 0, Passed 0
[info] ScalaTest
[info] Run completed in 23 seconds, 462 milliseconds.
[info] Total number of tests run: 54
[info] Suites: completed 20, aborted 0
[info] Tests: succeeded 54, failed 0, canceled 0, ignored 0, pending 0
[info] All tests passed.
[info] Passed: Total 54, Failed 0, Errors 0, Passed 54
[info] JsonTest:
[info] Test Subsystem JSON
[info] - should encode and decode properly (6 milliseconds)
[info] Test Prefix
[info] - should encode and decode properly (1 millisecond)
[info] Test Units JSON
[info] - should encode and decode properly (4 milliseconds)
[info] Test concrete items
[info] - char item encode/decode without units (5 milliseconds)
[info] - char item encode/decode with units (1 millisecond)
[info] - short item encode/decode (2 milliseconds)
[info] - int item encode/decode (1 millisecond)
[info] - long item encode/decode (1 millisecond)
[info] - float item encode/decode (1 millisecond)
[info] - double item encode/decode (1 millisecond)
[info] - boolean item encode/decode (2 milliseconds)
[info] - string item encode/decode (1 millisecond)
[info] Testing Items
[info] - should encode and decode items list (2 milliseconds)
[info] Commands and Events JSON
[info] - Should encode/decode a Setup (6 milliseconds)
[info] - Should encode/decode an Observe (6 milliseconds)
[info] - Should encode/decode an Wait (3 milliseconds)
[info] - Should encode/decode an ObserveEvent (7 milliseconds)
[info] - Should encode/decode an SystemEvent (5 milliseconds)
[info] - Should encode/decode an CurrentState (3 milliseconds)
[info] - Should encode/decode an DemandState (3 milliseconds)
[info] Test Custom RaDecItem
[info] - Should allow custom RaDecItem (2 milliseconds)
[info] Test Double Matrix items
[info] - Should allow double matrix values (3 milliseconds)
[info] Test Double Array items
[info] - Should allow double array values (2 milliseconds)
[info] Test Int Matrix items
[info] - Should allow int matrix values (2 milliseconds)
[info] Test Int Array items
[info] - Should allow int array values (2 milliseconds)
[info] Test Byte Matrix items
[info] - Should allow byte matrix values (3 milliseconds)
[info] Test Byte Array items
[info] - Should allow byte array values (2 milliseconds)
[info] Test Short Matrix items
[info] - Should allow short matrix values (3 milliseconds)
[info] Test Short Array items
[info] - Should allow short array values (1 millisecond)
[info] Test Long Matrix items
[info] - Should allow long matrix values (2 milliseconds)
[info] Test Long Array items
[info] - Should allow long array values (2 milliseconds)
[info] Test Choice items
[info] - Should allow choice/enum values (2 milliseconds)
[info] testing StructItem JSON support
[info] - should allow Struct values (3 milliseconds)
[info] UniqueKeyVerificationTest:
[info] Test Commands
[info] - Setup command is able to remove duplicate keys (5 milliseconds)
[info] - Observe command is able to remove duplicate keys (1 millisecond)
[info] - Wait command is able to remove duplicate keys (2 milliseconds)
[info] Test Result
[info] - is able to remove duplicate keys (4 milliseconds)
[info] Test Struct
[info] - is able to remove duplicate keys (2 milliseconds)
[info] Test StateVariables
[info] - DemandState is able to remove duplicate keys (2 milliseconds)
[info] - CurrentState is able to remove duplicate keys (1 millisecond)
[info] Test Events
[info] - ObserveEvent command is able to remove duplicate keys (3 milliseconds)
[info] - SystemEvent command is able to remove duplicate keys (3 milliseconds)
[info] EqualityTest:
[info] Array-based long array equality
[info] - should short circuit with identical same arrays (0 milliseconds)
[info] - should be equal with identical different arrays (0 milliseconds)
[info] - should fail with different valued arrays (0 milliseconds)
[info] - should work with items too when equal (0 milliseconds)
[info] - should fail with items when values not equal (0 milliseconds)
[info] Array-based long matrix equality
[info] - should short circuit with identical same matrices (0 milliseconds)
[info] - should be equal with identical different matrices (1 millisecond)
[info] - should fail with different valued matrices (0 milliseconds)
[info] - should fail for totally different matrices (0 milliseconds)
[info] Array-based byte array equality
[info] - should short circuit with identical same arrays (0 milliseconds)
[info] - should be equal with identical different arrays (0 milliseconds)
[info] - should fail with different valued arrays (0 milliseconds)
[info] - should work with items too when equal (0 milliseconds)
[info] - should fail with items when values not equal (0 milliseconds)
[info] Array-based byte matrix equality
[info] - should short circuit with identical same matrices (0 milliseconds)
[info] - should be equal with identical different matrices (1 millisecond)
[info] - should fail with different valued matrices (0 milliseconds)
[info] - should fail for totally different matrices (0 milliseconds)
[info] Array-based double array equality
[info] - should short circuit with identical same arrays (0 milliseconds)
[info] - should be equal with identical different arrays (0 milliseconds)
[info] - should fail with different valued arrays (1 millisecond)
[info] - should work with items too when equal (0 milliseconds)
[info] - should fail with items when values not equal (0 milliseconds)
[info] Array-based double matrix equality
[info] - should short circuit with identical same matrices (1 millisecond)
[info] - should be equal with identical different matrices (0 milliseconds)
[info] - should fail with different valued matrices (1 millisecond)
[info] - should fail for totally different matrices (0 milliseconds)
[info] Array-based float array equality
[info] - should short circuit with identical same arrays (0 milliseconds)
[info] - should be equal with identical different arrays (0 milliseconds)
[info] - should fail with different valued arrays (1 millisecond)
[info] - should work with items too when equal (0 milliseconds)
[info] - should fail with items when values not equal (1 millisecond)
[info] Array-based float matrix equality
[info] - should short circuit with identical same matrices (1 millisecond)
[info] - should be equal with identical different matrices (0 milliseconds)
[info] - should fail with different valued matrices (0 milliseconds)
[info] - should fail for totally different matrices (1 millisecond)
[info] Array-based int array equality
[info] - should short circuit with identical same arrays (0 milliseconds)
[info] - should be equal with identical different arrays (0 milliseconds)
[info] - should fail with different valued arrays (1 millisecond)
[info] - should work with items too when equal (0 milliseconds)
[info] - should fail with items when values not equal (1 millisecond)
[info] Array-based int matrix equality
[info] - should short circuit with identical same matrices (0 milliseconds)
[info] - should be equal with identical different matrices (1 millisecond)
[info] - should fail with different valued matrices (0 milliseconds)
[info] - should fail for totally different matrices (0 milliseconds)
[info] Array-based short array equality
[info] - should short circuit with identical same arrays (0 milliseconds)
[info] - should be equal with identical different arrays (0 milliseconds)
[info] - should fail with different valued arrays (0 milliseconds)
[info] - should work with items too when equal (0 milliseconds)
[info] - should fail with items when values not equal (0 milliseconds)
[info] Array-based short matrix equality
[info] - should short circuit with identical same matrices (0 milliseconds)
[info] - should be equal with identical different matrices (0 milliseconds)
[info] - should fail with different valued matrices (0 milliseconds)
[info] - should fail for totally different matrices (0 milliseconds)
[info] IdTest:
[info] - should able to create setup commands having unique runId (1 millisecond)
[info] - should able to create observe commands having unique runId (0 milliseconds)
[info] - should able to create wait commands having unique runId (1 millisecond)
[info] CommandsTest:
[info] Setup config tests
[info] - Should allow adding keys using single set (2 milliseconds)
[info] - Should allow setting with units (0 milliseconds)
[info] - Should allow apply which returns values (1 millisecond)
[info] - should update for the same key with set (0 milliseconds)
[info] - Should able to create with Byte Parameteret (1 millisecond)
[info] - Should allow updates (1 millisecond)
[info] - Should allow to create setup without obsId (1 millisecond)
[info] - Should create new RunId when a parameter is added or removed (1 millisecond)
[info] Observe config tests
[info] - Should allow adding keys (1 millisecond)
[info] - Should allow setting (1 millisecond)
[info] - Should allow apply (0 milliseconds)
[info] - should update for the same key with set (0 milliseconds)
[info] - should update for the same key with add (0 milliseconds)
[info] - Should create new RunId when a parameter is added or removed (0 milliseconds)
[info] Wait config tests
[info] - Should allow adding keys (0 milliseconds)
[info] - Should allow setting (1 millisecond)
[info] - Should allow apply (1 millisecond)
[info] - should update for the same key with set (0 milliseconds)
[info] - should update for the same key with add (0 milliseconds)
[info] - Should create new RunId when a parameter is added or removed (0 milliseconds)
[info] testing for getting typed items
[info] Checking for item types in configs
[info] - Should get as IntItem (0 milliseconds)
[info] Check for multi-add
[info] - Should allow vararg add (0 milliseconds)
[info] Should work with remove
[info] - Setup command should allow removing one at a time (0 milliseconds)
[info] - Observe command should allow removing one at a time (0 milliseconds)
[info] - Wait command should allow removing one at a time (1 millisecond)
[info] should work with remove by item
[info] - Should allow removing one at a time (1 millisecond)
[info] clone command test
[info] - clone command creates a command from existing command with a new RunId for Setup, Observe or Wait (1 millisecond)
[info] KeyParameterTest:
[info] basic key tests
[info] - should have correct name (1 millisecond)
[info] - should have equality based on name (1 millisecond)
[info] test booleanKey
[info] - should allow single val (1 millisecond)
[info] - should work with list, withUnits (1 millisecond)
[info] - should work with list, units (1 millisecond)
[info] test charItem
[info] - should allow single val (0 milliseconds)
[info] - should work with list, withUnits (0 milliseconds)
[info] - should work with list, units (0 milliseconds)
[info] test ByteItem
[info] - should allow single val (0 milliseconds)
[info] - should work with list, withUnits (1 millisecond)
[info] - should work with list, units (0 milliseconds)
[info] test ByteArrayKey
[info] - should test single item (1 millisecond)
[info] - should test with list, withUnits (0 milliseconds)
[info] - should test with list, units (1 millisecond)
[info] - should test using one array with and without units (0 milliseconds)
[info] - should test using var args (0 milliseconds)
[info] test byteMatrixKey
[info] - should work with a single item (0 milliseconds)
[info] - should work with list and withUnits (1 millisecond)
[info] - should work with list and units (0 milliseconds)
[info] - work with one matrix without and with units (0 milliseconds)
[info] - work with varargs (0 milliseconds)
[info] - work with varargs as arrays (1 millisecond)
[info] test ShortItem
[info] - should allow single val (1 millisecond)
[info] - should work with list, withUnits (0 milliseconds)
[info] - should work with list, units (1 millisecond)
[info] test shortArrayKey
[info] - should test single item (0 milliseconds)
[info] - should test with list, withUnits (0 milliseconds)
[info] - should test with list, units (0 milliseconds)
[info] - should test using one array with and without units (0 milliseconds)
[info] - should test using var args (1 millisecond)
[info] test shortMatrixKey
[info] - should work with a single item (1 millisecond)
[info] - should work with list and withUnits (0 milliseconds)
[info] - should work with list and units (1 millisecond)
[info] - work with one matrix without and with units (0 milliseconds)
[info] - work with varargs (0 milliseconds)
[info] - work with varargs as arrays (1 millisecond)
[info] test IntItem
[info] - should allow single val (0 milliseconds)
[info] - should work with list, withUnits (0 milliseconds)
[info] - should work with list, units (0 milliseconds)
[info] test intArrayKey
[info] - should test single item (0 milliseconds)
[info] - should test with list, withUnits (0 milliseconds)
[info] - should test with list, units (0 milliseconds)
[info] - should test using one array with and without units (0 milliseconds)
[info] - should test using var args (0 milliseconds)
[info] test intMatrixKey
[info] - should work with a single item (0 milliseconds)
[info] - should work with list and withUnits (0 milliseconds)
[info] - should work with list and units (1 millisecond)
[info] - work with one matrix without and with units (0 milliseconds)
[info] - work with varargs (0 milliseconds)
[info] - work with varargs as arrays (0 milliseconds)
[info] test longKey
[info] - should allow single val (0 milliseconds)
[info] - should work with list, withUnits (1 millisecond)
[info] - should work with list, units (0 milliseconds)
[info] test LongArrayKey
[info] - should test single item (0 milliseconds)
[info] - should test with list, withUnits (1 millisecond)
[info] - should test with list, units (0 milliseconds)
[info] - should test using one array with and without units (1 millisecond)
[info] - should test using var args (0 milliseconds)
[info] test longMatrixKey
[info] - should work with a single item (0 milliseconds)
[info] - should work with list and withUnits (0 milliseconds)
[info] - should work with list and units (0 milliseconds)
[info] - work with one matrix without and with units (0 milliseconds)
[info] - work with varargs (1 millisecond)
[info] - work with varargs as arrays (0 milliseconds)
[info] test floatItem
[info] - should allow single val (1 millisecond)
[info] - should work with list, withUnits (0 milliseconds)
[info] - should work with list, units (0 milliseconds)
[info] test floatArrayKey
[info] - should test single item (1 millisecond)
[info] - should test with list, withUnits (0 milliseconds)
[info] - should test with list, units (1 millisecond)
[info] - should test using one array with and without units (0 milliseconds)
[info] - should test using var args (0 milliseconds)
[info] test floatMatrixKey
[info] - should work with a single item (1 millisecond)
[info] - should work with list and withUnits (0 milliseconds)
[info] - should work with list and units (0 milliseconds)
[info] - work with one matrix without and with units (0 milliseconds)
[info] - work with varargs (0 milliseconds)
[info] - work with varargs as arrays (1 millisecond)
[info] test doubleItem
[info] - should allow single val (0 milliseconds)
[info] - should work with list, withUnits (0 milliseconds)
[info] - should work with list, units (1 millisecond)
[info] test doubleArrayKey
[info] - should test single item (1 millisecond)
[info] - should test with list, withUnits (1 millisecond)
[info] - should test with list, units (0 milliseconds)
[info] - should test using one array with and without units (0 milliseconds)
[info] - should test using var args (0 milliseconds)
[info] test doubleMatrixKey
[info] - should work with a single item (0 milliseconds)
[info] - should work with list and withUnits (0 milliseconds)
[info] - should work with list and units (0 milliseconds)
[info] - work with one matrix without and with units (1 millisecond)
[info] - work with varargs (0 milliseconds)
[info] - work with varargs as arrays (0 milliseconds)
[info] test TimestampItem
[info] - should allow create a Timestamp parameter from a timestamp key (1 millisecond)
[info] - and second must be default Unit (0 milliseconds)
[info] - should work with list, withUnits (0 milliseconds)
[info] - should work with list, units (0 milliseconds)
[info] testing ChoiceItem
[info] - should allow creating with Choices object (1 millisecond)
[info] - should allow creating with varargs of Strings (1 millisecond)
[info] - should allow creation with individual Choice items (1 millisecond)
[info] test raDecKey
[info] - should allow single val (1 millisecond)
[info] - should work with list, withUnits (0 milliseconds)
[info] - should work with list, units (0 milliseconds)
[info] test stringKey
[info] - should allow single val (0 milliseconds)
[info] - should work with list, withUnits (0 milliseconds)
[info] - should work with list, units (0 milliseconds)
[info] testing StructItem
[info] - should allow creating Struct items (1 millisecond)
[info] test setting multiple values
[info] - should allow setting a single value (0 milliseconds)
[info] - should allow setting several (1 millisecond)
[info] - should also allow setting with sequence (0 milliseconds)
[info] EventsTest:
[info] SystemEvent Test
[info] - should create with prefix and eventName (0 milliseconds)
[info] - should create with prefix, eventName, paramSet (2 milliseconds)
[info] - Should allow removing (0 milliseconds)
[info] - Should allow adding (1 millisecond)
[info] - Should access metadata fields (0 milliseconds)
[info] - each event created should be unique (0 milliseconds)
[info] ObserveEvent Test
[info] - should create with prefix and eventName (1 millisecond)
[info] - should create with prefix, eventName and paramSet (0 milliseconds)
[info] - Should allow removing (0 milliseconds)
[info] - Should allow adding (0 milliseconds)
[info] - Should access metadata fields (0 milliseconds)
[info] - each event created should be unique (0 milliseconds)
[info] RPTTest:
[info] - should create accessToken (1 second, 492 milliseconds)
[info] - should create RPTn (11 milliseconds)
[info] - should fail for creating accessToken (4 milliseconds)
[info] TokenVerifierTest:
[info] - should throw exception while verifyAndDecode token (3 milliseconds)
[info] - should throw TokenExpired exception while verifying token (1 millisecond)
[info] - should verifyAndDecode token (5 milliseconds)
[info] - should throw exception while decoding token (1 millisecond)
[info] AccessTokenTest:
[info] - should able to check permissions for access token (1 millisecond)
[info] - should able to check permissions if it does not exist in access token (0 milliseconds)
[info] - should able to check permissions if authorization does not exist in access token (1 millisecond)
[info] - should able to check permissions if scope is invalid (1 millisecond)
[info] - should able to check permissions if resource is invalid (0 milliseconds)
[info] - should able to check realm role for access token (1 millisecond)
[info] - should fail check for realm role (1 millisecond)
[info] - should able to check resource role for access token (0 milliseconds)
[info] - should fail check for resource role if role is present for other resource (0 milliseconds)
[info] - should fail check for resource role (0 milliseconds)
[info] Compiling 3 Scala sources to /home/girish/IdeaProjects/csw/csw-auth/native-client-adapter/target/scala-2.12/test-classes ...
[info] Done compiling.
[info] Compiling 8 Scala sources to /home/girish/IdeaProjects/csw/csw-auth/akka-http-adapter/target/scala-2.12/test-classes ...
[info] Done compiling.
[info] SocketUtilsTest:
[info] - should return true when server is running on given host and port (43 milliseconds)
[info] - should throw exception when server is not running on given host and port (5 seconds, 112 milliseconds)
[info] NetworksTest:
[info] - Should filter ipv6 addresses (528 milliseconds)
[info] - Should get ip4 address of interface with lowest index when interfacename is not provided (1 millisecond)
[info] - testGetIpv4Address throws NetworkInterfaceNotFound when provided interface name is not present (36 milliseconds)
[info] - testGetIpv4Address returns inet address when provided a valid interface name (3 milliseconds)
[info] Run completed in 26 seconds, 663 milliseconds.
[info] Total number of tests run: 121
[info] Suites: completed 3, aborted 0
[info] Tests: succeeded 121, failed 0, canceled 0, ignored 0, pending 0
[info] All tests passed.
[info] Run completed in 20 seconds, 591 milliseconds.
[info] Total number of tests run: 17
[info] Suites: completed 3, aborted 0
[info] Tests: succeeded 17, failed 0, canceled 0, ignored 0, pending 0
[info] All tests passed.
[info] Run completed in 20 seconds, 468 milliseconds.
[info] Total number of tests run: 6
[info] Suites: completed 2, aborted 0
[info] Tests: succeeded 6, failed 0, canceled 0, ignored 0, pending 0
[info] All tests passed.
[info] Compiling 3 Scala sources to /home/girish/IdeaProjects/csw/csw-config-client/target/scala-2.12/classes ...
[info] Done compiling.
[info] NativeAppAuthAdapterImplMockTest:
[info] - login (1 second, 123 milliseconds)
[info] - loginDesktop (4 milliseconds)
[info] - loginManual (3 milliseconds)
[info] - logout (17 milliseconds)
[info] - getAccessToken (175 milliseconds)
[info] - getAccessToken- expired token (5 milliseconds)
[info] - getAccessToken - expired token with min validity (5 milliseconds)
[info] - getAccessTokenStr (3 milliseconds)
[info] FileAuthStoreTest:
[info] - getAccessTokenString should read the access token from the respective file (5 milliseconds)
[info] - getIdTokenString should read the id token from the respective file (1 millisecond)
[info] - getRefreshTokenString should read refresh the token from the respective file (1 millisecond)
[info] - clear should remove all the token files (1 millisecond)
[info] - saveTokens should save the given token to respective files (3 milliseconds)
[WARN] [11/29/2018 19:01:38.116] [pool-1-thread-1] [ManifestInfo(akka://csw-auth-adapters-akka-http-RealmRolePolicyTest)] Detected possible incompatible versions on the classpath. Please note that a given Akka version MUST be the same across all modules of Akka that you are using, e.g. if you use [2.5.18] all other modules that are released together MUST be of the same version. Make sure you're using a compatible set of libraries.Possibly conflicting versions [2.5.18, 2.5.12] in libraries [akka-protobuf:2.5.18, akka-actor-typed:2.5.18, akka-actor:2.5.18, akka-slf4j:2.5.18, akka-stream:2.5.18, akka-stream-testkit:2.5.12]
[info] RealmRolePolicyTest:
[info] - realmRole policy should return AuthenticationFailedRejection when token is invalid (1 second, 323 milliseconds)
[info] - realmRole policy should return AuthenticationFailedRejection when token is not present (36 milliseconds)
[info] - realmRole policy should return AuthorizationFailedRejection when token does not have realmRole (191 milliseconds)
[info] - realmRole policy should return 200 OK when token is valid & has realmRole (57 milliseconds)
[WARN] [11/29/2018 19:01:40.040] [pool-1-thread-1] [ManifestInfo(akka://csw-auth-adapters-akka-http-ResourceRolePolicyTest)] Detected possible incompatible versions on the classpath. Please note that a given Akka version MUST be the same across all modules of Akka that you are using, e.g. if you use [2.5.18] all other modules that are released together MUST be of the same version. Make sure you're using a compatible set of libraries.Possibly conflicting versions [2.5.18, 2.5.12] in libraries [akka-protobuf:2.5.18, akka-actor-typed:2.5.18, akka-actor:2.5.18, akka-slf4j:2.5.18, akka-stream:2.5.18, akka-stream-testkit:2.5.12]
[info] ResourceRolePolicyTest:
[info] - resourceRole policy should return AuthenticationFailedRejection when token is invalid (4 milliseconds)
[info] - resourceRole policy should return AuthenticationFailedRejection when token is not present (5 milliseconds)
[info] - resourceRole policy should return AuthorizationFailedRejection when token does not have resourceRole (7 milliseconds)
[info] - resourceRole policy should return 200 OK when token is valid & has resourceRole (5 milliseconds)
[WARN] [11/29/2018 19:01:40.117] [pool-1-thread-1] [ManifestInfo(akka://csw-auth-adapters-akka-http-SecurityDirectivesTest)] Detected possible incompatible versions on the classpath. Please note that a given Akka version MUST be the same across all modules of Akka that you are using, e.g. if you use [2.5.18] all other modules that are released together MUST be of the same version. Make sure you're using a compatible set of libraries.Possibly conflicting versions [2.5.18, 2.5.12] in libraries [akka-protobuf:2.5.18, akka-actor-typed:2.5.18, akka-actor:2.5.18, akka-slf4j:2.5.18, akka-stream:2.5.18, akka-stream-testkit:2.5.12]
[info] SecurityDirectivesTest:
[info] - sGet using customPolicy should return 200 OK when policy matches (7 milliseconds)
[info] - sPost using realmRole should return 200 OK when token is valid & has realmRole (5 milliseconds)
[info] - sPut using permission should return 200 OK when token is valid & has permission (6 milliseconds)
[info] - sDelete using resourceRole should return 200 OK when token is valid & has resourceRole (4 milliseconds)
[info] - sHead using resourceRole should return 200 OK when token is valid & has resourceRole (5 milliseconds)
[info] - sPatch using customPolicy should return AuthenticationFailedRejection when token is not present (4 milliseconds)
[WARN] [11/29/2018 19:01:40.221] [pool-1-thread-1] [ManifestInfo(akka://csw-auth-adapters-akka-http-EmptyPolicyTest)] Detected possible incompatible versions on the classpath. Please note that a given Akka version MUST be the same across all modules of Akka that you are using, e.g. if you use [2.5.18] all other modules that are released together MUST be of the same version. Make sure you're using a compatible set of libraries.Possibly conflicting versions [2.5.18, 2.5.12] in libraries [akka-protobuf:2.5.18, akka-actor-typed:2.5.18, akka-actor:2.5.18, akka-slf4j:2.5.18, akka-stream:2.5.18, akka-stream-testkit:2.5.12]
[info] EmptyPolicyTest:
[info] - empty policy should return AuthenticationFailedRejection when token is invalid (6 milliseconds)
[info] - empty policy should return AuthenticationFailedRejection when token is not present (5 milliseconds)
[info] - empty policy should return 200 OK when token is valid & has permission (8 milliseconds)
[WARN] [11/29/2018 19:01:40.291] [pool-1-thread-1] [ManifestInfo(akka://csw-auth-adapters-akka-http-CustomPolicyTest)] Detected possible incompatible versions on the classpath. Please note that a given Akka version MUST be the same across all modules of Akka that you are using, e.g. if you use [2.5.18] all other modules that are released together MUST be of the same version. Make sure you're using a compatible set of libraries.Possibly conflicting versions [2.5.18, 2.5.12] in libraries [akka-protobuf:2.5.18, akka-actor-typed:2.5.18, akka-actor:2.5.18, akka-slf4j:2.5.18, akka-stream:2.5.18, akka-stream-testkit:2.5.12]
[info] CustomPolicyTest:
[info] - custom policy should return AuthenticationFailedRejection when token is invalid (4 milliseconds)
[info] - custom policy should return AuthenticationFailedRejection when token is not present (4 milliseconds)
[info] - custom policy should return AuthorizationFailedRejection when policy does not match (4 milliseconds)
[info] - custom policy should return 200 OK when policy matches (5 milliseconds)
[WARN] [11/29/2018 19:01:40.356] [pool-1-thread-1] [ManifestInfo(akka://csw-auth-adapters-akka-http-PermissionPolicyTest)] Detected possible incompatible versions on the classpath. Please note that a given Akka version MUST be the same across all modules of Akka that you are using, e.g. if you use [2.5.18] all other modules that are released together MUST be of the same version. Make sure you're using a compatible set of libraries.Possibly conflicting versions [2.5.18, 2.5.12] in libraries [akka-protobuf:2.5.18, akka-actor-typed:2.5.18, akka-actor:2.5.18, akka-slf4j:2.5.18, akka-stream:2.5.18, akka-stream-testkit:2.5.12]
[info] PermissionPolicyTest:
[info] - permission policy should return AuthenticationFailedRejection when token is invalid (3 milliseconds)
[info] - permission policy should return AuthenticationFailedRejection when token is not present (4 milliseconds)
[info] - permission policy should return AuthorizationFailedRejection when token does not have permission (5 milliseconds)
[info] - permission policy should return 200 OK when token is valid & has permission (4 milliseconds)
[info] Compiling 8 Scala sources to /home/girish/IdeaProjects/csw/csw-config-server/target/scala-2.12/classes ...
[info] Done compiling.
[info] Compiling 7 Scala sources to /home/girish/IdeaProjects/csw/csw-config-server/target/scala-2.12/classes ...
[info] Done compiling.
[info] Compiling 1 Scala source to /home/girish/IdeaProjects/csw/csw-location-server/target/scala-2.12/test-classes ...
[warn] /home/girish/IdeaProjects/csw/csw-location-server/src/test/scala/csw/location/server/http/HTTPLocationService.scala:19:7: variable locationWiring in trait HTTPLocationService references private[csw] class ServerWiring.
[warn] Classes which cannot access ServerWiring may be unable to override locationWiring_=.
[warn]   var locationWiring: Option[ServerWiring] = None
[warn]       ^
[warn] one warning found
[info] Done compiling.
[info] ComponentIdTest:
[info] - should not contain leading or trailing spaces in component's name (121 milliseconds)
[info] - should not contain '-' in component's name (1 millisecond)
[info] ComponentTypeTest:
[info] - ComponentType should be any one of this types : 'container', 'hcd', 'assembly' and 'service' (48 milliseconds)
[info] ConnectionTypeTest:
[info] - ConnectionType should be any one of this types : 'http', 'tcp' and 'akka' (6 milliseconds)
[info] ConnectionTest:
[info] - should able to form a string representation for akka connection for trombone HCD (6 milliseconds)
[info] - should able to form a string representation for tcp connection for redis (1 millisecond)
[info] - should able to form a string representation for http connection for config service (0 milliseconds)
[info] - should able to form a string representation for akka connection for trombone container (1 millisecond)
[info] - should able to form a string representation for akka connection for trombone assembly (1 millisecond)
[info] - should able to form a connection for components from a valid string representation (4 milliseconds)
[info] - should not be able to form a connection for components from an invalid string representation (1 millisecond)
[info] FullAlarmSeverityTest:
[info] - should match enum values (17 milliseconds)
[info] AlarmHealthTest:
[info] - should match enum values (2 milliseconds)
[info] - severities Okay, Warning should result in Good health (4 milliseconds)
[info] - severity Major should result in Ill health (1 millisecond)
[info] - severities Disconnected, Indeterminate, Critical should result in Bad health (1 millisecond)
[info] AlarmTypeTest:
[info] - should match enum values (0 milliseconds)
[info] KeyTest:
[info] - AlarmKey should be representing a unique alarm (38 milliseconds)
[info] - SubsystemKey should be representing keys for all alarms of a subsystem (9 milliseconds)
[info] - ComponentKey should be representing keys for all alarms of a component (9 milliseconds)
[info] - GlobalKey should be representing keys for all alarms (6 milliseconds)
[info] - AlarmKey should not allow '*' character (1 millisecond)
[info] - AlarmKey should not allow '[' character (1 millisecond)
[info] - AlarmKey should not allow ']' character (1 millisecond)
[info] - AlarmKey should not allow '-' character (0 milliseconds)
[info] - AlarmKey should not allow '^' character (0 milliseconds)
[info] - ComponentKey should not allow '*' character (1 millisecond)
[info] - ComponentKey should not allow '[' character (0 milliseconds)
[info] - ComponentKey should not allow ']' character (0 milliseconds)
[info] - ComponentKey should not allow '-' character (0 milliseconds)
[info] - ComponentKey should not allow '^' character (0 milliseconds)
[info] - ComponentKey should not allow empty values (1 millisecond)
[info] - AlarmKey should not allow empty values (1 millisecond)
[info] AlarmMetadataTest:
[info] - should get alarm key from AlarmMetadata (0 milliseconds)
[info] - should always support Indeterminate and Okay severities  (0 milliseconds)
[info] - should tell if the alarm is active or not (0 milliseconds)
[info] - should be able to get description of the alarm (0 milliseconds)
[info] - should be able to get alarm type (5 milliseconds)
[info] - should get probable cause from AlarmMetadata (1 millisecond)
[info] - should get operator response from AlarmMetadata (0 milliseconds)
[info] - should be able to determine if alarm can be auto-acknowledged (0 milliseconds)
[info] - should be able to determine if alarm can be latched (0 milliseconds)
[info] ShelveStatusTest:
[info] - should match enum values (0 milliseconds)
[info] AcknowledgementStatusTest:
[info] - should match enum values (1 millisecond)
[info] AlarmSeverityTest:
[info] - should match enum values (0 milliseconds)
[info] ActivationStatusTest:
[info] - should match enum values (0 milliseconds)
[info] Run completed in 25 seconds, 607 milliseconds.
[info] Total number of tests run: 13
[info] Suites: completed 2, aborted 0
[info] Tests: succeeded 13, failed 0, canceled 0, ignored 0, pending 0
[info] All tests passed.
[info] Run completed in 25 seconds, 541 milliseconds.
[info] Total number of tests run: 25
[info] Suites: completed 6, aborted 0
[info] Tests: succeeded 25, failed 0, canceled 0, ignored 0, pending 0
[info] All tests passed.
[info] Run completed in 25 seconds, 500 milliseconds.
[info] Total number of tests run: 0
[info] Suites: completed 0, aborted 0
[info] Tests: succeeded 0, failed 0, canceled 0, ignored 0, pending 0
[info] No tests were executed.
[info] Run completed in 25 seconds, 519 milliseconds.
[info] Total number of tests run: 11
[info] Suites: completed 4, aborted 0
[info] Tests: succeeded 11, failed 0, canceled 0, ignored 0, pending 0
[info] All tests passed.
[info] Run completed in 25 seconds, 453 milliseconds.
[info] Total number of tests run: 35
[info] Suites: completed 9, aborted 0
[info] Tests: succeeded 35, failed 0, canceled 0, ignored 0, pending 0
[info] All tests passed.
[info] Compiling 11 Scala sources to /home/girish/IdeaProjects/csw/csw-config-cli/target/scala-2.12/classes ...
[info] Done compiling.
[info] Compiling 1 Scala source to /home/girish/IdeaProjects/csw/csw-alarm-cli/target/scala-2.12/classes ...
[info] Done compiling.
[info] LocationServerStatusTest:
[info] - should return true when server is running on given host and port (51 milliseconds)
[info] - should throw exception when server is not running on given host and port (5 seconds, 66 milliseconds)
[info] Compiling 1 Scala source to /home/girish/IdeaProjects/csw/csw-framework/target/scala-2.12/classes ...
[info] Done compiling.
[info] JDatabaseServiceTest:
[info] - shouldBeAbleToCreateTableAndInsertDataInIt
[info] - shouldBeAbleToCreateANewDatabase
[info] - shouldBeAbleToAlterOrDropATable
[info] - shouldBeAbleToDeleteRecordsFromTable
[info] - shouldBeAbleToCreateJoinAndGroupRecordsUsingForeignKey
[info] - shouldBeAbleToQueryRecordsFromTheTable
[info] - shouldBeAbleToUpdateRecord
[info] DatabaseServiceTest:
[info] - should be able to create a new Database (8 milliseconds)
[info] - should be able to alter/drop a table (150 milliseconds)
[info] - should be able to query records from the table (65 milliseconds)
[info] - should be able to create table with unique default IDs and insert data in it (96 milliseconds)
[info] - should be able to create, join and group records (3 milliseconds)
[info] - should be able to update record (2 milliseconds)
[info] - should be able to delete records (110 milliseconds)
[info] JLocationServiceImplTest:
[info] - testHttpRegistration
[info] - testTrackingConnection
[info] - testResolveTcpConnection
[info] - testRegistrationAndUnregistrationOfHttpComponent
[info] - testListComponentsByHostname
[info] - testResolveAkkaConnection
[info] - testUnregisteringDeadActorByDeathWatch
[info] - testTcpRegistration
[info] - testListComponents
[info] - testSubscribeConnection
[info] - testListakkaComponentsByPrefix
[info] - testAkkaRegistration
[info] - testLocationServiceRegisterWithAkkaHttpTcpAsSequence
[info] - testListComponentsByConnectionType
[info] - testListComponentsByComponentType
[ERROR] [11/29/2018 19:02:39.049] [csw-remote-actor-system-akka.actor.default-dispatcher-37] [akka.tcp://csw-location-server@192.168.1.11:3552/system/remote-watcher] swallowing exception during message send (akka.remote.RemoteTransportExceptionNoStackTrace: Attempted to send remote message but Remoting is not running.)
[info] LocationServiceCompTestWithCluster:
[info] - should able to register, resolve, list and unregister tcp location (2 seconds, 307 milliseconds)
[info] - should able to register, resolve, list and unregister http location (2 seconds, 42 milliseconds)
[info] - should able to register, resolve, list and unregister akka location (2 seconds, 31 milliseconds)
[info] - akka location death watch actor should unregister services whose actorRef is terminated (246 milliseconds)
[info] - should able to track tcp connection and get location updated(on registration) and remove(on unregistration) messages (962 milliseconds)
[info] - should be able to subscribe a tcp connection and receive notifications via callback (1 second, 203 milliseconds)
[info] - should able to track http and akka connection registered before tracking started (1 second, 289 milliseconds)
[info] - should able to stop tracking (699 milliseconds)
[info] - should not register a different Registration(connection + port/URI/actorRef) against already registered name (11 milliseconds)
[info] - registering an already registered Registration(connection + port/URI/actorRef) on same machine should not result in failure (5 milliseconds)
[info] - unregistering an already unregistered connection does not result in failure (1 millisecond)
[info] - should able to resolve tcp connection (1 millisecond)
[info] - should filter components with component type (2 milliseconds)
[info] - should filter connections based on Connection type (4 milliseconds)
[info] - should filter connections based on hostname (4 milliseconds)
[info] - should filter akka connections based on prefix (4 milliseconds)
[info] - should able to unregister all components (2 milliseconds)
[info] ArgsParserTest:
[info] - parse without arguments (10 milliseconds)
[info] - parse with all arguments without testMode (2 milliseconds)
[info] - parse with all arguments --testMode (0 milliseconds)
[info] - parse with some arguments (0 milliseconds)
[info] BlockingUtilsTest:
[info] - test that Poll method bottoms out and returns expected result (1 second, 7 milliseconds)
[info] - test that Poll method detects predicate fulfillment (210 milliseconds)
[info] MultiActorSystemTest:
[info] - ensure that location service works across two actorSystems within the same JVM (107 milliseconds)
[info] StreamExtTest:
[info] - distinctUntilChanged (3 milliseconds)
[info] ClusterSettingsTest:
[info] - exception is thrown when settings are not found for a given cluster name (3 milliseconds)
[info] - default cluster settings are used when no custom parameters are supplied (5 milliseconds)
[info] - cluster settings with custom parameters are used (1 millisecond)
[info] - cluster settings with join Local (2 milliseconds)
[info] - cluster settings with custom values (1 millisecond)
[info] - cluster settings with system properties (0 milliseconds)
[info] RegistrationTest:
[info] - should able to create the AkkaRegistration which should internally create AkkaLocation (1 millisecond)
[info] - should able to create the HttpRegistration which should internally create HttpLocation (0 milliseconds)
[info] - should able to create the TcpRegistration which should internally create TcpLocation (1 millisecond)
[WARN] [11/29/2018 19:02:53.605] [pool-1-thread-1-ScalaTest-running-RegistrationTest] [ManifestInfo(akka://local-actor-system)] Detected possible incompatible versions on the classpath. Please note that a given Akka version MUST be the same across all modules of Akka that you are using, e.g. if you use [2.5.18] all other modules that are released together MUST be of the same version. Make sure you're using a compatible set of libraries.Possibly conflicting versions [2.5.18, 2.5.6] in libraries [akka-multi-node-testkit:2.5.18, akka-persistence:2.5.6, akka-cluster-sharding:2.5.6, akka-protobuf:2.5.18, akka-actor-typed:2.5.18, akka-actor:2.5.18, akka-slf4j:2.5.18, akka-remote:2.5.18, akka-cluster:2.5.18, akka-distributed-data:2.5.18, akka-stream:2.5.18, akka-cluster-typed:2.5.18, akka-actor-testkit-typed:2.5.18, akka-stream-testkit:2.5.18, akka-cluster-tools:2.5.18]
[info] - should not allow AkkaRegistration using local ActorRef (23 milliseconds)
[info] LocationServiceCompTestWithHttp:
[info] - should able to register, resolve, list and unregister tcp location (2 seconds, 352 milliseconds)
[info] - should able to register, resolve, list and unregister http location (2 seconds, 72 milliseconds)
[info] - should able to register, resolve, list and unregister akka location (2 seconds, 72 milliseconds)
[info] - akka location death watch actor should unregister services whose actorRef is terminated (464 milliseconds)
[info] - should able to track tcp connection and get location updated(on registration) and remove(on unregistration) messages (917 milliseconds)
[info] - should be able to subscribe a tcp connection and receive notifications via callback (1 second, 199 milliseconds)
[info] - should able to track http and akka connection registered before tracking started (1 second, 271 milliseconds)
[info] - should able to stop tracking (699 milliseconds)
[info] - should not register a different Registration(connection + port/URI/actorRef) against already registered name (16 milliseconds)
[info] - registering an already registered Registration(connection + port/URI/actorRef) on same machine should not result in failure (18 milliseconds)
[info] - unregistering an already unregistered connection does not result in failure (11 milliseconds)
[info] - should able to resolve tcp connection (6 milliseconds)
[info] - should filter components with component type (20 milliseconds)
[info] - should filter connections based on Connection type (23 milliseconds)
[info] - should filter connections based on hostname (27 milliseconds)
[info] - should filter akka connections based on prefix (14 milliseconds)
[info] - should able to unregister all components (14 milliseconds)
[info] JHTTPLocationService:
[info] Compiling 6 Scala sources to /home/girish/IdeaProjects/csw/csw-config-server/target/scala-2.12/test-classes ...
[info] Done compiling.
[info] JArrayKeyTypeTest:
[info] - testDoubleArrayKeyParameter
[info] - testByteArrayKeyParameter
[info] - testIntArrayKeyParameter
[info] - testLongArrayKeyParameter
[info] - testFloatArrayKeyParameter
[info] - testShortArrayKeyParameter
[info] JArrayDataTest:
[info] - shouldCreateArrayDataFromJavaArray
[info] UniqueKeyVerificationTest:
[info] Test Commands
[info] - Setup command is able to remove duplicate keys (31 milliseconds)
[info] - Observe command is able to remove duplicate keys (11 milliseconds)
[info] - Wait command is able to remove duplicate keys (3 milliseconds)
[info] Test Result
[info] - is able to remove duplicate keys (20 milliseconds)
[info] Test Struct
[info] - is able to remove duplicate keys (1 millisecond)
[info] Test StateVariables
[info] - DemandState is able to remove duplicate keys (5 milliseconds)
[info] - CurrentState is able to remove duplicate keys (3 milliseconds)
[info] Test Events
[info] - ObserveEvent command is able to remove duplicate keys (176 milliseconds)
[info] - SystemEvent command is able to remove duplicate keys (6 milliseconds)
[info] JCommandsTest:
[info] - shouldAbleToCreateAndAccessWaitCommand
[info] - shouldAbleToCreateAndAccessSetupCommand
[info] - shoulRdAbleToCloneAnExistingCommand
[info] - shouldAbleToCreateAndAccessObserveCommand
[info] JChoiceKeyTypeTest:
[info] - choicesAPIShouldBeAccessible
[info] - shouldThrowExceptionForInvalidChoice
[info] - shouldAbleToCreateChoiceParameterWithUnits
[info] - choiceKeyShouldHaveNameTypeAndChoices
[info] - shouldAbleToCreateChoiceParameterWithoutUnits
[info] IdTest:
[info] - should able to create setup commands having unique runId (2 milliseconds)
[info] - should able to create observe commands having unique runId (1 millisecond)
[info] - should able to create wait commands having unique runId (0 milliseconds)
[info] JsonTest:
[info] Test Subsystem JSON
[info] - should encode and decode properly (153 milliseconds)
[info] Test Prefix
[info] - should encode and decode properly (0 milliseconds)
[info] Test Units JSON
[info] - should encode and decode properly (1 millisecond)
[info] Test concrete items
[info] - char item encode/decode without units (77 milliseconds)
[info] - char item encode/decode with units (1 millisecond)
[info] - short item encode/decode (5 milliseconds)
[info] - int item encode/decode (0 milliseconds)
[info] - long item encode/decode (1 millisecond)
[info] - float item encode/decode (4 milliseconds)
[info] - double item encode/decode (4 milliseconds)
[info] - boolean item encode/decode (3 milliseconds)
[info] - string item encode/decode (0 milliseconds)
[info] Testing Items
[info] - should encode and decode items list (1 millisecond)
[info] Commands and Events JSON
[info] - Should encode/decode a Setup (41 milliseconds)
[info] - Should encode/decode an Observe (8 milliseconds)
[info] - Should encode/decode an Wait (5 milliseconds)
[info] - Should encode/decode an ObserveEvent (44 milliseconds)
[info] - Should encode/decode an SystemEvent (17 milliseconds)
[info] - Should encode/decode an CurrentState (24 milliseconds)
[info] - Should encode/decode an DemandState (7 milliseconds)
[info] Test Custom RaDecItem
[info] - Should allow custom RaDecItem (3 milliseconds)
[info] Test Double Matrix items
[info] - Should allow double matrix values (3 milliseconds)
[info] Test Double Array items
[info] - Should allow double array values (2 milliseconds)
[info] Test Int Matrix items
[info] - Should allow int matrix values (1 millisecond)
[info] Test Int Array items
[info] - Should allow int array values (1 millisecond)
[info] Test Byte Matrix items
[info] - Should allow byte matrix values (1 millisecond)
[info] Test Byte Array items
[info] - Should allow byte array values (1 millisecond)
[info] Test Short Matrix items
[info] - Should allow short matrix values (1 millisecond)
[info] Test Short Array items
[info] - Should allow short array values (1 millisecond)
[info] Test Long Matrix items
[info] - Should allow long matrix values (1 millisecond)
[info] Test Long Array items
[info] - Should allow long array values (0 milliseconds)
[info] Test Choice items
[info] - Should allow choice/enum values (1 millisecond)
[info] testing StructItem JSON support
[info] - should allow Struct values (2 milliseconds)
[info] SerializationTest:
[info] - ConfigType kryo serialization (142 milliseconds)
[info] - System event kryo serialization (3 milliseconds)
[info] - CurrentStates kryo serialization (2 milliseconds)
[info] JStateVariableTest:
[info] - shouldAbleToCreateDemandState
[info] - shouldAbleToCreateCurrentState
[info] - shouldAbleToCreateCurrentStatesUsingList
[info] - shouldAbleToCreateCurrentStatesUsingVargs
[info] - shouldAbleToMatchWithDefaultMatcher
[info] - shouldAbleToCreateCurrentStateFromSetup
[info] - shouldAbleToCreateDemandStateFromSetup
[info] CommandsTest:
[info] Setup config tests
[info] - Should allow adding keys using single set (2 milliseconds)
[info] - Should allow setting with units (1 millisecond)
[info] - Should allow apply which returns values (2 milliseconds)
[info] - should update for the same key with set (0 milliseconds)
[info] - Should able to create with Byte Parameteret (0 milliseconds)
[info] - Should allow updates (0 milliseconds)
[info] - Should allow to create setup without obsId (0 milliseconds)
[info] - Should create new RunId when a parameter is added or removed (0 milliseconds)
[info] Observe config tests
[info] - Should allow adding keys (0 milliseconds)
[info] - Should allow setting (0 milliseconds)
[info] - Should allow apply (1 millisecond)
[info] - should update for the same key with set (0 milliseconds)
[info] - should update for the same key with add (0 milliseconds)
[info] - Should create new RunId when a parameter is added or removed (0 milliseconds)
[info] Wait config tests
[info] - Should allow adding keys (0 milliseconds)
[info] - Should allow setting (0 milliseconds)
[info] - Should allow apply (0 milliseconds)
[info] - should update for the same key with set (0 milliseconds)
[info] - should update for the same key with add (0 milliseconds)
[info] - Should create new RunId when a parameter is added or removed (0 milliseconds)
[info] testing for getting typed items
[info] Checking for item types in configs
[info] - Should get as IntItem (0 milliseconds)
[info] Check for multi-add
[info] - Should allow vararg add (0 milliseconds)
[info] Should work with remove
[info] - Setup command should allow removing one at a time (1 millisecond)
[info] - Observe command should allow removing one at a time (0 milliseconds)
[info] - Wait command should allow removing one at a time (0 milliseconds)
[info] should work with remove by item
[info] - Should allow removing one at a time (0 milliseconds)
[info] clone command test
[info] - clone command creates a command from existing command with a new RunId for Setup, Observe or Wait (15 milliseconds)
[info] BinaryImageByteArrayTest:
[info] test ByteArrayKey
[info] - should able to create parameter representing binary image (16 milliseconds)
[info] EventsTest:
[info] SystemEvent Test
[info] - should create with prefix and eventName (0 milliseconds)
[info] - should create with prefix, eventName, paramSet (0 milliseconds)
[info] - Should allow removing (0 milliseconds)
[info] - Should allow adding (0 milliseconds)
[info] - Should access metadata fields (7 milliseconds)
[info] - each event created should be unique (1 millisecond)
[info] ObserveEvent Test
[info] - should create with prefix and eventName (1 millisecond)
[info] - should create with prefix, eventName and paramSet (0 milliseconds)
[info] - Should allow removing (0 milliseconds)
[info] - Should allow adding (0 milliseconds)
[info] - Should access metadata fields (1 millisecond)
[info] - each event created should be unique (0 milliseconds)
[info] KeyParameterTest:
[info] basic key tests
[info] - should have correct name (1 millisecond)
[info] - should have equality based on name (0 milliseconds)
[info] test booleanKey
[info] - should allow single val (5 milliseconds)
[info] - should work with list, withUnits (0 milliseconds)
[info] - should work with list, units (1 millisecond)
[info] test charItem
[info] - should allow single val (0 milliseconds)
[info] - should work with list, withUnits (0 milliseconds)
[info] - should work with list, units (0 milliseconds)
[info] test ByteItem
[info] - should allow single val (0 milliseconds)
[info] - should work with list, withUnits (1 millisecond)
[info] - should work with list, units (0 milliseconds)
[info] test ByteArrayKey
[info] - should test single item (0 milliseconds)
[info] - should test with list, withUnits (1 millisecond)
[info] - should test with list, units (1 millisecond)
[info] - should test using one array with and without units (0 milliseconds)
[info] - should test using var args (0 milliseconds)
[info] test byteMatrixKey
[info] - should work with a single item (0 milliseconds)
[info] - should work with list and withUnits (0 milliseconds)
[info] - should work with list and units (0 milliseconds)
[info] - work with one matrix without and with units (0 milliseconds)
[info] - work with varargs (1 millisecond)
[info] - work with varargs as arrays (0 milliseconds)
[info] test ShortItem
[info] - should allow single val (0 milliseconds)
[info] - should work with list, withUnits (0 milliseconds)
[info] - should work with list, units (0 milliseconds)
[info] test shortArrayKey
[info] - should test single item (0 milliseconds)
[info] - should test with list, withUnits (0 milliseconds)
[info] - should test with list, units (0 milliseconds)
[info] - should test using one array with and without units (0 milliseconds)
[info] - should test using var args (0 milliseconds)
[info] test shortMatrixKey
[info] - should work with a single item (0 milliseconds)
[info] - should work with list and withUnits (0 milliseconds)
[info] - should work with list and units (0 milliseconds)
[info] - work with one matrix without and with units (0 milliseconds)
[info] - work with varargs (0 milliseconds)
[info] - work with varargs as arrays (1 millisecond)
[info] test IntItem
[info] - should allow single val (0 milliseconds)
[info] - should work with list, withUnits (0 milliseconds)
[info] - should work with list, units (0 milliseconds)
[info] test intArrayKey
[info] - should test single item (0 milliseconds)
[info] - should test with list, withUnits (0 milliseconds)
[info] - should test with list, units (0 milliseconds)
[info] - should test using one array with and without units (0 milliseconds)
[info] - should test using var args (0 milliseconds)
[info] test intMatrixKey
[info] - should work with a single item (0 milliseconds)
[info] - should work with list and withUnits (0 milliseconds)
[info] - should work with list and units (0 milliseconds)
[info] - work with one matrix without and with units (1 millisecond)
[info] - work with varargs (0 milliseconds)
[info] - work with varargs as arrays (0 milliseconds)
[info] test longKey
[info] - should allow single val (1 millisecond)
[info] - should work with list, withUnits (0 milliseconds)
[info] - should work with list, units (0 milliseconds)
[info] test LongArrayKey
[info] - should test single item (1 millisecond)
[info] - should test with list, withUnits (0 milliseconds)
[info] - should test with list, units (0 milliseconds)
[info] - should test using one array with and without units (0 milliseconds)
[info] - should test using var args (0 milliseconds)
[info] test longMatrixKey
[info] - should work with a single item (0 milliseconds)
[info] - should work with list and withUnits (0 milliseconds)
[info] - should work with list and units (0 milliseconds)
[info] - work with one matrix without and with units (0 milliseconds)
[info] - work with varargs (0 milliseconds)
[info] - work with varargs as arrays (1 millisecond)
[info] test floatItem
[info] - should allow single val (0 milliseconds)
[info] - should work with list, withUnits (0 milliseconds)
[info] - should work with list, units (0 milliseconds)
[info] test floatArrayKey
[info] - should test single item (0 milliseconds)
[info] - should test with list, withUnits (0 milliseconds)
[info] - should test with list, units (0 milliseconds)
[info] - should test using one array with and without units (0 milliseconds)
[info] - should test using var args (0 milliseconds)
[info] test floatMatrixKey
[info] - should work with a single item (0 milliseconds)
[info] - should work with list and withUnits (0 milliseconds)
[info] - should work with list and units (0 milliseconds)
[info] - work with one matrix without and with units (0 milliseconds)
[info] - work with varargs (0 milliseconds)
[info] - work with varargs as arrays (0 milliseconds)
[info] test doubleItem
[info] - should allow single val (0 milliseconds)
[info] - should work with list, withUnits (0 milliseconds)
[info] - should work with list, units (0 milliseconds)
[info] test doubleArrayKey
[info] - should test single item (0 milliseconds)
[info] - should test with list, withUnits (1 millisecond)
[info] - should test with list, units (0 milliseconds)
[info] - should test using one array with and without units (0 milliseconds)
[info] - should test using var args (0 milliseconds)
[info] test doubleMatrixKey
[info] - should work with a single item (0 milliseconds)
[info] - should work with list and withUnits (0 milliseconds)
[info] - should work with list and units (0 milliseconds)
[info] - work with one matrix without and with units (0 milliseconds)
[info] - work with varargs (0 milliseconds)
[info] - work with varargs as arrays (0 milliseconds)
[info] test TimestampItem
[info] - should allow create a Timestamp parameter from a timestamp key (0 milliseconds)
[info] - and second must be default Unit (0 milliseconds)
[info] - should work with list, withUnits (0 milliseconds)
[info] - should work with list, units (1 millisecond)
[info] testing ChoiceItem
[info] - should allow creating with Choices object (2 milliseconds)
[info] - should allow creating with varargs of Strings (0 milliseconds)
[info] - should allow creation with individual Choice items (0 milliseconds)
[info] test raDecKey
[info] - should allow single val (0 milliseconds)
[info] - should work with list, withUnits (0 milliseconds)
[info] - should work with list, units (1 millisecond)
[info] test stringKey
[info] - should allow single val (0 milliseconds)
[info] - should work with list, withUnits (0 milliseconds)
[info] - should work with list, units (1 millisecond)
[info] testing StructItem
[info] - should allow creating Struct items (0 milliseconds)
[info] test setting multiple values
[info] - should allow setting a single value (0 milliseconds)
[info] - should allow setting several (0 milliseconds)
[info] - should also allow setting with sequence (0 milliseconds)
[info] EqualityTest:
[info] Array-based long array equality
[info] - should short circuit with identical same arrays (0 milliseconds)
[info] - should be equal with identical different arrays (0 milliseconds)
[info] - should fail with different valued arrays (0 milliseconds)
[info] - should work with items too when equal (0 milliseconds)
[info] - should fail with items when values not equal (0 milliseconds)
[info] Array-based long matrix equality
[info] - should short circuit with identical same matrices (0 milliseconds)
[info] - should be equal with identical different matrices (0 milliseconds)
[info] - should fail with different valued matrices (0 milliseconds)
[info] - should fail for totally different matrices (0 milliseconds)
[info] Array-based byte array equality
[info] - should short circuit with identical same arrays (0 milliseconds)
[info] - should be equal with identical different arrays (0 milliseconds)
[info] - should fail with different valued arrays (1 millisecond)
[info] - should work with items too when equal (0 milliseconds)
[info] - should fail with items when values not equal (0 milliseconds)
[info] Array-based byte matrix equality
[info] - should short circuit with identical same matrices (0 milliseconds)
[info] - should be equal with identical different matrices (0 milliseconds)
[info] - should fail with different valued matrices (0 milliseconds)
[info] - should fail for totally different matrices (0 milliseconds)
[info] Array-based double array equality
[info] - should short circuit with identical same arrays (0 milliseconds)
[info] - should be equal with identical different arrays (0 milliseconds)
[info] - should fail with different valued arrays (0 milliseconds)
[info] - should work with items too when equal (0 milliseconds)
[info] - should fail with items when values not equal (0 milliseconds)
[info] Array-based double matrix equality
[info] - should short circuit with identical same matrices (0 milliseconds)
[info] - should be equal with identical different matrices (0 milliseconds)
[info] - should fail with different valued matrices (0 milliseconds)
[info] - should fail for totally different matrices (0 milliseconds)
[info] Array-based float array equality
[info] - should short circuit with identical same arrays (1 millisecond)
[info] - should be equal with identical different arrays (0 milliseconds)
[info] - should fail with different valued arrays (0 milliseconds)
[info] - should work with items too when equal (1 millisecond)
[info] - should fail with items when values not equal (0 milliseconds)
[info] Array-based float matrix equality
[info] - should short circuit with identical same matrices (0 milliseconds)
[info] - should be equal with identical different matrices (0 milliseconds)
[info] - should fail with different valued matrices (0 milliseconds)
[info] - should fail for totally different matrices (0 milliseconds)
[info] Array-based int array equality
[info] - should short circuit with identical same arrays (0 milliseconds)
[info] - should be equal with identical different arrays (0 milliseconds)
[info] - should fail with different valued arrays (0 milliseconds)
[info] - should work with items too when equal (0 milliseconds)
[info] - should fail with items when values not equal (0 milliseconds)
[info] Array-based int matrix equality
[info] - should short circuit with identical same matrices (0 milliseconds)
[info] - should be equal with identical different matrices (0 milliseconds)
[info] - should fail with different valued matrices (0 milliseconds)
[info] - should fail for totally different matrices (0 milliseconds)
[info] Array-based short array equality
[info] - should short circuit with identical same arrays (0 milliseconds)
[info] - should be equal with identical different arrays (0 milliseconds)
[info] - should fail with different valued arrays (0 milliseconds)
[info] - should work with items too when equal (0 milliseconds)
[info] - should fail with items when values not equal (0 milliseconds)
[info] Array-based short matrix equality
[info] - should short circuit with identical same matrices (0 milliseconds)
[info] - should be equal with identical different matrices (0 milliseconds)
[info] - should fail with different valued matrices (0 milliseconds)
[info] - should fail for totally different matrices (0 milliseconds)
[info] JStructTest:
[info] - shouldAbleToCreateWithSetOfParams
[info] - shouldAbleToCreateWithVarArgs
[info] JSimpleKeyTypeTest:
[info] - testBooleanKeyParameter
[info] - testDoubleKeyParameter
[info] - testCharKeyParameter
[info] - testFloatKeyParameter
[info] - testStructKeyParameter
[info] - testIntegerKeyParameter
[info] - testStringKeyParameter
[info] - testTimestampKeyParameter
[info] - testLongKeyParameter
[info] - testShortKeyParameter
[info] - testByteKeyParameter
[info] - testRaDecKeyParameter
[info] JMatrixDataTest:
[info] - shouldCreateMatrixDataFromJavaArrays
[info] JEventsTest:
[info] - shouldAbleToRemoveParamsInSystemEvent
[info] - shouldAbleToRemoveParamsInObserveEvent
[info] - shouldAbleToCreateAndAccessSystemEvent
[info] - shouldBeUniqueIdWhenParametersAreAddedOrRemovedForObserve
[info] - shouldBeUniqueWhenParametersAreAddedOrRemovedForSystem
[info] - shouldAbleToCreateAndAccessObserveEvent
[info] JsonContractTest:
[info] Test Sequence Commands
[info] - should adhere to specified standard Setup json format (27 milliseconds)
[info] - should adhere to specified standard Observe json format (3 milliseconds)
[info] - should adhere to specified standard Wait json format (2 milliseconds)
[info] Test Events
[info] - should adhere to specified standard ObserveEvent json format (2 milliseconds)
[info] - should adhere to specified standard SystemEvent json format (2 milliseconds)
[info] Test State Variables
[info] - should adhere to specified standard CurrentState json format (2 milliseconds)
[info] - should adhere to specified standard DemandState json format (2 milliseconds)
[info] Exercise all types of keys
[info] - should able to serialize and deserialize Setup command with all keys to and from json (5 milliseconds)
[info] Run completed in 1 minute, 11 seconds.
[info] Total number of tests run: 2
[info] Suites: completed 1, aborted 0
[info] Tests: succeeded 2, failed 0, canceled 0, ignored 0, pending 0
[info] All tests passed.
[info] ScalaTest
[info] Run completed in 1 minute, 10 seconds.
[info] Total number of tests run: 67
[info] Suites: completed 10, aborted 0
[info] Tests: succeeded 67, failed 0, canceled 0, ignored 0, pending 0
[info] All tests passed.
[info] Passed: Total 67, Failed 0, Errors 0, Passed 67
[info] ScalaTest
[info] Run completed in 1 minute, 11 seconds.
[info] Total number of tests run: 14
[info] Suites: completed 2, aborted 0
[info] Tests: succeeded 14, failed 0, canceled 0, ignored 0, pending 0
[info] All tests passed.
[info] Passed: Total 14, Failed 0, Errors 0, Passed 14
[info] * csw.location.server.http.LocationServiceTestWithHttp
[JVM-1] Run starting. Expected test count is: 2
[JVM-1] LocationServiceTestWithHttpMultiJvmNode1:
[JVM-2] Run starting. Expected test count is: 2
[JVM-2] LocationServiceTestWithHttpMultiJvmNode2:
[JVM-1] - ensure that location service is up for all the nodes
[JVM-2] - ensure that location service is up for all the nodes
[JVM-1] WARNING: An illegal reflective access operation has occurred
[JVM-1] WARNING: Illegal reflective access by com.esotericsoftware.kryo.util.UnsafeUtil (file:/home/girish/IdeaProjects/csw/csw-location-server/target/multi-run-copied-libraries/kryo-shaded-4.0.2.jar) to constructor java.nio.DirectByteBuffer(long,int,java.lang.Object)
[JVM-1] WARNING: Please consider reporting this to the maintainers of com.esotericsoftware.kryo.util.UnsafeUtil
[JVM-1] WARNING: Use --illegal-access=warn to enable warnings of further illegal reflective access operations
[JVM-1] WARNING: All illegal access operations will be denied in a future release
[JVM-2] WARNING: An illegal reflective access operation has occurred
[JVM-2] WARNING: Illegal reflective access by com.esotericsoftware.kryo.util.UnsafeUtil (file:/home/girish/IdeaProjects/csw/csw-location-server/target/multi-run-copied-libraries/kryo-shaded-4.0.2.jar) to constructor java.nio.DirectByteBuffer(long,int,java.lang.Object)
[JVM-2] WARNING: Please consider reporting this to the maintainers of com.esotericsoftware.kryo.util.UnsafeUtil
[JVM-2] WARNING: Use --illegal-access=warn to enable warnings of further illegal reflective access operations
[JVM-2] WARNING: All illegal access operations will be denied in a future release
[JVM-1] - ensure that a component registered by one node is resolved and listed on all the nodes
[JVM-2] - ensure that a component registered by one node is resolved and listed on all the nodes
[JVM-2] Run completed in 10 seconds, 804 milliseconds.
[JVM-2] Total number of tests run: 2
[JVM-2] Suites: completed 1, aborted 0
[JVM-2] Tests: succeeded 2, failed 0, canceled 0, ignored 0, pending 0
[JVM-2] All tests passed.
[JVM-1] Run completed in 10 seconds, 971 milliseconds.
[JVM-1] Total number of tests run: 2
[JVM-1] Suites: completed 1, aborted 0
[JVM-1] Tests: succeeded 2, failed 0, canceled 0, ignored 0, pending 0
[JVM-1] All tests passed.
[info] * csw.location.LocationServiceTest
[JVM-1] Run starting. Expected test count is: 2
[JVM-1] LocationServiceTestMultiJvmNode1:
[JVM-2] Run starting. Expected test count is: 2
[JVM-2] LocationServiceTestMultiJvmNode2:
[JVM-1] - ensure that location service is up for all the nodes
[JVM-2] - ensure that location service is up for all the nodes
[JVM-1] WARNING: An illegal reflective access operation has occurred
[JVM-1] WARNING: Illegal reflective access by com.esotericsoftware.kryo.util.UnsafeUtil (file:/home/girish/IdeaProjects/csw/csw-location-server/target/multi-run-copied-libraries/kryo-shaded-4.0.2.jar) to constructor java.nio.DirectByteBuffer(long,int,java.lang.Object)
[JVM-1] WARNING: Please consider reporting this to the maintainers of com.esotericsoftware.kryo.util.UnsafeUtil
[JVM-1] WARNING: Use --illegal-access=warn to enable warnings of further illegal reflective access operations
[JVM-1] WARNING: All illegal access operations will be denied in a future release
[JVM-2] WARNING: An illegal reflective access operation has occurred
[JVM-2] WARNING: Illegal reflective access by com.esotericsoftware.kryo.util.UnsafeUtil (file:/home/girish/IdeaProjects/csw/csw-location-server/target/multi-run-copied-libraries/kryo-shaded-4.0.2.jar) to constructor java.nio.DirectByteBuffer(long,int,java.lang.Object)
[JVM-2] WARNING: Please consider reporting this to the maintainers of com.esotericsoftware.kryo.util.UnsafeUtil
[JVM-2] WARNING: Use --illegal-access=warn to enable warnings of further illegal reflective access operations
[JVM-2] WARNING: All illegal access operations will be denied in a future release
[JVM-1] - ensure that a component registered by one node is resolved and listed on all the nodes
[JVM-2] - ensure that a component registered by one node is resolved and listed on all the nodes
[JVM-2] Run completed in 8 seconds, 540 milliseconds.
[JVM-2] Total number of tests run: 2
[JVM-2] Suites: completed 1, aborted 0
[JVM-2] Tests: succeeded 2, failed 0, canceled 0, ignored 0, pending 0
[JVM-2] All tests passed.
[JVM-1] Run completed in 8 seconds, 634 milliseconds.
[JVM-1] Total number of tests run: 2
[JVM-1] Suites: completed 1, aborted 0
[JVM-1] Tests: succeeded 2, failed 0, canceled 0, ignored 0, pending 0
[JVM-1] All tests passed.
[info] * csw.location.DetectAkkaComponentCrashTest
[JVM-1] Run starting. Expected test count is: 2
[JVM-1] DetectAkkaComponentCrashTestMultiJvmNode1:
[JVM-2] Run starting. Expected test count is: 2
[JVM-2] DetectAkkaComponentCrashTestMultiJvmNode2:
[JVM-3] Run starting. Expected test count is: 2
[JVM-3] DetectAkkaComponentCrashTestMultiJvmNode3:
[JVM-1] - ensure that location service is up for all the nodes
[JVM-3] - ensure that location service is up for all the nodes
[JVM-2] - ensure that location service is up for all the nodes
[JVM-3] WARNING: An illegal reflective access operation has occurred
[JVM-3] WARNING: Illegal reflective access by com.esotericsoftware.kryo.util.UnsafeUtil (file:/home/girish/IdeaProjects/csw/csw-location-server/target/multi-run-copied-libraries/kryo-shaded-4.0.2.jar) to constructor java.nio.DirectByteBuffer(long,int,java.lang.Object)
[JVM-3] WARNING: Please consider reporting this to the maintainers of com.esotericsoftware.kryo.util.UnsafeUtil
[JVM-3] WARNING: Use --illegal-access=warn to enable warnings of further illegal reflective access operations
[JVM-3] WARNING: All illegal access operations will be denied in a future release
[JVM-2] WARNING: An illegal reflective access operation has occurred
[JVM-2] WARNING: Illegal reflective access by com.esotericsoftware.kryo.util.UnsafeUtil (file:/home/girish/IdeaProjects/csw/csw-location-server/target/multi-run-copied-libraries/kryo-shaded-4.0.2.jar) to constructor java.nio.DirectByteBuffer(long,int,java.lang.Object)
[JVM-2] WARNING: Please consider reporting this to the maintainers of com.esotericsoftware.kryo.util.UnsafeUtil
[JVM-2] WARNING: Use --illegal-access=warn to enable warnings of further illegal reflective access operations
[JVM-2] WARNING: All illegal access operations will be denied in a future release
[JVM-1] WARNING: An illegal reflective access operation has occurred
[JVM-1] WARNING: Illegal reflective access by com.esotericsoftware.kryo.util.UnsafeUtil (file:/home/girish/IdeaProjects/csw/csw-location-server/target/multi-run-copied-libraries/kryo-shaded-4.0.2.jar) to constructor java.nio.DirectByteBuffer(long,int,java.lang.Object)
[JVM-1] WARNING: Please consider reporting this to the maintainers of com.esotericsoftware.kryo.util.UnsafeUtil
[JVM-1] WARNING: Use --illegal-access=warn to enable warnings of further illegal reflective access operations
[JVM-1] WARNING: All illegal access operations will be denied in a future release
[JVM-1] - akka component running on one node should detect if other component running on another node crashes
[JVM-3] - akka component running on one node should detect if other component running on another node crashes
[JVM-3] Run completed in 27 seconds, 682 milliseconds.
[JVM-3] Total number of tests run: 2
[JVM-3] Suites: completed 1, aborted 0
[JVM-3] Tests: succeeded 2, failed 0, canceled 0, ignored 0, pending 0
[JVM-3] All tests passed.
[JVM-1] Run completed in 27 seconds, 704 milliseconds.
[JVM-1] Total number of tests run: 2
[JVM-1] Suites: completed 1, aborted 0
[JVM-1] Tests: succeeded 2, failed 0, canceled 0, ignored 0, pending 0
[JVM-1] All tests passed.
[info] * csw.location.server.http.DetectComponentRestartTestWithHttp
[JVM-1] Run starting. Expected test count is: 2
[JVM-1] DetectComponentRestartTestWithHttpMultiJvmNode1:
[JVM-2] Run starting. Expected test count is: 2
[JVM-2] DetectComponentRestartTestWithHttpMultiJvmNode2:
[JVM-3] Run starting. Expected test count is: 2
[JVM-3] DetectComponentRestartTestWithHttpMultiJvmNode3:
[JVM-1] - ensure that location service is up for all the nodes
[JVM-3] - ensure that location service is up for all the nodes
[JVM-2] - ensure that location service is up for all the nodes
[JVM-1] WARNING: An illegal reflective access operation has occurred
[JVM-1] WARNING: Illegal reflective access by com.esotericsoftware.kryo.util.UnsafeUtil (file:/home/girish/IdeaProjects/csw/csw-location-server/target/multi-run-copied-libraries/kryo-shaded-4.0.2.jar) to constructor java.nio.DirectByteBuffer(long,int,java.lang.Object)
[JVM-1] WARNING: Please consider reporting this to the maintainers of com.esotericsoftware.kryo.util.UnsafeUtil
[JVM-1] WARNING: Use --illegal-access=warn to enable warnings of further illegal reflective access operations
[JVM-1] WARNING: All illegal access operations will be denied in a future release
[JVM-2] WARNING: An illegal reflective access operation has occurred
[JVM-2] WARNING: Illegal reflective access by com.esotericsoftware.kryo.util.UnsafeUtil (file:/home/girish/IdeaProjects/csw/csw-location-server/target/multi-run-copied-libraries/kryo-shaded-4.0.2.jar) to constructor java.nio.DirectByteBuffer(long,int,java.lang.Object)
[JVM-2] WARNING: Please consider reporting this to the maintainers of com.esotericsoftware.kryo.util.UnsafeUtil
[JVM-2] WARNING: Use --illegal-access=warn to enable warnings of further illegal reflective access operations
[JVM-2] WARNING: All illegal access operations will be denied in a future release
[JVM-3] WARNING: An illegal reflective access operation has occurred
[JVM-3] WARNING: Illegal reflective access by com.esotericsoftware.kryo.util.UnsafeUtil (file:/home/girish/IdeaProjects/csw/csw-location-server/target/multi-run-copied-libraries/kryo-shaded-4.0.2.jar) to constructor java.nio.DirectByteBuffer(long,int,java.lang.Object)
[JVM-3] WARNING: Please consider reporting this to the maintainers of com.esotericsoftware.kryo.util.UnsafeUtil
[JVM-3] WARNING: Use --illegal-access=warn to enable warnings of further illegal reflective access operations
[JVM-3] WARNING: All illegal access operations will be denied in a future release
[JVM-2] [WARN] [11/29/2018 19:04:16.729] [csw-location-server-akka.actor.default-dispatcher-5] [CoordinatedShutdown(akka://csw-location-server)] Coordinated shutdown phase [before-service-unbind] timed out after 5000 milliseconds
[JVM-1] - should detect re-registering of new location for a connection that has crashed/gone away
[JVM-2] - should detect re-registering of new location for a connection that has crashed/gone away
[JVM-3] - should detect re-registering of new location for a connection that has crashed/gone away
[JVM-2] Run completed in 26 seconds, 847 milliseconds.
[JVM-2] Total number of tests run: 2
[JVM-2] Suites: completed 1, aborted 0
[JVM-2] Tests: succeeded 2, failed 0, canceled 0, ignored 0, pending 0
[JVM-2] All tests passed.
[JVM-3] Run completed in 27 seconds, 204 milliseconds.
[JVM-3] Total number of tests run: 2
[JVM-3] Suites: completed 1, aborted 0
[JVM-3] Tests: succeeded 2, failed 0, canceled 0, ignored 0, pending 0
[JVM-3] All tests passed.
[JVM-1] Run completed in 27 seconds, 700 milliseconds.
[JVM-1] Total number of tests run: 2
[JVM-1] Suites: completed 1, aborted 0
[JVM-1] Tests: succeeded 2, failed 0, canceled 0, ignored 0, pending 0
[JVM-1] All tests passed.
[info] * csw.location.TrackLocationTest
[JVM-1] Run starting. Expected test count is: 2
[JVM-1] TrackLocationTestMultiJvmNode1:
[JVM-2] Run starting. Expected test count is: 2
[JVM-2] TrackLocationTestMultiJvmNode2:
[JVM-3] Run starting. Expected test count is: 2
[JVM-3] TrackLocationTestMultiJvmNode3:
[JVM-2] - ensure that location service is up for all the nodes
[JVM-1] - ensure that location service is up for all the nodes
[JVM-3] - ensure that location service is up for all the nodes
[JVM-3] WARNING: An illegal reflective access operation has occurred
[JVM-3] WARNING: Illegal reflective access by com.esotericsoftware.kryo.util.UnsafeUtil (file:/home/girish/IdeaProjects/csw/csw-location-server/target/multi-run-copied-libraries/kryo-shaded-4.0.2.jar) to constructor java.nio.DirectByteBuffer(long,int,java.lang.Object)
[JVM-3] WARNING: Please consider reporting this to the maintainers of com.esotericsoftware.kryo.util.UnsafeUtil
[JVM-3] WARNING: Use --illegal-access=warn to enable warnings of further illegal reflective access operations
[JVM-3] WARNING: All illegal access operations will be denied in a future release
[JVM-1] WARNING: An illegal reflective access operation has occurred
[JVM-1] WARNING: Illegal reflective access by com.esotericsoftware.kryo.util.UnsafeUtil (file:/home/girish/IdeaProjects/csw/csw-location-server/target/multi-run-copied-libraries/kryo-shaded-4.0.2.jar) to constructor java.nio.DirectByteBuffer(long,int,java.lang.Object)
[JVM-1] WARNING: Please consider reporting this to the maintainers of com.esotericsoftware.kryo.util.UnsafeUtil
[JVM-1] WARNING: Use --illegal-access=warn to enable warnings of further illegal reflective access operations
[JVM-1] WARNING: All illegal access operations will be denied in a future release
[JVM-2] WARNING: An illegal reflective access operation has occurred
[JVM-2] WARNING: Illegal reflective access by com.esotericsoftware.kryo.util.UnsafeUtil (file:/home/girish/IdeaProjects/csw/csw-location-server/target/multi-run-copied-libraries/kryo-shaded-4.0.2.jar) to constructor java.nio.DirectByteBuffer(long,int,java.lang.Object)
[JVM-2] WARNING: Please consider reporting this to the maintainers of com.esotericsoftware.kryo.util.UnsafeUtil
[JVM-2] WARNING: Use --illegal-access=warn to enable warnings of further illegal reflective access operations
[JVM-2] WARNING: All illegal access operations will be denied in a future release
[JVM-1] - two components should able to track same connection and single component should able to track two components
[JVM-3] - two components should able to track same connection and single component should able to track two components
[JVM-2] - two components should able to track same connection and single component should able to track two components
[JVM-2] Run completed in 12 seconds, 909 milliseconds.
[JVM-2] Total number of tests run: 2
[JVM-2] Suites: completed 1, aborted 0
[JVM-2] Tests: succeeded 2, failed 0, canceled 0, ignored 0, pending 0
[JVM-2] All tests passed.
[JVM-3] Run completed in 12 seconds, 944 milliseconds.
[JVM-3] Total number of tests run: 2
[JVM-3] Suites: completed 1, aborted 0
[JVM-3] Tests: succeeded 2, failed 0, canceled 0, ignored 0, pending 0
[JVM-3] All tests passed.
[JVM-1] Run completed in 12 seconds, 987 milliseconds.
[JVM-1] Total number of tests run: 2
[JVM-1] Suites: completed 1, aborted 0
[JVM-1] Tests: succeeded 2, failed 0, canceled 0, ignored 0, pending 0
[JVM-1] All tests passed.
[info] * csw.location.server.http.TrackLocationTestWithHttp
[JVM-1] Run starting. Expected test count is: 2
[JVM-1] TrackLocationTestWithHttpMultiJvmNode1:
[JVM-3] Run starting. Expected test count is: 2
[JVM-3] TrackLocationTestWithHttpMultiJvmNode3:
[JVM-2] Run starting. Expected test count is: 2
[JVM-2] TrackLocationTestWithHttpMultiJvmNode2:
[JVM-1] - ensure that location service is up for all the nodes
[JVM-2] - ensure that location service is up for all the nodes
[JVM-3] - ensure that location service is up for all the nodes
[JVM-1] WARNING: An illegal reflective access operation has occurred
[JVM-1] WARNING: Illegal reflective access by com.esotericsoftware.kryo.util.UnsafeUtil (file:/home/girish/IdeaProjects/csw/csw-location-server/target/multi-run-copied-libraries/kryo-shaded-4.0.2.jar) to constructor java.nio.DirectByteBuffer(long,int,java.lang.Object)
[JVM-1] WARNING: Please consider reporting this to the maintainers of com.esotericsoftware.kryo.util.UnsafeUtil
[JVM-1] WARNING: Use --illegal-access=warn to enable warnings of further illegal reflective access operations
[JVM-1] WARNING: All illegal access operations will be denied in a future release
[JVM-2] WARNING: An illegal reflective access operation has occurred
[JVM-2] WARNING: Illegal reflective access by com.esotericsoftware.kryo.util.UnsafeUtil (file:/home/girish/IdeaProjects/csw/csw-location-server/target/multi-run-copied-libraries/kryo-shaded-4.0.2.jar) to constructor java.nio.DirectByteBuffer(long,int,java.lang.Object)
[JVM-2] WARNING: Please consider reporting this to the maintainers of com.esotericsoftware.kryo.util.UnsafeUtil
[JVM-2] WARNING: Use --illegal-access=warn to enable warnings of further illegal reflective access operations
[JVM-2] WARNING: All illegal access operations will be denied in a future release
[JVM-3] WARNING: An illegal reflective access operation has occurred
[JVM-3] WARNING: Illegal reflective access by com.esotericsoftware.kryo.util.UnsafeUtil (file:/home/girish/IdeaProjects/csw/csw-location-server/target/multi-run-copied-libraries/kryo-shaded-4.0.2.jar) to constructor java.nio.DirectByteBuffer(long,int,java.lang.Object)
[JVM-3] WARNING: Please consider reporting this to the maintainers of com.esotericsoftware.kryo.util.UnsafeUtil
[JVM-3] WARNING: Use --illegal-access=warn to enable warnings of further illegal reflective access operations
[JVM-3] WARNING: All illegal access operations will be denied in a future release
[JVM-1] - two components should able to track same connection and single component should able to track two components
[JVM-2] - two components should able to track same connection and single component should able to track two components
[JVM-3] - two components should able to track same connection and single component should able to track two components
[JVM-2] Run completed in 16 seconds, 554 milliseconds.
[JVM-2] Total number of tests run: 2
[JVM-2] Suites: completed 1, aborted 0
[JVM-2] Tests: succeeded 2, failed 0, canceled 0, ignored 0, pending 0
[JVM-2] All tests passed.
[JVM-3] Run completed in 16 seconds, 567 milliseconds.
[JVM-3] Total number of tests run: 2
[JVM-3] Suites: completed 1, aborted 0
[JVM-3] Tests: succeeded 2, failed 0, canceled 0, ignored 0, pending 0
[JVM-3] All tests passed.
[JVM-1] Run completed in 16 seconds, 587 milliseconds.
[JVM-1] Total number of tests run: 2
[JVM-1] Suites: completed 1, aborted 0
[JVM-1] Tests: succeeded 2, failed 0, canceled 0, ignored 0, pending 0
[JVM-1] All tests passed.
[info] * csw.location.server.http.DetectAkkaComponentCrashWithHttp
[JVM-1] Run starting. Expected test count is: 2
[JVM-1] DetectAkkaComponentCrashWithHttpMultiJvmNode1:
[JVM-2] Run starting. Expected test count is: 2
[JVM-2] DetectAkkaComponentCrashWithHttpMultiJvmNode2:
[JVM-3] Run starting. Expected test count is: 2
[JVM-3] DetectAkkaComponentCrashWithHttpMultiJvmNode3:
[JVM-1] - ensure that location service is up for all the nodes
[JVM-3] - ensure that location service is up for all the nodes
[JVM-2] - ensure that location service is up for all the nodes
[JVM-1] WARNING: An illegal reflective access operation has occurred
[JVM-1] WARNING: Illegal reflective access by com.esotericsoftware.kryo.util.UnsafeUtil (file:/home/girish/IdeaProjects/csw/csw-location-server/target/multi-run-copied-libraries/kryo-shaded-4.0.2.jar) to constructor java.nio.DirectByteBuffer(long,int,java.lang.Object)
[JVM-1] WARNING: Please consider reporting this to the maintainers of com.esotericsoftware.kryo.util.UnsafeUtil
[JVM-1] WARNING: Use --illegal-access=warn to enable warnings of further illegal reflective access operations
[JVM-1] WARNING: All illegal access operations will be denied in a future release
[JVM-3] WARNING: An illegal reflective access operation has occurred
[JVM-3] WARNING: Illegal reflective access by com.esotericsoftware.kryo.util.UnsafeUtil (file:/home/girish/IdeaProjects/csw/csw-location-server/target/multi-run-copied-libraries/kryo-shaded-4.0.2.jar) to constructor java.nio.DirectByteBuffer(long,int,java.lang.Object)
[JVM-3] WARNING: Please consider reporting this to the maintainers of com.esotericsoftware.kryo.util.UnsafeUtil
[JVM-3] WARNING: Use --illegal-access=warn to enable warnings of further illegal reflective access operations
[JVM-3] WARNING: All illegal access operations will be denied in a future release
[JVM-2] WARNING: An illegal reflective access operation has occurred
[JVM-2] WARNING: Illegal reflective access by org.jboss.netty.util.internal.ByteBufferUtil (file:/home/girish/IdeaProjects/csw/csw-location-server/target/multi-run-copied-libraries/netty-3.10.6.Final.jar) to method java.nio.DirectByteBuffer.cleaner()
[JVM-2] WARNING: Please consider reporting this to the maintainers of org.jboss.netty.util.internal.ByteBufferUtil
[JVM-2] WARNING: Use --illegal-access=warn to enable warnings of further illegal reflective access operations
[JVM-2] WARNING: All illegal access operations will be denied in a future release
[JVM-3] - akka component running on one node should detect if other component running on another node crashes
[JVM-1] - akka component running on one node should detect if other component running on another node crashes
[JVM-3] Run completed in 22 seconds, 938 milliseconds.
[JVM-3] Total number of tests run: 2
[JVM-3] Suites: completed 1, aborted 0
[JVM-3] Tests: succeeded 2, failed 0, canceled 0, ignored 0, pending 0
[JVM-3] All tests passed.
[JVM-1] Run completed in 23 seconds, 9 milliseconds.
[JVM-1] Total number of tests run: 2
[JVM-1] Suites: completed 1, aborted 0
[JVM-1] Tests: succeeded 2, failed 0, canceled 0, ignored 0, pending 0
[JVM-1] All tests passed.
[info] * csw.location.DetectComponentRestartTest
[JVM-1] Run starting. Expected test count is: 2
[JVM-1] DetectComponentRestartTestMultiJvmNode1:
[JVM-3] Run starting. Expected test count is: 2
[JVM-3] DetectComponentRestartTestMultiJvmNode3:
[JVM-2] Run starting. Expected test count is: 2
[JVM-2] DetectComponentRestartTestMultiJvmNode2:
[JVM-1] - ensure that location service is up for all the nodes
[JVM-3] - ensure that location service is up for all the nodes
[JVM-2] - ensure that location service is up for all the nodes
[JVM-2] WARNING: An illegal reflective access operation has occurred
[JVM-2] WARNING: Illegal reflective access by com.esotericsoftware.kryo.util.UnsafeUtil (file:/home/girish/IdeaProjects/csw/csw-location-server/target/multi-run-copied-libraries/kryo-shaded-4.0.2.jar) to constructor java.nio.DirectByteBuffer(long,int,java.lang.Object)
[JVM-2] WARNING: Please consider reporting this to the maintainers of com.esotericsoftware.kryo.util.UnsafeUtil
[JVM-2] WARNING: Use --illegal-access=warn to enable warnings of further illegal reflective access operations
[JVM-2] WARNING: All illegal access operations will be denied in a future release
[JVM-1] WARNING: An illegal reflective access operation has occurred
[JVM-1] WARNING: Illegal reflective access by com.esotericsoftware.kryo.util.UnsafeUtil (file:/home/girish/IdeaProjects/csw/csw-location-server/target/multi-run-copied-libraries/kryo-shaded-4.0.2.jar) to constructor java.nio.DirectByteBuffer(long,int,java.lang.Object)
[JVM-1] WARNING: Please consider reporting this to the maintainers of com.esotericsoftware.kryo.util.UnsafeUtil
[JVM-1] WARNING: Use --illegal-access=warn to enable warnings of further illegal reflective access operations
[JVM-1] WARNING: All illegal access operations will be denied in a future release
[JVM-3] WARNING: An illegal reflective access operation has occurred
[JVM-3] WARNING: Illegal reflective access by org.jboss.netty.util.internal.ByteBufferUtil (file:/home/girish/IdeaProjects/csw/csw-location-server/target/multi-run-copied-libraries/netty-3.10.6.Final.jar) to method java.nio.DirectByteBuffer.cleaner()
[JVM-3] WARNING: Please consider reporting this to the maintainers of org.jboss.netty.util.internal.ByteBufferUtil
[JVM-3] WARNING: Use --illegal-access=warn to enable warnings of further illegal reflective access operations
[JVM-3] WARNING: All illegal access operations will be denied in a future release
[JVM-2] - should detect re-registering of new location for a connection that has crashed/gone away
[JVM-1] - should detect re-registering of new location for a connection that has crashed/gone away
[JVM-3] - should detect re-registering of new location for a connection that has crashed/gone away
[JVM-2] Run completed in 26 seconds, 492 milliseconds.
[JVM-2] Total number of tests run: 2
[JVM-2] Suites: completed 1, aborted 0
[JVM-2] Tests: succeeded 2, failed 0, canceled 0, ignored 0, pending 0
[JVM-2] All tests passed.
[JVM-3] Run completed in 26 seconds, 528 milliseconds.
[JVM-3] Total number of tests run: 2
[JVM-3] Suites: completed 1, aborted 0
[JVM-3] Tests: succeeded 2, failed 0, canceled 0, ignored 0, pending 0
[JVM-3] All tests passed.
[JVM-1] Run completed in 37 seconds, 15 milliseconds.
[JVM-1] Total number of tests run: 2
[JVM-1] Suites: completed 1, aborted 0
[JVM-1] Tests: succeeded 2, failed 0, canceled 0, ignored 0, pending 0
[JVM-1] All tests passed.
[info] ScalaTest
[info] Run completed in 1 minute, 12 seconds.
[info] Total number of tests run: 303
[info] Suites: completed 19, aborted 0
[info] Tests: succeeded 303, failed 0, canceled 0, ignored 0, pending 0
[info] All tests passed.
[info] Passed: Total 303, Failed 0, Errors 0, Passed 303
[info] multi-jvm
[info] csw.location.server.http.LocationServiceTestWithHttp
[info] multi-jvm
[info] csw.location.LocationServiceTest
[info] multi-jvm
[info] csw.location.DetectAkkaComponentCrashTest
[info] multi-jvm
[info] csw.location.server.http.DetectComponentRestartTestWithHttp
[info] multi-jvm
[info] csw.location.TrackLocationTest
[info] multi-jvm
[info] csw.location.server.http.TrackLocationTestWithHttp
[info] multi-jvm
[info] csw.location.server.http.DetectAkkaComponentCrashWithHttp
[info] multi-jvm
[info] csw.location.DetectComponentRestartTest
[info] Passed: Total 0, Failed 0, Errors 0, Passed 0
[info] No tests to run for MultiJvm
[info] Compiling 2 Scala sources to /home/girish/IdeaProjects/csw/csw-testkit/target/scala-2.12/classes ...
[info] Done compiling.
[info] Compiling 1 Scala source to /home/girish/IdeaProjects/csw/csw-testkit/target/scala-2.12/classes ...
[info] Done compiling.
[info] Compiling 1 Scala source and 1 Java source to /home/girish/IdeaProjects/csw/examples/target/scala-2.12/classes ...
[info] /home/girish/IdeaProjects/csw/examples/src/main/java/csw/framework/components/assembly/JAssemblyComponentHandlers.java: /home/girish/IdeaProjects/csw/examples/src/main/java/csw/framework/components/assembly/JAssemblyComponentHandlers.java uses unchecked or unsafe operations.
[info] /home/girish/IdeaProjects/csw/examples/src/main/java/csw/framework/components/assembly/JAssemblyComponentHandlers.java: Recompile with -Xlint:unchecked for details.
[info] Done compiling.
[info] JCommandResponseManagerTest:
[info] - shouldDelegateToJQueryFinal
[info] - shouldDelegateToJQuery
[info] CommandResponseManagerBehaviorTest:
[info] - should be able to add command entry in Command Response Manager (411 milliseconds)
[info] - should be able to add correlation between parent and child via AddSubCommand (4 milliseconds)
[info] - should be able to add subscriber and publish current state to newly added subscriber (17 milliseconds)
[info] - should not get update for long running command that returns Started (205 milliseconds)
[info] - should not be able to set value to Intermediate after Final in Command Response Manager (10 milliseconds)
[info] - should be able to remove subscriber (11 milliseconds)
[info] - should be able to get current status of command on Query message (10 milliseconds)
[info] - should be able to update and publish command status to all subscribers (13 milliseconds)
[info] - should be able to infer command status when status of sub command is updated (14 milliseconds)
[info] - should be able to update command status with the status of subcommand if one of the subcommand fails (18 milliseconds)
[info] - should be able to update successful command status when all the subcommand completes with success (9 milliseconds)
[info] - CRM queryFinal actually works (5 milliseconds)
[info] - CRM should support three level tree including sequenceId as top level (5 milliseconds)
[info] - should be able subscribe before submitting command and gets added to CRM  (6 milliseconds)
[info] InterOperabilityTest:
[info] - should able to send commands/events from scala code to java and vice a versa (6 milliseconds)
[info] CommandResponseManagerTest:
[info] - should delegate to addOrUpdateCommand (1 millisecond)
[info] - should delegate to addSubCommand (1 millisecond)
[info] - should delegate to updateSubCommand (2 milliseconds)
[info] - should delegate to query (1 millisecond)
[info] - queryFinal should delegate to Subscribe (1 millisecond)
[info] AkkaKryoSerializationTest:
[info] Test akka serialization of Commands
[info] - should serialize Setup (184 milliseconds)
[info] - should serialize Observe (65 milliseconds)
[info] - should serialize Wait (18 milliseconds)
[info] Test akka serialization of Events
[info] - should serialize ObserveEvent (14 milliseconds)
[info] - should serialize SystemEvent (9 milliseconds)
[info] Test akka serialization of StateVariables
[info] - should serialize CurrentState (9 milliseconds)
[info] - should serialize DemandState (8 milliseconds)
[info] csw messages
[info] - should serialize ToComponentLifecycle messages (1 millisecond)
[info] - should serialize Lifecycle messages (1 millisecond)
[info] - should serialize Common messages for all components (39 milliseconds)
[info] - should serialize Common messages for supervisor (20 milliseconds)
[info] - should serialize Common messages for container (28 milliseconds)
[info] - should serialize CommandValidationResponse messages (2 milliseconds)
[info] - should serialize CommandExecutionResponse messages (24 milliseconds)
[info] PathValidatorTest:
[info] - should return false for invalid path (24 milliseconds)
[info] - should return true for valid file path (0 milliseconds)
[info] HttpServiceTest:
[info] - should start the http server and register with location service (1 second, 422 milliseconds)
[info] - should not register with location service if server binding fails (283 milliseconds)
[ERROR] [11/29/2018 19:06:22.243] [config-server-akka.actor.default-dispatcher-20] [akka://config-server/system/pool-master] connection pool for PoolGateway(hcps = HostConnectionPoolSetup(localhost,7654,ConnectionPoolSetup(ConnectionPoolSettings(4,0,5,32,1,30 seconds,ClientConnectionSettings(Some(User-Agent: akka-http/10.1.5),10 seconds,1 minute,512,None,WebSocketSettings(<function0>,ping,Duration.Inf,akka.http.impl.settings.WebSocketSettingsImpl$$$Lambda$1441/1124064823@44828f0f),List(),ParserSettings(2048,16,64,64,8192,64,8388608,8388608,256,1048576,Strict,RFC6265,true,Set(),Full,Error,Map(If-Range -> 0, If-Modified-Since -> 0, If-Unmodified-Since -> 0, default -> 12, Content-MD5 -> 0, Date -> 0, If-Match -> 0, If-None-Match -> 0, User-Agent -> 32),false,true,akka.util.ConstantFun$$$Lambda$735/688681039@739fc893,akka.util.ConstantFun$$$Lambda$735/688681039@739fc893,akka.util.ConstantFun$$$Lambda$736/1306843978@1bdd6c36),None,TCPTransport),New,1 second),akka.http.scaladsl.HttpConnectionContext$@4bf772b5,akka.event.MarkerLoggingAdapter@3eeac142))) has shut down unexpectedly
[info] - should not start server if registration with location service fails (153 milliseconds)
[ERROR] [11/29/2018 19:06:22.268] [test-akka.actor.default-dispatcher-5] [akka://test/system/pool-master] connection pool for PoolGateway(hcps = HostConnectionPoolSetup(localhost,7654,ConnectionPoolSetup(ConnectionPoolSettings(4,0,5,32,1,30 seconds,ClientConnectionSettings(Some(User-Agent: akka-http/10.1.5),10 seconds,1 minute,512,None,WebSocketSettings(<function0>,ping,Duration.Inf,akka.http.impl.settings.WebSocketSettingsImpl$$$Lambda$1441/1124064823@44828f0f),List(),ParserSettings(2048,16,64,64,8192,64,8388608,8388608,256,1048576,Strict,RFC6265,true,Set(),Full,Error,Map(If-Range -> 0, If-Modified-Since -> 0, If-Unmodified-Since -> 0, default -> 12, Content-MD5 -> 0, Date -> 0, If-Match -> 0, If-None-Match -> 0, User-Agent -> 32),false,true,akka.util.ConstantFun$$$Lambda$735/688681039@739fc893,akka.util.ConstantFun$$$Lambda$735/688681039@739fc893,akka.util.ConstantFun$$$Lambda$736/1306843978@1bdd6c36),None,TCPTransport),New,1 second),akka.http.scaladsl.HttpConnectionContext$@4bf772b5,akka.event.MarkerLoggingAdapter@6f24205))) has shut down unexpectedly
[info] SVNDirEntryExtTest:
[info] - should match the pattern for relative path (8 milliseconds)
[info] - should not match invalid pattern for relative path (2 milliseconds)
[info] - should detect annex and normal file based on type (58 milliseconds)
[info] ArgsParserTest:
[info] - should set init to false and port to None if no options are provided (55 milliseconds)
[info] - should set init to true if option --initRepo is provided (2 milliseconds)
[info] - should set port with the value provided with -- port option (2 milliseconds)
[info] - should set init to true if --initRepo option is provided and port with the value provided with -- port option (1 millisecond)
[info] AnnexFileServiceTest:
[info] - storing annex file (107 milliseconds)
[info] - getting annex file (7 milliseconds)
[info] ConfigServiceRouteTest:
[info] - create - success status code (340 milliseconds)
[info] - create - failure status codes (99 milliseconds)
[info] - update - success status code (176 milliseconds)
[info] - update - failure status codes (55 milliseconds)
[info] - get - success status code (84 milliseconds)
[info] - get - failure status codes (70 milliseconds)
[info] - get by date - success status code (686 milliseconds)
[info] - get by date - failure status codes (13 milliseconds)
[info] - get latest - success status code (111 milliseconds)
[info] - get latest - failure status code (16 milliseconds)
[info] - list - success status code (83 milliseconds)
[info] - list - with correct author (78 milliseconds)
[info] - list by pattern - success code (63 milliseconds)
[info] - list by pattern - rejection (22 milliseconds)
[info] - list by file type - success code (111 milliseconds)
[info] - list by file type - rejection (9 milliseconds)
[info] - list by file type and pattern - success code (54 milliseconds)
[info] - history - success  status code (132 milliseconds)
[info] - history - failure  status codes (30 milliseconds)
[info] - getActive - success status code (92 milliseconds)
[info] - getActive - failure status codes (11 milliseconds)
[info] - getActive by date - success status code (147 milliseconds)
[info] - getActive by date - failure status codes (15 milliseconds)
[info] - setActive - success status code (151 milliseconds)
[info] - setActive - failure status codes (61 milliseconds)
[info] - resetActive - success status code (124 milliseconds)
[info] - resetActive - failure status codes (10 milliseconds)
[info] - history-active - success  status code (145 milliseconds)
[info] - history-active - failure  status codes (35 milliseconds)
[info] - exists - success status code (47 milliseconds)
[info] - exists - failure status code (15 milliseconds)
[info] - getMetadata - success status code (16 milliseconds)
[info] - create - Unauthorized code (15 milliseconds)
[info] - update - Unauthorized code (11 milliseconds)
[info] - delete - Unauthorized code (7 milliseconds)
[info] - set active-version - Unauthorized code (7 milliseconds)
[info] - create - Forbidden code (7 milliseconds)
[info] - update - Forbidden code (10 milliseconds)
[info] - set active-version - Forbidden code (7 milliseconds)
[info] - delete - Forbidden code (6 milliseconds)
[info] SvnConfigServiceTest:
[info] - should able to upload and get component configurations from config service (168 milliseconds)
[info] - should able to upload and get binary configurations from config service (4 seconds, 454 milliseconds)
[info] - should able to create a file and retrieve the same (76 milliseconds)
[info] - should ignore '/' at the beginning of file path and create a file (54 milliseconds)
[info] - should throw FileAlreadyExists while creating a file if it already exists in repository - assume svn first (108 milliseconds)
[info] - should throw FileAlreadyExists while creating a file if it already exists in repository - assume annex first (127 milliseconds)
[info] - should able to update existing file and get the file with updated content (77 milliseconds)
[info] - update should throw FileNotFoundException if a file does not exists in repository (8 milliseconds)
[info] - each revision of file should have unique identifier (161 milliseconds)
[info] - get call should return `None` if a file does not exists in repository (5 milliseconds)
[info] - should able to retrieve the specific version of file by config ID (164 milliseconds)
[info] - should get the correct version of file based on time (69 milliseconds)
[info] - should get the initial version of file if date provided is before the creation date (66 milliseconds)
[info] - should record datetime for creation of config file (40 milliseconds)
[info] - should record datetime when config file is updated (56 milliseconds)
[info] - should get the history of a file (90 milliseconds)
[info] - should list all the available config files (92 milliseconds)
[info] - exists should return false if file does not exist (5 milliseconds)
[info] - exists should return true if file exist (81 milliseconds)
[info] - should able to delete existing file (93 milliseconds)
[info] - deleting non existing file should throw FileNotFoundException (11 milliseconds)
[info] - delete removes all versions of a file (124 milliseconds)
[info] - should able to get, set and reset the active version of config file (171 milliseconds)
[info] - should able to get history of active versions of file (201 milliseconds)
[info] - getActive and getActiveVersion should return None if file does not exists (8 milliseconds)
[info] - set and reset active should throw FileNotFound exception if file or version does not exists (45 milliseconds)
[info] - should be able to store and retrieve file from annex store (37 milliseconds)
[info] - should list files from annex store without .$sha1 suffix (103 milliseconds)
[info] - should be able to update and retrieve the history of a file in annex store (128 milliseconds)
[info] - should able to get history of active versions of file from annex store (139 milliseconds)
[info] - should be able to get active file from annex store (253 milliseconds)
[info] - should be able to get time stamped file from annex store (79 milliseconds)
[info] - should exclude .$active files from list (73 milliseconds)
[info] - should be able to store and retrieve text file from annex store when size is greater than configured size (88 milliseconds)
[info] - should list all files in a repository (144 milliseconds)
[info] - should give empty list if pattern does not match any file (89 milliseconds)
[info] - should filter list based on the pattern (192 milliseconds)
[info] - should filter list based on the type and pattern (163 milliseconds)
[info] - should get the correct active version of the file based on time (124 milliseconds)
[info] - should get metadata (47 milliseconds)
[info] - create call should create a normal file and active file in repo and reset should not delete active file (82 milliseconds)
[info] MainTest:
[info] - should not start HTTP server if repo does not exist (80 milliseconds)
[info] - should init svn repo and register with location service if --initRepo option is provided (2 seconds, 4 milliseconds)
[ERROR] [11/29/2018 19:07:23.316] [config-server-akka.actor.default-dispatcher-20] [akka://config-server/system/pool-master] connection pool for PoolGateway(hcps = HostConnectionPoolSetup(localhost,7654,ConnectionPoolSetup(ConnectionPoolSettings(4,0,5,32,1,30 seconds,ClientConnectionSettings(Some(User-Agent: akka-http/10.1.5),10 seconds,1 minute,512,None,WebSocketSettings(<function0>,ping,Duration.Inf,akka.http.impl.settings.WebSocketSettingsImpl$$$Lambda$1441/1124064823@44828f0f),List(),ParserSettings(2048,16,64,64,8192,64,8388608,8388608,256,1048576,Strict,RFC6265,true,Set(),Full,Error,Map(If-Range -> 0, If-Modified-Since -> 0, If-Unmodified-Since -> 0, default -> 12, Content-MD5 -> 0, Date -> 0, If-Match -> 0, If-None-Match -> 0, User-Agent -> 32),false,true,akka.util.ConstantFun$$$Lambda$735/688681039@739fc893,akka.util.ConstantFun$$$Lambda$735/688681039@739fc893,akka.util.ConstantFun$$$Lambda$736/1306843978@1bdd6c36),None,TCPTransport),New,1 second),akka.http.scaladsl.HttpConnectionContext$@4bf772b5,akka.event.MarkerLoggingAdapter@4bbc8a9a))) has shut down unexpectedly
[info] - should not initialize svn repo if --initRepo option is not provided and should use existing repo if available (921 milliseconds)
[info] Compiling 5 Scala sources and 3 Java sources to /home/girish/IdeaProjects/csw/csw-config-client/target/scala-2.12/test-classes ...
[info] /home/girish/IdeaProjects/csw/csw-config-client/src/test/java/csw/config/client/javadsl/JConfigAdminApiTest.java: /home/girish/IdeaProjects/csw/csw-config-client/src/test/java/csw/config/client/javadsl/JConfigAdminApiTest.java uses unchecked or unsafe operations.
[info] /home/girish/IdeaProjects/csw/csw-config-client/src/test/java/csw/config/client/javadsl/JConfigAdminApiTest.java: Recompile with -Xlint:unchecked for details.
[info] Done compiling.
[info] Compiling 5 Scala sources to /home/girish/IdeaProjects/csw/csw-config-cli/target/scala-2.12/test-classes ...
[info] Done compiling.
[info] Compiling 1 Scala source to /home/girish/IdeaProjects/csw/csw-alarm-cli/target/scala-2.12/test-classes ...
[info] Done compiling.
[info] JPbParameterTest:
[info] - booleanParam
[info] - stringArrayParam
[info] - event
[info] ProtobufSerializationTest:
[info] Test protobuf serialization of Events
[info] - should serialize ObserveEvent (1 second, 94 milliseconds)
[info] - should serialize SystemEvent (63 milliseconds)
[info] EventPublisherTest:
[info] - should_be_able_to_maintain_ordering_while_publish(Redis)
[info] - should_be_able_to_maintain_ordering_while_publish(Kafka)
[info] - should_be_able_to_publish_an_event_with_block_genrating_future_of_event(Redis)
[info] - should_be_able_to_publish_an_event_with_block_genrating_future_of_event(Kafka)
[info] - should_be_able_to_publish_an_event_with_duration(Redis)
[info] - should_be_able_to_publish_an_event_with_duration(Kafka)
[info] - should_be_able_to_publish_and_subscribe_an_event(Redis)
[info] - should_be_able_to_publish_and_subscribe_an_event(Kafka)
[info] - should_be_able_to_publish_concurrently_to_the_different_channel(Redis)
[info] - should_be_able_to_publish_concurrently_to_the_different_channel(Kafka)

===============================================
Command line suite
Total tests run: 10, Failures: 0, Skips: 0
===============================================

[info] EventSubscriptionFrequencyTest:
[info] - should_be_able_to_subscribe_an_event_with_duration_with_rate_adapter_for_fast_publisher(Redis)
[info] - should_be_able_to_subscribe_an_event_with_duration_with_rate_adapter_for_fast_publisher(Kafka) *** FAILED ***
[info]   3 was not equal to 4 (EventSubscriptionFrequencyTest.scala:132)
[info]   org.scalatest.exceptions.TestFailedException:
[info]   at org.scalatest.MatchersHelper$.indicateFailure(MatchersHelper.scala:346)
[info]   at org.scalatest.Matchers$AnyShouldWrapper.shouldBe(Matchers.scala:6864)
[info]   at csw.event.client.EventSubscriptionFrequencyTest.should_be_able_to_subscribe_an_event_with_duration_with_rate_adapter_for_fast_publisher(EventSubscriptionFrequencyTest.scala:132)
[info]   at java.base/jdk.internal.reflect.NativeMethodAccessorImpl.invoke0(Native Method)
[info]   at java.base/jdk.internal.reflect.NativeMethodAccessorImpl.invoke(NativeMethodAccessorImpl.java:62)
[info]   at java.base/jdk.internal.reflect.DelegatingMethodAccessorImpl.invoke(DelegatingMethodAccessorImpl.java:43)
[info]   at java.base/java.lang.reflect.Method.invoke(Method.java:564)
[info]   at org.testng.internal.MethodInvocationHelper.invokeMethod(MethodInvocationHelper.java:124)
[info]   at org.testng.internal.Invoker.invokeMethod(Invoker.java:583)
[info]   at org.testng.internal.Invoker.invokeTestMethod(Invoker.java:719)
[info]   at org.testng.internal.Invoker.invokeTestMethods(Invoker.java:989)
[info]   at org.testng.internal.TestMethodWorker.invokeTestMethods(TestMethodWorker.java:125)
[info]   at org.testng.internal.TestMethodWorker.run(TestMethodWorker.java:109)
[info]   at org.testng.TestRunner.privateRun(TestRunner.java:648)
[info]   at org.testng.TestRunner.run(TestRunner.java:505)
[info]   at org.testng.SuiteRunner.runTest(SuiteRunner.java:455)
[info]   at org.testng.SuiteRunner.runSequentially(SuiteRunner.java:450)
[info]   at org.testng.SuiteRunner.privateRun(SuiteRunner.java:415)
[info]   at org.testng.SuiteRunner.run(SuiteRunner.java:364)
[info]   at org.testng.SuiteRunnerWorker.runSuite(SuiteRunnerWorker.java:52)
[info]   at org.testng.SuiteRunnerWorker.run(SuiteRunnerWorker.java:84)
[info]   at org.testng.TestNG.runSuitesSequentially(TestNG.java:1208)
[info]   at org.testng.TestNG.runSuitesLocally(TestNG.java:1137)
[info]   at org.testng.TestNG.runSuites(TestNG.java:1049)
[info]   at org.testng.TestNG.run(TestNG.java:1017)
[info]   at org.scalatest.testng.TestNGSuiteLike.run(TestNGSuiteLike.scala:261)
[info]   at org.scalatest.testng.TestNGSuiteLike.run$(TestNGSuiteLike.scala:254)
[info]   at org.scalatest.testng.TestNGSuite.run(TestNGSuite.scala:67)
[info]   at org.scalatest.testng.TestNGSuiteLike.runTestNG(TestNGSuiteLike.scala:248)
[info]   at org.scalatest.testng.TestNGSuiteLike.runTestNG$(TestNGSuiteLike.scala:227)
[info]   at org.scalatest.testng.TestNGSuite.runTestNG(TestNGSuite.scala:67)
[info]   at org.scalatest.testng.TestNGSuiteLike.run(TestNGSuiteLike.scala:149)
[info]   at org.scalatest.testng.TestNGSuiteLike.run$(TestNGSuiteLike.scala:146)
[info]   at org.scalatest.testng.TestNGSuite.run(TestNGSuite.scala:67)
[info]   at org.scalatest.tools.Framework.org$scalatest$tools$Framework$$runSuite(Framework.scala:314)
[info]   at org.scalatest.tools.Framework$ScalaTestTask.execute(Framework.scala:507)
[info]   at sbt.ForkMain$Run.lambda$runTest$1(ForkMain.java:304)
[info]   at java.base/java.util.concurrent.FutureTask.run(FutureTask.java:264)
[info]   at java.base/java.util.concurrent.ThreadPoolExecutor.runWorker(ThreadPoolExecutor.java:1135)
[info]   at java.base/java.util.concurrent.ThreadPoolExecutor$Worker.run(ThreadPoolExecutor.java:635)
[info]   at java.base/java.lang.Thread.run(Thread.java:844)
[info] - should_be_able_to_subscribe_with_duration_with_rate_adapter_mode_for_slow_publisher(Redis)
[info] - should_be_able_to_subscribe_with_duration_with_rate_adapter_mode_for_slow_publisher(Kafka) *** FAILED ***
[info]   4 was not equal to 11 (EventSubscriptionFrequencyTest.scala:88)
[info]   org.scalatest.exceptions.TestFailedException:
[info]   at org.scalatest.MatchersHelper$.indicateFailure(MatchersHelper.scala:346)
[info]   at org.scalatest.Matchers$AnyShouldWrapper.shouldBe(Matchers.scala:6864)
[info]   at csw.event.client.EventSubscriptionFrequencyTest.should_be_able_to_subscribe_with_duration_with_rate_adapter_mode_for_slow_publisher(EventSubscriptionFrequencyTest.scala:88)
[info]   at java.base/jdk.internal.reflect.NativeMethodAccessorImpl.invoke0(Native Method)
[info]   at java.base/jdk.internal.reflect.NativeMethodAccessorImpl.invoke(NativeMethodAccessorImpl.java:62)
[info]   at java.base/jdk.internal.reflect.DelegatingMethodAccessorImpl.invoke(DelegatingMethodAccessorImpl.java:43)
[info]   at java.base/java.lang.reflect.Method.invoke(Method.java:564)
[info]   at org.testng.internal.MethodInvocationHelper.invokeMethod(MethodInvocationHelper.java:124)
[info]   at org.testng.internal.Invoker.invokeMethod(Invoker.java:583)
[info]   at org.testng.internal.Invoker.invokeTestMethod(Invoker.java:719)
[info]   at org.testng.internal.Invoker.invokeTestMethods(Invoker.java:989)
[info]   at org.testng.internal.TestMethodWorker.invokeTestMethods(TestMethodWorker.java:125)
[info]   at org.testng.internal.TestMethodWorker.run(TestMethodWorker.java:109)
[info]   at org.testng.TestRunner.privateRun(TestRunner.java:648)
[info]   at org.testng.TestRunner.run(TestRunner.java:505)
[info]   at org.testng.SuiteRunner.runTest(SuiteRunner.java:455)
[info]   at org.testng.SuiteRunner.runSequentially(SuiteRunner.java:450)
[info]   at org.testng.SuiteRunner.privateRun(SuiteRunner.java:415)
[info]   at org.testng.SuiteRunner.run(SuiteRunner.java:364)
[info]   at org.testng.SuiteRunnerWorker.runSuite(SuiteRunnerWorker.java:52)
[info]   at org.testng.SuiteRunnerWorker.run(SuiteRunnerWorker.java:84)
[info]   at org.testng.TestNG.runSuitesSequentially(TestNG.java:1208)
[info]   at org.testng.TestNG.runSuitesLocally(TestNG.java:1137)
[info]   at org.testng.TestNG.runSuites(TestNG.java:1049)
[info]   at org.testng.TestNG.run(TestNG.java:1017)
[info]   at org.scalatest.testng.TestNGSuiteLike.run(TestNGSuiteLike.scala:261)
[info]   at org.scalatest.testng.TestNGSuiteLike.run$(TestNGSuiteLike.scala:254)
[info]   at org.scalatest.testng.TestNGSuite.run(TestNGSuite.scala:67)
[info]   at org.scalatest.testng.TestNGSuiteLike.runTestNG(TestNGSuiteLike.scala:248)
[info]   at org.scalatest.testng.TestNGSuiteLike.runTestNG$(TestNGSuiteLike.scala:227)
[info]   at org.scalatest.testng.TestNGSuite.runTestNG(TestNGSuite.scala:67)
[info]   at org.scalatest.testng.TestNGSuiteLike.run(TestNGSuiteLike.scala:149)
[info]   at org.scalatest.testng.TestNGSuiteLike.run$(TestNGSuiteLike.scala:146)
[info]   at org.scalatest.testng.TestNGSuite.run(TestNGSuite.scala:67)
[info]   at org.scalatest.tools.Framework.org$scalatest$tools$Framework$$runSuite(Framework.scala:314)
[info]   at org.scalatest.tools.Framework$ScalaTestTask.execute(Framework.scala:507)
[info]   at sbt.ForkMain$Run.lambda$runTest$1(ForkMain.java:304)
[info]   at java.base/java.util.concurrent.FutureTask.run(FutureTask.java:264)
[info]   at java.base/java.util.concurrent.ThreadPoolExecutor.runWorker(ThreadPoolExecutor.java:1135)
[info]   at java.base/java.util.concurrent.ThreadPoolExecutor$Worker.run(ThreadPoolExecutor.java:635)
[info]   at java.base/java.lang.Thread.run(Thread.java:844)
[info] - should_be_able_to_subscribe_with_duration_with_rate_limiter_mode_for_fast_publisher(Redis)
[info] - should_be_able_to_subscribe_with_duration_with_rate_limiter_mode_for_fast_publisher(Kafka)
[info] - should_be_able_to_subscribe_with_duration_with_rate_limiter_mode_for_slow_publisher(Redis)
[info] - should_be_able_to_subscribe_with_duration_with_rate_limiter_mode_for_slow_publisher(Kafka) *** FAILED ***
[info]   5 was not equal to 3 (EventSubscriptionFrequencyTest.scala:161)
[info]   org.scalatest.exceptions.TestFailedException:
[info]   at org.scalatest.MatchersHelper$.indicateFailure(MatchersHelper.scala:346)
[info]   at org.scalatest.Matchers$AnyShouldWrapper.shouldBe(Matchers.scala:6864)
[info]   at csw.event.client.EventSubscriptionFrequencyTest.should_be_able_to_subscribe_with_duration_with_rate_limiter_mode_for_slow_publisher(EventSubscriptionFrequencyTest.scala:161)
[info]   at java.base/jdk.internal.reflect.NativeMethodAccessorImpl.invoke0(Native Method)
[info]   at java.base/jdk.internal.reflect.NativeMethodAccessorImpl.invoke(NativeMethodAccessorImpl.java:62)
[info]   at java.base/jdk.internal.reflect.DelegatingMethodAccessorImpl.invoke(DelegatingMethodAccessorImpl.java:43)
[info]   at java.base/java.lang.reflect.Method.invoke(Method.java:564)
[info]   at org.testng.internal.MethodInvocationHelper.invokeMethod(MethodInvocationHelper.java:124)
[info]   at org.testng.internal.Invoker.invokeMethod(Invoker.java:583)
[info]   at org.testng.internal.Invoker.invokeTestMethod(Invoker.java:719)
[info]   at org.testng.internal.Invoker.invokeTestMethods(Invoker.java:989)
[info]   at org.testng.internal.TestMethodWorker.invokeTestMethods(TestMethodWorker.java:125)
[info]   at org.testng.internal.TestMethodWorker.run(TestMethodWorker.java:109)
[info]   at org.testng.TestRunner.privateRun(TestRunner.java:648)
[info]   at org.testng.TestRunner.run(TestRunner.java:505)
[info]   at org.testng.SuiteRunner.runTest(SuiteRunner.java:455)
[info]   at org.testng.SuiteRunner.runSequentially(SuiteRunner.java:450)
[info]   at org.testng.SuiteRunner.privateRun(SuiteRunner.java:415)
[info]   at org.testng.SuiteRunner.run(SuiteRunner.java:364)
[info]   at org.testng.SuiteRunnerWorker.runSuite(SuiteRunnerWorker.java:52)
[info]   at org.testng.SuiteRunnerWorker.run(SuiteRunnerWorker.java:84)
[info]   at org.testng.TestNG.runSuitesSequentially(TestNG.java:1208)
[info]   at org.testng.TestNG.runSuitesLocally(TestNG.java:1137)
[info]   at org.testng.TestNG.runSuites(TestNG.java:1049)
[info]   at org.testng.TestNG.run(TestNG.java:1017)
[info]   at org.scalatest.testng.TestNGSuiteLike.run(TestNGSuiteLike.scala:261)
[info]   at org.scalatest.testng.TestNGSuiteLike.run$(TestNGSuiteLike.scala:254)
[info]   at org.scalatest.testng.TestNGSuite.run(TestNGSuite.scala:67)
[info]   at org.scalatest.testng.TestNGSuiteLike.runTestNG(TestNGSuiteLike.scala:248)
[info]   at org.scalatest.testng.TestNGSuiteLike.runTestNG$(TestNGSuiteLike.scala:227)
[info]   at org.scalatest.testng.TestNGSuite.runTestNG(TestNGSuite.scala:67)
[info]   at org.scalatest.testng.TestNGSuiteLike.run(TestNGSuiteLike.scala:149)
[info]   at org.scalatest.testng.TestNGSuiteLike.run$(TestNGSuiteLike.scala:146)
[info]   at org.scalatest.testng.TestNGSuite.run(TestNGSuite.scala:67)
[info]   at org.scalatest.tools.Framework.org$scalatest$tools$Framework$$runSuite(Framework.scala:314)
[info]   at org.scalatest.tools.Framework$ScalaTestTask.execute(Framework.scala:507)
[info]   at sbt.ForkMain$Run.lambda$runTest$1(ForkMain.java:304)
[info]   at java.base/java.util.concurrent.FutureTask.run(FutureTask.java:264)
[info]   at java.base/java.util.concurrent.ThreadPoolExecutor.runWorker(ThreadPoolExecutor.java:1135)
[info]   at java.base/java.util.concurrent.ThreadPoolExecutor$Worker.run(ThreadPoolExecutor.java:635)
[info]   at java.base/java.lang.Thread.run(Thread.java:844)

===============================================
Command line suite
Total tests run: 8, Failures: 3, Skips: 0
===============================================

[info] JEventSubscriberTest:
[info] - should_be_able_to_get_InvalidEvent(Redis)
[info] - should_be_able_to_get_InvalidEvent(Kafka)
[info] - should_be_able_to_get_an_event_without_subscribing_for_it(Redis)
[info] - should_be_able_to_get_an_event_without_subscribing_for_it(Kafka)
[info] - should_be_able_to_get_events_for_multiple_event_keys(Redis)
[info] - should_be_able_to_get_events_for_multiple_event_keys(Kafka)
[info] - should_be_able_to_make_independent_subscriptions(Redis)
[info] - should_be_able_to_make_independent_subscriptions(Kafka)
[info] - should_be_able_to_retrieve_InvalidEvent(Redis)
[info] - should_be_able_to_retrieve_InvalidEvent(Kafka)
[info] - should_be_able_to_retrieve_recently_published_event_on_subscription(Redis)
[info] - should_be_able_to_retrieve_recently_published_event_on_subscription(Kafka)
[info] - should_be_able_to_retrieve_valid_as_well_as_invalid_event_when_events_are_published_for_some_and_not_for_other_keys(Redis)
[info] - should_be_able_to_retrieve_valid_as_well_as_invalid_event_when_events_are_published_for_some_and_not_for_other_keys(Kafka)
[info] - should_be_able_to_subscribe_an_event(Redis)
[info] - should_be_able_to_subscribe_an_event(Kafka)
[info] - should_be_able_to_subscribe_an_event_with_pattern_from_different_subsystem(Redis)
[info] - should_be_able_to_subscribe_an_event_with_pattern_from_same_subsystem(Redis)
[info] - should_be_able_to_subscribe_with_an_ActorRef(Redis)
[info] - should_be_able_to_subscribe_with_an_ActorRef(Kafka)
[info] - should_be_able_to_subscribe_with_an_ActorRef_with_duration(Redis)
[info] - should_be_able_to_subscribe_with_an_ActorRef_with_duration(Kafka)
[info] - should_be_able_to_subscribe_with_async_callback(Redis)
[info] - should_be_able_to_subscribe_with_async_callback(Kafka)
[info] - should_be_able_to_subscribe_with_async_callback_with_duration(Redis)
[info] - should_be_able_to_subscribe_with_async_callback_with_duration(Kafka)
[info] - should_be_able_to_subscribe_with_callback(Redis)
[info] - should_be_able_to_subscribe_with_callback(Kafka)
[info] - should_be_able_to_subscribe_with_callback_with_duration(Redis)
[info] - should_be_able_to_subscribe_with_callback_with_duration(Kafka)

===============================================
Command line suite
Total tests run: 30, Failures: 0, Skips: 0
===============================================

[info] JEventSubscriptionFrequencyTest:
[info] - should_be_able_to_subscribe_with_duration_with_rate_adapter_for_fast_publisher(Redis)
[info] - should_be_able_to_subscribe_with_duration_with_rate_adapter_for_fast_publisher(Kafka)
[info] - should_be_able_to_subscribe_with_duration_with_rate_adapter_mode_for_slow_publisher(Redis)
[info] - should_be_able_to_subscribe_with_duration_with_rate_adapter_mode_for_slow_publisher(Kafka)
[info] - should_be_able_to_subscribe_with_duration_with_rate_limiter_mode_for_fast_publisher(Redis)
[info] - should_be_able_to_subscribe_with_duration_with_rate_limiter_mode_for_fast_publisher(Kafka)
[info] - should_be_able_to_subscribe_with_duration_with_rate_limiter_mode_for_slow_publisher(Redis)
[info] - should_be_able_to_subscribe_with_duration_with_rate_limiter_mode_for_slow_publisher(Kafka) *** FAILED ***
[info]   java.lang.AssertionError: expected [true] but found [false]
[info]   at org.testng.Assert.fail(Assert.java:96)
[info]   at org.testng.Assert.failNotEquals(Assert.java:776)
[info]   at org.testng.Assert.assertTrue(Assert.java:44)
[info]   at org.testng.Assert.assertTrue(Assert.java:54)
[info]   at csw.event.client.JEventSubscriptionFrequencyTest.should_be_able_to_subscribe_with_duration_with_rate_limiter_mode_for_slow_publisher(JEventSubscriptionFrequencyTest.java:170)
[info]   at java.base/jdk.internal.reflect.NativeMethodAccessorImpl.invoke0(Native Method)
[info]   at java.base/jdk.internal.reflect.NativeMethodAccessorImpl.invoke(NativeMethodAccessorImpl.java:62)
[info]   at java.base/jdk.internal.reflect.DelegatingMethodAccessorImpl.invoke(DelegatingMethodAccessorImpl.java:43)
[info]   at java.base/java.lang.reflect.Method.invoke(Method.java:564)
[info]   at org.testng.internal.MethodInvocationHelper.invokeMethod(MethodInvocationHelper.java:124)
[info]   at org.testng.internal.Invoker.invokeMethod(Invoker.java:583)
[info]   at org.testng.internal.Invoker.invokeTestMethod(Invoker.java:719)
[info]   at org.testng.internal.Invoker.invokeTestMethods(Invoker.java:989)
[info]   at org.testng.internal.TestMethodWorker.invokeTestMethods(TestMethodWorker.java:125)
[info]   at org.testng.internal.TestMethodWorker.run(TestMethodWorker.java:109)
[info]   at org.testng.TestRunner.privateRun(TestRunner.java:648)
[info]   at org.testng.TestRunner.run(TestRunner.java:505)
[info]   at org.testng.SuiteRunner.runTest(SuiteRunner.java:455)
[info]   at org.testng.SuiteRunner.runSequentially(SuiteRunner.java:450)
[info]   at org.testng.SuiteRunner.privateRun(SuiteRunner.java:415)
[info]   at org.testng.SuiteRunner.run(SuiteRunner.java:364)
[info]   at org.testng.SuiteRunnerWorker.runSuite(SuiteRunnerWorker.java:52)
[info]   at org.testng.SuiteRunnerWorker.run(SuiteRunnerWorker.java:84)
[info]   at org.testng.TestNG.runSuitesSequentially(TestNG.java:1208)
[info]   at org.testng.TestNG.runSuitesLocally(TestNG.java:1137)
[info]   at org.testng.TestNG.runSuites(TestNG.java:1049)
[info]   at org.testng.TestNG.run(TestNG.java:1017)
[info]   at org.scalatest.testng.TestNGSuiteLike.run(TestNGSuiteLike.scala:261)
[info]   at org.scalatest.testng.TestNGSuiteLike.run$(TestNGSuiteLike.scala:254)
[info]   at org.scalatest.testng.TestNGSuite.run(TestNGSuite.scala:67)
[info]   at org.scalatest.testng.TestNGSuiteLike.runTestNG(TestNGSuiteLike.scala:248)
[info]   at org.scalatest.testng.TestNGSuiteLike.runTestNG$(TestNGSuiteLike.scala:227)
[info]   at org.scalatest.testng.TestNGSuite.runTestNG(TestNGSuite.scala:67)
[info]   at org.scalatest.testng.TestNGSuiteLike.run(TestNGSuiteLike.scala:149)
[info]   at org.scalatest.testng.TestNGSuiteLike.run$(TestNGSuiteLike.scala:146)
[info]   at org.scalatest.testng.TestNGSuite.run(TestNGSuite.scala:67)
[info]   at org.scalatest.tools.Framework.org$scalatest$tools$Framework$$runSuite(Framework.scala:314)
[info]   at org.scalatest.tools.Framework$ScalaTestTask.execute(Framework.scala:507)
[info]   at sbt.ForkMain$Run.lambda$runTest$1(ForkMain.java:304)
[info]   at java.base/java.util.concurrent.FutureTask.run(FutureTask.java:264)
[info]   at java.base/java.util.concurrent.ThreadPoolExecutor.runWorker(ThreadPoolExecutor.java:1135)
[info]   at java.base/java.util.concurrent.ThreadPoolExecutor$Worker.run(ThreadPoolExecutor.java:635)
[info]   at java.base/java.lang.Thread.run(Thread.java:844)

===============================================
Command line suite
Total tests run: 8, Failures: 1, Skips: 0
===============================================

[info] JRedisFailureTest:
[info] - failureInPublishingShouldFailFutureWithPublishFailedException
[info] - handleFailedPublishEventWithACallback
[info] - handleFailedPublishEventWithAnEventGeneratorAndACallback
[info] - handleFailedPublishEventWithAnEventGeneratorGeneratingFutureOfEventAndACallback
[info] JEventPublisherTest:
[info] - should_be_able_to_maintain_ordering_while_publish(Redis)
[info] - should_be_able_to_maintain_ordering_while_publish(Kafka)
[info] - should_be_able_to_publish_an_event_with_block_generating_future_of_event_with_duration(Redis)
[info] - should_be_able_to_publish_an_event_with_block_generating_future_of_event_with_duration(Kafka) *** FAILED ***
[info]   java.lang.AssertionError: expected [10] but found [11]
[info]   at org.testng.Assert.fail(Assert.java:96)
[info]   at org.testng.Assert.failNotEquals(Assert.java:776)
[info]   at org.testng.Assert.assertEqualsImpl(Assert.java:137)
[info]   at org.testng.Assert.assertEquals(Assert.java:118)
[info]   at org.testng.Assert.assertEquals(Assert.java:652)
[info]   at org.testng.Assert.assertEquals(Assert.java:662)
[info]   at csw.event.client.JEventPublisherTest.should_be_able_to_publish_an_event_with_block_generating_future_of_event_with_duration(JEventPublisherTest.java:175)
[info]   at java.base/jdk.internal.reflect.NativeMethodAccessorImpl.invoke0(Native Method)
[info]   at java.base/jdk.internal.reflect.NativeMethodAccessorImpl.invoke(NativeMethodAccessorImpl.java:62)
[info]   at java.base/jdk.internal.reflect.DelegatingMethodAccessorImpl.invoke(DelegatingMethodAccessorImpl.java:43)
[info]   at java.base/java.lang.reflect.Method.invoke(Method.java:564)
[info]   at org.testng.internal.MethodInvocationHelper.invokeMethod(MethodInvocationHelper.java:124)
[info]   at org.testng.internal.Invoker.invokeMethod(Invoker.java:583)
[info]   at org.testng.internal.Invoker.invokeTestMethod(Invoker.java:719)
[info]   at org.testng.internal.Invoker.invokeTestMethods(Invoker.java:989)
[info]   at org.testng.internal.TestMethodWorker.invokeTestMethods(TestMethodWorker.java:125)
[info]   at org.testng.internal.TestMethodWorker.run(TestMethodWorker.java:109)
[info]   at org.testng.TestRunner.privateRun(TestRunner.java:648)
[info]   at org.testng.TestRunner.run(TestRunner.java:505)
[info]   at org.testng.SuiteRunner.runTest(SuiteRunner.java:455)
[info]   at org.testng.SuiteRunner.runSequentially(SuiteRunner.java:450)
[info]   at org.testng.SuiteRunner.privateRun(SuiteRunner.java:415)
[info]   at org.testng.SuiteRunner.run(SuiteRunner.java:364)
[info]   at org.testng.SuiteRunnerWorker.runSuite(SuiteRunnerWorker.java:52)
[info]   at org.testng.SuiteRunnerWorker.run(SuiteRunnerWorker.java:84)
[info]   at org.testng.TestNG.runSuitesSequentially(TestNG.java:1208)
[info]   at org.testng.TestNG.runSuitesLocally(TestNG.java:1137)
[info]   at org.testng.TestNG.runSuites(TestNG.java:1049)
[info]   at org.testng.TestNG.run(TestNG.java:1017)
[info]   at org.scalatest.testng.TestNGSuiteLike.run(TestNGSuiteLike.scala:261)
[info]   at org.scalatest.testng.TestNGSuiteLike.run$(TestNGSuiteLike.scala:254)
[info]   at org.scalatest.testng.TestNGSuite.run(TestNGSuite.scala:67)
[info]   at org.scalatest.testng.TestNGSuiteLike.runTestNG(TestNGSuiteLike.scala:248)
[info]   at org.scalatest.testng.TestNGSuiteLike.runTestNG$(TestNGSuiteLike.scala:227)
[info]   at org.scalatest.testng.TestNGSuite.runTestNG(TestNGSuite.scala:67)
[info]   at org.scalatest.testng.TestNGSuiteLike.run(TestNGSuiteLike.scala:149)
[info]   at org.scalatest.testng.TestNGSuiteLike.run$(TestNGSuiteLike.scala:146)
[info]   at org.scalatest.testng.TestNGSuite.run(TestNGSuite.scala:67)
[info]   at org.scalatest.tools.Framework.org$scalatest$tools$Framework$$runSuite(Framework.scala:314)
[info]   at org.scalatest.tools.Framework$ScalaTestTask.execute(Framework.scala:507)
[info]   at sbt.ForkMain$Run.lambda$runTest$1(ForkMain.java:304)
[info]   at java.base/java.util.concurrent.FutureTask.run(FutureTask.java:264)
[info]   at java.base/java.util.concurrent.ThreadPoolExecutor.runWorker(ThreadPoolExecutor.java:1135)
[info]   at java.base/java.util.concurrent.ThreadPoolExecutor$Worker.run(ThreadPoolExecutor.java:635)
[info]   at java.base/java.lang.Thread.run(Thread.java:844)
[info] - should_be_able_to_publish_an_event_with_duration(Redis)
[info] - should_be_able_to_publish_an_event_with_duration(Kafka) *** FAILED ***
[info]   java.lang.AssertionError: expected [9] but found [11]
[info]   at org.testng.Assert.fail(Assert.java:96)
[info]   at org.testng.Assert.failNotEquals(Assert.java:776)
[info]   at org.testng.Assert.assertEqualsImpl(Assert.java:137)
[info]   at org.testng.Assert.assertEquals(Assert.java:118)
[info]   at org.testng.Assert.assertEquals(Assert.java:652)
[info]   at org.testng.Assert.assertEquals(Assert.java:662)
[info]   at csw.event.client.JEventPublisherTest.should_be_able_to_publish_an_event_with_duration(JEventPublisherTest.java:118)
[info]   at java.base/jdk.internal.reflect.NativeMethodAccessorImpl.invoke0(Native Method)
[info]   at java.base/jdk.internal.reflect.NativeMethodAccessorImpl.invoke(NativeMethodAccessorImpl.java:62)
[info]   at java.base/jdk.internal.reflect.DelegatingMethodAccessorImpl.invoke(DelegatingMethodAccessorImpl.java:43)
[info]   at java.base/java.lang.reflect.Method.invoke(Method.java:564)
[info]   at org.testng.internal.MethodInvocationHelper.invokeMethod(MethodInvocationHelper.java:124)
[info]   at org.testng.internal.Invoker.invokeMethod(Invoker.java:583)
[info]   at org.testng.internal.Invoker.invokeTestMethod(Invoker.java:719)
[info]   at org.testng.internal.Invoker.invokeTestMethods(Invoker.java:989)
[info]   at org.testng.internal.TestMethodWorker.invokeTestMethods(TestMethodWorker.java:125)
[info]   at org.testng.internal.TestMethodWorker.run(TestMethodWorker.java:109)
[info]   at org.testng.TestRunner.privateRun(TestRunner.java:648)
[info]   at org.testng.TestRunner.run(TestRunner.java:505)
[info]   at org.testng.SuiteRunner.runTest(SuiteRunner.java:455)
[info]   at org.testng.SuiteRunner.runSequentially(SuiteRunner.java:450)
[info]   at org.testng.SuiteRunner.privateRun(SuiteRunner.java:415)
[info]   at org.testng.SuiteRunner.run(SuiteRunner.java:364)
[info]   at org.testng.SuiteRunnerWorker.runSuite(SuiteRunnerWorker.java:52)
[info]   at org.testng.SuiteRunnerWorker.run(SuiteRunnerWorker.java:84)
[info]   at org.testng.TestNG.runSuitesSequentially(TestNG.java:1208)
[info]   at org.testng.TestNG.runSuitesLocally(TestNG.java:1137)
[info]   at org.testng.TestNG.runSuites(TestNG.java:1049)
[info]   at org.testng.TestNG.run(TestNG.java:1017)
[info]   at org.scalatest.testng.TestNGSuiteLike.run(TestNGSuiteLike.scala:261)
[info]   at org.scalatest.testng.TestNGSuiteLike.run$(TestNGSuiteLike.scala:254)
[info]   at org.scalatest.testng.TestNGSuite.run(TestNGSuite.scala:67)
[info]   at org.scalatest.testng.TestNGSuiteLike.runTestNG(TestNGSuiteLike.scala:248)
[info]   at org.scalatest.testng.TestNGSuiteLike.runTestNG$(TestNGSuiteLike.scala:227)
[info]   at org.scalatest.testng.TestNGSuite.runTestNG(TestNGSuite.scala:67)
[info]   at org.scalatest.testng.TestNGSuiteLike.run(TestNGSuiteLike.scala:149)
[info]   at org.scalatest.testng.TestNGSuiteLike.run$(TestNGSuiteLike.scala:146)
[info]   at org.scalatest.testng.TestNGSuite.run(TestNGSuite.scala:67)
[info]   at org.scalatest.tools.Framework.org$scalatest$tools$Framework$$runSuite(Framework.scala:314)
[info]   at org.scalatest.tools.Framework$ScalaTestTask.execute(Framework.scala:507)
[info]   at sbt.ForkMain$Run.lambda$runTest$1(ForkMain.java:304)
[info]   at java.base/java.util.concurrent.FutureTask.run(FutureTask.java:264)
[info]   at java.base/java.util.concurrent.ThreadPoolExecutor.runWorker(ThreadPoolExecutor.java:1135)
[info]   at java.base/java.util.concurrent.ThreadPoolExecutor$Worker.run(ThreadPoolExecutor.java:635)
[info]   at java.base/java.lang.Thread.run(Thread.java:844)
[info] - should_be_able_to_publish_and_subscribe_an_event(Redis)
[info] - should_be_able_to_publish_and_subscribe_an_event(Kafka)
[info] - should_be_able_to_publish_concurrently_to_the_different_channel(Redis)
[info] - should_be_able_to_publish_concurrently_to_the_different_channel(Kafka)

===============================================
Command line suite
Total tests run: 10, Failures: 2, Skips: 0
===============================================

[info] EventSubscriberTest:
[info] - should_be_able_to_get_InvalidEvent(Redis)
[info] - should_be_able_to_get_InvalidEvent(Kafka)
[info] - should_be_able_to_get_an_event_without_subscribing_for_it(Redis)
[info] - should_be_able_to_get_an_event_without_subscribing_for_it(Kafka)
[info] - should_be_able_to_get_events_for_multiple_event_keys(Redis)
[info] - should_be_able_to_get_events_for_multiple_event_keys(Kafka)
[info] - should_be_able_to_get_invalid_event_on_event_parse_failure(Redis)
[info] - should_be_able_to_get_invalid_event_on_event_parse_failure(Kafka)
[info] - should_be_able_to_make_independent_subscriptions(Redis)
[info] - should_be_able_to_make_independent_subscriptions(Kafka)
[info] - should_be_able_to_retrieve_InvalidEvent(Redis)
[info] - should_be_able_to_retrieve_InvalidEvent(Kafka)
[info] - should_be_able_to_retrieve_recently_published_event_on_subscription(Redis)
[info] - should_be_able_to_retrieve_recently_published_event_on_subscription(Kafka)
[info] - should_be_able_to_retrieve_valid_as_well_as_invalid_event_when_events_are_published_for_some_and_not_for_other_keys(Redis)
[info] - should_be_able_to_retrieve_valid_as_well_as_invalid_event_when_events_are_published_for_some_and_not_for_other_keys(Kafka)
[info] - should_be_able_to_subscribe_an_event(Redis)
[info] - should_be_able_to_subscribe_an_event(Kafka)
[info] - should_be_able_to_subscribe_an_event_with_pattern_from_different_subsystem(Redis)
[info] - should_be_able_to_subscribe_an_event_with_pattern_from_same_subsystem(Redis)
[info] - should_be_able_to_subscribe_with_an_ActorRef(Redis)
[info] - should_be_able_to_subscribe_with_an_ActorRef(Kafka)
[info] - should_be_able_to_subscribe_with_an_ActorRef_with_duration(Redis)
[info] - should_be_able_to_subscribe_with_an_ActorRef_with_duration(Kafka)
[info] - should_be_able_to_subscribe_with_async_callback(Redis)
[info] - should_be_able_to_subscribe_with_async_callback(Kafka)
[info] - should_be_able_to_subscribe_with_async_callback_with_duration(Redis)
[info] - should_be_able_to_subscribe_with_async_callback_with_duration(Kafka)
[info] - should_be_able_to_subscribe_with_callback(Redis)
[info] - should_be_able_to_subscribe_with_callback(Kafka)
[info] - should_be_able_to_subscribe_with_callback_with_duration(Redis)
[info] - should_be_able_to_subscribe_with_callback_with_duration(Kafka)

===============================================
Command line suite
Total tests run: 32, Failures: 0, Skips: 0
===============================================

[info] PbParameterTest:
[info] - should able to parse PbParameter with multiple values (5 milliseconds)
[info] - should able to parse PbParameter with sequence of values (1 millisecond)
[info] - should able to create Boolean Items (3 milliseconds)
[info] - should able to create PbParameter with Timestamp items (1 second, 374 milliseconds)
[info] - should able to create PbParameter with Byte items (55 milliseconds)
[info] - should able to create PbParameter with Choice items (1 millisecond)
[info] - should able to create PbParameter with int items only when KeyType is Int (66 milliseconds)
[info] - should able to create PbParameter and compare with Parameter for Int and String Key (2 milliseconds)
[info] - should able to create PbParameter with ArrayItems (63 milliseconds)
[info] - should able to create PbParameter with MatrixItems (6 milliseconds)
[info] - should able to change the type from/to PbParameter to/from Parameter for IntKey (1 millisecond)
[info] - should able to change the type from/to PbParameter to/from Parameter for IntArrayKey (2 milliseconds)
[info] - should able to change the type from/to PbParameter to/from Parameter for IntMatrixKey (4 milliseconds)
[info] - should able to change the type from/to PbParameter to/from Parameter using java api (1 millisecond)
[info] - should able to change the type from/to PbParameter to/from Parameter for RaDec (117 milliseconds)
[info] KafkaFailureTest:
[info] - failure in publishing should fail future with PublishFailed exception (300 milliseconds)
[info] - handle failed publish event with a callback (8 milliseconds)
[info] - handle failed publish event with an eventGenerator and a callback (8 milliseconds)
[info] - handle failed publish event with an eventGenerator generating future of event and a callback (8 milliseconds)
[info] RedisFailureTest:
[info] - should throw PublishFailed exception on publish failure (1 second, 111 milliseconds)
[info] - should invoke onError callback on publish failure [stream API] (1 second, 26 milliseconds)
[info] - should invoke onError callback on publish failure [eventGenerator API] (1 second, 25 milliseconds)
[info] - should throw EventServerNotAvailable exception on subscription failure (85 milliseconds)
[info] - should invoke onError callback on publish failure [eventGenerator API] with future of event generator (1 second, 17 milliseconds)
[info] JKafkaFailureTest:
[info] - failureInPublishingShouldFailFutureWithPublishFailedException
[info] - handleFailedPublishEventWithACallback
[info] - handleFailedPublishEventWithAnEventGeneratorAndACallback
[info] - handleFailedPublishEventWithAnEventGeneratorGeneratingFutureOfEventAndACallback
[info] Compiling 1 Scala source to /home/girish/IdeaProjects/csw/csw-framework/target/scala-2.12/test-classes ...
[info] Done compiling.
[info] TimeExtensionsTest:
[info] - untilNext text (101 milliseconds)
[info] LoggingSeverityTest:
[info] - setCurrentSeverity should log a message (162 milliseconds)
[info] MetadataServiceModuleTest:
[info] - getMetadata should fetch metadata of the given Alarm key (84 milliseconds)
[info] - getMetadata should throw exception while getting metadata if key does not exist (6 milliseconds)
[info] - getMetadata should fetch all alarms for a component (134 milliseconds)
[info] - getMetadata should fetch all alarms for a subsystem (46 milliseconds)
[info] - getMetadata should fetch all alarms of whole system (53 milliseconds)
[info] - getMetadata should throw exception if no alarms are found while getting metadata by subsystem (3 milliseconds)
[info] - initAlarms should load alarms from provided config file (170 milliseconds)
[info] - initAlarms should reset the previous alarm data in redis and load with newly provided (108 milliseconds)
[info] - initAlarm with reset should not delete keys other than alarm service, for example sentinel related keys (52 milliseconds)
[info] - initAlarm with reset=false should preserve existing alarm keys (84 milliseconds)
[info] - activate should activate an inactive alarm (49 milliseconds)
[info] - deActivate should deactivate an active alarm (74 milliseconds)
[info] - should throw exception when tried to activate/deactivate alarm which is not present in alarm store (4 milliseconds)
[info] ConfigValidatorTest:
[info] - validation result should be successful for list of valid alarm's metadata (5 milliseconds)
[info] - validation result should be failed for invalid alarms metadata (10 milliseconds)
[info] JAlarmServiceFactoryTest:
[info] - shouldCreateClientAlarmServiceUsingLocationService
[info] - shouldCreateClientAlarmServiceUsingHostAndPort
[info] HealthServiceModuleTest:
[info] - getAggregatedHealth should get aggregated health for a alarm (57 milliseconds)
[info] - getAggregatedHealth should get aggregated health for a component (35 milliseconds)
[info] - getAggregatedHealth should get aggregated health for a subsystem (38 milliseconds)
[info] - getAggregatedHealth should get aggregated health for global system (80 milliseconds)
[info] - getAggregatedHealth should not consider inactive alarms for health aggregation (32 milliseconds)
[info] - getAggregatedHealth should consider shelved alarms also for health aggregation (34 milliseconds)
[info] - getAggregatedHealth should throw KeyNotFoundException when key is invalid (4 milliseconds)
[info] - getAggregatedHealth should throw InactiveAlarmException when all resolved keys are inactive (3 milliseconds)
[info] - subscribe aggregated health via callback for an alarm (2 seconds, 761 milliseconds)
[info] - subscribe aggregated health via callback for a subsystem (595 milliseconds)
[info] - subscribe aggregated health via callback for a component (254 milliseconds)
[info] - subscribeAggregatedHealthCallback should not consider inactive alarm for aggregation (371 milliseconds)
[info] - subscribeAggregatedSeverityCallback should throw KeyNotFoundException if the key does not match any key (3 milliseconds)
[info] - subscribeAggregatedHealthCallback should throw KeyNotFoundException when key is invalid (3 milliseconds)
[info] - subscribeAggregatedHealthCallback should throw InactiveAlarmException when all resolved keys are inactive (5 milliseconds)
[info] - subscribe aggregated health via actorRef for a subsystem (369 milliseconds)
[info] - shelved alarms should be considered in health aggregation (195 milliseconds)
[info] - subscribeAggregatedHealthActorRef should throw InactiveAlarmException when all resolved keys are inactive (4 milliseconds)
[info] AlarmServiceTestSetup:
[info] ConfigParserTest:
[info] - should able to parse valid alarm metadata's config file (7 milliseconds)
[info] - should throw Exception while parsing invalid alarms metadata config file (6 milliseconds)
[info] StatusServiceModuleTest:
[info] - reset should never update the alarm time (53 milliseconds)
[info] - simple test to check behavior of latch and reset (61 milliseconds)
[info] - reset should set latchedSeverity to current severity when current severity is Okay (16 milliseconds)
[info] - reset should set latchedSeverity to current severity when current severity is Warning (19 milliseconds)
[info] - reset should set latchedSeverity to current severity when current severity is Major (18 milliseconds)
[info] - reset should set latchedSeverity to current severity when current severity is Indeterminate (18 milliseconds)
[info] - reset should set latchedSeverity to current severity when current severity is Critical (19 milliseconds)
[info] - reset should set latchedSeverity to current severity when current severity is Disconnected (1 second, 561 milliseconds)
[info] - reset should throw exception if key does not exist (4 milliseconds)
[info] - acknowledge should set acknowledgementStatus to Acknowledged of an alarm (21 milliseconds)
[info] - unacknowledge should set acknowledgementStatus to Unacknowledged of an alarm (23 milliseconds)
[info] - acknowledge should throw exception if key does not exist (5 milliseconds)
[info] - unacknowledge should throw exception if key does not exist (3 milliseconds)
[info] - shelve should update the status of the alarm to shelved (10 milliseconds)
[info] - shelve alarm should automatically get unshelved on configured time (2 seconds, 11 milliseconds)
[info] - unshelve should update the alarm status to unshelved (10 milliseconds)
[info] - getStatus should throw exception if key does not exist (2 milliseconds)
[WARN] [11/29/2018 19:11:13.842] [pool-1-thread-1] [ManifestInfo(akka://AutoRefreshSeverityActorTest)] Detected possible incompatible versions on the classpath. Please note that a given Akka version MUST be the same across all modules of Akka that you are using, e.g. if you use [2.5.18] all other modules that are released together MUST be of the same version. Make sure you're using a compatible set of libraries.Possibly conflicting versions [2.5.18, 2.5.6] in libraries [akka-multi-node-testkit:2.5.18, akka-persistence:2.5.6, akka-cluster-sharding:2.5.6, akka-protobuf:2.5.18, akka-actor-typed:2.5.18, akka-actor:2.5.18, akka-slf4j:2.5.18, akka-remote:2.5.18, akka-cluster:2.5.18, akka-distributed-data:2.5.18, akka-stream:2.5.18, akka-cluster-typed:2.5.18, akka-actor-testkit-typed:2.5.18, akka-stream-testkit:2.5.18, akka-cluster-tools:2.5.18]
[info] AutoRefreshSeverityActorTest:
[info] - should refresh severity (189 milliseconds)
[info] - should set severity and refresh it (104 milliseconds)
[info] - should cancel the refreshing of alarm severity (232 milliseconds)
[info] - should refresh for multiple alarms (143 milliseconds)
[info] SeverityServiceModuleTest:
[info] - setSeverity should set severity (1 second, 23 milliseconds)
[info] - setSeverity should throw KeyNotFoundException when tried to set severity for key which does not exists in alarm store (2 milliseconds)
[info] - setSeverity should throw InvalidSeverityException when unsupported severity is provided (11 milliseconds)
[info] - setSeverity should latch alarm when it is higher than previous latched severity (456 milliseconds)
[info] - setSeverity should not auto-acknowledge alarm even when it is auto-acknowledgable (15 milliseconds)
[info] - setSeverity should not update alarm time when current severity does not change (218 milliseconds)
[info] - getCurrentSeverity should get current severity (10 milliseconds)
[info] - getCurrentSeverity should throw exception if key does not exist (1 millisecond)
[info] - getAggregatedSeverity should get aggregated severity for component (30 milliseconds)
[info] - getAggregatedSeverity should get aggregated severity for subsystem (50 milliseconds)
[info] - getAggregatedSeverity should get aggregated severity for global system (67 milliseconds)
[info] - getAggregatedSeverity should not consider inactive alarms in aggregation (19 milliseconds)
[info] - getAggregatedSeverity should consider shelved alarms also in aggregation (45 milliseconds)
[info] - getAggregatedSeverity should get aggregated to Disconnected for Warning and Critical severities (23 milliseconds)
[info] - getAggregatedSeverity should throw KeyNotFoundException when key is invalid (2 milliseconds)
[info] - getAggregatedSeverity should throw InactiveAlarmException when all resolved keys are inactive (2 milliseconds)
[info] - subscribe aggregated severity via callback for an alarm (1 second, 268 milliseconds)
[info] - subscribe aggregated severity via callback for a subsystem (1 second, 39 milliseconds)
[info] - subscribe aggregated severity via callback for two different subscriptions, one for a component and other for all (2 seconds, 610 milliseconds)
[info] - subscribeAggregatedSeverityCallback should not consider inactive alarm for aggregation (370 milliseconds)
[info] - subscribeAggregatedSeverityCallback should throw InactiveAlarmException when all resolved keys are inactive (4 milliseconds)
[info] - subscribeAggregatedSeverity should throw KeyNotFoundException when key is invalid (2 milliseconds)
[info] - subscribe aggregated severity via actorRef for a subsystem (1 second, 313 milliseconds)
[info] - subscribeAggregatedSeverityActorRef should not consider inactive alarm for aggregation (339 milliseconds)
[info] - shelved alarms should be considered while subscribing aggregated severity (31 milliseconds)
[info] - IsHigher_WasNotDisconnected (18 milliseconds)
[info] - IsHigher_WasDisconnected (14 milliseconds)
[info] - IsNotHigher_WasNotDisconnected (14 milliseconds)
[info] - IsNotHigher_WasDisconnected (15 milliseconds)
[info] - ack status should transition from Unacknowledged to Unacknowledged when severity changes from Critical to Warning & autoAck=true (16 milliseconds)
[info] - ack status should transition from Acknowledged to Unacknowledged when severity changes from Critical to Warning & autoAck=true (14 milliseconds)
[info] - ack status should transition from Acknowledged to Unacknowledged when severity changes from Critical to Warning & autoAck=false (13 milliseconds)
[info] - ack status should transition from Unacknowledged to Acknowledged when severity changes from Disconnected to Okay & autoAck=true (12 milliseconds)
[info] - ack status should transition from Unacknowledged to Acknowledged when severity changes from Critical to Okay & autoAck=true (14 milliseconds)
[info] - ack status should transition from Unacknowledged to Acknowledged when severity changes from Okay to Okay & autoAck=true (13 milliseconds)
[info] - ack status should transition from Unacknowledged to Unacknowledged when severity changes from Warning to Okay & autoAck=false (12 milliseconds)
[info] - ack status should transition from Acknowledged to Acknowledged when severity changes from Warning to Okay & autoAck=false (11 milliseconds)
[info] - ack status should transition from Acknowledged to Acknowledged when severity changes from Okay to Disconnected & autoAck=false (1 second, 108 milliseconds)
[info] - ack status should transition from Unacknowledged to Unacknowledged when severity changes from Warning to Disconnected & autoAck=false (1 second, 109 milliseconds)
[info] JSeverityServiceModuleTest:
[info] - setSeverity_shouldNotUpdateAlarmTimeWhenSeverityDoesNotChange
[info] - setSeverity_shouldLatchAlarmWhenItIsHigherThanPreviousLatchedSeverity
[info] - setSeverity_shouldNotAutoAcknowledgeAlarmEvenWhenItIsAutoAcknowlegable
[info] - setSeverity_shouldThrowInvalidSeverityExceptionWhenUnsupportedSeverityIsProvided
[info] - setSeverity_shouldSetSeverityForAGivenKey
[info] AlarmServiceFactoryTest:
[info] - should create admin alarm service using location service (11 milliseconds)
[info] - should create admin alarm service using host and port (6 milliseconds)
[info] - should create client alarm service using location service (81 milliseconds)
[info] - should create client alarm service using host and port (30 milliseconds)
[info] ScalaTest
[info] Run completed in 5 minutes, 23 seconds.
[info] Total number of tests run: 36
[info] Suites: completed 5, aborted 0
[info] Tests: succeeded 36, failed 0, canceled 0, ignored 0, pending 0
[info] All tests passed.
[info] Passed: Total 36, Failed 0, Errors 0, Passed 36
[info] ScalaTest
[info] Run completed in 5 minutes, 23 seconds.
[info] Total number of tests run: 98
[info] Suites: completed 8, aborted 0
[info] Tests: succeeded 98, failed 0, canceled 0, ignored 0, pending 0
[info] All tests passed.
[info] Passed: Total 98, Failed 0, Errors 0, Passed 98
[info] ScalaTest
[info] Run completed in 5 minutes, 23 seconds.
[info] Total number of tests run: 135
[info] Suites: completed 13, aborted 0
[info] Tests: succeeded 129, failed 6, canceled 0, ignored 0, pending 0
[info] *** 6 TESTS FAILED ***
[error] Failed: Total 135, Failed 6, Errors 0, Passed 129
[error] Failed tests:
[error] 	csw.event.client.EventSubscriptionFrequencyTest
[error] 	csw.event.client.JEventSubscriptionFrequencyTest
[error] 	csw.event.client.JEventPublisherTest
[info] ScalaTest
[info] Run completed in 5 minutes, 23 seconds.
[info] Total number of tests run: 108
[info] Suites: completed 13, aborted 0
[info] Tests: succeeded 108, failed 0, canceled 0, ignored 0, pending 0
[info] All tests passed.
[info] Passed: Total 108, Failed 0, Errors 0, Passed 108
[info] * csw.event.client.perf.model_obs.ModelObsPerfTest
[JVM-2] Run starting. Expected test count is: 0
[JVM-2] ModelObsPerfTestMultiJvmNode2:
[JVM-1] Run starting. Expected test count is: 0
[JVM-1] ModelObsPerfTestMultiJvmNode1:
[JVM-2] - Perf results must be great for model observatory use case !!! IGNORED !!!
[JVM-1] - Perf results must be great for model observatory use case !!! IGNORED !!!
[JVM-1] Run completed in 4 seconds, 506 milliseconds.
[JVM-1] Total number of tests run: 0
[JVM-1] Suites: completed 1, aborted 0
[JVM-1] Tests: succeeded 0, failed 0, canceled 0, ignored 1, pending 0
[JVM-1] No tests were executed.
[JVM-2] Run completed in 3 seconds, 985 milliseconds.
[JVM-2] Total number of tests run: 0
[JVM-2] Suites: completed 1, aborted 0
[JVM-2] Tests: succeeded 0, failed 0, canceled 0, ignored 1, pending 0
[JVM-2] No tests were executed.
[info] * csw.event.client.perf.event_service.EventServicePerfTest
[JVM-2] Run starting. Expected test count is: 0
[JVM-2] EventServicePerfTestMultiJvmNode2:
[JVM-1] Run starting. Expected test count is: 0
[JVM-1] EventServicePerfTestMultiJvmNode1:
[JVM-2] - Perf results must be great for 1-to-1-size-100 with payloadSize = 100 !!! IGNORED !!!
[JVM-2] - Perf results must be great for 1-to-5-size-100 with payloadSize = 100 !!! IGNORED !!!
[JVM-2] - Perf results must be great for 1-to-5-size-1KB with payloadSize = 1024 !!! IGNORED !!!
[JVM-2] Run completed in 4 seconds, 294 milliseconds.
[JVM-2] Total number of tests run: 0
[JVM-2] Suites: completed 1, aborted 0
[JVM-2] Tests: succeeded 0, failed 0, canceled 0, ignored 3, pending 0
[JVM-2] No tests were executed.
[JVM-1] - Perf results must be great for 1-to-1-size-100 with payloadSize = 100 !!! IGNORED !!!
[JVM-1] - Perf results must be great for 1-to-5-size-100 with payloadSize = 100 !!! IGNORED !!!
[JVM-1] - Perf results must be great for 1-to-5-size-1KB with payloadSize = 1024 !!! IGNORED !!!
[JVM-1] Run completed in 4 seconds, 316 milliseconds.
[JVM-1] Total number of tests run: 0
[JVM-1] Suites: completed 1, aborted 0
[JVM-1] Tests: succeeded 0, failed 0, canceled 0, ignored 3, pending 0
[JVM-1] No tests were executed.
[info] Passed: Total 0, Failed 0, Errors 0, Passed 0
[info] No tests to run for MultiJvm
[info] multi-jvm
[info] csw.event.client.perf.model_obs.ModelObsPerfTest
[info] multi-jvm
[info] csw.event.client.perf.event_service.EventServicePerfTest
[info] Passed: Total 0, Failed 0, Errors 0, Passed 0
[info] No tests to run for MultiJvm
[info] Compiling 1 Scala source to /home/girish/IdeaProjects/csw/csw-config-client/target/scala-2.12/multi-jvm-classes ...
[info] Done compiling.
[info] Compiling 1 Scala source to /home/girish/IdeaProjects/csw/csw-config-cli/target/scala-2.12/multi-jvm-classes ...
[info] Done compiling.
[info] Compiling 1 Scala source to /home/girish/IdeaProjects/csw/csw-framework/target/scala-2.12/multi-jvm-classes ...
[info] Done compiling.
[info] Compiling 1 Scala source and 1 Java source to /home/girish/IdeaProjects/csw/examples/target/scala-2.12/test-classes ...
[info] Done compiling.
[info] JConfigClientApiTest:
[info] - testConfigClientApi
[info] JConfigAdminApiTest:
[info] - testFileAlreadyExistsExceptionOnCreate
[info] - testGetReturnsNoneIfFileNotExists
[info] - testUpdateExistingFile
[info] - testListIsFilteredBasedOnTypeAndPattern
[info] - testListFilesFromAnnexStoreWithoutShaSuffix
[info] - testRetrieveVersionBasedOnDate
[info] - testGetAndSetActiveConfigFileFromAnnexStore
[info] - testGetHistoryOfActiveVersionsOfFile
[info] - testListAllFiles
[info] - testActiveVersionBasedOnTime
[info] - testCreateFileInAnnexStore
[info] - testFileExistsInAnnexStore
[info] - testEachRevisionHasUniqueId
[info] - testListIsFilteredBasedOnPattern
[info] - testSpecificVersionRetrieval
[info] - testRetrieveVersionBasedOnDateForFileInAnnexStore
[info] - testGetMetadata
[info] - testHistoryOfAFile
[info] - testGetSetAndResetActiveConfigFile
[info] - testDelete
[info] - testExists
[info] - testGetActiveReturnsNoneIfFileNotExist
[info] - testUpdateReturnsFileNotFoundExceptionOnAbsenceOfFile
[info] - testUpdateAndHistoryOfFilesInAnnexStore
[info] - testActiveFilesAreExcludedInList
[info] - testCreateAndRetrieveFile
[info] ConfigServiceResolverTest:
[info] - should throw exception if not able to resolve config service http server (5 seconds, 84 milliseconds)
[info] - should give URI for resolved config service (39 milliseconds)
[info] ConfigAdminApiTest:
[info] - should able to upload and get component configurations from config service (153 milliseconds)
[info] - should able to upload and get binary configurations from config service (4 seconds, 827 milliseconds)
[info] - should able to create a file and retrieve the same (85 milliseconds)
[info] - should ignore '/' at the beginning of file path and create a file (103 milliseconds)
[info] - should throw FileAlreadyExists while creating a file if it already exists in repository - assume svn first (113 milliseconds)
[info] - should throw FileAlreadyExists while creating a file if it already exists in repository - assume annex first (143 milliseconds)
[info] - should able to update existing file and get the file with updated content (76 milliseconds)
[info] - update should throw FileNotFoundException if a file does not exists in repository (18 milliseconds)
[info] - each revision of file should have unique identifier (187 milliseconds)
[info] - get call should return `None` if a file does not exists in repository (22 milliseconds)
[info] - should able to retrieve the specific version of file by config ID (216 milliseconds)
[info] - should get the correct version of file based on time (95 milliseconds)
[info] - should get the initial version of file if date provided is before the creation date (109 milliseconds)
[info] - should record datetime for creation of config file (57 milliseconds)
[info] - should record datetime when config file is updated (87 milliseconds)
[info] - should get the history of a file (160 milliseconds)
[info] - should list all the available config files (95 milliseconds)
[info] - exists should return false if file does not exist (16 milliseconds)
[info] - exists should return true if file exist (397 milliseconds)
[info] - should able to delete existing file (95 milliseconds)
[info] - deleting non existing file should throw FileNotFoundException (19 milliseconds)
[info] - delete removes all versions of a file (122 milliseconds)
[info] - should able to get, set and reset the active version of config file (224 milliseconds)
[info] - should able to get history of active versions of file (255 milliseconds)
[info] - getActive and getActiveVersion should return None if file does not exists (37 milliseconds)
[info] - set and reset active should throw FileNotFound exception if file or version does not exists (63 milliseconds)
[info] - should be able to store and retrieve file from annex store (50 milliseconds)
[info] - should list files from annex store without .$sha1 suffix (98 milliseconds)
[info] - should be able to update and retrieve the history of a file in annex store (169 milliseconds)
[info] - should able to get history of active versions of file from annex store (177 milliseconds)
[info] - should be able to get active file from annex store (150 milliseconds)
[info] - should be able to get time stamped file from annex store (124 milliseconds)
[info] - should exclude .$active files from list (147 milliseconds)
[info] - should be able to store and retrieve text file from annex store when size is greater than configured size (210 milliseconds)
[info] - should list all files in a repository (168 milliseconds)
[info] - should give empty list if pattern does not match any file (128 milliseconds)
[info] - should filter list based on the pattern (148 milliseconds)
[info] - should filter list based on the type and pattern (206 milliseconds)
[info] - should get the correct active version of the file based on time (137 milliseconds)
[info] - should get metadata (45 milliseconds)
[info] - should throw exception for invalid path (26 milliseconds)
[info] - should be able to store and retrieve binary file in annex dir (112 milliseconds)
[info] - should throw invalid input exception if pattern is invalid (15 milliseconds)
[info] - should throw Unauthorized exception when not logged in (28 milliseconds)
[info] - should throw NotAllowed exception when user does not have correct role (21 milliseconds)
[info] - should get the history of a file with correct username (101 milliseconds)
[info] - should able to get history of active versions of file with correct user names (133 milliseconds)
[info] - should get the list of a file with correct username (104 milliseconds)
[ERROR] [11/29/2018 19:13:05.692] [config-server-akka.actor.default-dispatcher-95] [akka://config-server/system/pool-master] connection pool for PoolGateway(hcps = HostConnectionPoolSetup(localhost,7654,ConnectionPoolSetup(ConnectionPoolSettings(10,0,5,32,1,30 seconds,ClientConnectionSettings(Some(User-Agent: akka-http/10.1.5),10 seconds,1 minute,512,None,WebSocketSettings(<function0>,ping,Duration.Inf,akka.http.impl.settings.WebSocketSettingsImpl$$$Lambda$1425/1479799198@4aff6e0c),List(),ParserSettings(2048,16,64,64,8192,64,8388608,8388608,256,1048576,Strict,RFC6265,true,Set(),Full,Error,Map(If-Range -> 0, If-Modified-Since -> 0, If-Unmodified-Since -> 0, default -> 12, Content-MD5 -> 0, Date -> 0, If-Match -> 0, If-None-Match -> 0, User-Agent -> 32),false,true,akka.util.ConstantFun$$$Lambda$704/811889421@6cf1f9c4,akka.util.ConstantFun$$$Lambda$704/811889421@6cf1f9c4,akka.util.ConstantFun$$$Lambda$705/1205590493@a62ab6f),None,TCPTransport),New,1 second),akka.http.scaladsl.HttpConnectionContext$@3bdc3b21,akka.event.MarkerLoggingAdapter@6e3e8c34))) has shut down unexpectedly
[info] ConfigClientApiTest:
[info] - should able to get, set and reset the active version of config file (165 milliseconds)
[info] ConfigUtilsTest:
[info] - should throw exception if input file and default config is empty (10 milliseconds)
[info] - should return default config if input file if not provided (0 milliseconds)
[info] - should use input file for config (2 milliseconds)
[info] - should throw exception if input file does not exist (1 millisecond)
[info] - should get config from remote input file (3 milliseconds)
[info] ArgsParserTest:
[info] - test arguments without specifying operation (78 milliseconds)
[info] - test create with no sub-options (4 milliseconds)
[info] - test create with all applicable sub-options (8 milliseconds)
[info] - test create with bare minimum sub-options (3 milliseconds)
[info] - test update with no sub-options (2 milliseconds)
[info] - test update with all applicable sub-options (3 milliseconds)
[info] - test get with no sub-options (2 milliseconds)
[info] - test get with all applicable sub-options (2 milliseconds)
[info] - test get with date sub-option (5 milliseconds)
[info] - test get with bare minimum sub-options (2 milliseconds)
[info] - test delete with no sub-options (1 millisecond)
[info] - test delete with sub-options (2 milliseconds)
[info] - test list (1 millisecond)
[info] - test list with pattern (1 millisecond)
[info] - test list with type (2 milliseconds)
[info] - test list with type and pattern (2 milliseconds)
[info] - test history with no sub-options (2 milliseconds)
[info] - test history with all sub-options (2 milliseconds)
[info] - test history with max sub-option (1 millisecond)
[info] - test history with from and to sub-options (2 milliseconds)
[info] - test setActiveVersion with all sub-options (1 millisecond)
[info] - test resetActiveVersion with no sub-options (1 millisecond)
[info] - test resetActiveVersion with sub-options (1 millisecond)
[info] - test getActiveVersion (1 millisecond)
[info] - test getActiveByTime with date sub-option (2 milliseconds)
[info] - test historyActive with no sub-options (1 millisecond)
[info] - test historyActive with all sub-options (2 milliseconds)
[info] - test historyActive with max sub-option (1 millisecond)
[info] - test historyActive with from and to sub-options (2 milliseconds)
[info] - test getMetadata (1 millisecond)
[info] - test getMetadata with locationHost (1 millisecond)
[info] - test exists with no sub-options (1 millisecond)
[info] - test exists with sub-options (2 milliseconds)
[info] - test getActive (1 millisecond)
[info] - test login (1 millisecond)
[info] - test logout (6 milliseconds)
[info] CommandLineRunnerTest:
[info] - should able to create a file in repo and read it from repo to local disk (355 milliseconds)
[info] - should able to update, delete and check for existence of a file from repo (451 milliseconds)
[info] - should be able to list files with author and use filter pattern (508 milliseconds)
[info] - should able to set, reset and get the active version of file. (254 milliseconds)
[info] - should able to fetch history of file. (175 milliseconds)
[info] - should able to fetch history of active files. (220 milliseconds)
[info] - get repository MetaData from server (45 milliseconds)
[info] - login (18 milliseconds)
[info] - logout (1 millisecond)
[ERROR] [11/29/2018 19:13:20.523] [config-cli-akka.actor.default-dispatcher-14] [akka://config-cli/system/pool-master] connection pool for PoolGateway(hcps = HostConnectionPoolSetup(localhost,7654,ConnectionPoolSetup(ConnectionPoolSettings(4,0,5,32,1,30 seconds,ClientConnectionSettings(Some(User-Agent: akka-http/10.1.5),10 seconds,1 minute,512,None,WebSocketSettings(<function0>,ping,Duration.Inf,akka.http.impl.settings.WebSocketSettingsImpl$$$Lambda$1600/1893192363@40935c10),List(),ParserSettings(2048,16,64,64,8192,64,8388608,8388608,256,1048576,Strict,RFC6265,true,Set(),Full,Error,Map(If-Range -> 0, If-Modified-Since -> 0, If-Unmodified-Since -> 0, default -> 12, Content-MD5 -> 0, Date -> 0, If-Match -> 0, If-None-Match -> 0, User-Agent -> 32),false,true,akka.util.ConstantFun$$$Lambda$911/201464001@2382c358,akka.util.ConstantFun$$$Lambda$911/201464001@2382c358,akka.util.ConstantFun$$$Lambda$912/134290231@6dd23c8d),None,TCPTransport),New,1 second),akka.http.scaladsl.HttpConnectionContext$@37fb9efb,akka.event.MarkerLoggingAdapter@7f377b7b))) has shut down unexpectedly
[info] ArgsParserTest:
[info] - parse without specifying operation (106 milliseconds)
[info] - parse init command without any options (5 milliseconds)
[info] - parse init command with only mandatory options (10 milliseconds)
[info] - parse init command with all options (4 milliseconds)
[info] - parse severity without sub command (2 milliseconds)
[info] - parse set severity command (18 milliseconds)
[info] - parse get severity command (1 millisecond)
[info] - parse subscribe severity command (2 milliseconds)
[info] - parse refresh severity command (1 millisecond)
[info] - parse acknowledge command (1 millisecond)
[info] - parse acknowledge without options (2 milliseconds)
[info] - parse unacknowledge command (1 millisecond)
[info] - parse unacknowledge without options (1 millisecond)
[info] - parse activate command (1 millisecond)
[info] - parse activate without options (1 millisecond)
[info] - parse deactivate command (1 millisecond)
[info] - parse deactivate without options (1 millisecond)
[info] - parse shelve command (1 millisecond)
[info] - parse shelve without options (1 millisecond)
[info] - parse unshelve command (1 millisecond)
[info] - parse unshelve without options (1 millisecond)
[info] - parse reset command (2 milliseconds)
[info] - parse reset without options (2 milliseconds)
[info] - parse list command without options (2 milliseconds)
[info] - parse list command (2 milliseconds)
[info] - parse list command with status with full alarm key (1 millisecond)
[info] - parse list command with status with subsystem key (1 millisecond)
[info] - parse list command with metadata with component key (1 millisecond)
[info] - parse list command only with subsystem and/or component options (1 millisecond)
[info] - parse list command  with invalid options (1 millisecond)
[info] - parse health without sub command (1 millisecond)
[info] - parse get health command (0 milliseconds)
[info] - parse health command only with subsystem and/or component options (1 millisecond)
[info] - parse subscribe health command (1 millisecond)
[info] CliAppTest:
[info] - should initialize alarms in alarm store from local config (116 milliseconds)
[info] - should initialize alarms in alarm store from remote config (2 seconds, 587 milliseconds)
config service connection=ConfigServer-service-http can not be resolved
[info] - should fail to initialize alarms in alarm store when config service is down (5 seconds, 63 milliseconds)
[info] - should acknowledge the alarm (45 milliseconds)
[info] - should unacknowledge the alarm (23 milliseconds)
[info] - should activate the alarm (26 milliseconds)
[info] - should deactivate the alarm (25 milliseconds)
[info] - should shelve the alarm (30 milliseconds)
[info] - should unshelve the alarm (33 milliseconds)
[info] - should list all alarms present in the alarm store (219 milliseconds)
[info] - should list alarms for specified subsystem (14 milliseconds)
[info] - should list alarms for specified component (9 milliseconds)
[info] - should list the alarm for specified name (10 milliseconds)
[info] - should list the metadata of alarm for specified name (6 milliseconds)
[info] - should list status of alarms (9 milliseconds)
[info] - should list no alarm for invalid key/pattern (4 milliseconds)
[info] - should reset the severity of latched alarm (66 milliseconds)
[info] - should set severity of alarm (24 milliseconds)
[info] - should get severity of alarm (49 milliseconds)
[info] - should get severity of a component (45 milliseconds)
[info] - should get severity of a subsystem (3 milliseconds)
[info] - should get severity of Alarm Service (13 milliseconds)
[info] - should subscribe severity of alarm (162 milliseconds)
[info] - should refresh severity of alarm (1 second, 744 milliseconds)
[info] - should get health of alarm (130 milliseconds)
[info] - should get health of component (22 milliseconds)
[info] - should get health of subsystem (66 milliseconds)
[info] - should get health of alarm service (3 milliseconds)
[info] - should subscribe health of subsystem/component/alarm (87 milliseconds)
[info] ComponentLifecycleTest:
[info] - running component should handle RunOffline lifecycle message (866 milliseconds)
[info] - running component should not accept RunOffline lifecycle message when it is already offline (40 milliseconds)
[info] - running component should handle RunOnline lifecycle message when it is Offline (38 milliseconds)
[info] - running component should not accept RunOnline lifecycle message when it is already Online (37 milliseconds)
[info] - running component should clean up using onShutdown handler before stopping (47 milliseconds)
[info] - running component should handle Submit command (53 milliseconds)
[info] - running component should handle Oneway command (3 seconds, 40 milliseconds)
[info] - running component can send an immediate response to a submit command and avoid invoking further processing (65 milliseconds)
[info] - running component can send a oneway command that is rejected (3 seconds, 41 milliseconds)
[info] AlarmServiceIntegrationTest:
[info] - component should be able to set severity of an alarm (1 second, 551 milliseconds)
[WARN] [11/29/2018 19:14:05.953] [csw-remote-actor-system-akka.actor.default-dispatcher-22] [csw-remote-actor-system/Pool(shared->http://localhost:7654)] [0 (Connecting)] Ongoing request [POST /location/unregister Strict(85 bytes)] was dropped because pool is shutting down
[info] ComponentBehaviorTest:
[info] - component should send itself initialize message and handle initialization (38 milliseconds)
[info] ContainerIntegrationTest:
[info] - should start multiple components withing a single container and able to accept lifecycle messages (2 seconds, 438 milliseconds)
[info] SupervisorBehaviorTest:
[info] - Supervisor should create child actors for TLA, pub-sub actor for lifecycle and component state (48 milliseconds)
[info] - Supervisor should watch child component actor [TLA] (16 milliseconds)
[info] LockManagerTest:
[info] - should be locked when prefix is available (0 milliseconds)
[info] - should be unlocked when prefix is not available (0 milliseconds)
[info] - should able to lock (3 milliseconds)
[info] - should able to reacquire lock (2 milliseconds)
[info] - should not acquire lock when invalid prefix is provided (2 milliseconds)
[info] - should able to unlock (2 milliseconds)
[info] - should not able to unlock with invalid prefix (2 milliseconds)
[info] - should not result into failure when tried to unlock already unlocked component (1 millisecond)
[info] - should allow commands when component is not locked (0 milliseconds)
[info] - should allow commands when component is locked with same prefix (1 millisecond)
[info] - should not allow commands when component is locked with different prefix (2 milliseconds)
[info] EventServiceIntegrationTest:
[info] - should be able to publish and subscribe to events (2 seconds, 259 milliseconds)
[WARN] [11/29/2018 19:14:12.719] [csw-remote-actor-system-akka.actor.default-dispatcher-33] [csw-remote-actor-system/Pool(shared->http://localhost:7654)] [0 (Connecting)] Ongoing request [POST /location/unregister Strict(93 bytes)] was dropped because pool is shutting down
[ERROR] [11/29/2018 19:14:12.739] [csw-remote-actor-system-akka.actor.default-dispatcher-28] [akka.tcp://Filter-system@192.168.1.11:44417/system/remote-watcher] swallowing exception during message send (akka.remote.RemoteTransportExceptionNoStackTrace: Attempted to send remote message but Remoting is not running.)
[info] ArgsParserTest:
[info] - should able to parse when all arguments are provided (65 milliseconds)
[info] - should able to parse arguments with default value of false when local option is not provided (1 millisecond)
[info] - should not parse if inputFilePath is not provided (1 millisecond)
[info] - should not parse if no arguments provided (1 millisecond)
[info] TrackConnectionsIntegrationTest:
[info] - should track connections when locationServiceUsage is RegisterAndTrackServices (2 seconds, 14 milliseconds)
[info] - component should be able to track http and tcp connections (1 second, 889 milliseconds)
[ERROR] [11/29/2018 19:14:17.431] [csw-remote-actor-system-akka.actor.default-dispatcher-5] [akka.tcp://Filter-system@192.168.1.11:41737/system/remote-watcher] swallowing exception during message send (akka.remote.RemoteTransportExceptionNoStackTrace: Attempted to send remote message but Remoting is not running.)
[ERROR] [11/29/2018 19:14:17.439] [csw-remote-actor-system-akka.actor.default-dispatcher-32] [akka.tcp://test2@192.168.1.11:34495/system/remote-watcher] swallowing exception during message send (akka.remote.RemoteTransportExceptionNoStackTrace: Attempted to send remote message but Remoting is not running.)
[info] ConfigParserTest:
[info] - should able to parse container config (3 milliseconds)
[info] - should able to throw error when 'name' is missing (3 milliseconds)
[info] - should able to throw error when 'components' is missing (2 milliseconds)
[info] - should able to throw error when 'components' is not a config object (2 milliseconds)
[info] - should able to parse standalone assembly config (2 milliseconds)
[info] - should able to throw error when 'behaviorFactoryClassName' is missing for assembly (3 milliseconds)
[info] - should able to throw error when 'prefix' is missing for assembly (2 milliseconds)
[info] - should able to throw error when 'locationServiceUsage' is missing for assembly (2 milliseconds)
[info] - should able to throw error when 'connections' is not an array for assembly (2 milliseconds)
[info] - should able to throw error when connection ingredients has typos for 'connections' in assembly (23 milliseconds)
[info] - should able to throw error when 'componentType' is missing for assembly (3 milliseconds)
[info] - should able to throw error when 'behaviorFactoryClassName' is missing for hcd (5 milliseconds)
[info] - should able to throw error when 'prefix' is missing for hcd (2 milliseconds)
[info] - should able to throw error when 'locationServiceUsage' is missing for hcd (2 milliseconds)
[info] - should able to throw error when 'componentType' is missing for hcd (2 milliseconds)
[info] - should able to throw error when 'name' is missing for standalone mode (2 milliseconds)
[info] - should able to parse host config (19 milliseconds)
[info] - should able to throw error when provided mode is invalid in host config (3 milliseconds)
[info] - should able to throw error when provided location is invalid in host config (2 milliseconds)
[info] ArgsParserTest:
[info] - should parse arguments when all arguments are provided (18 milliseconds)
[info] - should parse arguments with default value of false when standalone option is not provided (1 millisecond)
[info] - should parse arguments with default value of false when local option is not provided (1 millisecond)
[info] ContainerBehaviorTest:
[info] - should change its lifecycle state to running after all components move to running lifecycle state (46 milliseconds)
[info] - should handle restart message by changing its lifecycle state to Idle (16 milliseconds)
[info] - should change its lifecycle state from Idle to Running after all components have restarted (4 milliseconds)
[info] - should handle GoOnline and GoOffline Lifecycle messages by forwarding to all components (4 milliseconds)
[info] SupervisorLockTest:
[info] - should able to lock and unlock a component (197 milliseconds)
[info] - should forward command messages from client that locked the component and reject for other clients  (129 milliseconds)
[info] - should forward messages that are of type SupervisorLockMessage to TLA (328 milliseconds)
[info] - should expire lock after timeout (409 milliseconds)
[info] - should not publish LockExpired or LockExpiringShortly messages if component is unlocked within timeout (222 milliseconds)
[info] StandaloneComponentTest:
[info] - should start a component in standalone mode and register with location service (1 second, 854 milliseconds)
[info] SupervisorBehaviorLifecycleTest:
[info] - supervisor should start in Idle lifecycle state and spawn two actors (118 milliseconds)
[info] - supervisor should accept Running message and register with Location service when LocationServiceUsage is RegisterOnly (24 milliseconds)
[info] - supervisor should accept Running message and should not register when LocationServiceUsage is DoNotRegister (21 milliseconds)
[info] - supervisor should publish state change after successful registration with location service (20 milliseconds)
[info] - supervisor should publish state change if locationServiceUsage is DoNotRegister (20 milliseconds)
[info] - supervisor should handle LifecycleStateSubscription message by coordinating with pub sub actor (20 milliseconds)
[info] - supervisor should handle lifecycle Restart message (21 milliseconds)
[info] - supervisor should handle lifecycle GoOffline message (20 milliseconds)
[info] - supervisor should handle lifecycle GoOnline message (23 milliseconds)
[info] - supervisor should handle Terminated signal for Idle lifecycle state (28 milliseconds)
[info] - supervisor should handle Command Response Manager messages by forwarding it to Command Response Manager (22 milliseconds)
[info] SupervisorModuleTest:
[info] - onInitialized and onRun hooks of comp handlers should be invoked when supervisor creates comp (332 milliseconds)
[info] - onSubmit hook should be invoked and command validation should be successful on receiving Setup config (443 milliseconds)
[info] - onOneway hook should be invoked and command validation should be successful on receiving Observe config (247 milliseconds)
[info] - component handler should be able to validate a Setup or Observe command as failure during validation (244 milliseconds)
[info] - onGoOffline and goOnline hooks of comp handlers should be invoked when supervisor receives Lifecycle messages (242 milliseconds)
[info] - should invoke onShutdown hook when supervisor restarts component using Restart external message (955 milliseconds)
[info] - running component should ignore RunOnline lifecycle message when it is already online (2 seconds, 241 milliseconds)
[info] - running component should ignore RunOffline lifecycle message when it is already offline (2 seconds, 242 milliseconds)
[info] - handle InitializeTimeout by stopping TLA (101 milliseconds)
[info] JCommandIntegrationTest:
[info] - testSupervisorLock
[info] - testCommandExecutionBetweenComponents
[info] - testSubscribeCurrentState
[info] - testCommandFailure
[info] - testSubmitAll
[info] - testSubscribeOnlyCurrentState
[info] - testCRMUsageForCompletion
[info] - testCRMUsageForSubComands
[WARN] [11/29/2018 19:14:45.821] [csw-remote-actor-system-akka.actor.default-dispatcher-39] [csw-remote-actor-system/Pool(shared->http://localhost:7654)] [0 (WaitingForResponse)] Ongoing request [POST /location/unregister Strict(113 bytes)] was dropped because pool is shutting down
[info] PubSubBehaviorTest:
[info] - message should be published to all the subscribers (3 milliseconds)
[info] - message should be published to the subscribers depending on names (2 milliseconds)
[info] - should not receive messages on un-subscription (52 milliseconds)
[info] SupervisorLifecycleFailureTest:
[info] - handle TLA failure with FailureStop exception in initialize with Restart message (520 milliseconds)
[info] - handle TLA failure with FailureRestart exception in initialize (331 milliseconds)
[info] - handle TLA failure with FailureRestart exception in Running (530 milliseconds)
[info] Compiling 3 Scala sources to /home/girish/IdeaProjects/csw/csw-admin-server/target/scala-2.12/test-classes ...
[warn] /home/girish/IdeaProjects/csw/csw-admin-server/src/test/scala/csw/admin/server/log/AkkaLogAdminTest.scala:26:33: Unused import
[warn] import csw.location.server.http.HTTPLocationService
[warn]                                 ^
[warn] one warning found
[info] Done compiling.
[info] ScalaTest
[info] Run completed in 3 minutes, 5 seconds.
[info] Total number of tests run: 83
[info] Suites: completed 6, aborted 0
[info] Tests: succeeded 83, failed 0, canceled 0, ignored 0, pending 0
[info] All tests passed.
[info] Passed: Total 83, Failed 0, Errors 0, Passed 83
[info] ScalaTest
[info] Run completed in 3 minutes, 5 seconds.
[info] Total number of tests run: 45
[info] Suites: completed 2, aborted 0
[info] Tests: succeeded 45, failed 0, canceled 0, ignored 0, pending 0
[info] All tests passed.
[info] Passed: Total 45, Failed 0, Errors 0, Passed 45
[info] ScalaTest
[info] Run completed in 3 minutes, 5 seconds.
[info] Total number of tests run: 63
[info] Suites: completed 2, aborted 0
[info] Tests: succeeded 63, failed 0, canceled 0, ignored 0, pending 0
[info] All tests passed.
[info] Passed: Total 63, Failed 0, Errors 0, Passed 63
[info] ScalaTest
[info] Run completed in 3 minutes, 5 seconds.
[info] Total number of tests run: 98
[info] Suites: completed 19, aborted 0
[info] Tests: succeeded 98, failed 0, canceled 0, ignored 0, pending 0
[info] All tests passed.
[info] Passed: Total 98, Failed 0, Errors 0, Passed 98
[info] * csw.config.client.ConfigServiceTest
[JVM-1] Run starting. Expected test count is: 2
[JVM-1] ConfigServiceTestMultiJvmNode1:
[JVM-2] Run starting. Expected test count is: 2
[JVM-2] ConfigServiceTestMultiJvmNode2:
[JVM-1] - ensure that location service is up for all the nodes
[JVM-2] - ensure that location service is up for all the nodes
[JVM-1] WARNING: An illegal reflective access operation has occurred
[JVM-1] WARNING: Illegal reflective access by org.jboss.netty.util.internal.ByteBufferUtil (file:/home/girish/IdeaProjects/csw/csw-config-client/target/multi-run-copied-libraries/netty-3.10.6.Final.jar) to method java.nio.DirectByteBuffer.cleaner()
[JVM-1] WARNING: Please consider reporting this to the maintainers of org.jboss.netty.util.internal.ByteBufferUtil
[JVM-1] WARNING: Use --illegal-access=warn to enable warnings of further illegal reflective access operations
[JVM-1] WARNING: All illegal access operations will be denied in a future release
[JVM-2] WARNING: An illegal reflective access operation has occurred
[JVM-2] WARNING: Illegal reflective access by org.jboss.netty.util.internal.ByteBufferUtil (file:/home/girish/IdeaProjects/csw/csw-config-client/target/multi-run-copied-libraries/netty-3.10.6.Final.jar) to method java.nio.DirectByteBuffer.cleaner()
[JVM-2] WARNING: Please consider reporting this to the maintainers of org.jboss.netty.util.internal.ByteBufferUtil
[JVM-2] WARNING: Use --illegal-access=warn to enable warnings of further illegal reflective access operations
[JVM-2] WARNING: All illegal access operations will be denied in a future release
[JVM-2] - should start config service server on one node and client should able to create and get files from other node
[JVM-1] - should start config service server on one node and client should able to create and get files from other node
[JVM-2] Run completed in 14 seconds, 72 milliseconds.
[JVM-2] Total number of tests run: 2
[JVM-2] Suites: completed 1, aborted 0
[JVM-2] Tests: succeeded 2, failed 0, canceled 0, ignored 0, pending 0
[JVM-2] All tests passed.
[JVM-2] [ERROR] [11/29/2018 19:15:08.808] [default-akka.actor.default-dispatcher-16] [akka.tcp://default@127.0.1.1:33933/system/pool-master] connection pool for PoolGateway(hcps = HostConnectionPoolSetup(192.168.1.11,4000,ConnectionPoolSetup(ConnectionPoolSettings(10,0,5,32,1,30 seconds,ClientConnectionSettings(Some(User-Agent: akka-http/10.1.5),10 seconds,1 minute,512,None,WebSocketSettings(<function0>,ping,Duration.Inf,akka.http.impl.settings.WebSocketSettingsImpl$$$Lambda$1292/934617920@2db39fc),List(),ParserSettings(2048,16,64,64,8192,64,8388608,8388608,256,1048576,Strict,RFC6265,true,Set(),Full,Error,Map(If-Range -> 0, If-Modified-Since -> 0, If-Unmodified-Since -> 0, default -> 12, Content-MD5 -> 0, Date -> 0, If-Match -> 0, If-None-Match -> 0, User-Agent -> 32),false,true,akka.util.ConstantFun$$$Lambda$914/1913113425@4e84b83a,akka.util.ConstantFun$$$Lambda$914/1913113425@4e84b83a,akka.util.ConstantFun$$$Lambda$915/707250996@7f441c59),None,TCPTransport),New,50 seconds),akka.http.scaladsl.HttpConnectionContext$@240bce94,akka.event.MarkerLoggingAdapter@45ea56cc))) has shut down unexpectedly
[JVM-1] Run completed in 14 seconds, 193 milliseconds.
[JVM-1] Total number of tests run: 2
[JVM-1] Suites: completed 1, aborted 0
[JVM-1] Tests: succeeded 2, failed 0, canceled 0, ignored 0, pending 0
[JVM-1] All tests passed.
[info] * csw.config.ConfigCliAppTest
[JVM-1] Run starting. Expected test count is: 2
[JVM-1] ConfigCliAppTestMultiJvmNode1:
[JVM-2] Run starting. Expected test count is: 2
[JVM-2] ConfigCliAppTestMultiJvmNode2:
[JVM-3] Run starting. Expected test count is: 2
[JVM-3] ConfigCliAppTestMultiJvmNode3:
[JVM-1] WARNING: An illegal reflective access operation has occurred
[JVM-1] WARNING: Illegal reflective access by org.jboss.netty.util.internal.ByteBufferUtil (file:/home/girish/IdeaProjects/csw/csw-config-cli/target/multi-run-copied-libraries/netty-3.10.6.Final.jar) to method java.nio.DirectByteBuffer.cleaner()
[JVM-1] WARNING: Please consider reporting this to the maintainers of org.jboss.netty.util.internal.ByteBufferUtil
[JVM-1] WARNING: Use --illegal-access=warn to enable warnings of further illegal reflective access operations
[JVM-1] WARNING: All illegal access operations will be denied in a future release
[JVM-2] WARNING: An illegal reflective access operation has occurred
[JVM-2] WARNING: Illegal reflective access by org.jboss.netty.util.internal.ByteBufferUtil (file:/home/girish/IdeaProjects/csw/csw-config-cli/target/multi-run-copied-libraries/netty-3.10.6.Final.jar) to method java.nio.DirectByteBuffer.cleaner()
[JVM-2] WARNING: Please consider reporting this to the maintainers of org.jboss.netty.util.internal.ByteBufferUtil
[JVM-2] WARNING: Use --illegal-access=warn to enable warnings of further illegal reflective access operations
[JVM-2] WARNING: All illegal access operations will be denied in a future release
[JVM-1] - ensure that location service is up for all the nodes
[JVM-3] - ensure that location service is up for all the nodes
[JVM-2] - ensure that location service is up for all the nodes
[JVM-3] WARNING: An illegal reflective access operation has occurred
[JVM-3] WARNING: Illegal reflective access by org.jboss.netty.util.internal.ByteBufferUtil (file:/home/girish/IdeaProjects/csw/csw-config-cli/target/multi-run-copied-libraries/netty-3.10.6.Final.jar) to method java.nio.DirectByteBuffer.cleaner()
[JVM-3] WARNING: Please consider reporting this to the maintainers of org.jboss.netty.util.internal.ByteBufferUtil
[JVM-3] WARNING: Use --illegal-access=warn to enable warnings of further illegal reflective access operations
[JVM-3] WARNING: All illegal access operations will be denied in a future release
[JVM-1] - should upload, update, get and set active version of configuration files
[JVM-2] - should upload, update, get and set active version of configuration files
[JVM-3] - should upload, update, get and set active version of configuration files
[JVM-2] Run completed in 21 seconds, 15 milliseconds.
[JVM-2] Total number of tests run: 2
[JVM-2] Suites: completed 1, aborted 0
[JVM-2] Tests: succeeded 2, failed 0, canceled 0, ignored 0, pending 0
[JVM-2] All tests passed.
[JVM-3] Run completed in 21 seconds, 62 milliseconds.
[JVM-3] Total number of tests run: 2
[JVM-3] Suites: completed 1, aborted 0
[JVM-3] Tests: succeeded 2, failed 0, canceled 0, ignored 0, pending 0
[JVM-3] All tests passed.
[JVM-1] Run completed in 21 seconds, 146 milliseconds.
[JVM-1] Total number of tests run: 2
[JVM-1] Suites: completed 1, aborted 0
[JVM-1] Tests: succeeded 2, failed 0, canceled 0, ignored 0, pending 0
[JVM-1] All tests passed.
[info] * csw.framework.command.CommandServiceTest
[JVM-1] Run starting. Expected test count is: 2
[JVM-1] CommandServiceTestMultiJvm1:
[JVM-2] Run starting. Expected test count is: 2
[JVM-2] CommandServiceTestMultiJvm2:
[JVM-3] Run starting. Expected test count is: 2
[JVM-3] CommandServiceTestMultiJvm3:
[JVM-1] - ensure that location service is up for all the nodes
[JVM-2] - ensure that location service is up for all the nodes
[JVM-3] - ensure that location service is up for all the nodes
[JVM-1] WARNING: An illegal reflective access operation has occurred
[JVM-1] WARNING: Illegal reflective access by org.jboss.netty.util.internal.ByteBufferUtil (file:/home/girish/IdeaProjects/csw/csw-framework/target/multi-run-copied-libraries/netty-3.10.6.Final.jar) to method java.nio.DirectByteBuffer.cleaner()
[JVM-1] WARNING: Please consider reporting this to the maintainers of org.jboss.netty.util.internal.ByteBufferUtil
[JVM-1] WARNING: Use --illegal-access=warn to enable warnings of further illegal reflective access operations
[JVM-1] WARNING: All illegal access operations will be denied in a future release
[JVM-2] WARNING: An illegal reflective access operation has occurred
[JVM-2] WARNING: Illegal reflective access by org.jboss.netty.util.internal.ByteBufferUtil (file:/home/girish/IdeaProjects/csw/csw-framework/target/multi-run-copied-libraries/netty-3.10.6.Final.jar) to method java.nio.DirectByteBuffer.cleaner()
[JVM-2] WARNING: Please consider reporting this to the maintainers of org.jboss.netty.util.internal.ByteBufferUtil
[JVM-2] WARNING: Use --illegal-access=warn to enable warnings of further illegal reflective access operations
[JVM-2] WARNING: All illegal access operations will be denied in a future release
[JVM-3] WARNING: An illegal reflective access operation has occurred
[JVM-3] WARNING: Illegal reflective access by org.jboss.netty.util.internal.ByteBufferUtil (file:/home/girish/IdeaProjects/csw/csw-framework/target/multi-run-copied-libraries/netty-3.10.6.Final.jar) to method java.nio.DirectByteBuffer.cleaner()
[JVM-3] WARNING: Please consider reporting this to the maintainers of org.jboss.netty.util.internal.ByteBufferUtil
[JVM-3] WARNING: Use --illegal-access=warn to enable warnings of further illegal reflective access operations
[JVM-3] WARNING: All illegal access operations will be denied in a future release
[JVM-1] - sender of command should receive appropriate responses
[JVM-3] - sender of command should receive appropriate responses
[JVM-2] - sender of command should receive appropriate responses
[JVM-2] Run completed in 32 seconds, 421 milliseconds.
[JVM-2] Total number of tests run: 2
[JVM-2] Suites: completed 1, aborted 0
[JVM-2] Tests: succeeded 2, failed 0, canceled 0, ignored 0, pending 0
[JVM-2] All tests passed.
[JVM-3] Run completed in 32 seconds, 466 milliseconds.
[JVM-3] Total number of tests run: 2
[JVM-3] Suites: completed 1, aborted 0
[JVM-3] Tests: succeeded 2, failed 0, canceled 0, ignored 0, pending 0
[JVM-3] All tests passed.
[JVM-1] Run completed in 32 seconds, 571 milliseconds.
[JVM-1] Total number of tests run: 2
[JVM-1] Suites: completed 1, aborted 0
[JVM-1] Tests: succeeded 2, failed 0, canceled 0, ignored 0, pending 0
[JVM-1] All tests passed.
[info] * csw.framework.command.CancellableCommandTest
[JVM-1] Run starting. Expected test count is: 2
[JVM-1] CancellableCommandTestMultiJvm1:
[JVM-2] Run starting. Expected test count is: 2
[JVM-2] CancellableCommandTestMultiJvm2:
[JVM-1] - ensure that location service is up for all the nodes
[JVM-2] - ensure that location service is up for all the nodes
[JVM-1] WARNING: An illegal reflective access operation has occurred
[JVM-1] WARNING: Illegal reflective access by org.jboss.netty.util.internal.ByteBufferUtil (file:/home/girish/IdeaProjects/csw/csw-framework/target/multi-run-copied-libraries/netty-3.10.6.Final.jar) to method java.nio.DirectByteBuffer.cleaner()
[JVM-1] WARNING: Please consider reporting this to the maintainers of org.jboss.netty.util.internal.ByteBufferUtil
[JVM-1] WARNING: Use --illegal-access=warn to enable warnings of further illegal reflective access operations
[JVM-1] WARNING: All illegal access operations will be denied in a future release
[JVM-2] WARNING: An illegal reflective access operation has occurred
[JVM-2] WARNING: Illegal reflective access by com.esotericsoftware.kryo.util.UnsafeUtil (file:/home/girish/IdeaProjects/csw/csw-framework/target/multi-run-copied-libraries/kryo-shaded-4.0.2.jar) to constructor java.nio.DirectByteBuffer(long,int,java.lang.Object)
[JVM-2] WARNING: Please consider reporting this to the maintainers of com.esotericsoftware.kryo.util.UnsafeUtil
[JVM-2] WARNING: Use --illegal-access=warn to enable warnings of further illegal reflective access operations
[JVM-2] WARNING: All illegal access operations will be denied in a future release
[JVM-1] - a long running command should be cancellable
[JVM-2] - a long running command should be cancellable
[JVM-2] Run completed in 14 seconds, 692 milliseconds.
[JVM-2] Total number of tests run: 2
[JVM-2] Suites: completed 1, aborted 0
[JVM-2] Tests: succeeded 2, failed 0, canceled 0, ignored 0, pending 0
[JVM-2] All tests passed.
[JVM-1] Run completed in 14 seconds, 773 milliseconds.
[JVM-1] Total number of tests run: 2
[JVM-1] Suites: completed 1, aborted 0
[JVM-1] Tests: succeeded 2, failed 0, canceled 0, ignored 0, pending 0
[JVM-1] All tests passed.
[info] * csw.framework.deploy.containercmd.ContainerCmdTest
[JVM-1] log4j:WARN No appenders could be found for logger (org.jboss.logging).
[JVM-1] log4j:WARN Please initialize the log4j system properly.
[JVM-1] log4j:WARN See http://logging.apache.org/log4j/1.2/faq.html#noconfig for more info.
[JVM-1] Run starting. Expected test count is: 2
[JVM-1] ContainerCmdTestMultiJvm1:
[JVM-2] log4j:WARN No appenders could be found for logger (org.jboss.logging).
[JVM-2] log4j:WARN Please initialize the log4j system properly.
[JVM-2] log4j:WARN See http://logging.apache.org/log4j/1.2/faq.html#noconfig for more info.
[JVM-3] log4j:WARN No appenders could be found for logger (org.jboss.logging).
[JVM-3] log4j:WARN Please initialize the log4j system properly.
[JVM-3] log4j:WARN See http://logging.apache.org/log4j/1.2/faq.html#noconfig for more info.
[JVM-2] Run starting. Expected test count is: 2
[JVM-2] ContainerCmdTestMultiJvm2:
[JVM-1] WARNING: An illegal reflective access operation has occurred
[JVM-1] WARNING: Illegal reflective access by org.jboss.netty.util.internal.ByteBufferUtil (file:/home/girish/IdeaProjects/csw/csw-framework/target/multi-run-copied-libraries/netty-3.10.6.Final.jar) to method java.nio.DirectByteBuffer.cleaner()
[JVM-1] WARNING: Please consider reporting this to the maintainers of org.jboss.netty.util.internal.ByteBufferUtil
[JVM-1] WARNING: Use --illegal-access=warn to enable warnings of further illegal reflective access operations
[JVM-1] WARNING: All illegal access operations will be denied in a future release
[JVM-3] Run starting. Expected test count is: 2
[JVM-3] ContainerCmdTestMultiJvm3:
[JVM-2] WARNING: An illegal reflective access operation has occurred
[JVM-2] WARNING: Illegal reflective access by org.jboss.netty.util.internal.ByteBufferUtil (file:/home/girish/IdeaProjects/csw/csw-framework/target/multi-run-copied-libraries/netty-3.10.6.Final.jar) to method java.nio.DirectByteBuffer.cleaner()
[JVM-2] WARNING: Please consider reporting this to the maintainers of org.jboss.netty.util.internal.ByteBufferUtil
[JVM-2] WARNING: Use --illegal-access=warn to enable warnings of further illegal reflective access operations
[JVM-2] WARNING: All illegal access operations will be denied in a future release
[JVM-1] - ensure that location service is up for all the nodes
[JVM-3] - ensure that location service is up for all the nodes
[JVM-2] - ensure that location service is up for all the nodes
[JVM-3] WARNING: An illegal reflective access operation has occurred
[JVM-3] WARNING: Illegal reflective access by org.jboss.netty.util.internal.ByteBufferUtil (file:/home/girish/IdeaProjects/csw/csw-framework/target/multi-run-copied-libraries/netty-3.10.6.Final.jar) to method java.nio.DirectByteBuffer.cleaner()
[JVM-3] WARNING: Please consider reporting this to the maintainers of org.jboss.netty.util.internal.ByteBufferUtil
[JVM-3] WARNING: Use --illegal-access=warn to enable warnings of further illegal reflective access operations
[JVM-3] WARNING: All illegal access operations will be denied in a future release
[JVM-3] [WARN] [11/29/2018 19:16:50.919] [csw-remote-actor-system-akka.actor.default-dispatcher-4] [csw-remote-actor-system/Pool(shared->http://localhost:7654)] [0 (WaitingForEndOfResponseEntity)] Ongoing request [GET /location/track/exampleHTTPService-service-http Empty] was dropped because pool is shutting down
[JVM-3] [WARN] [11/29/2018 19:16:50.922] [csw-remote-actor-system-akka.actor.default-dispatcher-4] [csw-remote-actor-system/Pool(shared->http://localhost:7654)] [1 (WaitingForEndOfResponseEntity)] Ongoing request [GET /location/track/exampleTcpService-service-tcp Empty] was dropped because pool is shutting down
[JVM-1] - should able to start components in container mode and in standalone mode through configuration service
[JVM-2] - should able to start components in container mode and in standalone mode through configuration service
[JVM-3] - should able to start components in container mode and in standalone mode through configuration service
[JVM-3] Run completed in 22 seconds, 756 milliseconds.
[JVM-3] Total number of tests run: 2
[JVM-3] Suites: completed 1, aborted 0
[JVM-3] Tests: succeeded 2, failed 0, canceled 0, ignored 0, pending 0
[JVM-3] All tests passed.
[JVM-2] Run completed in 22 seconds, 833 milliseconds.
[JVM-2] Total number of tests run: 2
[JVM-2] Suites: completed 1, aborted 0
[JVM-2] Tests: succeeded 2, failed 0, canceled 0, ignored 0, pending 0
[JVM-2] All tests passed.
[JVM-1] Run completed in 22 seconds, 852 milliseconds.
[JVM-1] Total number of tests run: 2
[JVM-1] Suites: completed 1, aborted 0
[JVM-1] Tests: succeeded 2, failed 0, canceled 0, ignored 0, pending 0
[JVM-1] All tests passed.
[info] * csw.framework.command.LongRunningCommandTest
[JVM-1] Run starting. Expected test count is: 2
[JVM-1] LongRunningCommandTestMultiJvm1:
[JVM-2] Run starting. Expected test count is: 2
[JVM-2] LongRunningCommandTestMultiJvm2:
[JVM-3] Run starting. Expected test count is: 2
[JVM-3] LongRunningCommandTestMultiJvm3:
[JVM-1] - ensure that location service is up for all the nodes
[JVM-2] - ensure that location service is up for all the nodes
[JVM-3] - ensure that location service is up for all the nodes
[JVM-1] WARNING: An illegal reflective access operation has occurred
[JVM-1] WARNING: Illegal reflective access by org.jboss.netty.util.internal.ByteBufferUtil (file:/home/girish/IdeaProjects/csw/csw-framework/target/multi-run-copied-libraries/netty-3.10.6.Final.jar) to method java.nio.DirectByteBuffer.cleaner()
[JVM-1] WARNING: Please consider reporting this to the maintainers of org.jboss.netty.util.internal.ByteBufferUtil
[JVM-1] WARNING: Use --illegal-access=warn to enable warnings of further illegal reflective access operations
[JVM-1] WARNING: All illegal access operations will be denied in a future release
[JVM-3] WARNING: An illegal reflective access operation has occurred
[JVM-3] WARNING: Illegal reflective access by org.jboss.netty.util.internal.ByteBufferUtil (file:/home/girish/IdeaProjects/csw/csw-framework/target/multi-run-copied-libraries/netty-3.10.6.Final.jar) to method java.nio.DirectByteBuffer.cleaner()
[JVM-3] WARNING: Please consider reporting this to the maintainers of org.jboss.netty.util.internal.ByteBufferUtil
[JVM-3] WARNING: Use --illegal-access=warn to enable warnings of further illegal reflective access operations
[JVM-3] WARNING: All illegal access operations will be denied in a future release
[JVM-2] WARNING: An illegal reflective access operation has occurred
[JVM-2] WARNING: Illegal reflective access by com.esotericsoftware.kryo.util.UnsafeUtil (file:/home/girish/IdeaProjects/csw/csw-framework/target/multi-run-copied-libraries/kryo-shaded-4.0.2.jar) to constructor java.nio.DirectByteBuffer(long,int,java.lang.Object)
[JVM-2] WARNING: Please consider reporting this to the maintainers of com.esotericsoftware.kryo.util.UnsafeUtil
[JVM-2] WARNING: Use --illegal-access=warn to enable warnings of further illegal reflective access operations
[JVM-2] WARNING: All illegal access operations will be denied in a future release
[JVM-1] - should be able to send long running commands asynchronously and get the response
[JVM-3] - should be able to send long running commands asynchronously and get the response
[JVM-2] - should be able to send long running commands asynchronously and get the response
[JVM-2] [WARN] [11/29/2018 19:17:22.207] [csw-location-server-akka.actor.default-dispatcher-2] [csw-location-server/Pool(shared->http://localhost:7654)] [0 (WaitingForEndOfResponseEntity)] Ongoing request [GET /location/track/Test_Component_Running_Long_Command-hcd-akka Empty] was dropped because pool is shutting down
[JVM-3] [ERROR] [11/29/2018 19:17:22.215] [csw-location-server-akka.actor.default-dispatcher-2] [akka.tcp://csw-location-server@192.168.1.11:45977/system/pool-master] connection pool for PoolGateway(hcps = HostConnectionPoolSetup(localhost,7654,ConnectionPoolSetup(ConnectionPoolSettings(32,0,5,32,1,30 seconds,ClientConnectionSettings(Some(User-Agent: akka-http/10.1.5),10 seconds,1 minute,512,None,WebSocketSettings(<function0>,ping,Duration.Inf,akka.http.impl.settings.WebSocketSettingsImpl$$$Lambda$1287/822799883@66b844d5),List(),ParserSettings(2048,16,64,64,8192,64,8388608,8388608,256,1048576,Strict,RFC6265,true,Set(),Full,Error,Map(If-Range -> 0, If-Modified-Since -> 0, If-Unmodified-Since -> 0, default -> 12, Content-MD5 -> 0, Date -> 0, If-Match -> 0, If-None-Match -> 0, User-Agent -> 32),false,true,akka.util.ConstantFun$$$Lambda$903/1650626168@69261cad,akka.util.ConstantFun$$$Lambda$903/1650626168@69261cad,akka.util.ConstantFun$$$Lambda$904/1149508419@5adcc468),None,TCPTransport),New,50 seconds),akka.http.scaladsl.HttpConnectionContext$@7ee6ad0a,akka.event.MarkerLoggingAdapter@6c823704))) has shut down unexpectedly
[JVM-2] [ERROR] [11/29/2018 19:17:22.224] [csw-location-server-akka.actor.default-dispatcher-3] [akka.tcp://csw-location-server@192.168.1.11:45977/user/system/command-response-manager] swallowing exception during message send (akka.remote.RemoteTransportExceptionNoStackTrace: Attempted to send remote message but Remoting is not running.)
[JVM-2] [ERROR] [11/29/2018 19:17:22.225] [csw-location-server-akka.actor.default-dispatcher-3] [akka.tcp://csw-location-server@192.168.1.11:45977/user/system/command-response-manager] swallowing exception during message send (akka.remote.RemoteTransportExceptionNoStackTrace: Attempted to send remote message but Remoting is not running.)
[JVM-2] [ERROR] [11/29/2018 19:17:22.225] [csw-location-server-akka.actor.default-dispatcher-3] [akka.tcp://csw-location-server@192.168.1.11:45977/user/system/command-response-manager] swallowing exception during message send (akka.remote.RemoteTransportExceptionNoStackTrace: Attempted to send remote message but Remoting is not running.)
[JVM-2] [ERROR] [11/29/2018 19:17:22.226] [csw-location-server-akka.actor.default-dispatcher-3] [akka.tcp://csw-location-server@192.168.1.11:45977/user/system/command-response-manager] swallowing exception during message send (akka.remote.RemoteTransportExceptionNoStackTrace: Attempted to send remote message but Remoting is not running.)
[JVM-3] Run completed in 27 seconds, 649 milliseconds.
[JVM-3] Total number of tests run: 2
[JVM-3] Suites: completed 1, aborted 0
[JVM-3] Tests: succeeded 2, failed 0, canceled 0, ignored 0, pending 0
[JVM-3] All tests passed.
[JVM-2] Run completed in 27 seconds, 810 milliseconds.
[JVM-2] Total number of tests run: 2
[JVM-2] Suites: completed 1, aborted 0
[JVM-2] Tests: succeeded 2, failed 0, canceled 0, ignored 0, pending 0
[JVM-2] All tests passed.
[JVM-1] [ERROR] [11/29/2018 19:17:22.263] [csw-location-server-akka.actor.default-dispatcher-5] [akka.tcp://csw-location-server@192.168.1.11:35179/user/system/command-response-manager] swallowing exception during message send (akka.remote.RemoteTransportExceptionNoStackTrace: Attempted to send remote message but Remoting is not running.)
[JVM-1] Run completed in 27 seconds, 723 milliseconds.
[JVM-1] Total number of tests run: 2
[JVM-1] Suites: completed 1, aborted 0
[JVM-1] Tests: succeeded 2, failed 0, canceled 0, ignored 0, pending 0
[JVM-1] All tests passed.
[info] csw.config.client.ConfigServiceTest
[info] No tests to run for MultiJvm
[info] csw.config.ConfigCliAppTest
[info] No tests to run for MultiJvm
[info] multi-jvm
[info] csw.framework.command.CommandServiceTest
[info] multi-jvm
[info] csw.framework.command.CancellableCommandTest
[info] multi-jvm
[info] csw.framework.deploy.containercmd.ContainerCmdTest
[info] multi-jvm
[info] csw.framework.command.LongRunningCommandTest
[info] Passed: Total 0, Failed 0, Errors 0, Passed 0
[info] No tests to run for MultiJvm
[info] ArgsParserTest:
[info] - parse without arguments (153 milliseconds)
[info] - parse inspect command without any options (3 milliseconds)
[info] - parse inspect command with only mandatory options (9 milliseconds)
[info] - parse get command without any options (3 milliseconds)
[info] - parse get with only mandatory options (2 milliseconds)
[info] - parse get with json output (3 milliseconds)
[info] - parse get with all options (2 milliseconds)
[info] - parse publish when input data file does not exist (2 milliseconds)
[info] - parse publish with mandatory fields when input data file exist (3 milliseconds)
[info] - parse publish with all fields when input data file exist (1 millisecond)
[info] - parse publish with only params provided (51 milliseconds)
[info] ParameterArgParserTest:
[info] - should able to parse valid single param string when key name, type, units & values provided (3 milliseconds)
[info] - should able to parse valid string params (1 millisecond)
[info] - should able to parse valid string params with single quote and comma (0 milliseconds)
[info] - should able to parse all valid space separated multi param string (6 milliseconds)
[info] - should throw exception when values are not provided for some of the param (1 millisecond)
[info] - should throw exception when unsupported key type provided (2 milliseconds)
[info] - should throw exception when invalid unit provided (2 milliseconds)
[info] KeyArgTest:
[info] - should able to parse valid ':' separated string when key name, type and units provided (0 milliseconds)
[info] - should able to parse valid ':' separated string when units are not provided (0 milliseconds)
[info] - should throw exception when key type is missing (1 millisecond)
[info] EventOnelineTransformerTest:
[info] - should be able to inspect entire event in oneline format (36 milliseconds)
[info] - should be able to get entire event in oneline format (4 milliseconds)
[info] - should be able to get specified paths for event in oneline format (2 milliseconds)
[info] - should be able to get paths for multiple events in oneline format (2 milliseconds)
[info] - should be able to get partial struct paths from event in oneline format (2 milliseconds)
[info] - should be able to log timestamp in oneline format (2 milliseconds)
[info] - should be able to log id per event in oneline format (1 millisecond)
[info] - should be able to log units per event in oneline format (2 milliseconds)
[info] EventJsonTransformerTest:
[info] - should be able to get entire event json when no paths are specified (36 milliseconds)
[info] - should be able to get top level non struct key from json (17 milliseconds)
[info] - should be able to get top level partial struct key from json (3 milliseconds)
[info] - should be able to get specified paths two levels deep in event in json format (4 milliseconds)
[info] - should be able to get multiple specified paths in event in json format (3 milliseconds)
[info] - should be able to get specified paths for multiple events in json format (7 milliseconds)
[info] - should be able to get full struct if both partial struct path and full path are given (2 milliseconds)
[info] CommandLineRunnerTest:
[info] - should able to inspect events containing multiple parameters including recursive structs (210 milliseconds)
[info] - should able to get events in json format (17 milliseconds)
[info] - should able to get appropriate error message when there is no event published for provided key (4 milliseconds)
[info] - should able to get events in oneline format (6 milliseconds)
[info] - should able to get events in oneline terse format (4 milliseconds)
[info] - should able to publish event when event key and event json file provided (16 milliseconds)
[info] - should able to publish event with interval (2 seconds, 568 milliseconds)
[info] - should able to publish event when params are provided (568 milliseconds)
[info] - should be able to subscribe and get json output to event key (1 second, 562 milliseconds)
[info] - should be able to subscribe to event key and get oneline output (1 second, 516 milliseconds)
[info] - should be able to subscribe to event key using terse mode and get oneline output (1 second, 520 milliseconds)
[info] UtilsTest:
[info] - testGetFreePort (34 milliseconds)
[info] - testGetAppConfig (40 milliseconds)
[info] - testNonExistantAppConfig (0 milliseconds)
[info] CommandTest:
[info] - testParse with no options should return command with default values (58 milliseconds)
[info] - testParse with options should return executable command (0 milliseconds)
[info] - testParse with config file should honour config options (2 milliseconds)
[info] - testParse with config file but undefined value (2 milliseconds)
[info] - testParse with config file port, command parameters are overridable from command line (2 milliseconds)
[info] - testParse when empty command is specified, should execute a 'false' command (1 millisecond)
[info] MainTest:
[info] - Test with command line args (1 second, 912 milliseconds)
[ERROR] [11/29/2018 19:17:52.962] [location-agent-akka.actor.default-dispatcher-36] [akka.tcp://location-agent@192.168.1.11:42307/system/pool-master] connection pool for PoolGateway(hcps = HostConnectionPoolSetup(localhost,7654,ConnectionPoolSetup(ConnectionPoolSettings(4,0,5,32,1,30 seconds,ClientConnectionSettings(Some(User-Agent: akka-http/10.1.5),10 seconds,1 minute,512,None,WebSocketSettings(<function0>,ping,Duration.Inf,akka.http.impl.settings.WebSocketSettingsImpl$$$Lambda$1466/1844300786@4bbcbba1),List(),ParserSettings(2048,16,64,64,8192,64,8388608,8388608,256,1048576,Strict,RFC6265,true,Set(),Full,Error,Map(If-Range -> 0, If-Modified-Since -> 0, If-Unmodified-Since -> 0, default -> 12, Content-MD5 -> 0, Date -> 0, If-Match -> 0, If-None-Match -> 0, User-Agent -> 32),false,true,akka.util.ConstantFun$$$Lambda$910/2141197739@40f5f8e5,akka.util.ConstantFun$$$Lambda$910/2141197739@40f5f8e5,akka.util.ConstantFun$$$Lambda$911/236568096@67d5b8a3),None,TCPTransport),New,1 second),akka.http.scaladsl.HttpConnectionContext$@491a664b,akka.event.MarkerLoggingAdapter@6900d258))) has shut down unexpectedly
[info] - Test with config file (1 second, 161 milliseconds)
[info] ArgsParserTest:
[info] - test parser with valid arguments (8 milliseconds)
[info] - test parser with invalid service name combinations (5 milliseconds)
[info] - test parser with only --name option, should be allowed (1 millisecond)
[info] - test parser without --name option, should error out (1 millisecond)
[info] - test parser with service name containing '-' character, should error out (0 milliseconds)
[info] - test parser with list of services containing leading/trailing whitespace, should error out (1 millisecond)
[info] - test parser with service name containing leading whitespace, should error out (1 millisecond)
[info] - test parser with service name containing trailing whitespace, should error out (1 millisecond)
[info] - test parser with service name containing both leading and trailing whitespaces, error is shown (1 millisecond)
[info] FrameworkTestKitJunitTest:
[info] - shouldStartAllProvidedCSWServices
[ERROR] [11/29/2018 19:18:02.496] [framework-testkit-akka.actor.default-dispatcher-24] [akka.tcp://framework-testkit@192.168.1.11:36185/system/pool-master] connection pool for PoolGateway(hcps = HostConnectionPoolSetup(localhost,7654,ConnectionPoolSetup(ConnectionPoolSettings(4,0,5,32,1,30 seconds,ClientConnectionSettings(Some(User-Agent: akka-http/10.1.5),10 seconds,1 minute,512,None,WebSocketSettings(<function0>,ping,Duration.Inf,akka.http.impl.settings.WebSocketSettingsImpl$$$Lambda$1387/497828136@51228501),List(),ParserSettings(2048,16,64,64,8192,64,8388608,8388608,256,1048576,Strict,RFC6265,true,Set(),Full,Error,Map(If-Range -> 0, If-Modified-Since -> 0, If-Unmodified-Since -> 0, default -> 12, Content-MD5 -> 0, Date -> 0, If-Match -> 0, If-None-Match -> 0, User-Agent -> 32),false,true,akka.util.ConstantFun$$$Lambda$825/1455708485@7cac2bd7,akka.util.ConstantFun$$$Lambda$825/1455708485@7cac2bd7,akka.util.ConstantFun$$$Lambda$826/1658482748@7fb8a9d9),None,TCPTransport),New,1 second),akka.http.scaladsl.HttpConnectionContext$@3a7721a2,akka.event.MarkerLoggingAdapter@5fa5c8b3))) has shut down unexpectedly
[info] ScalaTestFrameworkTestKitSpec:
[info] - should start all the provided services (69 milliseconds)
[info] JResultTest:
[info] - showUniqueKeyConstraintExample
[info] - showJsonSerialization
[info] - showUsageOfResult
[info] JStateVariablesTest:
[info] - showUsageOfCurrentState
[info] - showUniqueKeyConstraintExample
[info] - showUsageOfDemandState
[info] - showJsonSerialization
[info] ScalaTestIntegrationExampleTest:
[info] - test spawning component in standalone mode (423 milliseconds)
[ERROR] [11/29/2018 19:18:14.102] [framework-testkit-akka.actor.default-dispatcher-2] [akka.tcp://framework-testkit@192.168.1.11:36339/system/pool-master] connection pool for PoolGateway(hcps = HostConnectionPoolSetup(localhost,7654,ConnectionPoolSetup(ConnectionPoolSettings(4,0,5,32,1,30 seconds,ClientConnectionSettings(Some(User-Agent: akka-http/10.1.5),10 seconds,1 minute,512,None,WebSocketSettings(<function0>,ping,Duration.Inf,akka.http.impl.settings.WebSocketSettingsImpl$$$Lambda$1610/982201603@398a52e8),List(),ParserSettings(2048,16,64,64,8192,64,8388608,8388608,256,1048576,Strict,RFC6265,true,Set(),Full,Error,Map(If-Range -> 0, If-Modified-Since -> 0, If-Unmodified-Since -> 0, default -> 12, Content-MD5 -> 0, Date -> 0, If-Match -> 0, If-None-Match -> 0, User-Agent -> 32),false,true,akka.util.ConstantFun$$$Lambda$830/1903856246@2af6cbc3,akka.util.ConstantFun$$$Lambda$830/1903856246@2af6cbc3,akka.util.ConstantFun$$$Lambda$831/1658745835@251b1263),None,TCPTransport),New,1 second),akka.http.scaladsl.HttpConnectionContext$@4eed093a,akka.event.MarkerLoggingAdapter@75077996))) has shut down unexpectedly
[info] SampleAssemblyTest:
[info] - Assembly should be locatable using Location Service (170 milliseconds)
[ERROR] [11/29/2018 19:18:15.550] [framework-testkit-akka.actor.default-dispatcher-27] [akka.tcp://framework-testkit@192.168.1.11:42525/system/pool-master] connection pool for PoolGateway(hcps = HostConnectionPoolSetup(localhost,7654,ConnectionPoolSetup(ConnectionPoolSettings(4,0,5,32,1,30 seconds,ClientConnectionSettings(Some(User-Agent: akka-http/10.1.5),10 seconds,1 minute,512,None,WebSocketSettings(<function0>,ping,Duration.Inf,akka.http.impl.settings.WebSocketSettingsImpl$$$Lambda$1610/982201603@398a52e8),List(),ParserSettings(2048,16,64,64,8192,64,8388608,8388608,256,1048576,Strict,RFC6265,true,Set(),Full,Error,Map(If-Range -> 0, If-Modified-Since -> 0, If-Unmodified-Since -> 0, default -> 12, Content-MD5 -> 0, Date -> 0, If-Match -> 0, If-None-Match -> 0, User-Agent -> 32),false,true,akka.util.ConstantFun$$$Lambda$830/1903856246@2af6cbc3,akka.util.ConstantFun$$$Lambda$830/1903856246@2af6cbc3,akka.util.ConstantFun$$$Lambda$831/1658745835@251b1263),None,TCPTransport),New,1 second),akka.http.scaladsl.HttpConnectionContext$@4eed093a,akka.event.MarkerLoggingAdapter@3045d7ce))) has shut down unexpectedly
[info] JEventsTest:
[info] - showUsageOfSystemEvent
[info] - showUsageOfProtobuf
[info] - showUsageOfEventTime
[info] - showUsageOfJsonSerialization
[info] - showUniqueKeyConstraintExample
[info] - showUsageOfObserveEvent
[info] JConfigClientExampleTest:
[info] - testList
[info] - testCreateUpdateDelete
[info] - testGetById
[info] - testHistory
[info] - testActiveFileManagement
[info] - testGetActive
[info] - testGetMetadata
[info] - testGetByTime
[info] - testGetLatest
[info] - testExists
[info] CommandsTest:
[info] Examples of Prefix
[info] - should show usage of utility functions (13 milliseconds)
[info] Examples of commands
[info] - Should show usage of Setup command (11 milliseconds)
[info] - Should show usage of Observe command (15 milliseconds)
[info] - Should show usage of Wait command (4 milliseconds)
[info] Examples of serialization
[info] - should show reading and writing of commands (615 milliseconds)
[info] Examples of unique key constraint
[info] - should show duplicate keys are removed (14 milliseconds)
[info] Examples of clone command
[info] - clone command creates a command from existing command with a new RunId for Setup, Observe or Wait (0 milliseconds)
[info] EventsTest:
[info] Examples of EventTime
[info] - should show usage of utility functions (1 millisecond)
[info] Examples of Events
[info] - should show usages of ObserveEvent (1 millisecond)
[info] - should show usages of SystemEvent (1 millisecond)
[info] Examples of serialization
[info] - should show reading and writing of events (3 milliseconds)
[info] Examples of unique key constraint
[info] - should show duplicate keys are removed (2 milliseconds)
[info] Examples of protobuf
[info] - should show usage of converting events to/from protobuf (1 millisecond)
[info] TestKitsExampleTest:
[info] - framework testkit example for spawning container (447 milliseconds)
[info] JCommandsTest:
[info] - showUsageOfObserveCommand
[info] - showUsageOfSetupCommand
[info] - showUniqueKeyConstraintExample
[info] - showUsageOfWaitCommand
[info] - showUsageOfUtilityFunctions
[info] - showCloneCommandExample
[info] - showJsonSerialization
[info] ConfigClientExampleTest:
[info] - exists (88 milliseconds)
[info] - getActive (222 milliseconds)
[info] - create-update-delete (359 milliseconds)
[info] - getById (151 milliseconds)
[info] - getLatest (86 milliseconds)
[info] - getByTime (123 milliseconds)
[info] - list (663 milliseconds)
[info] - history (173 milliseconds)
[info] - historyActive-setActiveVersion-resetActiveVersion-getActiveVersion-getActiveByTime (920 milliseconds)
[info] - getMetadata (37 milliseconds)
[info] JSampleAssemblyTest:
[info] - testAssemblyShouldBeLocatableUsingLocationService
[info] KeysAndParametersTest:
[info] Examples of keys and parameters
[info] - should show usage of primitive types (7 milliseconds)
[info] - should show usage of arrays (5 milliseconds)
[info] - should show usage of matrices (1 millisecond)
[info] - should show usage of choice (9 milliseconds)
[info] - should show usage of radec (0 milliseconds)
[info] - should show usage of struct (0 milliseconds)
[info] - should show usage of units (0 milliseconds)
[info] JTestKitsExampleTest:
[info] - shouldAbleToSpawnContainerUsingTestKit
[info] JSampleHcdTest:
[info] - testShouldBeAbleToSubscribeToHCDEvents
[info] - testShouldGetExecutionExceptionIfSubmitTimeoutIsTooSmall
[info] - testShouldBeAbleToSendSleepCommandToHCD
[info] - testHCDShouldBeLocatableUsingLocationService
[ERROR] [11/29/2018 19:19:02.398] [framework-testkit-akka.actor.default-dispatcher-39] [akka.tcp://framework-testkit@192.168.1.11:36947/system/pool-master] connection pool for PoolGateway(hcps = HostConnectionPoolSetup(localhost,7654,ConnectionPoolSetup(ConnectionPoolSettings(4,0,5,32,1,30 seconds,ClientConnectionSettings(Some(User-Agent: akka-http/10.1.5),10 seconds,1 minute,512,None,WebSocketSettings(<function0>,ping,Duration.Inf,akka.http.impl.settings.WebSocketSettingsImpl$$$Lambda$1610/982201603@398a52e8),List(),ParserSettings(2048,16,64,64,8192,64,8388608,8388608,256,1048576,Strict,RFC6265,true,Set(),Full,Error,Map(If-Range -> 0, If-Modified-Since -> 0, If-Unmodified-Since -> 0, default -> 12, Content-MD5 -> 0, Date -> 0, If-Match -> 0, If-None-Match -> 0, User-Agent -> 32),false,true,akka.util.ConstantFun$$$Lambda$830/1903856246@2af6cbc3,akka.util.ConstantFun$$$Lambda$830/1903856246@2af6cbc3,akka.util.ConstantFun$$$Lambda$831/1658745835@251b1263),None,TCPTransport),New,1 second),akka.http.scaladsl.HttpConnectionContext$@4eed093a,akka.event.MarkerLoggingAdapter@330bd571))) has shut down unexpectedly
[info] StateVariablesTest:
[info] Examples of State variables
[info] - should show usages of DemandState (11 milliseconds)
[info] - should show usages of CurrentState (1 millisecond)
[info] Examples of serialization
[info] - should show reading and writing of State variables (3 milliseconds)
[info] Examples of unique key constraint
[info] - should show duplicate keys are removed (3 milliseconds)
[info] SampleHcdTest:
[info] - HCD should be locatable using Location Service (10 milliseconds)
[info] - should be able to subscribe to HCD events (7 seconds, 9 milliseconds)
[info] - should be able to send sleep command to HCD (5 seconds, 13 milliseconds)
[info] - should get timeout exception if submit timeout is too small (1 second, 14 milliseconds)
[ERROR] [11/29/2018 19:19:20.651] [framework-testkit-akka.actor.default-dispatcher-3] [akka.tcp://framework-testkit@192.168.1.11:33677/system/pool-master] connection pool for PoolGateway(hcps = HostConnectionPoolSetup(localhost,7654,ConnectionPoolSetup(ConnectionPoolSettings(4,0,5,32,1,30 seconds,ClientConnectionSettings(Some(User-Agent: akka-http/10.1.5),10 seconds,1 minute,512,None,WebSocketSettings(<function0>,ping,Duration.Inf,akka.http.impl.settings.WebSocketSettingsImpl$$$Lambda$1610/982201603@398a52e8),List(),ParserSettings(2048,16,64,64,8192,64,8388608,8388608,256,1048576,Strict,RFC6265,true,Set(),Full,Error,Map(If-Range -> 0, If-Modified-Since -> 0, If-Unmodified-Since -> 0, default -> 12, Content-MD5 -> 0, Date -> 0, If-Match -> 0, If-None-Match -> 0, User-Agent -> 32),false,true,akka.util.ConstantFun$$$Lambda$830/1903856246@2af6cbc3,akka.util.ConstantFun$$$Lambda$830/1903856246@2af6cbc3,akka.util.ConstantFun$$$Lambda$831/1658745835@251b1263),None,TCPTransport),New,1 second),akka.http.scaladsl.HttpConnectionContext$@4eed093a,akka.event.MarkerLoggingAdapter@1009edb7))) has shut down unexpectedly
[info] ResultTest:
[info] Examples of Result
[info] - Should show usage of Result (3 milliseconds)
[info] Examples of serialization
[info] - should show reading and writing of commands (4 milliseconds)
[info] Examples of unique key constraint
[info] - should show duplicate keys are removed (3 milliseconds)
[info] JUnitIntegrationExampleTest:
[info] - testSpawningComponentInStandaloneMode
[ERROR] [11/29/2018 19:19:21.975] [framework-testkit-akka.actor.default-dispatcher-30] [akka.tcp://framework-testkit@192.168.1.11:45297/system/pool-master] connection pool for PoolGateway(hcps = HostConnectionPoolSetup(localhost,7654,ConnectionPoolSetup(ConnectionPoolSettings(4,0,5,32,1,30 seconds,ClientConnectionSettings(Some(User-Agent: akka-http/10.1.5),10 seconds,1 minute,512,None,WebSocketSettings(<function0>,ping,Duration.Inf,akka.http.impl.settings.WebSocketSettingsImpl$$$Lambda$1610/982201603@398a52e8),List(),ParserSettings(2048,16,64,64,8192,64,8388608,8388608,256,1048576,Strict,RFC6265,true,Set(),Full,Error,Map(If-Range -> 0, If-Modified-Since -> 0, If-Unmodified-Since -> 0, default -> 12, Content-MD5 -> 0, Date -> 0, If-Match -> 0, If-None-Match -> 0, User-Agent -> 32),false,true,akka.util.ConstantFun$$$Lambda$830/1903856246@2af6cbc3,akka.util.ConstantFun$$$Lambda$830/1903856246@2af6cbc3,akka.util.ConstantFun$$$Lambda$831/1658745835@251b1263),None,TCPTransport),New,1 second),akka.http.scaladsl.HttpConnectionContext$@4eed093a,akka.event.MarkerLoggingAdapter@5d90f5c5))) has shut down unexpectedly
[info] JKeysAndParametersTest:
[info] - showUsageOfMatrices
[info] - showUsageOfArrays
[info] - showUsageOfChoice
[info] - showUsageOfRaDec
[info] - showUsageOfUnits
[info] - showUsageOfPrimitiveTypes
[info] - showUsageOfStruct
[info] AkkaLogAdminTest:
[info] - should able to get the current component log meta data (298 milliseconds)
[info] - should able to set log level of the component dynamically through http end point (351 milliseconds)
[info] - should give appropriate exception when component name is incorrect (26 milliseconds)
[info] - should give appropriate exception when logging level is incorrect (9 milliseconds)
[WARN] [11/29/2018 19:19:30.494] [csw-remote-actor-system-akka.actor.default-dispatcher-27] [csw-remote-actor-system/Pool(shared->http://localhost:7654)] [0 (WaitingForResponse)] Ongoing request [POST /location/unregister Strict(93 bytes)] was dropped because pool is shutting down
[WARN] [11/29/2018 19:19:30.496] [csw-remote-actor-system-akka.actor.default-dispatcher-27] [csw-remote-actor-system/Pool(shared->http://localhost:7654)] [1 (WaitingForEndOfResponseEntity)] Ongoing request [GET /location/track/Motion_Controller-hcd-akka Empty] was dropped because pool is shutting down
[WARN] [11/29/2018 19:19:30.497] [csw-remote-actor-system-akka.actor.default-dispatcher-27] [csw-remote-actor-system/Pool(shared->http://localhost:7654)] [4 (WaitingForEndOfResponseEntity)] Ongoing request [GET /location/track/Galil-hcd-akka Empty] was dropped because pool is shutting down
[info] HttpAndTcpLogAdminTest:
[info] - get component log meta data for http service not supported (41 milliseconds)
[info] - set component log level for http service not supported (8 milliseconds)
[info] - get component log meta data and set log level for tcp service not supported (7 milliseconds)
[info] - set component log level for tcp service not supported (7 milliseconds)
[ERROR] [11/29/2018 19:19:33.237] [admin-server-akka.actor.default-dispatcher-4] [akka.tcp://admin-server@192.168.1.11:37463/system/pool-master] connection pool for PoolGateway(hcps = HostConnectionPoolSetup(192.168.1.11,7888,ConnectionPoolSetup(ConnectionPoolSettings(32,0,5,32,1,30 seconds,ClientConnectionSettings(Some(User-Agent: akka-http/10.1.5),10 seconds,1 minute,512,None,WebSocketSettings(<function0>,ping,Duration.Inf,akka.http.impl.settings.WebSocketSettingsImpl$$$Lambda$1422/419531630@522147c6),List(),ParserSettings(2048,16,64,64,8192,64,8388608,8388608,256,1048576,Strict,RFC6265,true,Set(),Full,Error,Map(If-Range -> 0, If-Modified-Since -> 0, If-Unmodified-Since -> 0, default -> 12, Content-MD5 -> 0, Date -> 0, If-Match -> 0, If-None-Match -> 0, User-Agent -> 32),false,true,akka.util.ConstantFun$$$Lambda$358/1114272942@72286ae7,akka.util.ConstantFun$$$Lambda$358/1114272942@72286ae7,akka.util.ConstantFun$$$Lambda$359/26735180@82dd572),None,TCPTransport),New,50 seconds),akka.http.scaladsl.HttpConnectionContext$@506abcc6,akka.event.MarkerLoggingAdapter@78396788))) has shut down unexpectedly
[info] ArgsParserTest:
[info] - parse without arguments (15 milliseconds)
[info] - parse when only port argument provided (3 milliseconds)
[info] - parse with all arguments (1 millisecond)
[info] ScalaTest
[info] Run completed in 2 minutes, 11 seconds.
[info] Total number of tests run: 47
[info] Suites: completed 6, aborted 0
[info] Tests: succeeded 47, failed 0, canceled 0, ignored 0, pending 0
[info] All tests passed.
[info] Passed: Total 47, Failed 0, Errors 0, Passed 47
[info] ScalaTest
[info] Run completed in 2 minutes, 11 seconds.
[info] Total number of tests run: 20
[info] Suites: completed 4, aborted 0
[info] Tests: succeeded 20, failed 0, canceled 0, ignored 0, pending 0
[info] All tests passed.
[info] Passed: Total 20, Failed 0, Errors 0, Passed 20
[info] ScalaTest
[info] Run completed in 2 minutes, 11 seconds.
[info] Total number of tests run: 2
[info] Suites: completed 2, aborted 0
[info] Tests: succeeded 2, failed 0, canceled 0, ignored 0, pending 0
[info] All tests passed.
[info] Passed: Total 2, Failed 0, Errors 0, Passed 2
[info] ScalaTest
[info] Run completed in 2 minutes, 11 seconds.
[info] Total number of tests run: 88
[info] Suites: completed 20, aborted 0
[info] Tests: succeeded 88, failed 0, canceled 0, ignored 0, pending 0
[info] All tests passed.
[info] Passed: Total 88, Failed 0, Errors 0, Passed 88
[info] ScalaTest
[info] Run completed in 2 minutes, 10 seconds.
[info] Total number of tests run: 11
[info] Suites: completed 3, aborted 0
[info] Tests: succeeded 11, failed 0, canceled 0, ignored 0, pending 0
[info] All tests passed.
[info] Passed: Total 11, Failed 0, Errors 0, Passed 11
[info] ScalaTest
[info] Run completed in 2 minutes, 10 seconds.
[info] Total number of tests run: 0
[info] Suites: completed 0, aborted 0
[info] Tests: succeeded 0, failed 0, canceled 0, ignored 0, pending 0
[info] No tests were executed.
[info] Run completed in 107 milliseconds.
[info] Total number of tests run: 0
[info] Suites: completed 0, aborted 0
[info] Tests: succeeded 0, failed 0, canceled 0, ignored 0, pending 0
[info] No tests were executed.
[error] (csw-event-client / Test / test) sbt.TestsFailedException: Tests unsuccessful
[error] Total time: 1215 s, completed 29-Nov-2018, 7:19:38 PM
[INFO] [11/29/2018 19:19:38.726] [Thread-268] [CoordinatedShutdown(akka://sbt-web)] Starting coordinated shutdown from JVM shutdown hook
