[info] Loading settings for project global-plugins from idea.sbt ...
[info] Loading global plugins from /home/girish/.sbt/1.0/plugins
[info] Loading settings for project csw-build-build from metaplugins.sbt ...
[info] Loading project definition from /home/girish/IdeaProjects/csw/project/project
[info] Loading settings for project csw-build from plugins.sbt ...
[info] Loading project definition from /home/girish/IdeaProjects/csw/project
[info] Loading settings for project csw from build.sbt ...
[info] Resolving key references (29071 settings) ...
[info] Set current project to csw (in build file:/home/girish/IdeaProjects/csw/)
[info] BinaryUtilsTest:
[info] - testIsNotTextIsFalseForMoreThan85percentASCIICharacters (22 milliseconds)
[info] - testIsBinaryIsFalseForMoreThan85percentASCIICharacters (33 milliseconds)
[info] - testIsNotTextIsTrueForLessThan85percentASCIICharacters (1 millisecond)
[info] - testIsBinaryIsTrueForLessThan85percentASCIICharacters (1 millisecond)
[info] ConfigDataTest:
[info] - should able to retrieve string from Config Data source (111 milliseconds)
[info] - should able to generate InputStream from Config Data source (33 milliseconds)
[info] - should create source of ByteString from string (3 milliseconds)
[info] - should be able to save ConfigData to local disc (27 milliseconds)
[info] - should be able to get Config object when data is in valid HOCON format (9 milliseconds)
[info] - config object conversion should receive exception when data is NOT in valid HOCON format (8 milliseconds)
[info] Run completed in 4 seconds, 119 milliseconds.
[info] Total number of tests run: 0
[info] Suites: completed 0, aborted 0
[info] Tests: succeeded 0, failed 0, canceled 0, ignored 0, pending 0
[info] No tests were executed.
[info] Run completed in 4 seconds, 152 milliseconds.
[info] Total number of tests run: 10
[info] Suites: completed 2, aborted 0
[info] Tests: succeeded 10, failed 0, canceled 0, ignored 0, pending 0
[info] All tests passed.
[info] ILoggerActorTest:
[info] - testDefaultLogConfigurationForActor
[info] JLoggerImplAPITest:
[info] - testOverloadedDebugLogLevel
[info] - testOverloadedFatalLogLevel
[info] - testOverloadedWarnLogLevel
[info] - testOverloadedErrorLogLevel
[info] - testOverloadedInfoLogLevel
[info] - testOverloadedTraceLogLevel
[info] ILoggerMutableActorTest:
[info] - testDefaultLogConfigurationForActor
[info] FileAppenderTest:
[info] - log file is rotated every day (28 milliseconds)
[info] NonFileRotationTest:
[info] - verify log file rotation is off (12 milliseconds)
[info] ActorLoggingTest:
[info] - messages logged from actor should contain component name, file name, class name, line number and actor path (206 milliseconds)
[info] - message logged with custom Map properties should get logged (208 milliseconds)
[info] - should load default filter provided in configuration file and applied to actor messages (204 milliseconds)
[info] LoggerCompTest:
[info] - changing log level of component should only affect component specific classes (422 milliseconds)
[info] AkkaLoggerTest:
[info] - logging framework should capture akka log messages and log it (305 milliseconds)
[info] SimpleLoggingTest:
[info] - logs should contain component name and source location in terms of file name, class name and line number (112 milliseconds)
[info] - inner class logs should contain source location in terms of file name, class name and line number (119 milliseconds)
[info] - singleton object logs should contain source location in terms of file name, class name and line number (118 milliseconds)
[info] - object logs should allow user definable keys and values (108 milliseconds)
[info] - should load default filter provided in configuration file and applied to normal logging messages (205 milliseconds)
[info] - should apply default log level provided in configuration file for normal logging messages (310 milliseconds)
[info] - should able to filter logs based on configured/updated log level (covers all levels) (1 second, 253 milliseconds)
[info] - should able to filter logs based on configured/updated log level (covers all levels) with non-default level (1 second, 213 milliseconds)
[info] - alternative log message should contain @category (104 milliseconds)
[info] - should able to log exception at ERROR level with complete stacktrace (306 milliseconds)
[info] StdOutAppenderTest:
[info] - should print message to standard output stream if category is 'common' (1 millisecond)
[info] - should not print message to standard output stream if category is not 'common' (1 millisecond)
[info] - should able to pretty-print one log message to one line (24 milliseconds)
[info] MutableActorLoggingTest:
[info] - messages logged from actor should contain component name, file name, class name, line number and actor path (201 milliseconds)
[info] - should load default filter provided in configuration file and applied to actor messages (203 milliseconds)
[info] LoggingConfigurationTest:
[info] - should log messages in the file with standard headers (150 milliseconds)
[info] - should log messages in the file without standard headers based on the log level configured in the config (260 milliseconds)
[info] - should log messages in the file and on console based on the log level configured in the file and stdout appender config (236 milliseconds)
[info] - should log messages on the console with standard headers based on the log level configured in the config (244 milliseconds)
[info] - should log messages on the console without standard headers (152 milliseconds)
[info] - should log messages on the console in one line (148 milliseconds)
[info] LoggingSystemTest:
[info] - should load default log level provided in configuration file (0 milliseconds)
[info] - should able to set log level for default logger, slf4j and akka (0 milliseconds)
[info] - should able to parse appenders from configuration file (0 milliseconds)
[info] - should throw AppenderNotFoundException for an invalid appender configured (23 milliseconds)
[info] CustomAppenderTest:
[info] - should be able to add and configure a custom appender using an object extending from CustomAppenderBuilder (256 milliseconds)
[info] - should be able to add and configure a custom appender using a class extending from CustomAppenderBuilder (252 milliseconds)
[info] - should be able to add and configure a custom appender using a class extending from CustomAppenderBuilder showing config changes (251 milliseconds)
[info] JGenericLoggerTest:
[info] - testGenericLoggerActorWithoutComponentName
[info] - testGenericLoggerWithoutComponentName
[info] Slf4jAppenderTest:
[info] - logging framework should capture slf4j logs and log it (304 milliseconds)
[info] ComponentLoggingStateManagerTest:
[info] - should able to parse logging configuration and extract component log levels state (1 millisecond)
[info] - should able to add/update component logging level (1 millisecond)
[info] - should return empty map if component log levels are not provided in configuration file (2 milliseconds)
[info] ComponentLoggingStateTest:
[info] - should initialize component logging state with provided level (0 milliseconds)
[info] - should able to update the log level of component (0 milliseconds)
[info] ILoggerTest:
[info] - testLogLevelOfMultipleComponentsInSingleContainer
[info] - testDefaultLogConfigurationAndDefaultComponentLogLevel
[info] TimingTest:
[info] - should able to log messages to combination of standard out and file concurrently and also log time messages. (209 milliseconds)
[info] TimeServiceTest:
[info] - should get UTC time (405 milliseconds)
[info] JTimeServiceTest:
[info] - shouldGetUTCTime
[info] ScalaTest
[info] Run completed in 19 seconds, 862 milliseconds.
[info] Total number of tests run: 54
[info] Suites: completed 20, aborted 0
[info] Tests: succeeded 54, failed 0, canceled 0, ignored 0, pending 0
[info] All tests passed.
[info] Passed: Total 54, Failed 0, Errors 0, Passed 54
[info] ScalaTest
[info] Run completed in 20 seconds, 350 milliseconds.
[info] Total number of tests run: 2
[info] Suites: completed 2, aborted 0
[info] Tests: succeeded 2, failed 0, canceled 0, ignored 0, pending 0
[info] All tests passed.
[info] Passed: Total 2, Failed 0, Errors 0, Passed 2
[info] UniqueKeyVerificationTest:
[info] Test Commands
[info] - Setup command is able to remove duplicate keys (6 milliseconds)
[info] - Observe command is able to remove duplicate keys (2 milliseconds)
[info] - Wait command is able to remove duplicate keys (2 milliseconds)
[info] Test Result
[info] - is able to remove duplicate keys (2 milliseconds)
[info] Test Struct
[info] - is able to remove duplicate keys (2 milliseconds)
[info] Test StateVariables
[info] - DemandState is able to remove duplicate keys (1 millisecond)
[info] - CurrentState is able to remove duplicate keys (1 millisecond)
[info] Test Events
[info] - ObserveEvent command is able to remove duplicate keys (2 milliseconds)
[info] - SystemEvent command is able to remove duplicate keys (2 milliseconds)
[info] JsonTest:
[info] Test Subsystem JSON
[info] - should encode and decode properly (2 milliseconds)
[info] Test Prefix
[info] - should encode and decode properly (1 millisecond)
[info] Test Units JSON
[info] - should encode and decode properly (5 milliseconds)
[info] Test concrete items
[info] - char item encode/decode without units (5 milliseconds)
[info] - char item encode/decode with units (1 millisecond)
[info] - short item encode/decode (1 millisecond)
[info] - int item encode/decode (1 millisecond)
[info] - long item encode/decode (1 millisecond)
[info] - float item encode/decode (2 milliseconds)
[info] - double item encode/decode (1 millisecond)
[info] - boolean item encode/decode (2 milliseconds)
[info] - string item encode/decode (1 millisecond)
[info] Testing Items
[info] - should encode and decode items list (2 milliseconds)
[info] Commands and Events JSON
[info] - Should encode/decode a Setup (7 milliseconds)
[info] - Should encode/decode an Observe (6 milliseconds)
[info] - Should encode/decode an Wait (3 milliseconds)
[info] - Should encode/decode an ObserveEvent (8 milliseconds)
[info] - Should encode/decode an SystemEvent (4 milliseconds)
[info] - Should encode/decode an CurrentState (4 milliseconds)
[info] - Should encode/decode an DemandState (3 milliseconds)
[info] Test Custom RaDecItem
[info] - Should allow custom RaDecItem (3 milliseconds)
[info] Test Double Matrix items
[info] - Should allow double matrix values (3 milliseconds)
[info] Test Double Array items
[info] - Should allow double array values (1 millisecond)
[info] Test Int Matrix items
[info] - Should allow int matrix values (2 milliseconds)
[info] Test Int Array items
[info] - Should allow int array values (2 milliseconds)
[info] Test Byte Matrix items
[info] - Should allow byte matrix values (2 milliseconds)
[info] Test Byte Array items
[info] - Should allow byte array values (2 milliseconds)
[info] Test Short Matrix items
[info] - Should allow short matrix values (2 milliseconds)
[info] Test Short Array items
[info] - Should allow short array values (1 millisecond)
[info] Test Long Matrix items
[info] - Should allow long matrix values (2 milliseconds)
[info] Test Long Array items
[info] - Should allow long array values (2 milliseconds)
[info] Test Choice items
[info] - Should allow choice/enum values (2 milliseconds)
[info] testing StructItem JSON support
[info] - should allow Struct values (4 milliseconds)
[info] IdTest:
[info] - should able to create setup commands having unique runId (1 millisecond)
[info] - should able to create observe commands having unique runId (1 millisecond)
[info] - should able to create wait commands having unique runId (1 millisecond)
[info] CommandsTest:
[info] Setup config tests
[info] - Should allow adding keys using single set (1 millisecond)
[info] - Should allow setting with units (0 milliseconds)
[info] - Should allow apply which returns values (1 millisecond)
[info] - should update for the same key with set (0 milliseconds)
[info] - Should able to create with Byte Parameteret (1 millisecond)
[info] - Should allow updates (1 millisecond)
[info] - Should allow to create setup without obsId (0 milliseconds)
[info] - Should create new RunId when a parameter is added or removed (1 millisecond)
[info] Observe config tests
[info] - Should allow adding keys (0 milliseconds)
[info] - Should allow setting (0 milliseconds)
[info] - Should allow apply (1 millisecond)
[info] - should update for the same key with set (0 milliseconds)
[info] - should update for the same key with add (0 milliseconds)
[info] - Should create new RunId when a parameter is added or removed (1 millisecond)
[info] Wait config tests
[info] - Should allow adding keys (1 millisecond)
[info] - Should allow setting (0 milliseconds)
[info] - Should allow apply (0 milliseconds)
[info] - should update for the same key with set (1 millisecond)
[info] - should update for the same key with add (0 milliseconds)
[info] - Should create new RunId when a parameter is added or removed (0 milliseconds)
[info] testing for getting typed items
[info] Checking for item types in configs
[info] - Should get as IntItem (0 milliseconds)
[info] Check for multi-add
[info] - Should allow vararg add (0 milliseconds)
[info] Should work with remove
[info] - Setup command should allow removing one at a time (1 millisecond)
[info] - Observe command should allow removing one at a time (1 millisecond)
[info] - Wait command should allow removing one at a time (1 millisecond)
[info] should work with remove by item
[info] - Should allow removing one at a time (2 milliseconds)
[info] clone command test
[info] - clone command creates a command from existing command with a new RunId for Setup, Observe or Wait (2 milliseconds)
[info] EqualityTest:
[info] Array-based long array equality
[info] - should short circuit with identical same arrays (1 millisecond)
[info] - should be equal with identical different arrays (1 millisecond)
[info] - should fail with different valued arrays (0 milliseconds)
[info] - should work with items too when equal (0 milliseconds)
[info] - should fail with items when values not equal (0 milliseconds)
[info] Array-based long matrix equality
[info] - should short circuit with identical same matrices (1 millisecond)
[info] - should be equal with identical different matrices (0 milliseconds)
[info] - should fail with different valued matrices (0 milliseconds)
[info] - should fail for totally different matrices (0 milliseconds)
[info] Array-based byte array equality
[info] - should short circuit with identical same arrays (0 milliseconds)
[info] - should be equal with identical different arrays (1 millisecond)
[info] - should fail with different valued arrays (0 milliseconds)
[info] - should work with items too when equal (0 milliseconds)
[info] - should fail with items when values not equal (0 milliseconds)
[info] Array-based byte matrix equality
[info] - should short circuit with identical same matrices (0 milliseconds)
[info] - should be equal with identical different matrices (1 millisecond)
[info] - should fail with different valued matrices (1 millisecond)
[info] - should fail for totally different matrices (1 millisecond)
[info] Array-based double array equality
[info] - should short circuit with identical same arrays (1 millisecond)
[info] - should be equal with identical different arrays (0 milliseconds)
[info] - should fail with different valued arrays (1 millisecond)
[info] - should work with items too when equal (0 milliseconds)
[info] - should fail with items when values not equal (0 milliseconds)
[info] Array-based double matrix equality
[info] - should short circuit with identical same matrices (0 milliseconds)
[info] - should be equal with identical different matrices (1 millisecond)
[info] - should fail with different valued matrices (0 milliseconds)
[info] - should fail for totally different matrices (0 milliseconds)
[info] Array-based float array equality
[info] - should short circuit with identical same arrays (0 milliseconds)
[info] - should be equal with identical different arrays (1 millisecond)
[info] - should fail with different valued arrays (0 milliseconds)
[info] - should work with items too when equal (1 millisecond)
[info] - should fail with items when values not equal (0 milliseconds)
[info] Array-based float matrix equality
[info] - should short circuit with identical same matrices (0 milliseconds)
[info] - should be equal with identical different matrices (0 milliseconds)
[info] - should fail with different valued matrices (0 milliseconds)
[info] - should fail for totally different matrices (0 milliseconds)
[info] Array-based int array equality
[info] - should short circuit with identical same arrays (0 milliseconds)
[info] - should be equal with identical different arrays (0 milliseconds)
[info] - should fail with different valued arrays (0 milliseconds)
[info] - should work with items too when equal (1 millisecond)
[info] - should fail with items when values not equal (0 milliseconds)
[info] Array-based int matrix equality
[info] - should short circuit with identical same matrices (1 millisecond)
[info] - should be equal with identical different matrices (0 milliseconds)
[info] - should fail with different valued matrices (0 milliseconds)
[info] - should fail for totally different matrices (0 milliseconds)
[info] Array-based short array equality
[info] - should short circuit with identical same arrays (0 milliseconds)
[info] - should be equal with identical different arrays (0 milliseconds)
[info] - should fail with different valued arrays (0 milliseconds)
[info] - should work with items too when equal (0 milliseconds)
[info] - should fail with items when values not equal (0 milliseconds)
[info] Array-based short matrix equality
[info] - should short circuit with identical same matrices (0 milliseconds)
[info] - should be equal with identical different matrices (0 milliseconds)
[info] - should fail with different valued matrices (1 millisecond)
[info] - should fail for totally different matrices (0 milliseconds)
[info] KeyParameterTest:
[info] basic key tests
[info] - should have correct name (0 milliseconds)
[info] - should have equality based on name (1 millisecond)
[info] test booleanKey
[info] - should allow single val (1 millisecond)
[info] - should work with list, withUnits (1 millisecond)
[info] - should work with list, units (0 milliseconds)
[info] test charItem
[info] - should allow single val (0 milliseconds)
[info] - should work with list, withUnits (0 milliseconds)
[info] - should work with list, units (1 millisecond)
[info] test ByteItem
[info] - should allow single val (1 millisecond)
[info] - should work with list, withUnits (1 millisecond)
[info] - should work with list, units (1 millisecond)
[info] test ByteArrayKey
[info] - should test single item (1 millisecond)
[info] - should test with list, withUnits (0 milliseconds)
[info] - should test with list, units (0 milliseconds)
[info] - should test using one array with and without units (0 milliseconds)
[info] - should test using var args (0 milliseconds)
[info] test byteMatrixKey
[info] - should work with a single item (0 milliseconds)
[info] - should work with list and withUnits (1 millisecond)
[info] - should work with list and units (0 milliseconds)
[info] - work with one matrix without and with units (0 milliseconds)
[info] - work with varargs (0 milliseconds)
[info] - work with varargs as arrays (0 milliseconds)
[info] test ShortItem
[info] - should allow single val (1 millisecond)
[info] - should work with list, withUnits (0 milliseconds)
[info] - should work with list, units (1 millisecond)
[info] test shortArrayKey
[info] - should test single item (0 milliseconds)
[info] - should test with list, withUnits (0 milliseconds)
[info] - should test with list, units (0 milliseconds)
[info] - should test using one array with and without units (0 milliseconds)
[info] - should test using var args (0 milliseconds)
[info] test shortMatrixKey
[info] - should work with a single item (0 milliseconds)
[info] - should work with list and withUnits (0 milliseconds)
[info] - should work with list and units (1 millisecond)
[info] - work with one matrix without and with units (1 millisecond)
[info] - work with varargs (0 milliseconds)
[info] - work with varargs as arrays (0 milliseconds)
[info] test IntItem
[info] - should allow single val (1 millisecond)
[info] - should work with list, withUnits (0 milliseconds)
[info] - should work with list, units (0 milliseconds)
[info] test intArrayKey
[info] - should test single item (0 milliseconds)
[info] - should test with list, withUnits (0 milliseconds)
[info] - should test with list, units (1 millisecond)
[info] - should test using one array with and without units (0 milliseconds)
[info] - should test using var args (0 milliseconds)
[info] test intMatrixKey
[info] - should work with a single item (0 milliseconds)
[info] - should work with list and withUnits (0 milliseconds)
[info] - should work with list and units (1 millisecond)
[info] - work with one matrix without and with units (0 milliseconds)
[info] - work with varargs (0 milliseconds)
[info] - work with varargs as arrays (1 millisecond)
[info] test longKey
[info] - should allow single val (1 millisecond)
[info] - should work with list, withUnits (0 milliseconds)
[info] - should work with list, units (1 millisecond)
[info] test LongArrayKey
[info] - should test single item (0 milliseconds)
[info] - should test with list, withUnits (1 millisecond)
[info] - should test with list, units (0 milliseconds)
[info] - should test using one array with and without units (1 millisecond)
[info] - should test using var args (0 milliseconds)
[info] test longMatrixKey
[info] - should work with a single item (0 milliseconds)
[info] - should work with list and withUnits (0 milliseconds)
[info] - should work with list and units (0 milliseconds)
[info] - work with one matrix without and with units (0 milliseconds)
[info] - work with varargs (0 milliseconds)
[info] - work with varargs as arrays (1 millisecond)
[info] test floatItem
[info] - should allow single val (0 milliseconds)
[info] - should work with list, withUnits (0 milliseconds)
[info] - should work with list, units (0 milliseconds)
[info] test floatArrayKey
[info] - should test single item (0 milliseconds)
[info] - should test with list, withUnits (1 millisecond)
[info] - should test with list, units (0 milliseconds)
[info] - should test using one array with and without units (1 millisecond)
[info] - should test using var args (0 milliseconds)
[info] test floatMatrixKey
[info] - should work with a single item (0 milliseconds)
[info] - should work with list and withUnits (0 milliseconds)
[info] - should work with list and units (0 milliseconds)
[info] - work with one matrix without and with units (1 millisecond)
[info] - work with varargs (0 milliseconds)
[info] - work with varargs as arrays (1 millisecond)
[info] test doubleItem
[info] - should allow single val (1 millisecond)
[info] - should work with list, withUnits (0 milliseconds)
[info] - should work with list, units (0 milliseconds)
[info] test doubleArrayKey
[info] - should test single item (1 millisecond)
[info] - should test with list, withUnits (0 milliseconds)
[info] - should test with list, units (0 milliseconds)
[info] - should test using one array with and without units (1 millisecond)
[info] - should test using var args (0 milliseconds)
[info] test doubleMatrixKey
[info] - should work with a single item (0 milliseconds)
[info] - should work with list and withUnits (0 milliseconds)
[info] - should work with list and units (0 milliseconds)
[info] - work with one matrix without and with units (1 millisecond)
[info] - work with varargs (0 milliseconds)
[info] - work with varargs as arrays (1 millisecond)
[info] test TimestampItem
[info] - should allow create a Timestamp parameter from a timestamp key (0 milliseconds)
[info] - and second must be default Unit (1 millisecond)
[info] - should work with list, withUnits (0 milliseconds)
[info] - should work with list, units (1 millisecond)
[info] testing ChoiceItem
[info] - should allow creating with Choices object (1 millisecond)
[info] - should allow creating with varargs of Strings (0 milliseconds)
[info] - should allow creation with individual Choice items (0 milliseconds)
[info] test raDecKey
[info] - should allow single val (0 milliseconds)
[info] - should work with list, withUnits (0 milliseconds)
[info] - should work with list, units (0 milliseconds)
[info] test stringKey
[info] - should allow single val (1 millisecond)
[info] - should work with list, withUnits (0 milliseconds)
[info] - should work with list, units (1 millisecond)
[info] testing StructItem
[info] - should allow creating Struct items (0 milliseconds)
[info] test setting multiple values
[info] - should allow setting a single value (0 milliseconds)
[info] - should allow setting several (1 millisecond)
[info] - should also allow setting with sequence (0 milliseconds)
[info] EventsTest:
[info] SystemEvent Test
[info] - should create with prefix and eventName (0 milliseconds)
[info] - should create with prefix, eventName, paramSet (1 millisecond)
[info] - Should allow removing (0 milliseconds)
[info] - Should allow adding (0 milliseconds)
[info] - Should access metadata fields (0 milliseconds)
[info] - each event created should be unique (1 millisecond)
[info] ObserveEvent Test
[info] - should create with prefix and eventName (1 millisecond)
[info] - should create with prefix, eventName and paramSet (1 millisecond)
[info] - Should allow removing (0 milliseconds)
[info] - Should allow adding (1 millisecond)
[info] - Should access metadata fields (0 milliseconds)
[info] - each event created should be unique (1 millisecond)
[info] SocketUtilsTest:
[info] - should return true when server is running on given host and port (32 milliseconds)
[info] - should throw exception when server is not running on given host and port (5 seconds, 82 milliseconds)
[info] NetworksTest:
[info] - Should filter ipv6 addresses (296 milliseconds)
[info] - Should get ip4 address of interface with lowest index when interfacename is not provided (1 millisecond)
[info] - testGetIpv4Address throws NetworkInterfaceNotFound when provided interface name is not present (41 milliseconds)
[info] - testGetIpv4Address returns inet address when provided a valid interface name (3 milliseconds)
[info] Run completed in 13 seconds, 767 milliseconds.
[info] Total number of tests run: 169
[info] Suites: completed 3, aborted 0
[info] Tests: succeeded 169, failed 0, canceled 0, ignored 0, pending 0
[info] All tests passed.
[info] Run completed in 8 seconds, 774 milliseconds.
[info] Total number of tests run: 6
[info] Suites: completed 2, aborted 0
[info] Tests: succeeded 6, failed 0, canceled 0, ignored 0, pending 0
[info] All tests passed.
[info] FullAlarmSeverityTest:
[info] - should match enum values (17 milliseconds)
[info] AlarmHealthTest:
[info] - should match enum values (1 millisecond)
[info] - severities Okay, Warning should result in Good health (2 milliseconds)
[info] - severity Major should result in Ill health (1 millisecond)
[info] - severities Disconnected, Indeterminate, Critical should result in Bad health (0 milliseconds)
[info] AlarmTypeTest:
[info] - should match enum values (0 milliseconds)
[info] KeyTest:
[info] - AlarmKey should be representing a unique alarm (4 milliseconds)
[info] - SubsystemKey should be representing keys for all alarms of a subsystem (1 millisecond)
[info] - ComponentKey should be representing keys for all alarms of a component (1 millisecond)
[info] - GlobalKey should be representing keys for all alarms (1 millisecond)
[info] - AlarmKey should not allow '*' character (1 millisecond)
[info] - AlarmKey should not allow '[' character (1 millisecond)
[info] - AlarmKey should not allow ']' character (0 milliseconds)
[info] - AlarmKey should not allow '-' character (0 milliseconds)
[info] - AlarmKey should not allow '^' character (1 millisecond)
[info] - ComponentKey should not allow '*' character (1 millisecond)
[info] - ComponentKey should not allow '[' character (1 millisecond)
[info] - ComponentKey should not allow ']' character (1 millisecond)
[info] - ComponentKey should not allow '-' character (1 millisecond)
[info] - ComponentKey should not allow '^' character (1 millisecond)
[info] - ComponentKey should not allow empty values (1 millisecond)
[info] - AlarmKey should not allow empty values (1 millisecond)
[info] AlarmMetadataTest:
[info] - should get alarm key from AlarmMetadata (0 milliseconds)
[info] - should always support Indeterminate and Okay severities  (1 millisecond)
[info] - should tell if the alarm is active or not (1 millisecond)
[info] - should be able to get description of the alarm (1 millisecond)
[info] - should be able to get alarm type (6 milliseconds)
[info] - should get probable cause from AlarmMetadata (1 millisecond)
[info] - should get operator response from AlarmMetadata (0 milliseconds)
[info] - should be able to determine if alarm can be auto-acknowledged (1 millisecond)
[info] - should be able to determine if alarm can be latched (1 millisecond)
[info] ShelveStatusTest:
[info] - should match enum values (0 milliseconds)
[info] AcknowledgementStatusTest:
[info] - should match enum values (1 millisecond)
[info] AlarmSeverityTest:
[info] - should match enum values (0 milliseconds)
[info] ActivationStatusTest:
[info] - should match enum values (1 millisecond)
[info] ComponentIdTest:
[info] - should not contain leading or trailing spaces in component's name (143 milliseconds)
[info] - should not contain '-' in component's name (2 milliseconds)
[info] ComponentTypeTest:
[info] - ComponentType should be any one of this types : 'container', 'hcd', 'assembly' and 'service' (3 milliseconds)
[info] ConnectionTypeTest:
[info] - ConnectionType should be any one of this types : 'http', 'tcp' and 'akka' (4 milliseconds)
[info] ConnectionTest:
[info] - should able to form a string representation for akka connection for trombone HCD (5 milliseconds)
[info] - should able to form a string representation for tcp connection for redis (1 millisecond)
[info] - should able to form a string representation for http connection for config service (1 millisecond)
[info] - should able to form a string representation for akka connection for trombone container (1 millisecond)
[info] - should able to form a string representation for akka connection for trombone assembly (0 milliseconds)
[info] - should able to form a connection for components from a valid string representation (4 milliseconds)
[info] - should not be able to form a connection for components from an invalid string representation (2 milliseconds)
[info] Run completed in 4 seconds, 971 milliseconds.
[info] Total number of tests run: 0
[info] Suites: completed 0, aborted 0
[info] Tests: succeeded 0, failed 0, canceled 0, ignored 0, pending 0
[info] No tests were executed.
[info] Run completed in 4 seconds, 897 milliseconds.
[info] Total number of tests run: 35
[info] Suites: completed 9, aborted 0
[info] Tests: succeeded 35, failed 0, canceled 0, ignored 0, pending 0
[info] All tests passed.
[info] Run completed in 4 seconds, 827 milliseconds.
[info] Total number of tests run: 11
[info] Suites: completed 4, aborted 0
[info] Tests: succeeded 11, failed 0, canceled 0, ignored 0, pending 0
[info] All tests passed.
[info] Compiling 1 Scala source and 1 Java source to /home/girish/IdeaProjects/csw/csw-command-client/target/scala-2.12/test-classes ...
[info] Done compiling.
[info] LocationServerStatusTest:
[info] - should return true when server is running on given host and port (67 milliseconds)
[info] - should throw exception when server is not running on given host and port (5 seconds, 61 milliseconds)
[info] JLocationServiceImplTest:
[info] - testHttpRegistration
[info] - testTrackingConnection
[info] - testResolveTcpConnection
[info] - testRegistrationAndUnregistrationOfHttpComponent
[info] - testListComponentsByHostname
[info] - testResolveAkkaConnection
[info] - testUnregisteringDeadActorByDeathWatch
[info] - testTcpRegistration
[info] - testListComponents
[info] - testSubscribeConnection
[info] - testListakkaComponentsByPrefix
[info] - testAkkaRegistration
[info] - testLocationServiceRegisterWithAkkaHttpTcpAsSequence
[info] - testListComponentsByConnectionType
[info] - testListComponentsByComponentType
[info] LocationServiceCompTestWithCluster:
[info] - should able to register, resolve, list and unregister tcp location (2 seconds, 241 milliseconds)
[info] - should able to register, resolve, list and unregister http location (2 seconds, 45 milliseconds)
[info] - should able to register, resolve, list and unregister akka location (2 seconds, 40 milliseconds)
[info] - akka location death watch actor should unregister services whose actorRef is terminated (319 milliseconds)
[info] - should able to track tcp connection and get location updated(on registration) and remove(on unregistration) messages (896 milliseconds)
[info] - should be able to subscribe a tcp connection and receive notifications via callback (1 second, 201 milliseconds)
[info] - should able to track http and akka connection registered before tracking started (1 second, 290 milliseconds)
[info] - should able to stop tracking (704 milliseconds)
[info] - should not register a different Registration(connection + port/URI/actorRef) against already registered name (12 milliseconds)
[info] - registering an already registered Registration(connection + port/URI/actorRef) on same machine should not result in failure (4 milliseconds)
[info] - unregistering an already unregistered connection does not result in failure (2 milliseconds)
[info] - should able to resolve tcp connection (1 millisecond)
[info] - should filter components with component type (5 milliseconds)
[info] - should filter connections based on Connection type (7 milliseconds)
[info] - should filter connections based on hostname (6 milliseconds)
[info] - should filter akka connections based on prefix (5 milliseconds)
[info] - should able to unregister all components (3 milliseconds)
[info] ArgsParserTest:
[info] - parse without arguments (9 milliseconds)
[info] - parse with all arguments without testMode (2 milliseconds)
[info] - parse with all arguments --testMode (1 millisecond)
[info] - parse with some arguments (1 millisecond)
[info] BlockingUtilsTest:
[info] - test that Poll method bottoms out and returns expected result (1 second, 5 milliseconds)
[info] - test that Poll method detects predicate fulfillment (217 milliseconds)
[info] MultiActorSystemTest:
[info] - ensure that location service works across two actorSystems within the same JVM (111 milliseconds)
[info] StreamExtTest:
[info] - distinctUntilChanged (3 milliseconds)
[info] ClusterSettingsTest:
[info] - exception is thrown when settings are not found for a given cluster name (4 milliseconds)
[info] - default cluster settings are used when no custom parameters are supplied (5 milliseconds)
[info] - cluster settings with custom parameters are used (1 millisecond)
[info] - cluster settings with join Local (2 milliseconds)
[info] - cluster settings with custom values (1 millisecond)
[info] - cluster settings with system properties (1 millisecond)
[info] RegistrationTest:
[info] - should able to create the AkkaRegistration which should internally create AkkaLocation (1 millisecond)
[info] - should able to create the HttpRegistration which should internally create HttpLocation (0 milliseconds)
[info] - should able to create the TcpRegistration which should internally create TcpLocation (0 milliseconds)
[WARN] [11/13/2018 16:27:58.167] [pool-1-thread-1-ScalaTest-running-RegistrationTest] [ManifestInfo(akka://local-actor-system)] Detected possible incompatible versions on the classpath. Please note that a given Akka version MUST be the same across all modules of Akka that you are using, e.g. if you use [2.5.18] all other modules that are released together MUST be of the same version. Make sure you're using a compatible set of libraries.Possibly conflicting versions [2.5.18, 2.5.6] in libraries [akka-multi-node-testkit:2.5.18, akka-persistence:2.5.6, akka-cluster-sharding:2.5.6, akka-protobuf:2.5.18, akka-actor-typed:2.5.18, akka-actor:2.5.18, akka-slf4j:2.5.18, akka-remote:2.5.18, akka-cluster:2.5.18, akka-distributed-data:2.5.18, akka-stream:2.5.18, akka-cluster-typed:2.5.18, akka-actor-testkit-typed:2.5.18, akka-stream-testkit:2.5.18, akka-cluster-tools:2.5.18]
[info] - should not allow AkkaRegistration using local ActorRef (33 milliseconds)
[info] LocationServiceCompTestWithHttp:
[info] - should able to register, resolve, list and unregister tcp location (2 seconds, 123 milliseconds)
[info] - should able to register, resolve, list and unregister http location (2 seconds, 66 milliseconds)
[info] - should able to register, resolve, list and unregister akka location (2 seconds, 101 milliseconds)
[info] - akka location death watch actor should unregister services whose actorRef is terminated (111 milliseconds)
[info] - should able to track tcp connection and get location updated(on registration) and remove(on unregistration) messages (987 milliseconds)
[info] - should be able to subscribe a tcp connection and receive notifications via callback (1 second, 218 milliseconds)
[info] - should able to track http and akka connection registered before tracking started (1 second, 260 milliseconds)
[info] - should able to stop tracking (705 milliseconds)
[info] - should not register a different Registration(connection + port/URI/actorRef) against already registered name (12 milliseconds)
[info] - registering an already registered Registration(connection + port/URI/actorRef) on same machine should not result in failure (16 milliseconds)
[info] - unregistering an already unregistered connection does not result in failure (9 milliseconds)
[info] - should able to resolve tcp connection (7 milliseconds)
[info] - should filter components with component type (17 milliseconds)
[info] - should filter connections based on Connection type (24 milliseconds)
[info] - should filter connections based on hostname (17 milliseconds)
[info] - should filter akka connections based on prefix (14 milliseconds)
[info] - should able to unregister all components (15 milliseconds)
[ERROR] [11/13/2018 16:28:09.428] [test-akka.actor.default-dispatcher-27] [akka.tcp://test@10.14.6.37:41513/system/pool-master] connection pool for PoolGateway(hcps = HostConnectionPoolSetup(localhost,7654,ConnectionPoolSetup(ConnectionPoolSettings(4,0,5,32,1,30 seconds,ClientConnectionSettings(Some(User-Agent: akka-http/10.1.5),10 seconds,1 minute,512,None,WebSocketSettings(<function0>,ping,Duration.Inf,akka.http.impl.settings.WebSocketSettingsImpl$$$Lambda$1388/1676215958@4bfa1822),List(),ParserSettings(2048,16,64,64,8192,64,8388608,8388608,256,1048576,Strict,RFC6265,true,Set(),Full,Error,Map(If-Range -> 0, If-Modified-Since -> 0, If-Unmodified-Since -> 0, default -> 12, Content-MD5 -> 0, Date -> 0, If-Match -> 0, If-None-Match -> 0, User-Agent -> 32),false,true,akka.util.ConstantFun$$$Lambda$785/1183912264@20aa5302,akka.util.ConstantFun$$$Lambda$785/1183912264@20aa5302,akka.util.ConstantFun$$$Lambda$786/766621271@1da4e6af),None,TCPTransport),New,1 second),akka.http.scaladsl.HttpConnectionContext$@684d631,akka.event.MarkerLoggingAdapter@6db1a77d))) has shut down unexpectedly
[info] IdTest:
[info] - should able to create setup commands having unique runId (29 milliseconds)
[info] - should able to create observe commands having unique runId (1 millisecond)
[info] - should able to create wait commands having unique runId (1 millisecond)
[info] JsonTest:
[info] Test Subsystem JSON
[info] - should encode and decode properly (141 milliseconds)
[info] Test Prefix
[info] - should encode and decode properly (0 milliseconds)
[info] Test Units JSON
[info] - should encode and decode properly (10 milliseconds)
[info] Test concrete items
[info] - char item encode/decode without units (28 milliseconds)
[info] - char item encode/decode with units (1 millisecond)
[info] - short item encode/decode (4 milliseconds)
[info] - int item encode/decode (0 milliseconds)
[info] - long item encode/decode (1 millisecond)
[info] - float item encode/decode (3 milliseconds)
[info] - double item encode/decode (3 milliseconds)
[info] - boolean item encode/decode (2 milliseconds)
[info] - string item encode/decode (1 millisecond)
[info] Testing Items
[info] - should encode and decode items list (1 millisecond)
[info] Commands and Events JSON
[info] - Should encode/decode a Setup (19 milliseconds)
[info] - Should encode/decode an Observe (2 milliseconds)
[info] - Should encode/decode an Wait (4 milliseconds)
[info] - Should encode/decode an ObserveEvent (8 milliseconds)
[info] - Should encode/decode an SystemEvent (3 milliseconds)
[info] - Should encode/decode an CurrentState (6 milliseconds)
[info] - Should encode/decode an DemandState (3 milliseconds)
[info] Test Custom RaDecItem
[info] - Should allow custom RaDecItem (2 milliseconds)
[info] Test Double Matrix items
[info] - Should allow double matrix values (2 milliseconds)
[info] Test Double Array items
[info] - Should allow double array values (1 millisecond)
[info] Test Int Matrix items
[info] - Should allow int matrix values (1 millisecond)
[info] Test Int Array items
[info] - Should allow int array values (1 millisecond)
[info] Test Byte Matrix items
[info] - Should allow byte matrix values (1 millisecond)
[info] Test Byte Array items
[info] - Should allow byte array values (0 milliseconds)
[info] Test Short Matrix items
[info] - Should allow short matrix values (1 millisecond)
[info] Test Short Array items
[info] - Should allow short array values (1 millisecond)
[info] Test Long Matrix items
[info] - Should allow long matrix values (1 millisecond)
[info] Test Long Array items
[info] - Should allow long array values (1 millisecond)
[info] Test Choice items
[info] - Should allow choice/enum values (4 milliseconds)
[info] testing StructItem JSON support
[info] - should allow Struct values (2 milliseconds)
[info] JStructTest:
[info] - shouldAbleToCreateWithSetOfParams
[info] - shouldAbleToCreateWithVarArgs
[info] JsonContractTest:
[info] Test Sequence Commands
[info] - should adhere to specified standard Setup json format (9 milliseconds)
[info] - should adhere to specified standard Observe json format (2 milliseconds)
[info] - should adhere to specified standard Wait json format (1 millisecond)
[info] Test Events
[info] - should adhere to specified standard ObserveEvent json format (1 millisecond)
[info] - should adhere to specified standard SystemEvent json format (1 millisecond)
[info] Test State Variables
[info] - should adhere to specified standard CurrentState json format (2 milliseconds)
[info] - should adhere to specified standard DemandState json format (1 millisecond)
[info] Exercise all types of keys
[info] - should able to serialize and deserialize Setup command with all keys to and from json (7 milliseconds)
[info] JArrayKeyTypeTest:
[info] - testDoubleArrayKeyParameter
[info] - testByteArrayKeyParameter
[info] - testIntArrayKeyParameter
[info] - testLongArrayKeyParameter
[info] - testFloatArrayKeyParameter
[info] - testShortArrayKeyParameter
[info] JSimpleKeyTypeTest:
[info] - testBooleanKeyParameter
[info] - testDoubleKeyParameter
[info] - testCharKeyParameter
[info] - testFloatKeyParameter
[info] - testStructKeyParameter
[info] - testIntegerKeyParameter
[info] - testStringKeyParameter
[info] - testTimestampKeyParameter
[info] - testLongKeyParameter
[info] - testShortKeyParameter
[info] - testByteKeyParameter
[info] - testRaDecKeyParameter
[info] JEventsTest:
[info] - shouldAbleToRemoveParamsInSystemEvent
[info] - shouldAbleToRemoveParamsInObserveEvent
[info] - shouldAbleToCreateAndAccessSystemEvent
[info] - shouldBeUniqueIdWhenParametersAreAddedOrRemovedForObserve
[info] - shouldBeUniqueWhenParametersAreAddedOrRemovedForSystem
[info] - shouldAbleToCreateAndAccessObserveEvent
[info] EventsTest:
[info] SystemEvent Test
[info] - should create with prefix and eventName (0 milliseconds)
[info] - should create with prefix, eventName, paramSet (2 milliseconds)
[info] - Should allow removing (1 millisecond)
[info] - Should allow adding (1 millisecond)
[info] - Should access metadata fields (8 milliseconds)
[info] - each event created should be unique (1 millisecond)
[info] ObserveEvent Test
[info] - should create with prefix and eventName (0 milliseconds)
[info] - should create with prefix, eventName and paramSet (1 millisecond)
[info] - Should allow removing (0 milliseconds)
[info] - Should allow adding (0 milliseconds)
[info] - Should access metadata fields (1 millisecond)
[info] - each event created should be unique (0 milliseconds)
[info] BinaryImageByteArrayTest:
[info] test ByteArrayKey
[info] - should able to create parameter representing binary image (29 milliseconds)
[info] JCommandsTest:
[info] - shouldAbleToCreateAndAccessWaitCommand
[info] - shouldAbleToCreateAndAccessSetupCommand
[info] - shoulRdAbleToCloneAnExistingCommand
[info] - shouldAbleToCreateAndAccessObserveCommand
[info] UniqueKeyVerificationTest:
[info] Test Commands
[info] - Setup command is able to remove duplicate keys (8 milliseconds)
[info] - Observe command is able to remove duplicate keys (1 millisecond)
[info] - Wait command is able to remove duplicate keys (2 milliseconds)
[info] Test Result
[info] - is able to remove duplicate keys (4 milliseconds)
[info] Test Struct
[info] - is able to remove duplicate keys (1 millisecond)
[info] Test StateVariables
[info] - DemandState is able to remove duplicate keys (1 millisecond)
[info] - CurrentState is able to remove duplicate keys (1 millisecond)
[info] Test Events
[info] - ObserveEvent command is able to remove duplicate keys (1 millisecond)
[info] - SystemEvent command is able to remove duplicate keys (1 millisecond)
[info] JMatrixDataTest:
[info] - shouldCreateMatrixDataFromJavaArrays
[info] JChoiceKeyTypeTest:
[info] - choicesAPIShouldBeAccessible
[info] - shouldThrowExceptionForInvalidChoice
[info] - shouldAbleToCreateChoiceParameterWithUnits
[info] - choiceKeyShouldHaveNameTypeAndChoices
[info] - shouldAbleToCreateChoiceParameterWithoutUnits
[info] SerializationTest:
[info] - ConfigType kryo serialization (139 milliseconds)
[info] - System event kryo serialization (2 milliseconds)
[info] - CurrentStates kryo serialization (2 milliseconds)
[info] JStateVariableTest:
[info] - shouldAbleToCreateDemandState
[info] - shouldAbleToCreateCurrentState
[info] - shouldAbleToCreateCurrentStatesUsingList
[info] - shouldAbleToCreateCurrentStatesUsingVargs
[info] - shouldAbleToMatchWithDefaultMatcher
[info] - shouldAbleToCreateCurrentStateFromSetup
[info] - shouldAbleToCreateDemandStateFromSetup
[info] JArrayDataTest:
[info] - shouldCreateArrayDataFromJavaArray
[info] KeyParameterTest:
[info] basic key tests
[info] - should have correct name (0 milliseconds)
[info] - should have equality based on name (0 milliseconds)
[info] test booleanKey
[info] - should allow single val (7 milliseconds)
[info] - should work with list, withUnits (0 milliseconds)
[info] - should work with list, units (0 milliseconds)
[info] test charItem
[info] - should allow single val (0 milliseconds)
[info] - should work with list, withUnits (1 millisecond)
[info] - should work with list, units (0 milliseconds)
[info] test ByteItem
[info] - should allow single val (1 millisecond)
[info] - should work with list, withUnits (0 milliseconds)
[info] - should work with list, units (0 milliseconds)
[info] test ByteArrayKey
[info] - should test single item (0 milliseconds)
[info] - should test with list, withUnits (1 millisecond)
[info] - should test with list, units (2 milliseconds)
[info] - should test using one array with and without units (0 milliseconds)
[info] - should test using var args (0 milliseconds)
[info] test byteMatrixKey
[info] - should work with a single item (1 millisecond)
[info] - should work with list and withUnits (0 milliseconds)
[info] - should work with list and units (1 millisecond)
[info] - work with one matrix without and with units (0 milliseconds)
[info] - work with varargs (0 milliseconds)
[info] - work with varargs as arrays (0 milliseconds)
[info] test ShortItem
[info] - should allow single val (1 millisecond)
[info] - should work with list, withUnits (0 milliseconds)
[info] - should work with list, units (1 millisecond)
[info] test shortArrayKey
[info] - should test single item (0 milliseconds)
[info] - should test with list, withUnits (1 millisecond)
[info] - should test with list, units (0 milliseconds)
[info] - should test using one array with and without units (0 milliseconds)
[info] - should test using var args (0 milliseconds)
[info] test shortMatrixKey
[info] - should work with a single item (1 millisecond)
[info] - should work with list and withUnits (0 milliseconds)
[info] - should work with list and units (0 milliseconds)
[info] - work with one matrix without and with units (0 milliseconds)
[info] - work with varargs (0 milliseconds)
[info] - work with varargs as arrays (1 millisecond)
[info] test IntItem
[info] - should allow single val (0 milliseconds)
[info] - should work with list, withUnits (0 milliseconds)
[info] - should work with list, units (0 milliseconds)
[info] test intArrayKey
[info] - should test single item (0 milliseconds)
[info] - should test with list, withUnits (0 milliseconds)
[info] - should test with list, units (1 millisecond)
[info] - should test using one array with and without units (0 milliseconds)
[info] - should test using var args (0 milliseconds)
[info] test intMatrixKey
[info] - should work with a single item (0 milliseconds)
[info] - should work with list and withUnits (0 milliseconds)
[info] - should work with list and units (0 milliseconds)
[info] - work with one matrix without and with units (0 milliseconds)
[info] - work with varargs (1 millisecond)
[info] - work with varargs as arrays (0 milliseconds)
[info] test longKey
[info] - should allow single val (1 millisecond)
[info] - should work with list, withUnits (0 milliseconds)
[info] - should work with list, units (0 milliseconds)
[info] test LongArrayKey
[info] - should test single item (0 milliseconds)
[info] - should test with list, withUnits (0 milliseconds)
[info] - should test with list, units (0 milliseconds)
[info] - should test using one array with and without units (0 milliseconds)
[info] - should test using var args (0 milliseconds)
[info] test longMatrixKey
[info] - should work with a single item (0 milliseconds)
[info] - should work with list and withUnits (0 milliseconds)
[info] - should work with list and units (0 milliseconds)
[info] - work with one matrix without and with units (0 milliseconds)
[info] - work with varargs (1 millisecond)
[info] - work with varargs as arrays (0 milliseconds)
[info] test floatItem
[info] - should allow single val (1 millisecond)
[info] - should work with list, withUnits (0 milliseconds)
[info] - should work with list, units (0 milliseconds)
[info] test floatArrayKey
[info] - should test single item (0 milliseconds)
[info] - should test with list, withUnits (0 milliseconds)
[info] - should test with list, units (0 milliseconds)
[info] - should test using one array with and without units (0 milliseconds)
[info] - should test using var args (0 milliseconds)
[info] test floatMatrixKey
[info] - should work with a single item (0 milliseconds)
[info] - should work with list and withUnits (0 milliseconds)
[info] - should work with list and units (1 millisecond)
[info] - work with one matrix without and with units (0 milliseconds)
[info] - work with varargs (0 milliseconds)
[info] - work with varargs as arrays (0 milliseconds)
[info] test doubleItem
[info] - should allow single val (0 milliseconds)
[info] - should work with list, withUnits (0 milliseconds)
[info] - should work with list, units (0 milliseconds)
[info] test doubleArrayKey
[info] - should test single item (0 milliseconds)
[info] - should test with list, withUnits (0 milliseconds)
[info] - should test with list, units (0 milliseconds)
[info] - should test using one array with and without units (0 milliseconds)
[info] - should test using var args (0 milliseconds)
[info] test doubleMatrixKey
[info] - should work with a single item (0 milliseconds)
[info] - should work with list and withUnits (1 millisecond)
[info] - should work with list and units (0 milliseconds)
[info] - work with one matrix without and with units (0 milliseconds)
[info] - work with varargs (0 milliseconds)
[info] - work with varargs as arrays (0 milliseconds)
[info] test TimestampItem
[info] - should allow create a Timestamp parameter from a timestamp key (0 milliseconds)
[info] - and second must be default Unit (0 milliseconds)
[info] - should work with list, withUnits (0 milliseconds)
[info] - should work with list, units (0 milliseconds)
[info] testing ChoiceItem
[info] - should allow creating with Choices object (3 milliseconds)
[info] - should allow creating with varargs of Strings (0 milliseconds)
[info] - should allow creation with individual Choice items (0 milliseconds)
[info] test raDecKey
[info] - should allow single val (0 milliseconds)
[info] - should work with list, withUnits (1 millisecond)
[info] - should work with list, units (0 milliseconds)
[info] test stringKey
[info] - should allow single val (0 milliseconds)
[info] - should work with list, withUnits (1 millisecond)
[info] - should work with list, units (0 milliseconds)
[info] testing StructItem
[info] - should allow creating Struct items (0 milliseconds)
[info] test setting multiple values
[info] - should allow setting a single value (0 milliseconds)
[info] - should allow setting several (0 milliseconds)
[info] - should also allow setting with sequence (0 milliseconds)
[info] CommandsTest:
[info] Setup config tests
[info] - Should allow adding keys using single set (1 millisecond)
[info] - Should allow setting with units (0 milliseconds)
[info] - Should allow apply which returns values (1 millisecond)
[info] - should update for the same key with set (0 milliseconds)
[info] - Should able to create with Byte Parameteret (0 milliseconds)
[info] - Should allow updates (1 millisecond)
[info] - Should allow to create setup without obsId (0 milliseconds)
[info] - Should create new RunId when a parameter is added or removed (0 milliseconds)
[info] Observe config tests
[info] - Should allow adding keys (1 millisecond)
[info] - Should allow setting (0 milliseconds)
[info] - Should allow apply (0 milliseconds)
[info] - should update for the same key with set (1 millisecond)
[info] - should update for the same key with add (0 milliseconds)
[info] - Should create new RunId when a parameter is added or removed (0 milliseconds)
[info] Wait config tests
[info] - Should allow adding keys (0 milliseconds)
[info] - Should allow setting (0 milliseconds)
[info] - Should allow apply (0 milliseconds)
[info] - should update for the same key with set (0 milliseconds)
[info] - should update for the same key with add (0 milliseconds)
[info] - Should create new RunId when a parameter is added or removed (0 milliseconds)
[info] testing for getting typed items
[info] Checking for item types in configs
[info] - Should get as IntItem (0 milliseconds)
[info] Check for multi-add
[info] - Should allow vararg add (0 milliseconds)
[info] Should work with remove
[info] - Setup command should allow removing one at a time (0 milliseconds)
[info] - Observe command should allow removing one at a time (0 milliseconds)
[info] - Wait command should allow removing one at a time (0 milliseconds)
[info] should work with remove by item
[info] - Should allow removing one at a time (0 milliseconds)
[info] clone command test
[info] - clone command creates a command from existing command with a new RunId for Setup, Observe or Wait (13 milliseconds)
[info] EqualityTest:
[info] Array-based long array equality
[info] - should short circuit with identical same arrays (0 milliseconds)
[info] - should be equal with identical different arrays (0 milliseconds)
[info] - should fail with different valued arrays (0 milliseconds)
[info] - should work with items too when equal (0 milliseconds)
[info] - should fail with items when values not equal (0 milliseconds)
[info] Array-based long matrix equality
[info] - should short circuit with identical same matrices (0 milliseconds)
[info] - should be equal with identical different matrices (0 milliseconds)
[info] - should fail with different valued matrices (1 millisecond)
[info] - should fail for totally different matrices (0 milliseconds)
[info] Array-based byte array equality
[info] - should short circuit with identical same arrays (0 milliseconds)
[info] - should be equal with identical different arrays (0 milliseconds)
[info] - should fail with different valued arrays (0 milliseconds)
[info] - should work with items too when equal (0 milliseconds)
[info] - should fail with items when values not equal (0 milliseconds)
[info] Array-based byte matrix equality
[info] - should short circuit with identical same matrices (0 milliseconds)
[info] - should be equal with identical different matrices (0 milliseconds)
[info] - should fail with different valued matrices (0 milliseconds)
[info] - should fail for totally different matrices (0 milliseconds)
[info] Array-based double array equality
[info] - should short circuit with identical same arrays (0 milliseconds)
[info] - should be equal with identical different arrays (0 milliseconds)
[info] - should fail with different valued arrays (0 milliseconds)
[info] - should work with items too when equal (0 milliseconds)
[info] - should fail with items when values not equal (0 milliseconds)
[info] Array-based double matrix equality
[info] - should short circuit with identical same matrices (1 millisecond)
[info] - should be equal with identical different matrices (0 milliseconds)
[info] - should fail with different valued matrices (0 milliseconds)
[info] - should fail for totally different matrices (0 milliseconds)
[info] Array-based float array equality
[info] - should short circuit with identical same arrays (0 milliseconds)
[info] - should be equal with identical different arrays (0 milliseconds)
[info] - should fail with different valued arrays (0 milliseconds)
[info] - should work with items too when equal (0 milliseconds)
[info] - should fail with items when values not equal (0 milliseconds)
[info] Array-based float matrix equality
[info] - should short circuit with identical same matrices (0 milliseconds)
[info] - should be equal with identical different matrices (0 milliseconds)
[info] - should fail with different valued matrices (0 milliseconds)
[info] - should fail for totally different matrices (0 milliseconds)
[info] Array-based int array equality
[info] - should short circuit with identical same arrays (0 milliseconds)
[info] - should be equal with identical different arrays (0 milliseconds)
[info] - should fail with different valued arrays (0 milliseconds)
[info] - should work with items too when equal (0 milliseconds)
[info] - should fail with items when values not equal (0 milliseconds)
[info] Array-based int matrix equality
[info] - should short circuit with identical same matrices (0 milliseconds)
[info] - should be equal with identical different matrices (0 milliseconds)
[info] - should fail with different valued matrices (1 millisecond)
[info] - should fail for totally different matrices (0 milliseconds)
[info] Array-based short array equality
[info] - should short circuit with identical same arrays (0 milliseconds)
[info] - should be equal with identical different arrays (0 milliseconds)
[info] - should fail with different valued arrays (0 milliseconds)
[info] - should work with items too when equal (1 millisecond)
[info] - should fail with items when values not equal (0 milliseconds)
[info] Array-based short matrix equality
[info] - should short circuit with identical same matrices (0 milliseconds)
[info] - should be equal with identical different matrices (0 milliseconds)
[info] - should fail with different valued matrices (0 milliseconds)
[info] - should fail for totally different matrices (0 milliseconds)
[info] Run completed in 49 seconds, 152 milliseconds.
[info] Total number of tests run: 2
[info] Suites: completed 1, aborted 0
[info] Tests: succeeded 2, failed 0, canceled 0, ignored 0, pending 0
[info] All tests passed.
[info] ScalaTest
[info] Run completed in 49 seconds, 34 milliseconds.
[info] Total number of tests run: 67
[info] Suites: completed 9, aborted 0
[info] Tests: succeeded 67, failed 0, canceled 0, ignored 0, pending 0
[info] All tests passed.
[info] Passed: Total 67, Failed 0, Errors 0, Passed 67
[info] * csw.location.server.http.LocationServiceTestWithHttp
[JVM-1] Run starting. Expected test count is: 2
[JVM-1] LocationServiceTestWithHttpMultiJvmNode1:
[JVM-2] Run starting. Expected test count is: 2
[JVM-2] LocationServiceTestWithHttpMultiJvmNode2:
[JVM-1] - ensure that location service is up for all the nodes
[JVM-2] - ensure that location service is up for all the nodes
[JVM-1] WARNING: An illegal reflective access operation has occurred
[JVM-1] WARNING: Illegal reflective access by com.esotericsoftware.kryo.util.UnsafeUtil (file:/home/girish/IdeaProjects/csw/csw-location-server/target/multi-run-copied-libraries/kryo-shaded-4.0.2.jar) to constructor java.nio.DirectByteBuffer(long,int,java.lang.Object)
[JVM-1] WARNING: Please consider reporting this to the maintainers of com.esotericsoftware.kryo.util.UnsafeUtil
[JVM-1] WARNING: Use --illegal-access=warn to enable warnings of further illegal reflective access operations
[JVM-1] WARNING: All illegal access operations will be denied in a future release
[JVM-2] WARNING: An illegal reflective access operation has occurred
[JVM-2] WARNING: Illegal reflective access by com.esotericsoftware.kryo.util.UnsafeUtil (file:/home/girish/IdeaProjects/csw/csw-location-server/target/multi-run-copied-libraries/kryo-shaded-4.0.2.jar) to constructor java.nio.DirectByteBuffer(long,int,java.lang.Object)
[JVM-2] WARNING: Please consider reporting this to the maintainers of com.esotericsoftware.kryo.util.UnsafeUtil
[JVM-2] WARNING: Use --illegal-access=warn to enable warnings of further illegal reflective access operations
[JVM-2] WARNING: All illegal access operations will be denied in a future release
[JVM-1] - ensure that a component registered by one node is resolved and listed on all the nodes
[JVM-2] - ensure that a component registered by one node is resolved and listed on all the nodes
[JVM-1] Run completed in 11 seconds, 795 milliseconds.
[JVM-1] Total number of tests run: 2
[JVM-1] Suites: completed 1, aborted 0
[JVM-1] Tests: succeeded 2, failed 0, canceled 0, ignored 0, pending 0
[JVM-1] All tests passed.
[JVM-2] Run completed in 11 seconds, 811 milliseconds.
[JVM-2] Total number of tests run: 2
[JVM-2] Suites: completed 1, aborted 0
[JVM-2] Tests: succeeded 2, failed 0, canceled 0, ignored 0, pending 0
[JVM-2] All tests passed.
[info] * csw.location.LocationServiceTest
[JVM-1] Run starting. Expected test count is: 2
[JVM-1] LocationServiceTestMultiJvmNode1:
[JVM-2] Run starting. Expected test count is: 2
[JVM-2] LocationServiceTestMultiJvmNode2:
[JVM-2] - ensure that location service is up for all the nodes
[JVM-1] - ensure that location service is up for all the nodes
[JVM-1] WARNING: An illegal reflective access operation has occurred
[JVM-1] WARNING: Illegal reflective access by com.esotericsoftware.kryo.util.UnsafeUtil (file:/home/girish/IdeaProjects/csw/csw-location-server/target/multi-run-copied-libraries/kryo-shaded-4.0.2.jar) to constructor java.nio.DirectByteBuffer(long,int,java.lang.Object)
[JVM-1] WARNING: Please consider reporting this to the maintainers of com.esotericsoftware.kryo.util.UnsafeUtil
[JVM-1] WARNING: Use --illegal-access=warn to enable warnings of further illegal reflective access operations
[JVM-1] WARNING: All illegal access operations will be denied in a future release
[JVM-2] WARNING: An illegal reflective access operation has occurred
[JVM-2] WARNING: Illegal reflective access by com.esotericsoftware.kryo.util.UnsafeUtil (file:/home/girish/IdeaProjects/csw/csw-location-server/target/multi-run-copied-libraries/kryo-shaded-4.0.2.jar) to constructor java.nio.DirectByteBuffer(long,int,java.lang.Object)
[JVM-2] WARNING: Please consider reporting this to the maintainers of com.esotericsoftware.kryo.util.UnsafeUtil
[JVM-2] WARNING: Use --illegal-access=warn to enable warnings of further illegal reflective access operations
[JVM-2] WARNING: All illegal access operations will be denied in a future release
[JVM-1] - ensure that a component registered by one node is resolved and listed on all the nodes
[JVM-2] - ensure that a component registered by one node is resolved and listed on all the nodes
[JVM-2] Run completed in 8 seconds, 330 milliseconds.
[JVM-2] Total number of tests run: 2
[JVM-2] Suites: completed 1, aborted 0
[JVM-2] Tests: succeeded 2, failed 0, canceled 0, ignored 0, pending 0
[JVM-2] All tests passed.
[JVM-1] Run completed in 8 seconds, 438 milliseconds.
[JVM-1] Total number of tests run: 2
[JVM-1] Suites: completed 1, aborted 0
[JVM-1] Tests: succeeded 2, failed 0, canceled 0, ignored 0, pending 0
[JVM-1] All tests passed.
[info] * csw.location.DetectAkkaComponentCrashTest
[JVM-1] Run starting. Expected test count is: 2
[JVM-1] DetectAkkaComponentCrashTestMultiJvmNode1:
[JVM-3] Run starting. Expected test count is: 2
[JVM-3] DetectAkkaComponentCrashTestMultiJvmNode3:
[JVM-2] Run starting. Expected test count is: 2
[JVM-2] DetectAkkaComponentCrashTestMultiJvmNode2:
[JVM-2] - ensure that location service is up for all the nodes
[JVM-1] - ensure that location service is up for all the nodes
[JVM-3] - ensure that location service is up for all the nodes
[JVM-3] WARNING: An illegal reflective access operation has occurred
[JVM-3] WARNING: Illegal reflective access by com.esotericsoftware.kryo.util.UnsafeUtil (file:/home/girish/IdeaProjects/csw/csw-location-server/target/multi-run-copied-libraries/kryo-shaded-4.0.2.jar) to constructor java.nio.DirectByteBuffer(long,int,java.lang.Object)
[JVM-3] WARNING: Please consider reporting this to the maintainers of com.esotericsoftware.kryo.util.UnsafeUtil
[JVM-3] WARNING: Use --illegal-access=warn to enable warnings of further illegal reflective access operations
[JVM-3] WARNING: All illegal access operations will be denied in a future release
[JVM-2] WARNING: An illegal reflective access operation has occurred
[JVM-2] WARNING: Illegal reflective access by com.esotericsoftware.kryo.util.UnsafeUtil (file:/home/girish/IdeaProjects/csw/csw-location-server/target/multi-run-copied-libraries/kryo-shaded-4.0.2.jar) to constructor java.nio.DirectByteBuffer(long,int,java.lang.Object)
[JVM-2] WARNING: Please consider reporting this to the maintainers of com.esotericsoftware.kryo.util.UnsafeUtil
[JVM-2] WARNING: Use --illegal-access=warn to enable warnings of further illegal reflective access operations
[JVM-2] WARNING: All illegal access operations will be denied in a future release
[JVM-1] WARNING: An illegal reflective access operation has occurred
[JVM-1] WARNING: Illegal reflective access by com.esotericsoftware.kryo.util.UnsafeUtil (file:/home/girish/IdeaProjects/csw/csw-location-server/target/multi-run-copied-libraries/kryo-shaded-4.0.2.jar) to constructor java.nio.DirectByteBuffer(long,int,java.lang.Object)
[JVM-1] WARNING: Please consider reporting this to the maintainers of com.esotericsoftware.kryo.util.UnsafeUtil
[JVM-1] WARNING: Use --illegal-access=warn to enable warnings of further illegal reflective access operations
[JVM-1] WARNING: All illegal access operations will be denied in a future release
[JVM-1] - akka component running on one node should detect if other component running on another node crashes
[JVM-3] - akka component running on one node should detect if other component running on another node crashes
[JVM-3] Run completed in 27 seconds, 630 milliseconds.
[JVM-3] Total number of tests run: 2
[JVM-3] Suites: completed 1, aborted 0
[JVM-3] Tests: succeeded 2, failed 0, canceled 0, ignored 0, pending 0
[JVM-3] All tests passed.
[JVM-1] Run completed in 27 seconds, 695 milliseconds.
[JVM-1] Total number of tests run: 2
[JVM-1] Suites: completed 1, aborted 0
[JVM-1] Tests: succeeded 2, failed 0, canceled 0, ignored 0, pending 0
[JVM-1] All tests passed.
[info] * csw.location.server.http.DetectComponentRestartTestWithHttp
[JVM-1] Run starting. Expected test count is: 2
[JVM-1] DetectComponentRestartTestWithHttpMultiJvmNode1:
[JVM-2] Run starting. Expected test count is: 2
[JVM-2] DetectComponentRestartTestWithHttpMultiJvmNode2:
[JVM-3] Run starting. Expected test count is: 2
[JVM-3] DetectComponentRestartTestWithHttpMultiJvmNode3:
[JVM-1] - ensure that location service is up for all the nodes
[JVM-2] - ensure that location service is up for all the nodes
[JVM-3] - ensure that location service is up for all the nodes
[JVM-1] WARNING: An illegal reflective access operation has occurred
[JVM-1] WARNING: Illegal reflective access by com.esotericsoftware.kryo.util.UnsafeUtil (file:/home/girish/IdeaProjects/csw/csw-location-server/target/multi-run-copied-libraries/kryo-shaded-4.0.2.jar) to constructor java.nio.DirectByteBuffer(long,int,java.lang.Object)
[JVM-1] WARNING: Please consider reporting this to the maintainers of com.esotericsoftware.kryo.util.UnsafeUtil
[JVM-1] WARNING: Use --illegal-access=warn to enable warnings of further illegal reflective access operations
[JVM-1] WARNING: All illegal access operations will be denied in a future release
[JVM-2] WARNING: An illegal reflective access operation has occurred
[JVM-2] WARNING: Illegal reflective access by com.esotericsoftware.kryo.util.UnsafeUtil (file:/home/girish/IdeaProjects/csw/csw-location-server/target/multi-run-copied-libraries/kryo-shaded-4.0.2.jar) to constructor java.nio.DirectByteBuffer(long,int,java.lang.Object)
[JVM-2] WARNING: Please consider reporting this to the maintainers of com.esotericsoftware.kryo.util.UnsafeUtil
[JVM-2] WARNING: Use --illegal-access=warn to enable warnings of further illegal reflective access operations
[JVM-2] WARNING: All illegal access operations will be denied in a future release
[JVM-3] WARNING: An illegal reflective access operation has occurred
[JVM-3] WARNING: Illegal reflective access by com.esotericsoftware.kryo.util.UnsafeUtil (file:/home/girish/IdeaProjects/csw/csw-location-server/target/multi-run-copied-libraries/kryo-shaded-4.0.2.jar) to constructor java.nio.DirectByteBuffer(long,int,java.lang.Object)
[JVM-3] WARNING: Please consider reporting this to the maintainers of com.esotericsoftware.kryo.util.UnsafeUtil
[JVM-3] WARNING: Use --illegal-access=warn to enable warnings of further illegal reflective access operations
[JVM-3] WARNING: All illegal access operations will be denied in a future release
[JVM-2] [ERROR] [11/13/2018 16:29:15.792] [csw-location-server-akka.actor.default-dispatcher-19] [akka.tcp://csw-location-server@10.14.6.37:43585/system/pool-master] connection pool for PoolGateway(hcps = HostConnectionPoolSetup(localhost,7654,ConnectionPoolSetup(ConnectionPoolSettings(20,0,5,32,1,30 seconds,ClientConnectionSettings(Some(User-Agent: akka-http/10.1.5),10 seconds,1 minute,512,None,WebSocketSettings(<function0>,ping,Duration.Inf,akka.http.impl.settings.WebSocketSettingsImpl$$$Lambda$1301/931482420@61c9c0eb),List(),ParserSettings(2048,16,64,64,8192,64,8388608,8388608,256,1048576,Strict,RFC6265,true,Set(),Full,Error,Map(If-Range -> 0, If-Modified-Since -> 0, If-Unmodified-Since -> 0, default -> 12, Content-MD5 -> 0, Date -> 0, If-Match -> 0, If-None-Match -> 0, User-Agent -> 32),false,true,akka.util.ConstantFun$$$Lambda$922/854640632@3b03969a,akka.util.ConstantFun$$$Lambda$922/854640632@3b03969a,akka.util.ConstantFun$$$Lambda$923/1347294617@16dc7112),None,TCPTransport),New,50 seconds),akka.http.scaladsl.HttpConnectionContext$@39bd25ba,akka.event.MarkerLoggingAdapter@558429bb))) has shut down unexpectedly
[JVM-2] [WARN] [11/13/2018 16:29:15.806] [csw-location-server-akka.actor.default-dispatcher-19] [CoordinatedShutdown(akka://csw-location-server)] Coordinated shutdown phase [before-service-unbind] timed out after 5000 milliseconds
[JVM-2] - should detect re-registering of new location for a connection that has crashed/gone away
[JVM-3] - should detect re-registering of new location for a connection that has crashed/gone away
[JVM-1] - should detect re-registering of new location for a connection that has crashed/gone away
[JVM-2] Run completed in 26 seconds, 802 milliseconds.
[JVM-2] Total number of tests run: 2
[JVM-2] Suites: completed 1, aborted 0
[JVM-2] Tests: succeeded 2, failed 0, canceled 0, ignored 0, pending 0
[JVM-2] All tests passed.
[JVM-1] Run completed in 28 seconds, 491 milliseconds.
[JVM-1] Total number of tests run: 2
[JVM-1] Suites: completed 1, aborted 0
[JVM-1] Tests: succeeded 2, failed 0, canceled 0, ignored 0, pending 0
[JVM-1] All tests passed.
[JVM-3] Run completed in 28 seconds, 523 milliseconds.
[JVM-3] Total number of tests run: 2
[JVM-3] Suites: completed 1, aborted 0
[JVM-3] Tests: succeeded 2, failed 0, canceled 0, ignored 0, pending 0
[JVM-3] All tests passed.
[info] * csw.location.TrackLocationTest
[JVM-1] Run starting. Expected test count is: 2
[JVM-1] TrackLocationTestMultiJvmNode1:
[JVM-2] Run starting. Expected test count is: 2
[JVM-2] TrackLocationTestMultiJvmNode2:
[JVM-3] Run starting. Expected test count is: 2
[JVM-3] TrackLocationTestMultiJvmNode3:
[JVM-1] - ensure that location service is up for all the nodes
[JVM-2] - ensure that location service is up for all the nodes
[JVM-3] - ensure that location service is up for all the nodes
[JVM-2] WARNING: An illegal reflective access operation has occurred
[JVM-2] WARNING: Illegal reflective access by com.esotericsoftware.kryo.util.UnsafeUtil (file:/home/girish/IdeaProjects/csw/csw-location-server/target/multi-run-copied-libraries/kryo-shaded-4.0.2.jar) to constructor java.nio.DirectByteBuffer(long,int,java.lang.Object)
[JVM-2] WARNING: Please consider reporting this to the maintainers of com.esotericsoftware.kryo.util.UnsafeUtil
[JVM-2] WARNING: Use --illegal-access=warn to enable warnings of further illegal reflective access operations
[JVM-2] WARNING: All illegal access operations will be denied in a future release
[JVM-3] WARNING: An illegal reflective access operation has occurred
[JVM-3] WARNING: Illegal reflective access by com.esotericsoftware.kryo.util.UnsafeUtil (file:/home/girish/IdeaProjects/csw/csw-location-server/target/multi-run-copied-libraries/kryo-shaded-4.0.2.jar) to constructor java.nio.DirectByteBuffer(long,int,java.lang.Object)
[JVM-3] WARNING: Please consider reporting this to the maintainers of com.esotericsoftware.kryo.util.UnsafeUtil
[JVM-3] WARNING: Use --illegal-access=warn to enable warnings of further illegal reflective access operations
[JVM-3] WARNING: All illegal access operations will be denied in a future release
[JVM-1] WARNING: An illegal reflective access operation has occurred
[JVM-1] WARNING: Illegal reflective access by com.esotericsoftware.kryo.util.UnsafeUtil (file:/home/girish/IdeaProjects/csw/csw-location-server/target/multi-run-copied-libraries/kryo-shaded-4.0.2.jar) to constructor java.nio.DirectByteBuffer(long,int,java.lang.Object)
[JVM-1] WARNING: Please consider reporting this to the maintainers of com.esotericsoftware.kryo.util.UnsafeUtil
[JVM-1] WARNING: Use --illegal-access=warn to enable warnings of further illegal reflective access operations
[JVM-1] WARNING: All illegal access operations will be denied in a future release
[JVM-2] - two components should able to track same connection and single component should able to track two components
[JVM-3] - two components should able to track same connection and single component should able to track two components
[JVM-1] - two components should able to track same connection and single component should able to track two components
[JVM-2] Run completed in 15 seconds, 447 milliseconds.
[JVM-2] Total number of tests run: 2
[JVM-2] Suites: completed 1, aborted 0
[JVM-2] Tests: succeeded 2, failed 0, canceled 0, ignored 0, pending 0
[JVM-2] All tests passed.
[JVM-3] Run completed in 15 seconds, 508 milliseconds.
[JVM-3] Total number of tests run: 2
[JVM-3] Suites: completed 1, aborted 0
[JVM-3] Tests: succeeded 2, failed 0, canceled 0, ignored 0, pending 0
[JVM-3] All tests passed.
[JVM-1] Run completed in 15 seconds, 498 milliseconds.
[JVM-1] Total number of tests run: 2
[JVM-1] Suites: completed 1, aborted 0
[JVM-1] Tests: succeeded 2, failed 0, canceled 0, ignored 0, pending 0
[JVM-1] All tests passed.
[info] * csw.location.server.http.TrackLocationTestWithHttp
[JVM-1] Run starting. Expected test count is: 2
[JVM-1] TrackLocationTestWithHttpMultiJvmNode1:
[JVM-2] Run starting. Expected test count is: 2
[JVM-2] TrackLocationTestWithHttpMultiJvmNode2:
[JVM-1] WARNING: An illegal reflective access operation has occurred
[JVM-1] WARNING: Illegal reflective access by org.jboss.netty.util.internal.ByteBufferUtil (file:/home/girish/IdeaProjects/csw/csw-location-server/target/multi-run-copied-libraries/netty-3.10.6.Final.jar) to method java.nio.DirectByteBuffer.cleaner()
[JVM-1] WARNING: Please consider reporting this to the maintainers of org.jboss.netty.util.internal.ByteBufferUtil
[JVM-1] WARNING: Use --illegal-access=warn to enable warnings of further illegal reflective access operations
[JVM-1] WARNING: All illegal access operations will be denied in a future release
[JVM-2] WARNING: An illegal reflective access operation has occurred
[JVM-2] WARNING: Illegal reflective access by org.jboss.netty.util.internal.ByteBufferUtil (file:/home/girish/IdeaProjects/csw/csw-location-server/target/multi-run-copied-libraries/netty-3.10.6.Final.jar) to method java.nio.DirectByteBuffer.cleaner()
[JVM-2] WARNING: Please consider reporting this to the maintainers of org.jboss.netty.util.internal.ByteBufferUtil
[JVM-2] WARNING: Use --illegal-access=warn to enable warnings of further illegal reflective access operations
[JVM-2] WARNING: All illegal access operations will be denied in a future release
[JVM-3] Run starting. Expected test count is: 2
[JVM-3] TrackLocationTestWithHttpMultiJvmNode3:
[JVM-1] - ensure that location service is up for all the nodes
[JVM-2] - ensure that location service is up for all the nodes
[JVM-3] - ensure that location service is up for all the nodes
[JVM-3] WARNING: An illegal reflective access operation has occurred
[JVM-3] WARNING: Illegal reflective access by com.esotericsoftware.kryo.util.UnsafeUtil (file:/home/girish/IdeaProjects/csw/csw-location-server/target/multi-run-copied-libraries/kryo-shaded-4.0.2.jar) to constructor java.nio.DirectByteBuffer(long,int,java.lang.Object)
[JVM-3] WARNING: Please consider reporting this to the maintainers of com.esotericsoftware.kryo.util.UnsafeUtil
[JVM-3] WARNING: Use --illegal-access=warn to enable warnings of further illegal reflective access operations
[JVM-3] WARNING: All illegal access operations will be denied in a future release
[JVM-1] - two components should able to track same connection and single component should able to track two components
[JVM-2] - two components should able to track same connection and single component should able to track two components
[JVM-3] - two components should able to track same connection and single component should able to track two components
[JVM-1] Run completed in 18 seconds, 817 milliseconds.
[JVM-1] Total number of tests run: 2
[JVM-1] Suites: completed 1, aborted 0
[JVM-1] Tests: succeeded 2, failed 0, canceled 0, ignored 0, pending 0
[JVM-1] All tests passed.
[JVM-3] Run completed in 18 seconds, 970 milliseconds.
[JVM-3] Total number of tests run: 2
[JVM-3] Suites: completed 1, aborted 0
[JVM-3] Tests: succeeded 2, failed 0, canceled 0, ignored 0, pending 0
[JVM-3] All tests passed.
[JVM-2] Run completed in 18 seconds, 907 milliseconds.
[JVM-2] Total number of tests run: 2
[JVM-2] Suites: completed 1, aborted 0
[JVM-2] Tests: succeeded 2, failed 0, canceled 0, ignored 0, pending 0
[JVM-2] All tests passed.
[info] * csw.location.server.http.DetectAkkaComponentCrashWithHttp
[JVM-1] Run starting. Expected test count is: 2
[JVM-1] DetectAkkaComponentCrashWithHttpMultiJvmNode1:
[JVM-3] Run starting. Expected test count is: 2
[JVM-3] DetectAkkaComponentCrashWithHttpMultiJvmNode3:
[JVM-2] Run starting. Expected test count is: 2
[JVM-2] DetectAkkaComponentCrashWithHttpMultiJvmNode2:
[JVM-1] - ensure that location service is up for all the nodes
[JVM-3] - ensure that location service is up for all the nodes
[JVM-2] - ensure that location service is up for all the nodes
[JVM-1] WARNING: An illegal reflective access operation has occurred
[JVM-1] WARNING: Illegal reflective access by com.esotericsoftware.kryo.util.UnsafeUtil (file:/home/girish/IdeaProjects/csw/csw-location-server/target/multi-run-copied-libraries/kryo-shaded-4.0.2.jar) to constructor java.nio.DirectByteBuffer(long,int,java.lang.Object)
[JVM-1] WARNING: Please consider reporting this to the maintainers of com.esotericsoftware.kryo.util.UnsafeUtil
[JVM-1] WARNING: Use --illegal-access=warn to enable warnings of further illegal reflective access operations
[JVM-1] WARNING: All illegal access operations will be denied in a future release
[JVM-2] WARNING: An illegal reflective access operation has occurred
[JVM-2] WARNING: Illegal reflective access by com.esotericsoftware.kryo.util.UnsafeUtil (file:/home/girish/IdeaProjects/csw/csw-location-server/target/multi-run-copied-libraries/kryo-shaded-4.0.2.jar) to constructor java.nio.DirectByteBuffer(long,int,java.lang.Object)
[JVM-2] WARNING: Please consider reporting this to the maintainers of com.esotericsoftware.kryo.util.UnsafeUtil
[JVM-2] WARNING: Use --illegal-access=warn to enable warnings of further illegal reflective access operations
[JVM-2] WARNING: All illegal access operations will be denied in a future release
[JVM-3] WARNING: An illegal reflective access operation has occurred
[JVM-3] WARNING: Illegal reflective access by com.esotericsoftware.kryo.util.UnsafeUtil (file:/home/girish/IdeaProjects/csw/csw-location-server/target/multi-run-copied-libraries/kryo-shaded-4.0.2.jar) to constructor java.nio.DirectByteBuffer(long,int,java.lang.Object)
[JVM-3] WARNING: Please consider reporting this to the maintainers of com.esotericsoftware.kryo.util.UnsafeUtil
[JVM-3] WARNING: Use --illegal-access=warn to enable warnings of further illegal reflective access operations
[JVM-3] WARNING: All illegal access operations will be denied in a future release
[JVM-1] - akka component running on one node should detect if other component running on another node crashes
[JVM-3] - akka component running on one node should detect if other component running on another node crashes
[JVM-1] Run completed in 20 seconds, 508 milliseconds.
[JVM-1] Total number of tests run: 2
[JVM-1] Suites: completed 1, aborted 0
[JVM-1] Tests: succeeded 2, failed 0, canceled 0, ignored 0, pending 0
[JVM-1] All tests passed.
[JVM-3] Run completed in 20 seconds, 460 milliseconds.
[JVM-3] Total number of tests run: 2
[JVM-3] Suites: completed 1, aborted 0
[JVM-3] Tests: succeeded 2, failed 0, canceled 0, ignored 0, pending 0
[JVM-3] All tests passed.
[info] * csw.location.DetectComponentRestartTest
[JVM-1] Run starting. Expected test count is: 2
[JVM-1] DetectComponentRestartTestMultiJvmNode1:
[JVM-2] Run starting. Expected test count is: 2
[JVM-2] DetectComponentRestartTestMultiJvmNode2:
[JVM-3] Run starting. Expected test count is: 2
[JVM-3] DetectComponentRestartTestMultiJvmNode3:
[JVM-3] - ensure that location service is up for all the nodes
[JVM-1] - ensure that location service is up for all the nodes
[JVM-2] - ensure that location service is up for all the nodes
[JVM-2] WARNING: An illegal reflective access operation has occurred
[JVM-2] WARNING: Illegal reflective access by com.esotericsoftware.kryo.util.UnsafeUtil (file:/home/girish/IdeaProjects/csw/csw-location-server/target/multi-run-copied-libraries/kryo-shaded-4.0.2.jar) to constructor java.nio.DirectByteBuffer(long,int,java.lang.Object)
[JVM-2] WARNING: Please consider reporting this to the maintainers of com.esotericsoftware.kryo.util.UnsafeUtil
[JVM-2] WARNING: Use --illegal-access=warn to enable warnings of further illegal reflective access operations
[JVM-2] WARNING: All illegal access operations will be denied in a future release
[JVM-3] WARNING: An illegal reflective access operation has occurred
[JVM-3] WARNING: Illegal reflective access by org.jboss.netty.util.internal.ByteBufferUtil (file:/home/girish/IdeaProjects/csw/csw-location-server/target/multi-run-copied-libraries/netty-3.10.6.Final.jar) to method java.nio.DirectByteBuffer.cleaner()
[JVM-3] WARNING: Please consider reporting this to the maintainers of org.jboss.netty.util.internal.ByteBufferUtil
[JVM-3] WARNING: Use --illegal-access=warn to enable warnings of further illegal reflective access operations
[JVM-3] WARNING: All illegal access operations will be denied in a future release
[JVM-1] WARNING: An illegal reflective access operation has occurred
[JVM-1] WARNING: Illegal reflective access by com.esotericsoftware.kryo.util.UnsafeUtil (file:/home/girish/IdeaProjects/csw/csw-location-server/target/multi-run-copied-libraries/kryo-shaded-4.0.2.jar) to constructor java.nio.DirectByteBuffer(long,int,java.lang.Object)
[JVM-1] WARNING: Please consider reporting this to the maintainers of com.esotericsoftware.kryo.util.UnsafeUtil
[JVM-1] WARNING: Use --illegal-access=warn to enable warnings of further illegal reflective access operations
[JVM-1] WARNING: All illegal access operations will be denied in a future release
[JVM-3] - should detect re-registering of new location for a connection that has crashed/gone away
[JVM-2] - should detect re-registering of new location for a connection that has crashed/gone away
[JVM-1] - should detect re-registering of new location for a connection that has crashed/gone away
[JVM-2] Run completed in 26 seconds, 960 milliseconds.
[JVM-2] Total number of tests run: 2
[JVM-2] Suites: completed 1, aborted 0
[JVM-2] Tests: succeeded 2, failed 0, canceled 0, ignored 0, pending 0
[JVM-2] All tests passed.
[JVM-3] Run completed in 27 seconds, 69 milliseconds.
[JVM-3] Total number of tests run: 2
[JVM-3] Suites: completed 1, aborted 0
[JVM-3] Tests: succeeded 2, failed 0, canceled 0, ignored 0, pending 0
[JVM-3] All tests passed.
[JVM-1] Run completed in 37 seconds, 448 milliseconds.
[JVM-1] Total number of tests run: 2
[JVM-1] Suites: completed 1, aborted 0
[JVM-1] Tests: succeeded 2, failed 0, canceled 0, ignored 0, pending 0
[JVM-1] All tests passed.
[info] ScalaTest
[info] Run completed in 49 seconds, 585 milliseconds.
[info] Total number of tests run: 303
[info] Suites: completed 19, aborted 0
[info] Tests: succeeded 303, failed 0, canceled 0, ignored 0, pending 0
[info] All tests passed.
[info] Passed: Total 303, Failed 0, Errors 0, Passed 303
[info] multi-jvm
[info] csw.location.server.http.LocationServiceTestWithHttp
[info] multi-jvm
[info] csw.location.LocationServiceTest
[info] multi-jvm
[info] csw.location.DetectAkkaComponentCrashTest
[info] multi-jvm
[info] csw.location.server.http.DetectComponentRestartTestWithHttp
[info] multi-jvm
[info] csw.location.TrackLocationTest
[info] multi-jvm
[info] csw.location.server.http.TrackLocationTestWithHttp
[info] multi-jvm
[info] csw.location.server.http.DetectAkkaComponentCrashWithHttp
[info] multi-jvm
[info] csw.location.DetectComponentRestartTest
[info] Passed: Total 0, Failed 0, Errors 0, Passed 0
[info] No tests to run for MultiJvm
[info] JCommandResponseManagerTest:
[info] - shouldDelegateToJQueryFinal
[info] - shouldDelegateToJQuery
[info] CommandResponseManagerBehaviorTest:
[info] - should be able to add command entry in Command Response Manager (366 milliseconds)
[info] - should be able to add correlation between parent and child via AddSubCommand (6 milliseconds)
[info] - should be able to add subscriber and publish current state to newly added subscriber (12 milliseconds)
[info] - should not get update for long running command that returns Started (205 milliseconds)
[info] - should not be able to set value to Intermediate after Final in Command Response Manager (10 milliseconds)
[info] - should be able to remove subscriber (11 milliseconds)
[info] - should be able to get current status of command on Query message (10 milliseconds)
[info] - should be able to update and publish command status to all subscribers (13 milliseconds)
[info] - should be able to infer command status when status of sub command is updated (14 milliseconds)
[info] - should be able to update command status with the status of subcommand if one of the subcommand fails (20 milliseconds)
[info] - should be able to update successful command status when all the subcommand completes with success (11 milliseconds)
[info] - CRM should support three level tree including sequenceId as top level (8 milliseconds)
[info] - should be able subscribe before submitting command and gets added to CRM  (8 milliseconds)
[info] InterOperabilityTest:
[info] - should able to send commands/events from scala code to java and vice a versa (6 milliseconds)
[info] CommandResponseManagerTest:
[info] - should delegate to addOrUpdateCommand (1 millisecond)
[info] - should delegate to addSubCommand (1 millisecond)
[info] - should delegate to updateSubCommand (1 millisecond)
[info] - should delegate to query (1 millisecond)
[info] - queryFinal should delegate to Subscribe (1 millisecond)
[info] AkkaKryoSerializationTest:
[info] Test akka serialization of Commands
[info] - should serialize Setup (155 milliseconds)
[info] - should serialize Observe (62 milliseconds)
[info] - should serialize Wait (16 milliseconds)
[info] Test akka serialization of Events
[info] - should serialize ObserveEvent (15 milliseconds)
[info] - should serialize SystemEvent (9 milliseconds)
[info] Test akka serialization of StateVariables
[info] - should serialize CurrentState (9 milliseconds)
[info] - should serialize DemandState (9 milliseconds)
[info] csw messages
[info] - should serialize ToComponentLifecycle messages (1 millisecond)
[info] - should serialize Lifecycle messages (1 millisecond)
[info] - should serialize Common messages for all components (1 millisecond)
[info] - should serialize Common messages for supervisor (3 milliseconds)
[info] - should serialize Common messages for container (15 milliseconds)
[info] - should serialize CommandValidationResponse messages (2 milliseconds)
[info] - should serialize CommandExecutionResponse messages (23 milliseconds)
[info] PathValidatorTest:
[info] - should return false for invalid path (17 milliseconds)
[info] - should return true for valid file path (1 millisecond)
[info] HttpServiceTest:
[info] - should start the http server and register with location service (949 milliseconds)
[info] - should not register with location service if server binding fails (94 milliseconds)
[ERROR] [11/13/2018 16:31:20.365] [config-server-akka.actor.default-dispatcher-3] [akka://config-server/system/pool-master] connection pool for PoolGateway(hcps = HostConnectionPoolSetup(localhost,7654,ConnectionPoolSetup(ConnectionPoolSettings(4,0,5,32,1,30 seconds,ClientConnectionSettings(Some(User-Agent: akka-http/10.1.5),10 seconds,1 minute,512,None,WebSocketSettings(<function0>,ping,Duration.Inf,akka.http.impl.settings.WebSocketSettingsImpl$$$Lambda$1435/1315415380@5ba5f1b),List(),ParserSettings(2048,16,64,64,8192,64,8388608,8388608,256,1048576,Strict,RFC6265,true,Set(),Full,Error,Map(If-Range -> 0, If-Modified-Since -> 0, If-Unmodified-Since -> 0, default -> 12, Content-MD5 -> 0, Date -> 0, If-Match -> 0, If-None-Match -> 0, User-Agent -> 32),false,true,akka.util.ConstantFun$$$Lambda$1052/479773513@7cf4cf6,akka.util.ConstantFun$$$Lambda$1052/479773513@7cf4cf6,akka.util.ConstantFun$$$Lambda$1053/1893835116@759bbbe4),None,TCPTransport),New,1 second),akka.http.scaladsl.HttpConnectionContext$@220e60cb,akka.event.MarkerLoggingAdapter@70e62b2e))) has shut down unexpectedly
[info] - should not start server if registration with location service fails (88 milliseconds)
[ERROR] [11/13/2018 16:31:20.383] [test-akka.actor.default-dispatcher-21] [akka://test/system/pool-master] connection pool for PoolGateway(hcps = HostConnectionPoolSetup(localhost,7654,ConnectionPoolSetup(ConnectionPoolSettings(4,0,5,32,1,30 seconds,ClientConnectionSettings(Some(User-Agent: akka-http/10.1.5),10 seconds,1 minute,512,None,WebSocketSettings(<function0>,ping,Duration.Inf,akka.http.impl.settings.WebSocketSettingsImpl$$$Lambda$1435/1315415380@5ba5f1b),List(),ParserSettings(2048,16,64,64,8192,64,8388608,8388608,256,1048576,Strict,RFC6265,true,Set(),Full,Error,Map(If-Range -> 0, If-Modified-Since -> 0, If-Unmodified-Since -> 0, default -> 12, Content-MD5 -> 0, Date -> 0, If-Match -> 0, If-None-Match -> 0, User-Agent -> 32),false,true,akka.util.ConstantFun$$$Lambda$1052/479773513@7cf4cf6,akka.util.ConstantFun$$$Lambda$1052/479773513@7cf4cf6,akka.util.ConstantFun$$$Lambda$1053/1893835116@759bbbe4),None,TCPTransport),New,1 second),akka.http.scaladsl.HttpConnectionContext$@220e60cb,akka.event.MarkerLoggingAdapter@4010cde2))) has shut down unexpectedly
[info] SVNDirEntryExtTest:
[info] - should match the pattern for relative path (4 milliseconds)
[info] - should not match invalid pattern for relative path (1 millisecond)
[info] - should detect annex and normal file based on type (2 milliseconds)
[info] ArgsParserTest:
[info] - should set init to false and port to None if no options are provided (21 milliseconds)
[info] - should set init to true if option --initRepo is provided (3 milliseconds)
[info] - should set port with the value provided with -- port option (2 milliseconds)
[info] - should set init to true if --initRepo option is provided and port with the value provided with -- port option (1 millisecond)
[info] AnnexFileServiceTest:
[info] - storing annex file (58 milliseconds)
[info] - getting annex file (36 milliseconds)
[info] ConfigServiceRouteTest:
[info] - create - success status code (243 milliseconds)
[info] - create - failure status codes (114 milliseconds)
[info] - update - success status code (200 milliseconds)
[info] - update - failure status codes (97 milliseconds)
[info] - get - success status code (103 milliseconds)
[info] - get - failure status codes (80 milliseconds)
[info] - get by date - success status code (255 milliseconds)
[info] - get by date - failure status codes (27 milliseconds)
[info] - get latest - success status code (115 milliseconds)
[info] - get latest - failure status code (13 milliseconds)
[info] - list - success status code (87 milliseconds)
[info] - list by pattern - success code (69 milliseconds)
[info] - list by pattern - rejection (41 milliseconds)
[info] - list by file type - success code (77 milliseconds)
[info] - list by file type - rejection (16 milliseconds)
[info] - list by file type and pattern - success code (60 milliseconds)
[info] - history - success  status code (105 milliseconds)
[info] - history - failure  status codes (55 milliseconds)
[info] - getActive - success status code (71 milliseconds)
[info] - getActive - failure status codes (11 milliseconds)
[info] - getActive by date - success status code (166 milliseconds)
[info] - getActive by date - failure status codes (28 milliseconds)
[info] - setActive - success status code (111 milliseconds)
[info] - setActive - failure status codes (76 milliseconds)
[info] - resetActive - success status code (118 milliseconds)
[info] - resetActive - failure status codes (18 milliseconds)
[info] - history-active - success  status code (121 milliseconds)
[info] - history-active - failure  status codes (16 milliseconds)
[info] - exists - success status code (37 milliseconds)
[info] - exists - failure status code (17 milliseconds)
[info] - getMetadata - success status code (17 milliseconds)
[info] SvnConfigServiceTest:
[info] - should able to upload and get component configurations from config service (117 milliseconds)
[info] - should able to upload and get binary configurations from config service (4 seconds, 232 milliseconds)
[info] - should able to create a file and retrieve the same (462 milliseconds)
[info] - should ignore '/' at the beginning of file path and create a file (121 milliseconds)
[info] - should throw FileAlreadyExists while creating a file if it already exists in repository - assume svn first (77 milliseconds)
[info] - should throw FileAlreadyExists while creating a file if it already exists in repository - assume annex first (118 milliseconds)
[info] - should able to update existing file and get the file with updated content (97 milliseconds)
[info] - update should throw FileNotFoundException if a file does not exists in repository (8 milliseconds)
[info] - each revision of file should have unique identifier (193 milliseconds)
[info] - get call should return `None` if a file does not exists in repository (7 milliseconds)
[info] - should able to retrieve the specific version of file by config ID (156 milliseconds)
[info] - should get the correct version of file based on time (60 milliseconds)
[info] - should get the initial version of file if date provided is before the creation date (63 milliseconds)
[info] - should record datetime for creation of config file (91 milliseconds)
[info] - should record datetime when config file is updated (64 milliseconds)
[info] - should get the history of a file (118 milliseconds)
[info] - should list all the available config files (55 milliseconds)
[info] - exists should return false if file does not exist (7 milliseconds)
[info] - exists should return true if file exist (109 milliseconds)
[info] - should able to delete existing file (353 milliseconds)
[info] - deleting non existing file should throw FileNotFoundException (8 milliseconds)
[info] - delete removes all versions of a file (109 milliseconds)
[info] - should able to get, set and reset the active version of config file (379 milliseconds)
[info] - should able to get history of active versions of file (177 milliseconds)
[info] - getActive and getActiveVersion should return None if file does not exists (9 milliseconds)
[info] - set and reset active should throw FileNotFound exception if file or version does not exists (43 milliseconds)
[info] - should be able to store and retrieve file from annex store (65 milliseconds)
[info] - should list files from annex store without .$sha1 suffix (183 milliseconds)
[info] - should be able to update and retrieve the history of a file in annex store (132 milliseconds)
[info] - should able to get history of active versions of file from annex store (166 milliseconds)
[info] - should be able to get active file from annex store (282 milliseconds)
[info] - should be able to get time stamped file from annex store (200 milliseconds)
[info] - should exclude .$active files from list (78 milliseconds)
[info] - should be able to store and retrieve text file from annex store when size is greater than configured size (1 second, 711 milliseconds)
[info] - should list all files in a repository (192 milliseconds)
[info] - should give empty list if pattern does not match any file (104 milliseconds)
[info] - should filter list based on the pattern (122 milliseconds)
[info] - should filter list based on the type and pattern (187 milliseconds)
[info] - should get the correct active version of the file based on time (117 milliseconds)
[info] - should get metadata (38 milliseconds)
[info] - create call should create a normal file and active file in repo and reset should not delete active file (107 milliseconds)
[info] MainTest:
[info] - should not start HTTP server if repo does not exist (241 milliseconds)
[ERROR] [11/13/2018 16:32:17.350] [config-server-akka.actor.default-dispatcher-26] [akka://config-server/system/pool-master] connection pool for PoolGateway(hcps = HostConnectionPoolSetup(localhost,7654,ConnectionPoolSetup(ConnectionPoolSettings(4,0,5,32,1,30 seconds,ClientConnectionSettings(Some(User-Agent: akka-http/10.1.5),10 seconds,1 minute,512,None,WebSocketSettings(<function0>,ping,Duration.Inf,akka.http.impl.settings.WebSocketSettingsImpl$$$Lambda$1435/1315415380@5ba5f1b),List(),ParserSettings(2048,16,64,64,8192,64,8388608,8388608,256,1048576,Strict,RFC6265,true,Set(),Full,Error,Map(If-Range -> 0, If-Modified-Since -> 0, If-Unmodified-Since -> 0, default -> 12, Content-MD5 -> 0, Date -> 0, If-Match -> 0, If-None-Match -> 0, User-Agent -> 32),false,true,akka.util.ConstantFun$$$Lambda$1052/479773513@7cf4cf6,akka.util.ConstantFun$$$Lambda$1052/479773513@7cf4cf6,akka.util.ConstantFun$$$Lambda$1053/1893835116@759bbbe4),None,TCPTransport),New,1 second),akka.http.scaladsl.HttpConnectionContext$@220e60cb,akka.event.MarkerLoggingAdapter@36b4db3b))) has shut down unexpectedly
[info] - should init svn repo and register with location service if --initRepo option is provided (874 milliseconds)
[ERROR] [11/13/2018 16:32:18.283] [config-server-akka.actor.default-dispatcher-4] [akka://config-server/system/pool-master] connection pool for PoolGateway(hcps = HostConnectionPoolSetup(localhost,7654,ConnectionPoolSetup(ConnectionPoolSettings(4,0,5,32,1,30 seconds,ClientConnectionSettings(Some(User-Agent: akka-http/10.1.5),10 seconds,1 minute,512,None,WebSocketSettings(<function0>,ping,Duration.Inf,akka.http.impl.settings.WebSocketSettingsImpl$$$Lambda$1435/1315415380@5ba5f1b),List(),ParserSettings(2048,16,64,64,8192,64,8388608,8388608,256,1048576,Strict,RFC6265,true,Set(),Full,Error,Map(If-Range -> 0, If-Modified-Since -> 0, If-Unmodified-Since -> 0, default -> 12, Content-MD5 -> 0, Date -> 0, If-Match -> 0, If-None-Match -> 0, User-Agent -> 32),false,true,akka.util.ConstantFun$$$Lambda$1052/479773513@7cf4cf6,akka.util.ConstantFun$$$Lambda$1052/479773513@7cf4cf6,akka.util.ConstantFun$$$Lambda$1053/1893835116@759bbbe4),None,TCPTransport),New,1 second),akka.http.scaladsl.HttpConnectionContext$@220e60cb,akka.event.MarkerLoggingAdapter@f464f0d))) has shut down unexpectedly
[info] - should not initialize svn repo if --initRepo option is not provided and should use existing repo if available (933 milliseconds)
[info] JPbParameterTest:
[info] - booleanParam
[info] - stringArrayParam
[info] - event
[info] ProtobufSerializationTest:
[info] Test protobuf serialization of Events
[info] - should serialize ObserveEvent (1 second, 9 milliseconds)
[info] - should serialize SystemEvent (13 milliseconds)
[info] EventPublisherTest:
[info] - should_be_able_to_maintain_ordering_while_publish(Redis)
[info] - should_be_able_to_maintain_ordering_while_publish(Kafka)
[info] - should_be_able_to_publish_an_event_with_block_genrating_future_of_event(Redis)
[info] - should_be_able_to_publish_an_event_with_block_genrating_future_of_event(Kafka)
[info] - should_be_able_to_publish_an_event_with_duration(Redis)
[info] - should_be_able_to_publish_an_event_with_duration(Kafka) *** FAILED ***
[info]   Queue(SystemEvent(eventId=Id(-1), source=Prefix(test.prefix), eventName=system, eventTime=1969-12-31T23:59:59.999Z, paramSet=Set()), SystemEvent(eventId=Id(1), source=Prefix(test.prefix), eventName=system, eventTime=2018-11-13T11:02:55.565469Z, paramSet=Set(eventTime((25943547609745)NoUnits))), SystemEvent(eventId=Id(2), source=Prefix(test.prefix), eventName=system, eventTime=2018-11-13T11:02:55.565555Z, paramSet=Set(eventTime((25943547685327)NoUnits))), SystemEvent(eventId=Id(3), source=Prefix(test.prefix), eventName=system, eventTime=2018-11-13T11:02:55.565596Z, paramSet=Set(eventTime((25943547724099)NoUnits))), SystemEvent(eventId=Id(4), source=Prefix(test.prefix), eventName=system, eventTime=2018-11-13T11:02:55.565630Z, paramSet=Set(eventTime((25943547756167)NoUnits)))) had length 3 instead of expected length 5 (EventPublisherTest.scala:106)
[info]   org.scalatest.exceptions.TestFailedException:
[info]   at org.scalatest.MatchersHelper$.indicateFailure(MatchersHelper.scala:346)
[info]   at org.scalatest.Matchers$ShouldMethodHelper$.shouldMatcher(Matchers.scala:6668)
[info]   at org.scalatest.Matchers$AnyShouldWrapper.should(Matchers.scala:6728)
[info]   at csw.event.client.EventPublisherTest.should_be_able_to_publish_an_event_with_duration(EventPublisherTest.scala:106)
[info]   at java.base/jdk.internal.reflect.NativeMethodAccessorImpl.invoke0(Native Method)
[info]   at java.base/jdk.internal.reflect.NativeMethodAccessorImpl.invoke(NativeMethodAccessorImpl.java:62)
[info]   at java.base/jdk.internal.reflect.DelegatingMethodAccessorImpl.invoke(DelegatingMethodAccessorImpl.java:43)
[info]   at java.base/java.lang.reflect.Method.invoke(Method.java:564)
[info]   at org.testng.internal.MethodInvocationHelper.invokeMethod(MethodInvocationHelper.java:124)
[info]   at org.testng.internal.Invoker.invokeMethod(Invoker.java:583)
[info]   at org.testng.internal.Invoker.invokeTestMethod(Invoker.java:719)
[info]   at org.testng.internal.Invoker.invokeTestMethods(Invoker.java:989)
[info]   at org.testng.internal.TestMethodWorker.invokeTestMethods(TestMethodWorker.java:125)
[info]   at org.testng.internal.TestMethodWorker.run(TestMethodWorker.java:109)
[info]   at org.testng.TestRunner.privateRun(TestRunner.java:648)
[info]   at org.testng.TestRunner.run(TestRunner.java:505)
[info]   at org.testng.SuiteRunner.runTest(SuiteRunner.java:455)
[info]   at org.testng.SuiteRunner.runSequentially(SuiteRunner.java:450)
[info]   at org.testng.SuiteRunner.privateRun(SuiteRunner.java:415)
[info]   at org.testng.SuiteRunner.run(SuiteRunner.java:364)
[info]   at org.testng.SuiteRunnerWorker.runSuite(SuiteRunnerWorker.java:52)
[info]   at org.testng.SuiteRunnerWorker.run(SuiteRunnerWorker.java:84)
[info]   at org.testng.TestNG.runSuitesSequentially(TestNG.java:1208)
[info]   at org.testng.TestNG.runSuitesLocally(TestNG.java:1137)
[info]   at org.testng.TestNG.runSuites(TestNG.java:1049)
[info]   at org.testng.TestNG.run(TestNG.java:1017)
[info]   at org.scalatest.testng.TestNGSuiteLike.run(TestNGSuiteLike.scala:261)
[info]   at org.scalatest.testng.TestNGSuiteLike.run$(TestNGSuiteLike.scala:254)
[info]   at org.scalatest.testng.TestNGSuite.run(TestNGSuite.scala:67)
[info]   at org.scalatest.testng.TestNGSuiteLike.runTestNG(TestNGSuiteLike.scala:248)
[info]   at org.scalatest.testng.TestNGSuiteLike.runTestNG$(TestNGSuiteLike.scala:227)
[info]   at org.scalatest.testng.TestNGSuite.runTestNG(TestNGSuite.scala:67)
[info]   at org.scalatest.testng.TestNGSuiteLike.run(TestNGSuiteLike.scala:149)
[info]   at org.scalatest.testng.TestNGSuiteLike.run$(TestNGSuiteLike.scala:146)
[info]   at org.scalatest.testng.TestNGSuite.run(TestNGSuite.scala:67)
[info]   at org.scalatest.tools.Framework.org$scalatest$tools$Framework$$runSuite(Framework.scala:314)
[info]   at org.scalatest.tools.Framework$ScalaTestTask.execute(Framework.scala:507)
[info]   at sbt.ForkMain$Run.lambda$runTest$1(ForkMain.java:304)
[info]   at java.base/java.util.concurrent.FutureTask.run(FutureTask.java:264)
[info]   at java.base/java.util.concurrent.ThreadPoolExecutor.runWorker(ThreadPoolExecutor.java:1135)
[info]   at java.base/java.util.concurrent.ThreadPoolExecutor$Worker.run(ThreadPoolExecutor.java:635)
[info]   at java.base/java.lang.Thread.run(Thread.java:844)
[info] - should_be_able_to_publish_and_subscribe_an_event(Redis)
[info] - should_be_able_to_publish_and_subscribe_an_event(Kafka)
[info] - should_be_able_to_publish_concurrently_to_the_different_channel(Redis)
[info] - should_be_able_to_publish_concurrently_to_the_different_channel(Kafka)

===============================================
Command line suite
Total tests run: 10, Failures: 1, Skips: 0
===============================================

[info] EventSubscriptionFrequencyTest:
[info] - should_be_able_to_subscribe_an_event_with_duration_with_rate_adapter_for_fast_publisher(Redis)
[info] - should_be_able_to_subscribe_an_event_with_duration_with_rate_adapter_for_fast_publisher(Kafka)
[info] - should_be_able_to_subscribe_with_duration_with_rate_adapter_mode_for_slow_publisher(Redis)
[info] - should_be_able_to_subscribe_with_duration_with_rate_adapter_mode_for_slow_publisher(Kafka) *** FAILED ***
[info]   10 was not equal to 11 (EventSubscriptionFrequencyTest.scala:88)
[info]   org.scalatest.exceptions.TestFailedException:
[info]   at org.scalatest.MatchersHelper$.indicateFailure(MatchersHelper.scala:346)
[info]   at org.scalatest.Matchers$AnyShouldWrapper.shouldBe(Matchers.scala:6864)
[info]   at csw.event.client.EventSubscriptionFrequencyTest.should_be_able_to_subscribe_with_duration_with_rate_adapter_mode_for_slow_publisher(EventSubscriptionFrequencyTest.scala:88)
[info]   at java.base/jdk.internal.reflect.NativeMethodAccessorImpl.invoke0(Native Method)
[info]   at java.base/jdk.internal.reflect.NativeMethodAccessorImpl.invoke(NativeMethodAccessorImpl.java:62)
[info]   at java.base/jdk.internal.reflect.DelegatingMethodAccessorImpl.invoke(DelegatingMethodAccessorImpl.java:43)
[info]   at java.base/java.lang.reflect.Method.invoke(Method.java:564)
[info]   at org.testng.internal.MethodInvocationHelper.invokeMethod(MethodInvocationHelper.java:124)
[info]   at org.testng.internal.Invoker.invokeMethod(Invoker.java:583)
[info]   at org.testng.internal.Invoker.invokeTestMethod(Invoker.java:719)
[info]   at org.testng.internal.Invoker.invokeTestMethods(Invoker.java:989)
[info]   at org.testng.internal.TestMethodWorker.invokeTestMethods(TestMethodWorker.java:125)
[info]   at org.testng.internal.TestMethodWorker.run(TestMethodWorker.java:109)
[info]   at org.testng.TestRunner.privateRun(TestRunner.java:648)
[info]   at org.testng.TestRunner.run(TestRunner.java:505)
[info]   at org.testng.SuiteRunner.runTest(SuiteRunner.java:455)
[info]   at org.testng.SuiteRunner.runSequentially(SuiteRunner.java:450)
[info]   at org.testng.SuiteRunner.privateRun(SuiteRunner.java:415)
[info]   at org.testng.SuiteRunner.run(SuiteRunner.java:364)
[info]   at org.testng.SuiteRunnerWorker.runSuite(SuiteRunnerWorker.java:52)
[info]   at org.testng.SuiteRunnerWorker.run(SuiteRunnerWorker.java:84)
[info]   at org.testng.TestNG.runSuitesSequentially(TestNG.java:1208)
[info]   at org.testng.TestNG.runSuitesLocally(TestNG.java:1137)
[info]   at org.testng.TestNG.runSuites(TestNG.java:1049)
[info]   at org.testng.TestNG.run(TestNG.java:1017)
[info]   at org.scalatest.testng.TestNGSuiteLike.run(TestNGSuiteLike.scala:261)
[info]   at org.scalatest.testng.TestNGSuiteLike.run$(TestNGSuiteLike.scala:254)
[info]   at org.scalatest.testng.TestNGSuite.run(TestNGSuite.scala:67)
[info]   at org.scalatest.testng.TestNGSuiteLike.runTestNG(TestNGSuiteLike.scala:248)
[info]   at org.scalatest.testng.TestNGSuiteLike.runTestNG$(TestNGSuiteLike.scala:227)
[info]   at org.scalatest.testng.TestNGSuite.runTestNG(TestNGSuite.scala:67)
[info]   at org.scalatest.testng.TestNGSuiteLike.run(TestNGSuiteLike.scala:149)
[info]   at org.scalatest.testng.TestNGSuiteLike.run$(TestNGSuiteLike.scala:146)
[info]   at org.scalatest.testng.TestNGSuite.run(TestNGSuite.scala:67)
[info]   at org.scalatest.tools.Framework.org$scalatest$tools$Framework$$runSuite(Framework.scala:314)
[info]   at org.scalatest.tools.Framework$ScalaTestTask.execute(Framework.scala:507)
[info]   at sbt.ForkMain$Run.lambda$runTest$1(ForkMain.java:304)
[info]   at java.base/java.util.concurrent.FutureTask.run(FutureTask.java:264)
[info]   at java.base/java.util.concurrent.ThreadPoolExecutor.runWorker(ThreadPoolExecutor.java:1135)
[info]   at java.base/java.util.concurrent.ThreadPoolExecutor$Worker.run(ThreadPoolExecutor.java:635)
[info]   at java.base/java.lang.Thread.run(Thread.java:844)
[info] - should_be_able_to_subscribe_with_duration_with_rate_limiter_mode_for_fast_publisher(Redis)
[info] - should_be_able_to_subscribe_with_duration_with_rate_limiter_mode_for_fast_publisher(Kafka) *** FAILED ***
[info]   Queue(SystemEvent(eventId=Id(2), source=Prefix(test.prefix), eventName=system_989078430, eventTime=2018-11-13T11:02:44.125871Z, paramSet=Set()), SystemEvent(eventId=Id(3), source=Prefix(test.prefix), eventName=system_989078430, eventTime=2018-11-13T11:02:44.125871Z, paramSet=Set()), SystemEvent(eventId=Id(4), source=Prefix(test.prefix), eventName=system_989078430, eventTime=2018-11-13T11:02:44.125871Z, paramSet=Set()), SystemEvent(eventId=Id(5), source=Prefix(test.prefix), eventName=system_989078430, eventTime=2018-11-13T11:02:44.125871Z, paramSet=Set()), SystemEvent(eventId=Id(6), source=Prefix(test.prefix), eventName=system_989078430, eventTime=2018-11-13T11:02:44.125871Z, paramSet=Set()), SystemEvent(eventId=Id(7), source=Prefix(test.prefix), eventName=system_989078430, eventTime=2018-11-13T11:02:44.125871Z, paramSet=Set()), SystemEvent(eventId=Id(8), source=Prefix(test.prefix), eventName=system_989078430, eventTime=2018-11-13T11:02:44.125871Z, paramSet=Set()), SystemEvent(eventId=Id(9), source=Prefix(test.prefix), eventName=system_989078430, eventTime=2018-11-13T11:02:44.125871Z, paramSet=Set()), SystemEvent(eventId=Id(10), source=Prefix(test.prefix), eventName=system_989078430, eventTime=2018-11-13T11:02:44.125871Z, paramSet=Set()), SystemEvent(eventId=Id(11), source=Prefix(test.prefix), eventName=system_989078430, eventTime=2018-11-13T11:02:44.125871Z, paramSet=Set()), SystemEvent(eventId=Id(12), source=Prefix(test.prefix), eventName=system_989078430, eventTime=2018-11-13T11:02:44.125871Z, paramSet=Set()), SystemEvent(eventId=Id(13), source=Prefix(test.prefix), eventName=system_989078430, eventTime=2018-11-13T11:02:44.125871Z, paramSet=Set()), SystemEvent(eventId=Id(14), source=Prefix(test.prefix), eventName=system_989078430, eventTime=2018-11-13T11:02:44.125871Z, paramSet=Set()), SystemEvent(eventId=Id(15), source=Prefix(test.prefix), eventName=system_989078430, eventTime=2018-11-13T11:02:44.125871Z, paramSet=Set()), SystemEvent(eventId=Id(16), source=Prefix(test.prefix), eventName=system_989078430, eventTime=2018-11-13T11:02:44.125871Z, paramSet=Set()), SystemEvent(eventId=Id(17), source=Prefix(test.prefix), eventName=system_989078430, eventTime=2018-11-13T11:02:44.125871Z, paramSet=Set())) did not contain all elements of List(SystemEvent(eventId=Id(-1), source=Prefix(test.prefix), eventName=system_989078430, eventTime=1969-12-31T23:59:59.999Z, paramSet=Set()), SystemEvent(eventId=Id(2), source=Prefix(test.prefix), eventName=system_989078430, eventTime=2018-11-13T11:02:44.125871Z, paramSet=Set()), SystemEvent(eventId=Id(6), source=Prefix(test.prefix), eventName=system_989078430, eventTime=2018-11-13T11:02:44.125871Z, paramSet=Set()), SystemEvent(eventId=Id(11), source=Prefix(test.prefix), eventName=system_989078430, eventTime=2018-11-13T11:02:44.125871Z, paramSet=Set()), SystemEvent(eventId=Id(15), source=Prefix(test.prefix), eventName=system_989078430, eventTime=2018-11-13T11:02:44.125871Z, paramSet=Set())) (EventSubscriptionFrequencyTest.scala:189)
[info]   org.scalatest.exceptions.TestFailedException:
[info]   at org.scalatest.MatchersHelper$.indicateFailure(MatchersHelper.scala:346)
[info]   at org.scalatest.words.ResultOfContainWord.allElementsOf(ResultOfContainWord.scala:319)
[info]   at csw.event.client.EventSubscriptionFrequencyTest.should_be_able_to_subscribe_with_duration_with_rate_limiter_mode_for_fast_publisher(EventSubscriptionFrequencyTest.scala:189)
[info]   at java.base/jdk.internal.reflect.NativeMethodAccessorImpl.invoke0(Native Method)
[info]   at java.base/jdk.internal.reflect.NativeMethodAccessorImpl.invoke(NativeMethodAccessorImpl.java:62)
[info]   at java.base/jdk.internal.reflect.DelegatingMethodAccessorImpl.invoke(DelegatingMethodAccessorImpl.java:43)
[info]   at java.base/java.lang.reflect.Method.invoke(Method.java:564)
[info]   at org.testng.internal.MethodInvocationHelper.invokeMethod(MethodInvocationHelper.java:124)
[info]   at org.testng.internal.Invoker.invokeMethod(Invoker.java:583)
[info]   at org.testng.internal.Invoker.invokeTestMethod(Invoker.java:719)
[info]   at org.testng.internal.Invoker.invokeTestMethods(Invoker.java:989)
[info]   at org.testng.internal.TestMethodWorker.invokeTestMethods(TestMethodWorker.java:125)
[info]   at org.testng.internal.TestMethodWorker.run(TestMethodWorker.java:109)
[info]   at org.testng.TestRunner.privateRun(TestRunner.java:648)
[info]   at org.testng.TestRunner.run(TestRunner.java:505)
[info]   at org.testng.SuiteRunner.runTest(SuiteRunner.java:455)
[info]   at org.testng.SuiteRunner.runSequentially(SuiteRunner.java:450)
[info]   at org.testng.SuiteRunner.privateRun(SuiteRunner.java:415)
[info]   at org.testng.SuiteRunner.run(SuiteRunner.java:364)
[info]   at org.testng.SuiteRunnerWorker.runSuite(SuiteRunnerWorker.java:52)
[info]   at org.testng.SuiteRunnerWorker.run(SuiteRunnerWorker.java:84)
[info]   at org.testng.TestNG.runSuitesSequentially(TestNG.java:1208)
[info]   at org.testng.TestNG.runSuitesLocally(TestNG.java:1137)
[info]   at org.testng.TestNG.runSuites(TestNG.java:1049)
[info]   at org.testng.TestNG.run(TestNG.java:1017)
[info]   at org.scalatest.testng.TestNGSuiteLike.run(TestNGSuiteLike.scala:261)
[info]   at org.scalatest.testng.TestNGSuiteLike.run$(TestNGSuiteLike.scala:254)
[info]   at org.scalatest.testng.TestNGSuite.run(TestNGSuite.scala:67)
[info]   at org.scalatest.testng.TestNGSuiteLike.runTestNG(TestNGSuiteLike.scala:248)
[info]   at org.scalatest.testng.TestNGSuiteLike.runTestNG$(TestNGSuiteLike.scala:227)
[info]   at org.scalatest.testng.TestNGSuite.runTestNG(TestNGSuite.scala:67)
[info]   at org.scalatest.testng.TestNGSuiteLike.run(TestNGSuiteLike.scala:149)
[info]   at org.scalatest.testng.TestNGSuiteLike.run$(TestNGSuiteLike.scala:146)
[info]   at org.scalatest.testng.TestNGSuite.run(TestNGSuite.scala:67)
[info]   at org.scalatest.tools.Framework.org$scalatest$tools$Framework$$runSuite(Framework.scala:314)
[info]   at org.scalatest.tools.Framework$ScalaTestTask.execute(Framework.scala:507)
[info]   at sbt.ForkMain$Run.lambda$runTest$1(ForkMain.java:304)
[info]   at java.base/java.util.concurrent.FutureTask.run(FutureTask.java:264)
[info]   at java.base/java.util.concurrent.ThreadPoolExecutor.runWorker(ThreadPoolExecutor.java:1135)
[info]   at java.base/java.util.concurrent.ThreadPoolExecutor$Worker.run(ThreadPoolExecutor.java:635)
[info]   at java.base/java.lang.Thread.run(Thread.java:844)
[info] - should_be_able_to_subscribe_with_duration_with_rate_limiter_mode_for_slow_publisher(Redis)
[info] - should_be_able_to_subscribe_with_duration_with_rate_limiter_mode_for_slow_publisher(Kafka)

===============================================
Command line suite
Total tests run: 8, Failures: 2, Skips: 0
===============================================

[info] JEventSubscriberTest:
[info] - should_be_able_to_get_InvalidEvent(Redis)
[info] - should_be_able_to_get_InvalidEvent(Kafka)
[info] - should_be_able_to_get_an_event_without_subscribing_for_it(Redis)
[info] - should_be_able_to_get_an_event_without_subscribing_for_it(Kafka)
[info] - should_be_able_to_get_events_for_multiple_event_keys(Redis)
[info] - should_be_able_to_get_events_for_multiple_event_keys(Kafka)
[info] - should_be_able_to_make_independent_subscriptions(Redis)
[info] - should_be_able_to_make_independent_subscriptions(Kafka)
[info] - should_be_able_to_retrieve_InvalidEvent(Redis)
[info] - should_be_able_to_retrieve_InvalidEvent(Kafka)
[info] - should_be_able_to_retrieve_recently_published_event_on_subscription(Redis)
[info] - should_be_able_to_retrieve_recently_published_event_on_subscription(Kafka)
[info] - should_be_able_to_retrieve_valid_as_well_as_invalid_event_when_events_are_published_for_some_and_not_for_other_keys(Redis)
[info] - should_be_able_to_retrieve_valid_as_well_as_invalid_event_when_events_are_published_for_some_and_not_for_other_keys(Kafka)
[info] - should_be_able_to_subscribe_an_event(Redis)
[info] - should_be_able_to_subscribe_an_event(Kafka)
[info] - should_be_able_to_subscribe_an_event_with_pattern_from_different_subsystem(Redis)
[info] - should_be_able_to_subscribe_an_event_with_pattern_from_same_subsystem(Redis)
[info] - should_be_able_to_subscribe_with_an_ActorRef(Redis)
[info] - should_be_able_to_subscribe_with_an_ActorRef(Kafka)
[info] - should_be_able_to_subscribe_with_an_ActorRef_with_duration(Redis)
[info] - should_be_able_to_subscribe_with_an_ActorRef_with_duration(Kafka)
[info] - should_be_able_to_subscribe_with_async_callback(Redis)
[info] - should_be_able_to_subscribe_with_async_callback(Kafka)
[info] - should_be_able_to_subscribe_with_async_callback_with_duration(Redis)
[info] - should_be_able_to_subscribe_with_async_callback_with_duration(Kafka)
[info] - should_be_able_to_subscribe_with_callback(Redis)
[info] - should_be_able_to_subscribe_with_callback(Kafka)
[info] - should_be_able_to_subscribe_with_callback_with_duration(Redis)
[info] - should_be_able_to_subscribe_with_callback_with_duration(Kafka)

===============================================
Command line suite
Total tests run: 30, Failures: 0, Skips: 0
===============================================

[info] JEventSubscriptionFrequencyTest:
[info] - should_be_able_to_subscribe_with_duration_with_rate_adapter_for_fast_publisher(Redis)
[info] - should_be_able_to_subscribe_with_duration_with_rate_adapter_for_fast_publisher(Kafka)
[info] - should_be_able_to_subscribe_with_duration_with_rate_adapter_mode_for_slow_publisher(Redis)
[info] - should_be_able_to_subscribe_with_duration_with_rate_adapter_mode_for_slow_publisher(Kafka)
[info] - should_be_able_to_subscribe_with_duration_with_rate_limiter_mode_for_fast_publisher(Redis)
[info] - should_be_able_to_subscribe_with_duration_with_rate_limiter_mode_for_fast_publisher(Kafka)
[info] - should_be_able_to_subscribe_with_duration_with_rate_limiter_mode_for_slow_publisher(Redis)
[info] - should_be_able_to_subscribe_with_duration_with_rate_limiter_mode_for_slow_publisher(Kafka)

===============================================
Command line suite
Total tests run: 8, Failures: 0, Skips: 0
===============================================

[info] JRedisFailureTest:
[info] - failureInPublishingShouldFailFutureWithPublishFailedException
[info] - handleFailedPublishEventWithACallback
[info] - handleFailedPublishEventWithAnEventGeneratorAndACallback
[info] - handleFailedPublishEventWithAnEventGeneratorGeneratingFutureOfEventAndACallback
[info] JEventPublisherTest:
[info] - should_be_able_to_maintain_ordering_while_publish(Redis)
[info] - should_be_able_to_maintain_ordering_while_publish(Kafka)
[info] - should_be_able_to_publish_an_event_with_block_generating_future_of_event_with_duration(Redis)
[info] - should_be_able_to_publish_an_event_with_block_generating_future_of_event_with_duration(Kafka)
[info] - should_be_able_to_publish_an_event_with_duration(Redis)
[info] - should_be_able_to_publish_an_event_with_duration(Kafka)
[info] - should_be_able_to_publish_and_subscribe_an_event(Redis)
[info] - should_be_able_to_publish_and_subscribe_an_event(Kafka)
[info] - should_be_able_to_publish_concurrently_to_the_different_channel(Redis)
[info] - should_be_able_to_publish_concurrently_to_the_different_channel(Kafka)

===============================================
Command line suite
Total tests run: 10, Failures: 0, Skips: 0
===============================================

[info] EventSubscriberTest:
[info] - should_be_able_to_get_InvalidEvent(Redis)
[info] - should_be_able_to_get_InvalidEvent(Kafka)
[info] - should_be_able_to_get_an_event_without_subscribing_for_it(Redis)
[info] - should_be_able_to_get_an_event_without_subscribing_for_it(Kafka)
[info] - should_be_able_to_get_events_for_multiple_event_keys(Redis)
[info] - should_be_able_to_get_events_for_multiple_event_keys(Kafka)
[info] - should_be_able_to_get_invalid_event_on_event_parse_failure(Redis)
[info] - should_be_able_to_get_invalid_event_on_event_parse_failure(Kafka)
[info] - should_be_able_to_make_independent_subscriptions(Redis)
[info] - should_be_able_to_make_independent_subscriptions(Kafka)
[info] - should_be_able_to_retrieve_InvalidEvent(Redis)
[info] - should_be_able_to_retrieve_InvalidEvent(Kafka)
[info] - should_be_able_to_retrieve_recently_published_event_on_subscription(Redis)
[info] - should_be_able_to_retrieve_recently_published_event_on_subscription(Kafka)
[info] - should_be_able_to_retrieve_valid_as_well_as_invalid_event_when_events_are_published_for_some_and_not_for_other_keys(Redis)
[info] - should_be_able_to_retrieve_valid_as_well_as_invalid_event_when_events_are_published_for_some_and_not_for_other_keys(Kafka)
[info] - should_be_able_to_subscribe_an_event(Redis)
[info] - should_be_able_to_subscribe_an_event(Kafka)
[info] - should_be_able_to_subscribe_an_event_with_pattern_from_different_subsystem(Redis)
[info] - should_be_able_to_subscribe_an_event_with_pattern_from_same_subsystem(Redis)
[info] - should_be_able_to_subscribe_with_an_ActorRef(Redis)
[info] - should_be_able_to_subscribe_with_an_ActorRef(Kafka)
[info] - should_be_able_to_subscribe_with_an_ActorRef_with_duration(Redis)
[info] - should_be_able_to_subscribe_with_an_ActorRef_with_duration(Kafka)
[info] - should_be_able_to_subscribe_with_async_callback(Redis)
[info] - should_be_able_to_subscribe_with_async_callback(Kafka)
[info] - should_be_able_to_subscribe_with_async_callback_with_duration(Redis)
[info] - should_be_able_to_subscribe_with_async_callback_with_duration(Kafka)
[info] - should_be_able_to_subscribe_with_callback(Redis)
[info] - should_be_able_to_subscribe_with_callback(Kafka)
[info] - should_be_able_to_subscribe_with_callback_with_duration(Redis)
[info] - should_be_able_to_subscribe_with_callback_with_duration(Kafka)

===============================================
Command line suite
Total tests run: 32, Failures: 0, Skips: 0
===============================================

[info] PbParameterTest:
[info] - should able to parse PbParameter with multiple values (5 milliseconds)
[info] - should able to parse PbParameter with sequence of values (1 millisecond)
[info] - should able to create Boolean Items (3 milliseconds)
[info] - should able to create PbParameter with Timestamp items (2 milliseconds)
[info] - should able to create PbParameter with Byte items (31 milliseconds)
[info] - should able to create PbParameter with Choice items (1 millisecond)
[info] - should able to create PbParameter with int items only when KeyType is Int (3 milliseconds)
[info] - should able to create PbParameter and compare with Parameter for Int and String Key (1 millisecond)
[info] - should able to create PbParameter with ArrayItems (9 milliseconds)
[info] - should able to create PbParameter with MatrixItems (2 milliseconds)
[info] - should able to change the type from/to PbParameter to/from Parameter for IntKey (0 milliseconds)
[info] - should able to change the type from/to PbParameter to/from Parameter for IntArrayKey (1 millisecond)
[info] - should able to change the type from/to PbParameter to/from Parameter for IntMatrixKey (2 milliseconds)
[info] - should able to change the type from/to PbParameter to/from Parameter using java api (0 milliseconds)
[info] - should able to change the type from/to PbParameter to/from Parameter for RaDec (11 milliseconds)
[info] KafkaFailureTest:
[info] - failure in publishing should fail future with PublishFailed exception (301 milliseconds)
[info] - handle failed publish event with a callback (8 milliseconds)
[info] - handle failed publish event with an eventGenerator and a callback (8 milliseconds)
[info] - handle failed publish event with an eventGenerator generating future of event and a callback (5 milliseconds)
[info] RedisFailureTest:
[info] - should throw PublishFailed exception on publish failure (1 second, 112 milliseconds)
[info] - should invoke onError callback on publish failure [stream API] (1 second, 22 milliseconds)
[info] - should invoke onError callback on publish failure [eventGenerator API] (1 second, 13 milliseconds)
[info] - should throw EventServerNotAvailable exception on subscription failure (100 milliseconds)
[info] - should invoke onError callback on publish failure [eventGenerator API] with future of event generator (1 second, 21 milliseconds)
[info] JKafkaFailureTest:
[info] - failureInPublishingShouldFailFutureWithPublishFailedException
[info] - handleFailedPublishEventWithACallback
[info] - handleFailedPublishEventWithAnEventGeneratorAndACallback
[info] - handleFailedPublishEventWithAnEventGeneratorGeneratingFutureOfEventAndACallback
[info] TimeExtensionsTest:
[info] - untilNext text (99 milliseconds)
[info] LoggingSeverityTest:
[info] - setCurrentSeverity should log a message (186 milliseconds)
[info] MetadataServiceModuleTest:
[info] - getMetadata should fetch metadata of the given Alarm key (90 milliseconds)
[info] - getMetadata should throw exception while getting metadata if key does not exist (6 milliseconds)
[info] - getMetadata should fetch all alarms for a component (116 milliseconds)
[info] - getMetadata should fetch all alarms for a subsystem (45 milliseconds)
[info] - getMetadata should fetch all alarms of whole system (53 milliseconds)
[info] - getMetadata should throw exception if no alarms are found while getting metadata by subsystem (3 milliseconds)
[info] - initAlarms should load alarms from provided config file (200 milliseconds)
[info] - initAlarms should reset the previous alarm data in redis and load with newly provided (134 milliseconds)
[info] - initAlarm with reset should not delete keys other than alarm service, for example sentinel related keys (73 milliseconds)
[info] - initAlarm with reset=false should preserve existing alarm keys (61 milliseconds)
[info] - activate should activate an inactive alarm (43 milliseconds)
[info] - deActivate should deactivate an active alarm (44 milliseconds)
[info] - should throw exception when tried to activate/deactivate alarm which is not present in alarm store (5 milliseconds)
[info] ConfigValidatorTest:
[info] - validation result should be successful for list of valid alarm's metadata (21 milliseconds)
[info] - validation result should be failed for invalid alarms metadata (57 milliseconds)
[info] JAlarmServiceFactoryTest:
[info] - shouldCreateClientAlarmServiceUsingLocationService
[info] - shouldCreateClientAlarmServiceUsingHostAndPort
[info] HealthServiceModuleTest:
[info] - getAggregatedHealth should get aggregated health for a alarm (49 milliseconds)
[info] - getAggregatedHealth should get aggregated health for a component (28 milliseconds)
[info] - getAggregatedHealth should get aggregated health for a subsystem (33 milliseconds)
[info] - getAggregatedHealth should get aggregated health for global system (74 milliseconds)
[info] - getAggregatedHealth should not consider inactive alarms for health aggregation (38 milliseconds)
[info] - getAggregatedHealth should consider shelved alarms also for health aggregation (35 milliseconds)
[info] - getAggregatedHealth should throw KeyNotFoundException when key is invalid (3 milliseconds)
[info] - getAggregatedHealth should throw InactiveAlarmException when all resolved keys are inactive (4 milliseconds)
[info] - subscribe aggregated health via callback for an alarm (2 seconds, 961 milliseconds)
[info] - subscribe aggregated health via callback for a subsystem (557 milliseconds)
[info] - subscribe aggregated health via callback for a component (250 milliseconds)
[info] - subscribeAggregatedHealthCallback should not consider inactive alarm for aggregation (366 milliseconds)
[info] - subscribeAggregatedSeverityCallback should throw KeyNotFoundException if the key does not match any key (3 milliseconds)
[info] - subscribeAggregatedHealthCallback should throw KeyNotFoundException when key is invalid (2 milliseconds)
[info] - subscribeAggregatedHealthCallback should throw InactiveAlarmException when all resolved keys are inactive (7 milliseconds)
[info] - subscribe aggregated health via actorRef for a subsystem (388 milliseconds)
[info] - shelved alarms should be considered in health aggregation (144 milliseconds)
[info] - subscribeAggregatedHealthActorRef should throw InactiveAlarmException when all resolved keys are inactive (5 milliseconds)
[info] AlarmServiceTestSetup:
[info] ConfigParserTest:
[info] - should able to parse valid alarm metadata's config file (4 milliseconds)
[info] - should throw Exception while parsing invalid alarms metadata config file (7 milliseconds)
[info] StatusServiceModuleTest:
[info] - reset should never update the alarm time (33 milliseconds)
[info] - simple test to check behavior of latch and reset (64 milliseconds)
[info] - reset should set latchedSeverity to current severity when current severity is Okay (15 milliseconds)
[info] - reset should set latchedSeverity to current severity when current severity is Warning (18 milliseconds)
[info] - reset should set latchedSeverity to current severity when current severity is Major (20 milliseconds)
[info] - reset should set latchedSeverity to current severity when current severity is Indeterminate (18 milliseconds)
[info] - reset should set latchedSeverity to current severity when current severity is Critical (17 milliseconds)
[info] - reset should set latchedSeverity to current severity when current severity is Disconnected (1 second, 547 milliseconds)
[info] - reset should throw exception if key does not exist (2 milliseconds)
[info] - acknowledge should set acknowledgementStatus to Acknowledged of an alarm (20 milliseconds)
[info] - unacknowledge should set acknowledgementStatus to Unacknowledged of an alarm (17 milliseconds)
[info] - acknowledge should throw exception if key does not exist (3 milliseconds)
[info] - unacknowledge should throw exception if key does not exist (2 milliseconds)
[info] - shelve should update the status of the alarm to shelved (7 milliseconds)
[info] - shelve alarm should automatically get unshelved on configured time (2 seconds, 12 milliseconds)
[info] - unshelve should update the alarm status to unshelved (13 milliseconds)
[info] - getStatus should throw exception if key does not exist (3 milliseconds)
[WARN] [11/13/2018 16:36:06.802] [pool-1-thread-1] [ManifestInfo(akka://AutoRefreshSeverityActorTest)] Detected possible incompatible versions on the classpath. Please note that a given Akka version MUST be the same across all modules of Akka that you are using, e.g. if you use [2.5.18] all other modules that are released together MUST be of the same version. Make sure you're using a compatible set of libraries.Possibly conflicting versions [2.5.18, 2.5.6] in libraries [akka-multi-node-testkit:2.5.18, akka-persistence:2.5.6, akka-cluster-sharding:2.5.6, akka-protobuf:2.5.18, akka-actor-typed:2.5.18, akka-actor:2.5.18, akka-slf4j:2.5.18, akka-remote:2.5.18, akka-cluster:2.5.18, akka-distributed-data:2.5.18, akka-stream:2.5.18, akka-cluster-typed:2.5.18, akka-actor-testkit-typed:2.5.18, akka-stream-testkit:2.5.18, akka-cluster-tools:2.5.18]
[info] AutoRefreshSeverityActorTest:
[info] - should refresh severity (52 milliseconds)
[info] - should set severity and refresh it (108 milliseconds)
[info] - should cancel the refreshing of alarm severity (217 milliseconds)
[info] - should refresh for multiple alarms (132 milliseconds)
[info] SeverityServiceModuleTest:
[info] - setSeverity should set severity (1 second, 20 milliseconds)
[info] - setSeverity should throw KeyNotFoundException when tried to set severity for key which does not exists in alarm store (2 milliseconds)
[info] - setSeverity should throw InvalidSeverityException when unsupported severity is provided (9 milliseconds)
[info] - setSeverity should latch alarm when it is higher than previous latched severity (463 milliseconds)
[info] - setSeverity should not auto-acknowledge alarm even when it is auto-acknowledgable (15 milliseconds)
[info] - setSeverity should not update alarm time when current severity does not change (218 milliseconds)
[info] - getCurrentSeverity should get current severity (9 milliseconds)
[info] - getCurrentSeverity should throw exception if key does not exist (1 millisecond)
[info] - getAggregatedSeverity should get aggregated severity for component (26 milliseconds)
[info] - getAggregatedSeverity should get aggregated severity for subsystem (40 milliseconds)
[info] - getAggregatedSeverity should get aggregated severity for global system (65 milliseconds)
[info] - getAggregatedSeverity should not consider inactive alarms in aggregation (16 milliseconds)
[info] - getAggregatedSeverity should consider shelved alarms also in aggregation (14 milliseconds)
[info] - getAggregatedSeverity should get aggregated to Disconnected for Warning and Critical severities (19 milliseconds)
[info] - getAggregatedSeverity should throw KeyNotFoundException when key is invalid (2 milliseconds)
[info] - getAggregatedSeverity should throw InactiveAlarmException when all resolved keys are inactive (3 milliseconds)
[info] - subscribe aggregated severity via callback for an alarm (1 second, 321 milliseconds)
[info] - subscribe aggregated severity via callback for a subsystem (1 second, 51 milliseconds)
[info] - subscribe aggregated severity via callback for two different subscriptions, one for a component and other for all (2 seconds, 624 milliseconds)
[info] - subscribeAggregatedSeverityCallback should not consider inactive alarm for aggregation (419 milliseconds)
[info] - subscribeAggregatedSeverityCallback should throw InactiveAlarmException when all resolved keys are inactive (6 milliseconds)
[info] - subscribeAggregatedSeverity should throw KeyNotFoundException when key is invalid (3 milliseconds)
[info] - subscribe aggregated severity via actorRef for a subsystem (1 second, 242 milliseconds)
[info] - subscribeAggregatedSeverityActorRef should not consider inactive alarm for aggregation (344 milliseconds)
[info] - shelved alarms should be considered while subscribing aggregated severity (34 milliseconds)
[info] - IsHigher_WasNotDisconnected (14 milliseconds)
[info] - IsHigher_WasDisconnected (12 milliseconds)
[info] - IsNotHigher_WasNotDisconnected (13 milliseconds)
[info] - IsNotHigher_WasDisconnected (13 milliseconds)
[info] - ack status should transition from Unacknowledged to Unacknowledged when severity changes from Critical to Warning & autoAck=true (16 milliseconds)
[info] - ack status should transition from Acknowledged to Unacknowledged when severity changes from Critical to Warning & autoAck=true (17 milliseconds)
[info] - ack status should transition from Acknowledged to Unacknowledged when severity changes from Critical to Warning & autoAck=false (15 milliseconds)
[info] - ack status should transition from Unacknowledged to Acknowledged when severity changes from Disconnected to Okay & autoAck=true (13 milliseconds)
[info] - ack status should transition from Unacknowledged to Acknowledged when severity changes from Critical to Okay & autoAck=true (10 milliseconds)
[info] - ack status should transition from Unacknowledged to Acknowledged when severity changes from Okay to Okay & autoAck=true (11 milliseconds)
[info] - ack status should transition from Unacknowledged to Unacknowledged when severity changes from Warning to Okay & autoAck=false (11 milliseconds)
[info] - ack status should transition from Acknowledged to Acknowledged when severity changes from Warning to Okay & autoAck=false (13 milliseconds)
[info] - ack status should transition from Acknowledged to Acknowledged when severity changes from Okay to Disconnected & autoAck=false (1 second, 117 milliseconds)
[info] - ack status should transition from Unacknowledged to Unacknowledged when severity changes from Warning to Disconnected & autoAck=false (1 second, 121 milliseconds)
[info] JSeverityServiceModuleTest:
[info] - setSeverity_shouldNotUpdateAlarmTimeWhenSeverityDoesNotChange
[info] - setSeverity_shouldLatchAlarmWhenItIsHigherThanPreviousLatchedSeverity
[info] - setSeverity_shouldNotAutoAcknowledgeAlarmEvenWhenItIsAutoAcknowlegable
[info] - setSeverity_shouldThrowInvalidSeverityExceptionWhenUnsupportedSeverityIsProvided
[info] - setSeverity_shouldSetSeverityForAGivenKey
[info] AlarmServiceFactoryTest:
[info] - should create admin alarm service using location service (10 milliseconds)
[info] - should create admin alarm service using host and port (5 milliseconds)
[info] - should create client alarm service using location service (42 milliseconds)
[info] - should create client alarm service using host and port (29 milliseconds)
[info] ScalaTest
[info] Run completed in 5 minutes, 12 seconds.
[info] Total number of tests run: 35
[info] Suites: completed 5, aborted 0
[info] Tests: succeeded 35, failed 0, canceled 0, ignored 0, pending 0
[info] All tests passed.
[info] Passed: Total 35, Failed 0, Errors 0, Passed 35
[info] ScalaTest
[info] Run completed in 5 minutes, 12 seconds.
[info] Total number of tests run: 89
[info] Suites: completed 8, aborted 0
[info] Tests: succeeded 89, failed 0, canceled 0, ignored 0, pending 0
[info] All tests passed.
[info] Passed: Total 89, Failed 0, Errors 0, Passed 89
[info] ScalaTest
[info] Run completed in 5 minutes, 12 seconds.
[info] Total number of tests run: 135
[info] Suites: completed 13, aborted 0
[info] Tests: succeeded 132, failed 3, canceled 0, ignored 0, pending 0
[info] *** 3 TESTS FAILED ***
[error] Failed: Total 135, Failed 3, Errors 0, Passed 132
[error] Failed tests:
[error] 	csw.event.client.EventPublisherTest
[error] 	csw.event.client.EventSubscriptionFrequencyTest
[info] ScalaTest
[info] Run completed in 5 minutes, 12 seconds.
[info] Total number of tests run: 108
[info] Suites: completed 13, aborted 0
[info] Tests: succeeded 108, failed 0, canceled 0, ignored 0, pending 0
[info] All tests passed.
[info] Passed: Total 108, Failed 0, Errors 0, Passed 108
[info] * csw.event.client.perf.model_obs.ModelObsPerfTest
[JVM-2] Run starting. Expected test count is: 0
[JVM-2] ModelObsPerfTestMultiJvmNode2:
[JVM-1] Run starting. Expected test count is: 0
[JVM-1] ModelObsPerfTestMultiJvmNode1:
[JVM-2] - Perf results must be great for model observatory use case !!! IGNORED !!!
[JVM-1] - Perf results must be great for model observatory use case !!! IGNORED !!!
[JVM-2] Run completed in 4 seconds, 487 milliseconds.
[JVM-2] Total number of tests run: 0
[JVM-2] Suites: completed 1, aborted 0
[JVM-2] Tests: succeeded 0, failed 0, canceled 0, ignored 1, pending 0
[JVM-2] No tests were executed.
[JVM-1] Run completed in 4 seconds, 479 milliseconds.
[JVM-1] Total number of tests run: 0
[JVM-1] Suites: completed 1, aborted 0
[JVM-1] Tests: succeeded 0, failed 0, canceled 0, ignored 1, pending 0
[JVM-1] No tests were executed.
[info] * csw.event.client.perf.event_service.EventServicePerfTest
[JVM-1] Run starting. Expected test count is: 0
[JVM-1] EventServicePerfTestMultiJvmNode1:
[JVM-2] Run starting. Expected test count is: 0
[JVM-2] EventServicePerfTestMultiJvmNode2:
[JVM-1] - Perf results must be great for 1-to-1-size-100 with payloadSize = 100 !!! IGNORED !!!
[JVM-1] - Perf results must be great for 1-to-5-size-100 with payloadSize = 100 !!! IGNORED !!!
[JVM-1] - Perf results must be great for 1-to-5-size-1KB with payloadSize = 1024 !!! IGNORED !!!
[JVM-2] - Perf results must be great for 1-to-1-size-100 with payloadSize = 100 !!! IGNORED !!!
[JVM-2] - Perf results must be great for 1-to-5-size-100 with payloadSize = 100 !!! IGNORED !!!
[JVM-2] - Perf results must be great for 1-to-5-size-1KB with payloadSize = 1024 !!! IGNORED !!!
[JVM-1] Run completed in 2 seconds, 469 milliseconds.
[JVM-1] Total number of tests run: 0
[JVM-1] Suites: completed 1, aborted 0
[JVM-1] Tests: succeeded 0, failed 0, canceled 0, ignored 3, pending 0
[JVM-1] No tests were executed.
[JVM-2] Run completed in 2 seconds, 514 milliseconds.
[JVM-2] Total number of tests run: 0
[JVM-2] Suites: completed 1, aborted 0
[JVM-2] Tests: succeeded 0, failed 0, canceled 0, ignored 3, pending 0
[JVM-2] No tests were executed.
[info] Passed: Total 0, Failed 0, Errors 0, Passed 0
[info] No tests to run for MultiJvm
[info] multi-jvm
[info] csw.event.client.perf.model_obs.ModelObsPerfTest
[info] multi-jvm
[info] csw.event.client.perf.event_service.EventServicePerfTest
[info] Passed: Total 0, Failed 0, Errors 0, Passed 0
[info] No tests to run for MultiJvm
[info] JConfigClientApiTest:
[info] - testConfigClientApi
[info] JConfigAdminApiTest:
[info] - testFileAlreadyExistsExceptionOnCreate
[info] - testGetReturnsNoneIfFileNotExists
[info] - testUpdateExistingFile
[info] - testListIsFilteredBasedOnTypeAndPattern
[info] - testListFilesFromAnnexStoreWithoutShaSuffix
[info] - testRetrieveVersionBasedOnDate
[info] - testGetAndSetActiveConfigFileFromAnnexStore
[info] - testGetHistoryOfActiveVersionsOfFile
[info] - testListAllFiles
[info] - testActiveVersionBasedOnTime
[info] - testCreateFileInAnnexStore
[info] - testFileExistsInAnnexStore
[info] - testEachRevisionHasUniqueId
[info] - testListIsFilteredBasedOnPattern
[info] - testSpecificVersionRetrieval
[info] - testRetrieveVersionBasedOnDateForFileInAnnexStore
[info] - testGetMetadata
[info] - testHistoryOfAFile
[info] - testGetSetAndResetActiveConfigFile
[info] - testDelete
[info] - testExists
[info] - testGetActiveReturnsNoneIfFileNotExist
[info] - testUpdateReturnsFileNotFoundExceptionOnAbsenceOfFile
[info] - testUpdateAndHistoryOfFilesInAnnexStore
[info] - testActiveFilesAreExcludedInList
[info] - testCreateAndRetrieveFile
[info] ConfigServiceResolverTest:
[info] - should throw exception if not able to resolve config service http server (5 seconds, 118 milliseconds)
[info] - should give URI for resolved config service (411 milliseconds)
[info] ConfigAdminApiTest:
[info] - should able to upload and get component configurations from config service (210 milliseconds)
[info] - should able to upload and get binary configurations from config service (4 seconds, 53 milliseconds)
[info] - should able to create a file and retrieve the same (81 milliseconds)
[info] - should ignore '/' at the beginning of file path and create a file (99 milliseconds)
[info] - should throw FileAlreadyExists while creating a file if it already exists in repository - assume svn first (130 milliseconds)
[info] - should throw FileAlreadyExists while creating a file if it already exists in repository - assume annex first (129 milliseconds)
[info] - should able to update existing file and get the file with updated content (93 milliseconds)
[info] - update should throw FileNotFoundException if a file does not exists in repository (23 milliseconds)
[info] - each revision of file should have unique identifier (217 milliseconds)
[info] - get call should return `None` if a file does not exists in repository (21 milliseconds)
[info] - should able to retrieve the specific version of file by config ID (186 milliseconds)
[info] - should get the correct version of file based on time (62 milliseconds)
[info] - should get the initial version of file if date provided is before the creation date (73 milliseconds)
[info] - should record datetime for creation of config file (47 milliseconds)
[info] - should record datetime when config file is updated (88 milliseconds)
[info] - should get the history of a file (142 milliseconds)
[info] - should list all the available config files (73 milliseconds)
[info] - exists should return false if file does not exist (18 milliseconds)
[info] - exists should return true if file exist (272 milliseconds)
[info] - should able to delete existing file (110 milliseconds)
[info] - deleting non existing file should throw FileNotFoundException (11 milliseconds)
[info] - delete removes all versions of a file (621 milliseconds)
[info] - should able to get, set and reset the active version of config file (204 milliseconds)
[info] - should able to get history of active versions of file (218 milliseconds)
[info] - getActive and getActiveVersion should return None if file does not exists (36 milliseconds)
[info] - set and reset active should throw FileNotFound exception if file or version does not exists (73 milliseconds)
[info] - should be able to store and retrieve file from annex store (74 milliseconds)
[info] - should list files from annex store without .$sha1 suffix (68 milliseconds)
[info] - should be able to update and retrieve the history of a file in annex store (285 milliseconds)
[info] - should able to get history of active versions of file from annex store (172 milliseconds)
[info] - should be able to get active file from annex store (173 milliseconds)
[info] - should be able to get time stamped file from annex store (176 milliseconds)
[info] - should exclude .$active files from list (135 milliseconds)
[info] - should be able to store and retrieve text file from annex store when size is greater than configured size (132 milliseconds)
[info] - should list all files in a repository (147 milliseconds)
[info] - should give empty list if pattern does not match any file (139 milliseconds)
[info] - should filter list based on the pattern (149 milliseconds)
[info] - should filter list based on the type and pattern (254 milliseconds)
[info] - should get the correct active version of the file based on time (295 milliseconds)
[info] - should get metadata (61 milliseconds)
[info] - should throw exception for invalid path (27 milliseconds)
[info] - should be able to store and retrieve binary file in annex dir (475 milliseconds)
[info] - should throw invalid input exception if pattern is invalid (19 milliseconds)
[info] ConfigClientApiTest:
[info] - should able to get, set and reset the active version of config file (389 milliseconds)
[info] ConfigUtilsTest:
[info] - should throw exception if input file and default config is empty (74 milliseconds)
[info] - should return default config if input file if not provided (2 milliseconds)
[info] - should use input file for config (9 milliseconds)
[info] - should throw exception if input file does not exist (3 milliseconds)
[info] - should get config from remote input file (22 milliseconds)
[info] ArgsParserTest:
[info] - test arguments without specifying operation (563 milliseconds)
[info] - test create with no sub-options (4 milliseconds)
[info] - test create with all applicable sub-options (8 milliseconds)
[info] - test create with bare minimum sub-options (3 milliseconds)
[info] - test update with no sub-options (2 milliseconds)
[info] - test update with all applicable sub-options (1 millisecond)
[info] - test get with no sub-options (1 millisecond)
[info] - test get with all applicable sub-options (2 milliseconds)
[info] - test get with date sub-option (5 milliseconds)
[info] - test get with bare minimum sub-options (1 millisecond)
[info] - test delete with no sub-options (1 millisecond)
[info] - test delete with sub-options (1 millisecond)
[info] - test list (1 millisecond)
[info] - test list with pattern (0 milliseconds)
[info] - test list with type (1 millisecond)
[info] - test list with type and pattern (1 millisecond)
[info] - test history with no sub-options (1 millisecond)
[info] - test history with all sub-options (2 milliseconds)
[info] - test history with max sub-option (1 millisecond)
[info] - test history with from and to sub-options (1 millisecond)
[info] - test setActiveVersion with all sub-options (1 millisecond)
[info] - test resetActiveVersion with no sub-options (1 millisecond)
[info] - test resetActiveVersion with sub-options (1 millisecond)
[info] - test getActiveVersion (1 millisecond)
[info] - test getActiveByTime with date sub-option (1 millisecond)
[info] - test historyActive with no sub-options (0 milliseconds)
[info] - test historyActive with all sub-options (1 millisecond)
[info] - test historyActive with max sub-option (1 millisecond)
[info] - test historyActive with from and to sub-options (2 milliseconds)
[info] - test getMetadata (1 millisecond)
[info] - test getMetadata with locationHost (1 millisecond)
[info] - test exists with no sub-options (2 milliseconds)
[info] - test exists with sub-options (1 millisecond)
[info] - test getActive (1 millisecond)
[info] CommandLineRunnerTest:
[info] - should able to create a file in repo and read it from repo to local disk (364 milliseconds)
[info] - should able to update, delete and check for existence of a file from repo (515 milliseconds)
[info] - should be able to list files and use filter pattern (516 milliseconds)
[info] - should able to set, reset and get the active version of file. (262 milliseconds)
[info] - should able to fetch history of file. (151 milliseconds)
[info] - should able to fetch history of active files. (245 milliseconds)
[info] - get repository MetaData from server (21 milliseconds)
[info] ArgsParserTest:
[info] - parse without specifying operation (201 milliseconds)
[info] - parse init command without any options (6 milliseconds)
[info] - parse init command with only mandatory options (8 milliseconds)
[info] - parse init command with all options (3 milliseconds)
[info] - parse severity without sub command (2 milliseconds)
[info] - parse set severity command (15 milliseconds)
[info] - parse get severity command (2 milliseconds)
[info] - parse subscribe severity command (2 milliseconds)
[info] - parse refresh severity command (2 milliseconds)
[info] - parse acknowledge command (1 millisecond)
[info] - parse acknowledge without options (1 millisecond)
[info] - parse unacknowledge command (2 milliseconds)
[info] - parse unacknowledge without options (1 millisecond)
[info] - parse activate command (1 millisecond)
[info] - parse activate without options (1 millisecond)
[info] - parse deactivate command (1 millisecond)
[info] - parse deactivate without options (1 millisecond)
[info] - parse shelve command (1 millisecond)
[info] - parse shelve without options (1 millisecond)
[info] - parse unshelve command (2 milliseconds)
[info] - parse unshelve without options (1 millisecond)
[info] - parse reset command (2 milliseconds)
[info] - parse reset without options (1 millisecond)
[info] - parse list command without options (1 millisecond)
[info] - parse list command (1 millisecond)
[info] - parse list command with status with full alarm key (2 milliseconds)
[info] - parse list command with status with subsystem key (1 millisecond)
[info] - parse list command with metadata with component key (2 milliseconds)
[info] - parse list command only with subsystem and/or component options (3 milliseconds)
[info] - parse list command  with invalid options (3 milliseconds)
[info] - parse health without sub command (1 millisecond)
[info] - parse get health command (1 millisecond)
[info] - parse health command only with subsystem and/or component options (2 milliseconds)
[info] - parse subscribe health command (1 millisecond)
[info] CliAppTest:
[info] - should initialize alarms in alarm store from local config (76 milliseconds)
[info] - should initialize alarms in alarm store from remote config (1 second, 326 milliseconds)
config service connection=ConfigServer-service-http can not be resolved
[info] - should fail to initialize alarms in alarm store when config service is down (5 seconds, 73 milliseconds)
[info] - should acknowledge the alarm (35 milliseconds)
[info] - should unacknowledge the alarm (23 milliseconds)
[info] - should activate the alarm (26 milliseconds)
[info] - should deactivate the alarm (25 milliseconds)
[info] - should shelve the alarm (31 milliseconds)
[info] - should unshelve the alarm (33 milliseconds)
[info] - should list all alarms present in the alarm store (159 milliseconds)
[info] - should list alarms for specified subsystem (13 milliseconds)
[info] - should list alarms for specified component (11 milliseconds)
[info] - should list the alarm for specified name (16 milliseconds)
[info] - should list the metadata of alarm for specified name (5 milliseconds)
[info] - should list status of alarms (6 milliseconds)
[info] - should list no alarm for invalid key/pattern (4 milliseconds)
[info] - should reset the severity of latched alarm (67 milliseconds)
[info] - should set severity of alarm (24 milliseconds)
[info] - should get severity of alarm (31 milliseconds)
[info] - should get severity of a component (49 milliseconds)
[info] - should get severity of a subsystem (4 milliseconds)
[info] - should get severity of Alarm Service (13 milliseconds)
[info] - should subscribe severity of alarm (160 milliseconds)
[info] - should refresh severity of alarm (1 second, 771 milliseconds)
[info] - should get health of alarm (7 milliseconds)
[info] - should get health of component (23 milliseconds)
[info] - should get health of subsystem (64 milliseconds)
[info] - should get health of alarm service (3 milliseconds)
[info] - should subscribe health of subsystem/component/alarm (86 milliseconds)
[info] ComponentLifecycleTest:
[info] - running component should handle RunOffline lifecycle message (1 second, 45 milliseconds)
[info] - running component should not accept RunOffline lifecycle message when it is already offline (34 milliseconds)
[info] - running component should handle RunOnline lifecycle message when it is Offline (40 milliseconds)
[info] - running component should not accept RunOnline lifecycle message when it is already Online (37 milliseconds)
[info] - running component should clean up using onShutdown handler before stopping (45 milliseconds)
[info] - running component should handle Submit command (112 milliseconds)
[info] - running component should handle Oneway command (3 seconds, 42 milliseconds)
[info] - running component can send an immediate response to a submit command and avoid invoking further processing (58 milliseconds)
[info] - running component can send a oneway command that is rejected (3 seconds, 73 milliseconds)
[info] AlarmServiceIntegrationTest:
[info] - component should be able to set severity of an alarm (2 seconds, 6 milliseconds)
[WARN] [11/13/2018 16:38:53.574] [csw-remote-actor-system-akka.actor.default-dispatcher-4] [csw-remote-actor-system/Pool(shared->http://localhost:7654)] [0 (Connecting)] Ongoing request [POST /location/unregister Strict(85 bytes)] was dropped because pool is shutting down
[info] ComponentBehaviorTest:
[info] - component should send itself initialize message and handle initialization (37 milliseconds)
[info] ContainerIntegrationTest:
[info] - should start multiple components withing a single container and able to accept lifecycle messages (2 seconds, 439 milliseconds)
[info] SupervisorBehaviorTest:
[info] - Supervisor should create child actors for TLA, pub-sub actor for lifecycle and component state (60 milliseconds)
[info] - Supervisor should watch child component actor [TLA] (22 milliseconds)
[info] LockManagerTest:
[info] - should be locked when prefix is available (0 milliseconds)
[info] - should be unlocked when prefix is not available (0 milliseconds)
[info] - should able to lock (4 milliseconds)
[info] - should able to reacquire lock (2 milliseconds)
[info] - should not acquire lock when invalid prefix is provided (3 milliseconds)
[info] - should able to unlock (3 milliseconds)
[info] - should not able to unlock with invalid prefix (21 milliseconds)
[info] - should not result into failure when tried to unlock already unlocked component (3 milliseconds)
[info] - should allow commands when component is not locked (1 millisecond)
[info] - should allow commands when component is locked with same prefix (1 millisecond)
[info] - should not allow commands when component is locked with different prefix (2 milliseconds)
[info] EventServiceIntegrationTest:
[info] - should be able to publish and subscribe to events (2 seconds, 358 milliseconds)
[WARN] [11/13/2018 16:39:00.053] [csw-remote-actor-system-akka.actor.default-dispatcher-21] [csw-remote-actor-system/Pool(shared->http://localhost:7654)] [0 (Connecting)] Ongoing request [POST /location/unregister Strict(93 bytes)] was dropped because pool is shutting down
[ERROR] [11/13/2018 16:39:00.083] [csw-remote-actor-system-akka.actor.default-dispatcher-2] [akka.tcp://Filter-system@10.14.6.37:44741/system/remote-watcher] swallowing exception during message send (akka.remote.RemoteTransportExceptionNoStackTrace: Attempted to send remote message but Remoting is not running.)
[info] ArgsParserTest:
[info] - should able to parse when all arguments are provided (100 milliseconds)
[info] - should able to parse arguments with default value of false when local option is not provided (1 millisecond)
[info] - should not parse if inputFilePath is not provided (1 millisecond)
[info] - should not parse if no arguments provided (0 milliseconds)
[info] TrackConnectionsIntegrationTest:
[info] - should track connections when locationServiceUsage is RegisterAndTrackServices (1 second, 995 milliseconds)
[info] - component should be able to track http and tcp connections (1 second, 891 milliseconds)
[ERROR] [11/13/2018 16:39:04.670] [csw-remote-actor-system-akka.actor.default-dispatcher-43] [akka.tcp://test2@10.14.6.37:34803/system/remote-watcher] swallowing exception during message send (akka.remote.RemoteTransportExceptionNoStackTrace: Attempted to send remote message but Remoting is not running.)
[ERROR] [11/13/2018 16:39:04.671] [csw-remote-actor-system-akka.actor.default-dispatcher-5] [akka.tcp://Filter-system@10.14.6.37:40573/system/remote-watcher] swallowing exception during message send (akka.remote.RemoteTransportExceptionNoStackTrace: Attempted to send remote message but Remoting is not running.)
[info] ConfigParserTest:
[info] - should able to parse container config (51 milliseconds)
[info] - should able to throw error when 'name' is missing (26 milliseconds)
[info] - should able to throw error when 'components' is missing (8 milliseconds)
[info] - should able to throw error when 'components' is not a config object (5 milliseconds)
[info] - should able to parse standalone assembly config (15 milliseconds)
[info] - should able to throw error when 'behaviorFactoryClassName' is missing for assembly (19 milliseconds)
[info] - should able to throw error when 'prefix' is missing for assembly (18 milliseconds)
[info] - should able to throw error when 'locationServiceUsage' is missing for assembly (7 milliseconds)
[info] - should able to throw error when 'connections' is not an array for assembly (10 milliseconds)
[info] - should able to throw error when connection ingredients has typos for 'connections' in assembly (20 milliseconds)
[info] - should able to throw error when 'componentType' is missing for assembly (7 milliseconds)
[info] - should able to throw error when 'behaviorFactoryClassName' is missing for hcd (8 milliseconds)
[info] - should able to throw error when 'prefix' is missing for hcd (12 milliseconds)
[info] - should able to throw error when 'locationServiceUsage' is missing for hcd (5 milliseconds)
[info] - should able to throw error when 'componentType' is missing for hcd (2 milliseconds)
[info] - should able to throw error when 'name' is missing for standalone mode (4 milliseconds)
[info] - should able to parse host config (38 milliseconds)
[info] - should able to throw error when provided mode is invalid in host config (3 milliseconds)
[info] - should able to throw error when provided location is invalid in host config (12 milliseconds)
[info] ArgsParserTest:
[info] - should parse arguments when all arguments are provided (47 milliseconds)
[info] - should parse arguments with default value of false when standalone option is not provided (0 milliseconds)
[info] - should parse arguments with default value of false when local option is not provided (0 milliseconds)
[info] ContainerBehaviorTest:
[info] - should change its lifecycle state to running after all components move to running lifecycle state (45 milliseconds)
[info] - should handle restart message by changing its lifecycle state to Idle (7 milliseconds)
[info] - should change its lifecycle state from Idle to Running after all components have restarted (6 milliseconds)
[info] - should handle GoOnline and GoOffline Lifecycle messages by forwarding to all components (6 milliseconds)
[info] SupervisorLockTest:
[info] - should able to lock and unlock a component (177 milliseconds)
[info] - should forward command messages from client that locked the component and reject for other clients  (130 milliseconds)
[info] - should forward messages that are of type SupervisorLockMessage to TLA (320 milliseconds)
[info] - should expire lock after timeout (408 milliseconds)
[info] - should not publish LockExpired or LockExpiringShortly messages if component is unlocked within timeout (221 milliseconds)
[info] StandaloneComponentTest:
[WARN] [11/13/2018 16:39:09.705] [csw-remote-actor-system-akka.actor.default-dispatcher-22] [csw-remote-actor-system/Pool(shared->http://localhost:7654)] [0 (WaitingForResponse)] Ongoing request [POST /location/unregister Strict(85 bytes)] was dropped because pool is shutting down
[info] - should start a component in standalone mode and register with location service (1 second, 820 milliseconds)
[info] SupervisorBehaviorLifecycleTest:
[info] - supervisor should start in Idle lifecycle state and spawn two actors (61 milliseconds)
[info] - supervisor should accept Running message and register with Location service when LocationServiceUsage is RegisterOnly (19 milliseconds)
[info] - supervisor should accept Running message and should not register when LocationServiceUsage is DoNotRegister (19 milliseconds)
[info] - supervisor should publish state change after successful registration with location service (18 milliseconds)
[info] - supervisor should publish state change if locationServiceUsage is DoNotRegister (18 milliseconds)
[info] - supervisor should handle LifecycleStateSubscription message by coordinating with pub sub actor (46 milliseconds)
[info] - supervisor should handle lifecycle Restart message (24 milliseconds)
[info] - supervisor should handle lifecycle GoOffline message (25 milliseconds)
[info] - supervisor should handle lifecycle GoOnline message (25 milliseconds)
[info] - supervisor should handle Terminated signal for Idle lifecycle state (26 milliseconds)
[info] - supervisor should handle Command Response Manager messages by forwarding it to Command Response Manager (25 milliseconds)
[info] SupervisorModuleTest:
[info] - onInitialized and onRun hooks of comp handlers should be invoked when supervisor creates comp (422 milliseconds)
[info] - onSubmit hook should be invoked and command validation should be successful on receiving Setup config (488 milliseconds)
[info] - onOneway hook should be invoked and command validation should be successful on receiving Observe config (248 milliseconds)
[info] - component handler should be able to validate a Setup or Observe command as failure during validation (246 milliseconds)
[info] - onGoOffline and goOnline hooks of comp handlers should be invoked when supervisor receives Lifecycle messages (244 milliseconds)
[info] - should invoke onShutdown hook when supervisor restarts component using Restart external message (948 milliseconds)
[info] - running component should ignore RunOnline lifecycle message when it is already online (2 seconds, 239 milliseconds)
[info] - running component should ignore RunOffline lifecycle message when it is already offline (2 seconds, 242 milliseconds)
[info] - handle InitializeTimeout by stopping TLA (104 milliseconds)
[info] JCommandIntegrationTest:
[info] - testSupervisorLock
[info] - testCommandExecutionBetweenComponents
[info] - testSubscribeCurrentState
[info] - testCommandFailure
[info] - testSubmitAll
[info] - testSubscribeOnlyCurrentState
[WARN] [11/13/2018 16:39:28.138] [csw-remote-actor-system-akka.actor.default-dispatcher-30] [csw-remote-actor-system/Pool(shared->http://localhost:7654)] [0 (WaitingForResponse)] Ongoing request [POST /location/unregister Strict(113 bytes)] was dropped because pool is shutting down
[info] PubSubBehaviorTest:
[info] - message should be published to all the subscribers (4 milliseconds)
[info] - message should be published to the subscribers depending on names (3 milliseconds)
[info] - should not receive messages on un-subscription (53 milliseconds)
[info] SupervisorLifecycleFailureTest:
[info] - handle TLA failure with FailureStop exception in initialize with Restart message (411 milliseconds)
[info] - handle TLA failure with FailureRestart exception in initialize (330 milliseconds)
[info] - handle TLA failure with FailureRestart exception in Running (525 milliseconds)
[info] ScalaTest
[info] Run completed in 2 minutes, 52 seconds.
[info] Total number of tests run: 78
[info] Suites: completed 6, aborted 0
[info] Tests: succeeded 78, failed 0, canceled 0, ignored 0, pending 0
[info] All tests passed.
[info] Passed: Total 78, Failed 0, Errors 0, Passed 78
[info] ScalaTest
[info] Run completed in 2 minutes, 51 seconds.
[info] Total number of tests run: 41
[info] Suites: completed 2, aborted 0
[info] Tests: succeeded 41, failed 0, canceled 0, ignored 0, pending 0
[info] All tests passed.
[info] Passed: Total 41, Failed 0, Errors 0, Passed 41
[info] ScalaTest
[info] Run completed in 2 minutes, 51 seconds.
[info] Total number of tests run: 63
[info] Suites: completed 2, aborted 0
[info] Tests: succeeded 63, failed 0, canceled 0, ignored 0, pending 0
[info] All tests passed.
[info] Passed: Total 63, Failed 0, Errors 0, Passed 63
[info] ScalaTest
[info] Run completed in 2 minutes, 51 seconds.
[info] Total number of tests run: 96
[info] Suites: completed 19, aborted 0
[info] Tests: succeeded 96, failed 0, canceled 0, ignored 0, pending 0
[info] All tests passed.
[info] Passed: Total 96, Failed 0, Errors 0, Passed 96
[info] * csw.config.client.ConfigServiceTest
[JVM-1] Run starting. Expected test count is: 2
[JVM-1] ConfigServiceTestMultiJvmNode1:
[JVM-2] Run starting. Expected test count is: 2
[JVM-2] ConfigServiceTestMultiJvmNode2:
[JVM-1] - ensure that location service is up for all the nodes
[JVM-2] - ensure that location service is up for all the nodes
[JVM-1] WARNING: An illegal reflective access operation has occurred
[JVM-1] WARNING: Illegal reflective access by com.esotericsoftware.kryo.util.UnsafeUtil (file:/home/girish/IdeaProjects/csw/csw-config-client/target/multi-run-copied-libraries/kryo-shaded-4.0.2.jar) to constructor java.nio.DirectByteBuffer(long,int,java.lang.Object)
[JVM-1] WARNING: Please consider reporting this to the maintainers of com.esotericsoftware.kryo.util.UnsafeUtil
[JVM-1] WARNING: Use --illegal-access=warn to enable warnings of further illegal reflective access operations
[JVM-1] WARNING: All illegal access operations will be denied in a future release
[JVM-2] WARNING: An illegal reflective access operation has occurred
[JVM-2] WARNING: Illegal reflective access by com.esotericsoftware.kryo.util.UnsafeUtil (file:/home/girish/IdeaProjects/csw/csw-config-client/target/multi-run-copied-libraries/kryo-shaded-4.0.2.jar) to constructor java.nio.DirectByteBuffer(long,int,java.lang.Object)
[JVM-2] WARNING: Please consider reporting this to the maintainers of com.esotericsoftware.kryo.util.UnsafeUtil
[JVM-2] WARNING: Use --illegal-access=warn to enable warnings of further illegal reflective access operations
[JVM-2] WARNING: All illegal access operations will be denied in a future release
[JVM-2] - should start config service server on one node and client should able to create and get files from other node
[JVM-1] - should start config service server on one node and client should able to create and get files from other node
[JVM-1] Run completed in 14 seconds, 536 milliseconds.
[JVM-1] Total number of tests run: 2
[JVM-1] Suites: completed 1, aborted 0
[JVM-1] Tests: succeeded 2, failed 0, canceled 0, ignored 0, pending 0
[JVM-1] All tests passed.
[JVM-2] Run completed in 14 seconds, 547 milliseconds.
[JVM-2] Total number of tests run: 2
[JVM-2] Suites: completed 1, aborted 0
[JVM-2] Tests: succeeded 2, failed 0, canceled 0, ignored 0, pending 0
[JVM-2] All tests passed.
[info] * csw.config.ConfigCliAppTest
[JVM-1] Run starting. Expected test count is: 2
[JVM-1] ConfigCliAppTestMultiJvmNode1:
[JVM-2] WARNING: An illegal reflective access operation has occurred
[JVM-2] WARNING: Illegal reflective access by org.jboss.netty.util.internal.ByteBufferUtil (file:/home/girish/IdeaProjects/csw/csw-config-cli/target/multi-run-copied-libraries/netty-3.10.6.Final.jar) to method java.nio.DirectByteBuffer.cleaner()
[JVM-2] WARNING: Please consider reporting this to the maintainers of org.jboss.netty.util.internal.ByteBufferUtil
[JVM-2] WARNING: Use --illegal-access=warn to enable warnings of further illegal reflective access operations
[JVM-2] WARNING: All illegal access operations will be denied in a future release
[JVM-3] WARNING: An illegal reflective access operation has occurred
[JVM-3] WARNING: Illegal reflective access by org.jboss.netty.util.internal.ByteBufferUtil (file:/home/girish/IdeaProjects/csw/csw-config-cli/target/multi-run-copied-libraries/netty-3.10.6.Final.jar) to method java.nio.DirectByteBuffer.cleaner()
[JVM-3] WARNING: Please consider reporting this to the maintainers of org.jboss.netty.util.internal.ByteBufferUtil
[JVM-3] WARNING: Use --illegal-access=warn to enable warnings of further illegal reflective access operations
[JVM-3] WARNING: All illegal access operations will be denied in a future release
[JVM-3] [ERROR] [11/13/2018 16:40:07.933] [csw-location-server-akka.remote.default-remote-dispatcher-6] [akka.remote.Remoting] Remoting system has been terminated abrubtly. Attempting to shut down transports
[JVM-2] Run starting. Expected test count is: 2
[JVM-2] ConfigCliAppTestMultiJvmNode2:
[JVM-3] Run starting. Expected test count is: 2
[JVM-3] ConfigCliAppTestMultiJvmNode3:
[JVM-1] - ensure that location service is up for all the nodes
[JVM-2] - ensure that location service is up for all the nodes
[JVM-3] - ensure that location service is up for all the nodes
[JVM-1] WARNING: An illegal reflective access operation has occurred
[JVM-1] WARNING: Illegal reflective access by com.esotericsoftware.kryo.util.UnsafeUtil (file:/home/girish/IdeaProjects/csw/csw-config-cli/target/multi-run-copied-libraries/kryo-shaded-4.0.2.jar) to constructor java.nio.DirectByteBuffer(long,int,java.lang.Object)
[JVM-1] WARNING: Please consider reporting this to the maintainers of com.esotericsoftware.kryo.util.UnsafeUtil
[JVM-1] WARNING: Use --illegal-access=warn to enable warnings of further illegal reflective access operations
[JVM-1] WARNING: All illegal access operations will be denied in a future release
[JVM-2] - should upload, update, get and set active version of configuration files
[JVM-3] - should upload, update, get and set active version of configuration files
[JVM-1] - should upload, update, get and set active version of configuration files
[JVM-3] Run completed in 17 seconds, 417 milliseconds.
[JVM-3] Total number of tests run: 2
[JVM-3] Suites: completed 1, aborted 0
[JVM-3] Tests: succeeded 2, failed 0, canceled 0, ignored 0, pending 0
[JVM-3] All tests passed.
[JVM-2] Run completed in 17 seconds, 504 milliseconds.
[JVM-2] Total number of tests run: 2
[JVM-2] Suites: completed 1, aborted 0
[JVM-2] Tests: succeeded 2, failed 0, canceled 0, ignored 0, pending 0
[JVM-2] All tests passed.
[JVM-1] Run completed in 17 seconds, 971 milliseconds.
[JVM-1] Total number of tests run: 2
[JVM-1] Suites: completed 1, aborted 0
[JVM-1] Tests: succeeded 2, failed 0, canceled 0, ignored 0, pending 0
[JVM-1] All tests passed.
[info] * csw.framework.command.CommandServiceTest
[JVM-1] Run starting. Expected test count is: 2
[JVM-1] CommandServiceTestMultiJvm1:
[JVM-2] Run starting. Expected test count is: 2
[JVM-2] CommandServiceTestMultiJvm2:
[JVM-3] Run starting. Expected test count is: 2
[JVM-3] CommandServiceTestMultiJvm3:
[JVM-2] - ensure that location service is up for all the nodes
[JVM-3] - ensure that location service is up for all the nodes
[JVM-1] - ensure that location service is up for all the nodes
[JVM-1] WARNING: An illegal reflective access operation has occurred
[JVM-1] WARNING: Illegal reflective access by org.jboss.netty.util.internal.ByteBufferUtil (file:/home/girish/IdeaProjects/csw/csw-framework/target/multi-run-copied-libraries/netty-3.10.6.Final.jar) to method java.nio.DirectByteBuffer.cleaner()
[JVM-1] WARNING: Please consider reporting this to the maintainers of org.jboss.netty.util.internal.ByteBufferUtil
[JVM-1] WARNING: Use --illegal-access=warn to enable warnings of further illegal reflective access operations
[JVM-1] WARNING: All illegal access operations will be denied in a future release
[JVM-3] *** RUN ABORTED ***
[JVM-3]   java.lang.NoSuchMethodError: akka.actor.typed.scaladsl.AskPattern$.Askable(Lakka/actor/typed/RecipientRef;)Lakka/actor/typed/RecipientRef;
[JVM-3]   at csw.framework.internal.wiring.CswFrameworkSystem.spawnTyped(CswFrameworkSystem.scala:25)
[JVM-3]   at csw.framework.internal.wiring.Container$.spawn(Container.scala:27)
[JVM-3]   at csw.framework.command.CommandServiceTest.$anonfun$new$5(CommandServiceTest.scala:339)
[JVM-3]   at akka.remote.testkit.MultiNodeSpec.runOn(MultiNodeSpec.scala:370)
[JVM-3]   at csw.framework.command.CommandServiceTest.$anonfun$new$1(CommandServiceTest.scala:335)
[JVM-3]   at scala.runtime.java8.JFunction0$mcV$sp.apply(JFunction0$mcV$sp.java:12)
[JVM-3]   at org.scalatest.OutcomeOf.outcomeOf(OutcomeOf.scala:85)
[JVM-3]   at org.scalatest.OutcomeOf.outcomeOf$(OutcomeOf.scala:83)
[JVM-3]   at org.scalatest.OutcomeOf$.outcomeOf(OutcomeOf.scala:104)
[JVM-3]   at org.scalatest.Transformer.apply(Transformer.scala:22)
[JVM-3]   ...
[JVM-2] - sender of command should receive appropriate responses *** FAILED ***
[JVM-2]   java.util.concurrent.ExecutionException: Boxed Error
[JVM-2]   at scala.concurrent.impl.Promise$.resolver(Promise.scala:83)
[JVM-2]   at scala.concurrent.impl.Promise$.scala$concurrent$impl$Promise$$resolveTry(Promise.scala:75)
[JVM-2]   at scala.concurrent.impl.Promise$DefaultPromise.tryComplete(Promise.scala:280)
[JVM-2]   at scala.concurrent.Promise.complete(Promise.scala:49)
[JVM-2]   at scala.concurrent.Promise.complete$(Promise.scala:48)
[JVM-2]   at scala.concurrent.impl.Promise$DefaultPromise.complete(Promise.scala:183)
[JVM-2]   at csw.framework.models.CswContext$stateMachine$macro$61$1.apply(CswContext.scala:64)
[JVM-2]   at csw.framework.models.CswContext$stateMachine$macro$61$1.apply$mcV$sp(CswContext.scala:64)
[JVM-2]   at csw.framework.models.CswContext$stateMachine$macro$61$1.apply(CswContext.scala:64)
[JVM-2]   at csw.framework.models.CswContext$stateMachine$macro$61$1.apply(CswContext.scala:64)
[JVM-2]   ...
[JVM-2]   Cause: java.lang.NoSuchMethodError: akka.actor.typed.scaladsl.AskPattern$.Askable(Lakka/actor/typed/RecipientRef;)Lakka/actor/typed/RecipientRef;
[JVM-2]   at csw.framework.internal.wiring.CswFrameworkSystem.spawnTyped(CswFrameworkSystem.scala:25)
[JVM-2]   at csw.framework.models.CswContext$stateMachine$macro$61$1.apply(CswContext.scala:68)
[JVM-2]   at csw.framework.models.CswContext$stateMachine$macro$61$1.apply$mcV$sp(CswContext.scala:64)
[JVM-2]   at csw.framework.models.CswContext$stateMachine$macro$61$1.apply(CswContext.scala:64)
[JVM-2]   at csw.framework.models.CswContext$stateMachine$macro$61$1.apply(CswContext.scala:64)
[JVM-2]   at scala.concurrent.Future$.$anonfun$apply$1(Future.scala:654)
[JVM-2]   at scala.util.Success.$anonfun$map$1(Try.scala:251)
[JVM-2]   at scala.util.Success.map(Try.scala:209)
[JVM-2]   at scala.concurrent.Future.$anonfun$map$1(Future.scala:288)
[JVM-2]   at scala.concurrent.impl.Promise.liftedTree1$1(Promise.scala:29)
[JVM-2]   ...
[JVM-1] - sender of command should receive appropriate responses *** FAILED ***
[JVM-1]   java.lang.RuntimeException: barrier failed: spawned
[JVM-1]   at akka.remote.testconductor.ClientFSM$$anonfun$3.applyOrElse(Player.scala:221)
[JVM-1]   at akka.remote.testconductor.ClientFSM$$anonfun$3.applyOrElse(Player.scala:196)
[JVM-1]   at scala.runtime.AbstractPartialFunction.apply(AbstractPartialFunction.scala:34)
[JVM-1]   at akka.actor.FSM.processEvent(FSM.scala:684)
[JVM-1]   at akka.actor.FSM.processEvent$(FSM.scala:681)
[JVM-1]   at akka.remote.testconductor.ClientFSM.akka$actor$LoggingFSM$$super$processEvent(Player.scala:156)
[JVM-1]   at akka.actor.LoggingFSM.processEvent(FSM.scala:820)
[JVM-1]   at akka.actor.LoggingFSM.processEvent$(FSM.scala:802)
[JVM-1]   at akka.remote.testconductor.ClientFSM.processEvent(Player.scala:156)
[JVM-1]   at akka.actor.FSM.akka$actor$FSM$$processMsg(FSM.scala:678)
[JVM-1]   ...
[JVM-2] WARNING: An illegal reflective access operation has occurred
[JVM-2] WARNING: Illegal reflective access by org.jboss.netty.util.internal.ByteBufferUtil (file:/home/girish/IdeaProjects/csw/csw-framework/target/multi-run-copied-libraries/netty-3.10.6.Final.jar) to method java.nio.DirectByteBuffer.cleaner()
[JVM-2] WARNING: Please consider reporting this to the maintainers of org.jboss.netty.util.internal.ByteBufferUtil
[JVM-2] WARNING: Use --illegal-access=warn to enable warnings of further illegal reflective access operations
[JVM-2] WARNING: All illegal access operations will be denied in a future release
[JVM-2] Run completed in 25 seconds, 359 milliseconds.
[JVM-2] Total number of tests run: 2
[JVM-2] Suites: completed 1, aborted 0
[JVM-2] Tests: succeeded 1, failed 1, canceled 0, ignored 0, pending 0
[JVM-2] *** 1 TEST FAILED ***
[JVM-1] Run completed in 25 seconds, 624 milliseconds.
[JVM-1] Total number of tests run: 2
[JVM-1] Suites: completed 1, aborted 0
[JVM-1] Tests: succeeded 1, failed 1, canceled 0, ignored 0, pending 0
[JVM-1] *** 1 TEST FAILED ***
[error] Failed: csw.framework.command.CommandServiceTestMultiJvm1
[error] Failed: csw.framework.command.CommandServiceTestMultiJvm2
[error] Failed: csw.framework.command.CommandServiceTestMultiJvm3
[info] * csw.framework.command.CancellableCommandTest
[JVM-1] Run starting. Expected test count is: 2
[JVM-1] CancellableCommandTestMultiJvm1:
[JVM-2] Run starting. Expected test count is: 2
[JVM-2] CancellableCommandTestMultiJvm2:
[JVM-1] - ensure that location service is up for all the nodes
[JVM-2] - ensure that location service is up for all the nodes
[JVM-1] - a long running command should be cancellable *** FAILED ***
[JVM-1]   java.util.concurrent.ExecutionException: Boxed Error
[JVM-1]   at scala.concurrent.impl.Promise$.resolver(Promise.scala:83)
[JVM-1]   at scala.concurrent.impl.Promise$.scala$concurrent$impl$Promise$$resolveTry(Promise.scala:75)
[JVM-1]   at scala.concurrent.impl.Promise$DefaultPromise.tryComplete(Promise.scala:280)
[JVM-1]   at scala.concurrent.Promise.complete(Promise.scala:49)
[JVM-1]   at scala.concurrent.Promise.complete$(Promise.scala:48)
[JVM-1]   at scala.concurrent.impl.Promise$DefaultPromise.complete(Promise.scala:183)
[JVM-1]   at csw.framework.models.CswContext$stateMachine$macro$61$1.apply(CswContext.scala:64)
[JVM-1]   at csw.framework.models.CswContext$stateMachine$macro$61$1.apply$mcV$sp(CswContext.scala:64)
[JVM-1]   at csw.framework.models.CswContext$stateMachine$macro$61$1.apply(CswContext.scala:64)
[JVM-1]   at csw.framework.models.CswContext$stateMachine$macro$61$1.apply(CswContext.scala:64)
[JVM-1]   ...
[JVM-1]   Cause: java.lang.NoSuchMethodError: akka.actor.typed.scaladsl.AskPattern$.Askable(Lakka/actor/typed/RecipientRef;)Lakka/actor/typed/RecipientRef;
[JVM-1]   at csw.framework.internal.wiring.CswFrameworkSystem.spawnTyped(CswFrameworkSystem.scala:25)
[JVM-1]   at csw.framework.models.CswContext$stateMachine$macro$61$1.apply(CswContext.scala:68)
[JVM-1]   at csw.framework.models.CswContext$stateMachine$macro$61$1.apply$mcV$sp(CswContext.scala:64)
[JVM-1]   at csw.framework.models.CswContext$stateMachine$macro$61$1.apply(CswContext.scala:64)
[JVM-1]   at csw.framework.models.CswContext$stateMachine$macro$61$1.apply(CswContext.scala:64)
[JVM-1]   at scala.concurrent.Future$.$anonfun$apply$1(Future.scala:654)
[JVM-1]   at scala.util.Success.$anonfun$map$1(Try.scala:251)
[JVM-1]   at scala.util.Success.map(Try.scala:209)
[JVM-1]   at scala.concurrent.Future.$anonfun$map$1(Future.scala:288)
[JVM-1]   at scala.concurrent.impl.Promise.liftedTree1$1(Promise.scala:29)
[JVM-1]   ...
[JVM-1] Run completed in 10 seconds, 604 milliseconds.
[JVM-1] Total number of tests run: 2
[JVM-1] Suites: completed 1, aborted 0
[JVM-1] Tests: succeeded 1, failed 1, canceled 0, ignored 0, pending 0
[JVM-1] *** 1 TEST FAILED ***
[JVM-2] WARNING: An illegal reflective access operation has occurred
[JVM-2] WARNING: Illegal reflective access by org.jboss.netty.util.internal.ByteBufferUtil (file:/home/girish/IdeaProjects/csw/csw-framework/target/multi-run-copied-libraries/netty-3.10.6.Final.jar) to method java.nio.DirectByteBuffer.cleaner()
[JVM-2] WARNING: Please consider reporting this to the maintainers of org.jboss.netty.util.internal.ByteBufferUtil
[JVM-2] WARNING: Use --illegal-access=warn to enable warnings of further illegal reflective access operations
[JVM-2] WARNING: All illegal access operations will be denied in a future release
[JVM-2] - a long running command should be cancellable *** FAILED ***
[JVM-2]   java.util.concurrent.TimeoutException: Client timed out while waiting for barrier spawned
[JVM-2]   at akka.remote.testconductor.Player.$anonfun$enter$1(Player.scala:110)
[JVM-2]   at akka.remote.testconductor.Player.$anonfun$enter$1$adapted(Player.scala:97)
[JVM-2]   at scala.collection.Iterator.foreach(Iterator.scala:937)
[JVM-2]   at scala.collection.Iterator.foreach$(Iterator.scala:937)
[JVM-2]   at scala.collection.AbstractIterator.foreach(Iterator.scala:1425)
[JVM-2]   at scala.collection.IterableLike.foreach(IterableLike.scala:70)
[JVM-2]   at scala.collection.IterableLike.foreach$(IterableLike.scala:69)
[JVM-2]   at scala.collection.AbstractIterable.foreach(Iterable.scala:54)
[JVM-2]   at akka.remote.testconductor.Player.enter(Player.scala:97)
[JVM-2]   at akka.remote.testconductor.Player.enter$(Player.scala:94)
[JVM-2]   ...
[JVM-2] Run completed in 49 seconds, 760 milliseconds.
[JVM-2] Total number of tests run: 2
[JVM-2] Suites: completed 1, aborted 0
[JVM-2] Tests: succeeded 1, failed 1, canceled 0, ignored 0, pending 0
[JVM-2] *** 1 TEST FAILED ***
[error] Failed: csw.framework.command.CancellableCommandTestMultiJvm1
[error] Failed: csw.framework.command.CancellableCommandTestMultiJvm2
[info] * csw.framework.deploy.containercmd.ContainerCmdTest
[JVM-1] Run starting. Expected test count is: 2
[JVM-1] ContainerCmdTestMultiJvm1:
[JVM-2] Run starting. Expected test count is: 2
[JVM-2] ContainerCmdTestMultiJvm2:
[JVM-3] Run starting. Expected test count is: 2
[JVM-3] ContainerCmdTestMultiJvm3:
[JVM-2] - ensure that location service is up for all the nodes
[JVM-1] - ensure that location service is up for all the nodes
[JVM-3] - ensure that location service is up for all the nodes
[JVM-1] WARNING: An illegal reflective access operation has occurred
[JVM-1] WARNING: Illegal reflective access by com.esotericsoftware.kryo.util.UnsafeUtil (file:/home/girish/IdeaProjects/csw/csw-framework/target/multi-run-copied-libraries/kryo-shaded-4.0.2.jar) to constructor java.nio.DirectByteBuffer(long,int,java.lang.Object)
[JVM-1] WARNING: Please consider reporting this to the maintainers of com.esotericsoftware.kryo.util.UnsafeUtil
[JVM-1] WARNING: Use --illegal-access=warn to enable warnings of further illegal reflective access operations
[JVM-1] WARNING: All illegal access operations will be denied in a future release
[JVM-3] WARNING: An illegal reflective access operation has occurred
[JVM-3] WARNING: Illegal reflective access by com.esotericsoftware.kryo.util.UnsafeUtil (file:/home/girish/IdeaProjects/csw/csw-framework/target/multi-run-copied-libraries/kryo-shaded-4.0.2.jar) to constructor java.nio.DirectByteBuffer(long,int,java.lang.Object)
[JVM-3] WARNING: Please consider reporting this to the maintainers of com.esotericsoftware.kryo.util.UnsafeUtil
[JVM-3] WARNING: Use --illegal-access=warn to enable warnings of further illegal reflective access operations
[JVM-3] WARNING: All illegal access operations will be denied in a future release
[JVM-2] WARNING: An illegal reflective access operation has occurred
[JVM-2] WARNING: Illegal reflective access by com.esotericsoftware.kryo.util.UnsafeUtil (file:/home/girish/IdeaProjects/csw/csw-framework/target/multi-run-copied-libraries/kryo-shaded-4.0.2.jar) to constructor java.nio.DirectByteBuffer(long,int,java.lang.Object)
[JVM-2] WARNING: Please consider reporting this to the maintainers of com.esotericsoftware.kryo.util.UnsafeUtil
[JVM-2] WARNING: Use --illegal-access=warn to enable warnings of further illegal reflective access operations
[JVM-2] WARNING: All illegal access operations will be denied in a future release
[JVM-3] - should able to start components in container mode and in standalone mode through configuration service *** FAILED ***
[JVM-3]   java.util.concurrent.ExecutionException: Boxed Error
[JVM-3]   at scala.concurrent.impl.Promise$.resolver(Promise.scala:83)
[JVM-3]   at scala.concurrent.impl.Promise$.scala$concurrent$impl$Promise$$resolveTry(Promise.scala:75)
[JVM-3]   at scala.concurrent.impl.Promise$DefaultPromise.tryComplete(Promise.scala:280)
[JVM-3]   at scala.concurrent.Promise.complete(Promise.scala:49)
[JVM-3]   at scala.concurrent.Promise.complete$(Promise.scala:48)
[JVM-3]   at scala.concurrent.impl.Promise$DefaultPromise.complete(Promise.scala:183)
[JVM-3]   at csw.framework.models.CswContext$stateMachine$macro$61$1.apply(CswContext.scala:64)
[JVM-3]   at csw.framework.models.CswContext$stateMachine$macro$61$1.apply$mcV$sp(CswContext.scala:64)
[JVM-3]   at csw.framework.models.CswContext$stateMachine$macro$61$1.apply(CswContext.scala:64)
[JVM-3]   at csw.framework.models.CswContext$stateMachine$macro$61$1.apply(CswContext.scala:64)
[JVM-3]   ...
[JVM-3]   Cause: java.lang.NoSuchMethodError: akka.actor.typed.scaladsl.AskPattern$.Askable(Lakka/actor/typed/RecipientRef;)Lakka/actor/typed/RecipientRef;
[JVM-3]   at csw.framework.internal.wiring.CswFrameworkSystem.spawnTyped(CswFrameworkSystem.scala:25)
[JVM-3]   at csw.framework.models.CswContext$stateMachine$macro$61$1.apply(CswContext.scala:68)
[JVM-3]   at csw.framework.models.CswContext$stateMachine$macro$61$1.apply$mcV$sp(CswContext.scala:64)
[JVM-3]   at csw.framework.models.CswContext$stateMachine$macro$61$1.apply(CswContext.scala:64)
[JVM-3]   at csw.framework.models.CswContext$stateMachine$macro$61$1.apply(CswContext.scala:64)
[JVM-3]   at scala.concurrent.Future$.$anonfun$apply$1(Future.scala:654)
[JVM-3]   at scala.util.Success.$anonfun$map$1(Try.scala:251)
[JVM-3]   at scala.util.Success.map(Try.scala:209)
[JVM-3]   at scala.concurrent.Future.$anonfun$map$1(Future.scala:288)
[JVM-3]   at scala.concurrent.impl.Promise.liftedTree1$1(Promise.scala:29)
[JVM-3]   ...
[JVM-2] - should able to start components in container mode and in standalone mode through configuration service *** FAILED ***
[JVM-2]   java.lang.RuntimeException: svn: E180001: Unable to open repository 'file:///tmp/csw-config-svn'
[JVM-2] svn: E180001: Unable to connect to a repository at URL 'file:///tmp/csw-config-svn'
[JVM-2] svn: E204899: Can't open file '/tmp/csw-config-svn/db/current'
[JVM-2]   at csw.config.client.internal.ConfigClient$$anonfun$11.$anonfun$applyOrElse$13(ConfigClient.scala:262)
[JVM-2]   at scala.util.Success.$anonfun$map$1(Try.scala:251)
[JVM-2]   at scala.util.Success.map(Try.scala:209)
[JVM-2]   at scala.concurrent.Future.$anonfun$map$1(Future.scala:288)
[JVM-2]   at akka.http.scaladsl.util.FastFuture$FulfilledFuture.transform(FastFuture.scala:84)
[JVM-2]   at scala.concurrent.Future.map(Future.scala:288)
[JVM-2]   at scala.concurrent.Future.map$(Future.scala:288)
[JVM-2]   at akka.http.scaladsl.util.FastFuture$FulfilledFuture.map(FastFuture.scala:77)
[JVM-2]   at csw.config.client.internal.ConfigClient$$anonfun$11.applyOrElse(ConfigClient.scala:261)
[JVM-2]   at csw.config.client.internal.ConfigClient$$anonfun$11.applyOrElse(ConfigClient.scala:247)
[JVM-2]   ...
[JVM-2] Run completed in 16 seconds, 748 milliseconds.
[JVM-2] Total number of tests run: 2
[JVM-2] Suites: completed 1, aborted 0
[JVM-2] Tests: succeeded 1, failed 1, canceled 0, ignored 0, pending 0
[JVM-2] *** 1 TEST FAILED ***
[JVM-3] Run completed in 16 seconds, 784 milliseconds.
[JVM-3] Total number of tests run: 2
[JVM-3] Suites: completed 1, aborted 0
[JVM-3] Tests: succeeded 1, failed 1, canceled 0, ignored 0, pending 0
[JVM-3] *** 1 TEST FAILED ***
[JVM-1] - should able to start components in container mode and in standalone mode through configuration service *** FAILED ***
[JVM-1]   java.lang.RuntimeException: barrier failed: running
[JVM-1]   at akka.remote.testconductor.ClientFSM$$anonfun$3.applyOrElse(Player.scala:221)
[JVM-1]   at akka.remote.testconductor.ClientFSM$$anonfun$3.applyOrElse(Player.scala:196)
[JVM-1]   at scala.runtime.AbstractPartialFunction.apply(AbstractPartialFunction.scala:34)
[JVM-1]   at akka.actor.FSM.processEvent(FSM.scala:684)
[JVM-1]   at akka.actor.FSM.processEvent$(FSM.scala:681)
[JVM-1]   at akka.remote.testconductor.ClientFSM.akka$actor$LoggingFSM$$super$processEvent(Player.scala:156)
[JVM-1]   at akka.actor.LoggingFSM.processEvent(FSM.scala:820)
[JVM-1]   at akka.actor.LoggingFSM.processEvent$(FSM.scala:802)
[JVM-1]   at akka.remote.testconductor.ClientFSM.processEvent(Player.scala:156)
[JVM-1]   at akka.actor.FSM.akka$actor$FSM$$processMsg(FSM.scala:678)
[JVM-1]   ...
[JVM-1] Run completed in 22 seconds, 679 milliseconds.
[JVM-1] Total number of tests run: 2
[JVM-1] Suites: completed 1, aborted 0
[JVM-1] Tests: succeeded 1, failed 1, canceled 0, ignored 0, pending 0
[JVM-1] *** 1 TEST FAILED ***
[error] Failed: csw.framework.deploy.containercmd.ContainerCmdTestMultiJvm1
[error] Failed: csw.framework.deploy.containercmd.ContainerCmdTestMultiJvm2
[error] Failed: csw.framework.deploy.containercmd.ContainerCmdTestMultiJvm3
[info] * csw.framework.command.LongRunningCommandTest
[JVM-1] Run starting. Expected test count is: 2
[JVM-1] LongRunningCommandTestMultiJvm1:
[JVM-3] Run starting. Expected test count is: 2
[JVM-3] LongRunningCommandTestMultiJvm3:
[JVM-2] Run starting. Expected test count is: 2
[JVM-2] LongRunningCommandTestMultiJvm2:
[JVM-1] - ensure that location service is up for all the nodes
[JVM-3] - ensure that location service is up for all the nodes
[JVM-2] - ensure that location service is up for all the nodes
[JVM-1] WARNING: An illegal reflective access operation has occurred
[JVM-1] WARNING: Illegal reflective access by org.jboss.netty.util.internal.ByteBufferUtil (file:/home/girish/IdeaProjects/csw/csw-framework/target/multi-run-copied-libraries/netty-3.10.6.Final.jar) to method java.nio.DirectByteBuffer.cleaner()
[JVM-1] WARNING: Please consider reporting this to the maintainers of org.jboss.netty.util.internal.ByteBufferUtil
[JVM-1] WARNING: Use --illegal-access=warn to enable warnings of further illegal reflective access operations
[JVM-1] WARNING: All illegal access operations will be denied in a future release
[JVM-3] - should be able to send long running commands asynchronously and get the response *** FAILED ***
[JVM-3]   java.util.concurrent.ExecutionException: Boxed Error
[JVM-3]   at scala.concurrent.impl.Promise$.resolver(Promise.scala:83)
[JVM-3]   at scala.concurrent.impl.Promise$.scala$concurrent$impl$Promise$$resolveTry(Promise.scala:75)
[JVM-3]   at scala.concurrent.impl.Promise$DefaultPromise.tryComplete(Promise.scala:280)
[JVM-3]   at scala.concurrent.Promise.complete(Promise.scala:49)
[JVM-3]   at scala.concurrent.Promise.complete$(Promise.scala:48)
[JVM-3]   at scala.concurrent.impl.Promise$DefaultPromise.complete(Promise.scala:183)
[JVM-3]   at csw.framework.models.CswContext$stateMachine$macro$61$1.apply(CswContext.scala:64)
[JVM-3]   at csw.framework.models.CswContext$stateMachine$macro$61$1.apply$mcV$sp(CswContext.scala:64)
[JVM-3]   at csw.framework.models.CswContext$stateMachine$macro$61$1.apply(CswContext.scala:64)
[JVM-3]   at csw.framework.models.CswContext$stateMachine$macro$61$1.apply(CswContext.scala:64)
[JVM-3]   ...
[JVM-3]   Cause: java.lang.NoSuchMethodError: akka.actor.typed.scaladsl.AskPattern$.Askable(Lakka/actor/typed/RecipientRef;)Lakka/actor/typed/RecipientRef;
[JVM-3]   at csw.framework.internal.wiring.CswFrameworkSystem.spawnTyped(CswFrameworkSystem.scala:25)
[JVM-3]   at csw.framework.models.CswContext$stateMachine$macro$61$1.apply(CswContext.scala:68)
[JVM-3]   at csw.framework.models.CswContext$stateMachine$macro$61$1.apply$mcV$sp(CswContext.scala:64)
[JVM-3]   at csw.framework.models.CswContext$stateMachine$macro$61$1.apply(CswContext.scala:64)
[JVM-3]   at csw.framework.models.CswContext$stateMachine$macro$61$1.apply(CswContext.scala:64)
[JVM-3]   at scala.concurrent.Future$.$anonfun$apply$1(Future.scala:654)
[JVM-3]   at scala.util.Success.$anonfun$map$1(Try.scala:251)
[JVM-3]   at scala.util.Success.map(Try.scala:209)
[JVM-3]   at scala.concurrent.Future.$anonfun$map$1(Future.scala:288)
[JVM-3]   at scala.concurrent.impl.Promise.liftedTree1$1(Promise.scala:29)
[JVM-3]   ...
[JVM-3] WARNING: An illegal reflective access operation has occurred
[JVM-3] WARNING: Illegal reflective access by org.jboss.netty.util.internal.ByteBufferUtil (file:/home/girish/IdeaProjects/csw/csw-framework/target/multi-run-copied-libraries/netty-3.10.6.Final.jar) to method java.nio.DirectByteBuffer.cleaner()
[JVM-3] WARNING: Please consider reporting this to the maintainers of org.jboss.netty.util.internal.ByteBufferUtil
[JVM-3] WARNING: Use --illegal-access=warn to enable warnings of further illegal reflective access operations
[JVM-3] WARNING: All illegal access operations will be denied in a future release
[JVM-2] - should be able to send long running commands asynchronously and get the response *** FAILED ***
[JVM-2]   java.util.concurrent.ExecutionException: Boxed Error
[JVM-2]   at scala.concurrent.impl.Promise$.resolver(Promise.scala:83)
[JVM-2]   at scala.concurrent.impl.Promise$.scala$concurrent$impl$Promise$$resolveTry(Promise.scala:75)
[JVM-2]   at scala.concurrent.impl.Promise$DefaultPromise.tryComplete(Promise.scala:280)
[JVM-2]   at scala.concurrent.Promise.complete(Promise.scala:49)
[JVM-2]   at scala.concurrent.Promise.complete$(Promise.scala:48)
[JVM-2]   at scala.concurrent.impl.Promise$DefaultPromise.complete(Promise.scala:183)
[JVM-2]   at csw.framework.models.CswContext$stateMachine$macro$61$1.apply(CswContext.scala:64)
[JVM-2]   at csw.framework.models.CswContext$stateMachine$macro$61$1.apply$mcV$sp(CswContext.scala:64)
[JVM-2]   at csw.framework.models.CswContext$stateMachine$macro$61$1.apply(CswContext.scala:64)
[JVM-2]   at csw.framework.models.CswContext$stateMachine$macro$61$1.apply(CswContext.scala:64)
[JVM-2]   ...
[JVM-2]   Cause: java.lang.NoSuchMethodError: akka.actor.typed.scaladsl.AskPattern$.Askable(Lakka/actor/typed/RecipientRef;)Lakka/actor/typed/RecipientRef;
[JVM-2]   at csw.framework.internal.wiring.CswFrameworkSystem.spawnTyped(CswFrameworkSystem.scala:25)
[JVM-2]   at csw.framework.models.CswContext$stateMachine$macro$61$1.apply(CswContext.scala:68)
[JVM-2]   at csw.framework.models.CswContext$stateMachine$macro$61$1.apply$mcV$sp(CswContext.scala:64)
[JVM-2]   at csw.framework.models.CswContext$stateMachine$macro$61$1.apply(CswContext.scala:64)
[JVM-2]   at csw.framework.models.CswContext$stateMachine$macro$61$1.apply(CswContext.scala:64)
[JVM-2]   at scala.concurrent.Future$.$anonfun$apply$1(Future.scala:654)
[JVM-2]   at scala.util.Success.$anonfun$map$1(Try.scala:251)
[JVM-2]   at scala.util.Success.map(Try.scala:209)
[JVM-2]   at scala.concurrent.Future.$anonfun$map$1(Future.scala:288)
[JVM-2]   at scala.concurrent.impl.Promise.liftedTree1$1(Promise.scala:29)
[JVM-2]   ...
[JVM-2] WARNING: An illegal reflective access operation has occurred
[JVM-2] WARNING: Illegal reflective access by org.jboss.netty.util.internal.ByteBufferUtil (file:/home/girish/IdeaProjects/csw/csw-framework/target/multi-run-copied-libraries/netty-3.10.6.Final.jar) to method java.nio.DirectByteBuffer.cleaner()
[JVM-2] WARNING: Please consider reporting this to the maintainers of org.jboss.netty.util.internal.ByteBufferUtil
[JVM-2] WARNING: Use --illegal-access=warn to enable warnings of further illegal reflective access operations
[JVM-2] WARNING: All illegal access operations will be denied in a future release
[JVM-3] Run completed in 15 seconds, 564 milliseconds.
[JVM-3] Total number of tests run: 2
[JVM-3] Suites: completed 1, aborted 0
[JVM-3] Tests: succeeded 1, failed 1, canceled 0, ignored 0, pending 0
[JVM-3] *** 1 TEST FAILED ***
[JVM-2] Run completed in 15 seconds, 650 milliseconds.
[JVM-2] Total number of tests run: 2
[JVM-2] Suites: completed 1, aborted 0
[JVM-2] Tests: succeeded 1, failed 1, canceled 0, ignored 0, pending 0
[JVM-2] *** 1 TEST FAILED ***
[JVM-1] - should be able to send long running commands asynchronously and get the response *** FAILED ***
[JVM-1]   java.lang.RuntimeException: barrier failed: spawned
[JVM-1]   at akka.remote.testconductor.ClientFSM$$anonfun$3.applyOrElse(Player.scala:221)
[JVM-1]   at akka.remote.testconductor.ClientFSM$$anonfun$3.applyOrElse(Player.scala:196)
[JVM-1]   at scala.runtime.AbstractPartialFunction.apply(AbstractPartialFunction.scala:34)
[JVM-1]   at akka.actor.FSM.processEvent(FSM.scala:684)
[JVM-1]   at akka.actor.FSM.processEvent$(FSM.scala:681)
[JVM-1]   at akka.remote.testconductor.ClientFSM.akka$actor$LoggingFSM$$super$processEvent(Player.scala:156)
[JVM-1]   at akka.actor.LoggingFSM.processEvent(FSM.scala:820)
[JVM-1]   at akka.actor.LoggingFSM.processEvent$(FSM.scala:802)
[JVM-1]   at akka.remote.testconductor.ClientFSM.processEvent(Player.scala:156)
[JVM-1]   at akka.actor.FSM.akka$actor$FSM$$processMsg(FSM.scala:678)
[JVM-1]   ...
[JVM-1] Run completed in 16 seconds, 398 milliseconds.
[JVM-1] Total number of tests run: 2
[JVM-1] Suites: completed 1, aborted 0
[JVM-1] Tests: succeeded 1, failed 1, canceled 0, ignored 0, pending 0
[JVM-1] *** 1 TEST FAILED ***
[error] Failed: csw.framework.command.LongRunningCommandTestMultiJvm1
[error] Failed: csw.framework.command.LongRunningCommandTestMultiJvm2
[error] Failed: csw.framework.command.LongRunningCommandTestMultiJvm3
[info] csw.config.client.ConfigServiceTest
[info] No tests to run for MultiJvm
[info] csw.config.ConfigCliAppTest
[info] No tests to run for MultiJvm
[info] multi-jvm
[info] csw.framework.command.CommandServiceTest
[info] multi-jvm
[info] csw.framework.command.CancellableCommandTest
[info] multi-jvm
[info] csw.framework.deploy.containercmd.ContainerCmdTest
[info] multi-jvm
[info] csw.framework.command.LongRunningCommandTest
[error] Failed: Total 0, Failed 0, Errors 0, Passed 0
[info] No tests to run for MultiJvm
[info] ArgsParserTest:
[info] - parse without arguments (188 milliseconds)
[info] - parse inspect command without any options (4 milliseconds)
[info] - parse inspect command with only mandatory options (9 milliseconds)
[info] - parse get command without any options (2 milliseconds)
[info] - parse get with only mandatory options (3 milliseconds)
[info] - parse get with json output (2 milliseconds)
[info] - parse get with all options (2 milliseconds)
[info] - parse publish when input data file does not exist (2 milliseconds)
[info] - parse publish with mandatory fields when input data file exist (3 milliseconds)
[info] - parse publish with all fields when input data file exist (2 milliseconds)
[info] - parse publish with only params provided (56 milliseconds)
[info] ParameterArgParserTest:
[info] - should able to parse valid single param string when key name, type, units & values provided (3 milliseconds)
[info] - should able to parse valid string params (1 millisecond)
[info] - should able to parse valid string params with single quote and comma (1 millisecond)
[info] - should able to parse all valid space separated multi param string (6 milliseconds)
[info] - should throw exception when values are not provided for some of the param (1 millisecond)
[info] - should throw exception when unsupported key type provided (1 millisecond)
[info] - should throw exception when invalid unit provided (3 milliseconds)
[info] KeyArgTest:
[info] - should able to parse valid ':' separated string when key name, type and units provided (1 millisecond)
[info] - should able to parse valid ':' separated string when units are not provided (0 milliseconds)
[info] - should throw exception when key type is missing (0 milliseconds)
[info] EventOnelineTransformerTest:
[info] - should be able to inspect entire event in oneline format (78 milliseconds)
[info] - should be able to get entire event in oneline format (9 milliseconds)
[info] - should be able to get specified paths for event in oneline format (9 milliseconds)
[info] - should be able to get paths for multiple events in oneline format (2 milliseconds)
[info] - should be able to get partial struct paths from event in oneline format (2 milliseconds)
[info] - should be able to log timestamp in oneline format (3 milliseconds)
[info] - should be able to log id per event in oneline format (1 millisecond)
[info] - should be able to log units per event in oneline format (1 millisecond)
[info] EventJsonTransformerTest:
[info] - should be able to get entire event json when no paths are specified (3 milliseconds)
[info] - should be able to get top level non struct key from json (14 milliseconds)
[info] - should be able to get top level partial struct key from json (3 milliseconds)
[info] - should be able to get specified paths two levels deep in event in json format (3 milliseconds)
[info] - should be able to get multiple specified paths in event in json format (3 milliseconds)
[info] - should be able to get specified paths for multiple events in json format (8 milliseconds)
[info] - should be able to get full struct if both partial struct path and full path are given (3 milliseconds)
[info] CommandLineRunnerTest:
[info] - should able to inspect events containing multiple parameters including recursive structs (113 milliseconds)
[info] - should able to get events in json format (31 milliseconds)
[info] - should able to get appropriate error message when there is no event published for provided key (4 milliseconds)
[info] - should able to get events in oneline format (6 milliseconds)
[info] - should able to get events in oneline terse format (22 milliseconds)
[info] - should able to publish event when event key and event json file provided (51 milliseconds)
[info] - should able to publish event with interval (2 seconds, 581 milliseconds)
[info] - should able to publish event when params are provided (593 milliseconds)
[info] - should be able to subscribe and get json output to event key (1 second, 569 milliseconds)
[info] - should be able to subscribe to event key and get oneline output (1 second, 516 milliseconds)
[info] - should be able to subscribe to event key using terse mode and get oneline output (1 second, 519 milliseconds)
[info] FrameworkTestKitJunitTest:
[info] - shouldStartAllProvidedCSWServices
[ERROR] [11/13/2018 16:42:44.152] [framework-testkit-akka.actor.default-dispatcher-26] [akka.tcp://framework-testkit@10.14.6.37:37291/system/pool-master] connection pool for PoolGateway(hcps = HostConnectionPoolSetup(localhost,7654,ConnectionPoolSetup(ConnectionPoolSettings(4,0,5,32,1,30 seconds,ClientConnectionSettings(Some(User-Agent: akka-http/10.1.5),10 seconds,1 minute,512,None,WebSocketSettings(<function0>,ping,Duration.Inf,akka.http.impl.settings.WebSocketSettingsImpl$$$Lambda$1373/221239808@285c09c1),List(),ParserSettings(2048,16,64,64,8192,64,8388608,8388608,256,1048576,Strict,RFC6265,true,Set(),Full,Error,Map(If-Range -> 0, If-Modified-Since -> 0, If-Unmodified-Since -> 0, default -> 12, Content-MD5 -> 0, Date -> 0, If-Match -> 0, If-None-Match -> 0, User-Agent -> 32),false,true,akka.util.ConstantFun$$$Lambda$796/1548722897@479b0550,akka.util.ConstantFun$$$Lambda$796/1548722897@479b0550,akka.util.ConstantFun$$$Lambda$797/175126442@139bdf42),None,TCPTransport),New,1 second),akka.http.scaladsl.HttpConnectionContext$@5b41def1,akka.event.MarkerLoggingAdapter@1fcfdead))) has shut down unexpectedly
[info] ScalaTestFrameworkTestKitSpec:
[info] - should start all the provided services (76 milliseconds)
[info] UtilsTest:
[info] - testGetFreePort (43 milliseconds)
[info] - testGetAppConfig (57 milliseconds)
[info] - testNonExistantAppConfig (0 milliseconds)
[info] CommandTest:
[info] - testParse with no options should return command with default values (85 milliseconds)
[info] - testParse with options should return executable command (1 millisecond)
[info] - testParse with config file should honour config options (1 millisecond)
[info] - testParse with config file but undefined value (1 millisecond)
[info] - testParse with config file port, command parameters are overridable from command line (1 millisecond)
[info] - testParse when empty command is specified, should execute a 'false' command (1 millisecond)
[info] MainTest:
[info] - Test with command line args (2 seconds, 171 milliseconds)
[ERROR] [11/13/2018 16:42:53.015] [location-agent-akka.actor.default-dispatcher-24] [akka.tcp://location-agent@10.14.6.37:33999/system/pool-master] connection pool for PoolGateway(hcps = HostConnectionPoolSetup(localhost,7654,ConnectionPoolSetup(ConnectionPoolSettings(4,0,5,32,1,30 seconds,ClientConnectionSettings(Some(User-Agent: akka-http/10.1.5),10 seconds,1 minute,512,None,WebSocketSettings(<function0>,ping,Duration.Inf,akka.http.impl.settings.WebSocketSettingsImpl$$$Lambda$1460/1239508348@34b9ce5),List(),ParserSettings(2048,16,64,64,8192,64,8388608,8388608,256,1048576,Strict,RFC6265,true,Set(),Full,Error,Map(If-Range -> 0, If-Modified-Since -> 0, If-Unmodified-Since -> 0, default -> 12, Content-MD5 -> 0, Date -> 0, If-Match -> 0, If-None-Match -> 0, User-Agent -> 32),false,true,akka.util.ConstantFun$$$Lambda$881/1050797736@3b40262b,akka.util.ConstantFun$$$Lambda$881/1050797736@3b40262b,akka.util.ConstantFun$$$Lambda$882/528082695@514de80c),None,TCPTransport),New,1 second),akka.http.scaladsl.HttpConnectionContext$@e3efa74,akka.event.MarkerLoggingAdapter@6e0b39da))) has shut down unexpectedly
[info] - Test with config file (1 second, 166 milliseconds)
[info] ArgsParserTest:
[info] - test parser with valid arguments (10 milliseconds)
[info] - test parser with invalid service name combinations (6 milliseconds)
[info] - test parser with only --name option, should be allowed (1 millisecond)
[info] - test parser without --name option, should error out (1 millisecond)
[info] - test parser with service name containing '-' character, should error out (1 millisecond)
[info] - test parser with list of services containing leading/trailing whitespace, should error out (1 millisecond)
[info] - test parser with service name containing leading whitespace, should error out (0 milliseconds)
[info] - test parser with service name containing trailing whitespace, should error out (1 millisecond)
[info] - test parser with service name containing both leading and trailing whitespaces, error is shown (1 millisecond)
[info] JResultTest:
[info] - showUniqueKeyConstraintExample
[info] - showJsonSerialization
[info] - showUsageOfResult
[info] JStateVariablesTest:
[info] - showUsageOfCurrentState
[info] - showUniqueKeyConstraintExample
[info] - showUsageOfDemandState
[info] - showJsonSerialization
[info] ScalaTestIntegrationExampleTest:
[info] - test spawning component in standalone mode (549 milliseconds)
[ERROR] [11/13/2018 16:43:02.591] [framework-testkit-akka.actor.default-dispatcher-5] [akka.tcp://framework-testkit@10.14.6.37:44383/system/pool-master] connection pool for PoolGateway(hcps = HostConnectionPoolSetup(localhost,7654,ConnectionPoolSetup(ConnectionPoolSettings(4,0,5,32,1,30 seconds,ClientConnectionSettings(Some(User-Agent: akka-http/10.1.5),10 seconds,1 minute,512,None,WebSocketSettings(<function0>,ping,Duration.Inf,akka.http.impl.settings.WebSocketSettingsImpl$$$Lambda$1599/2040332714@6f911eb),List(),ParserSettings(2048,16,64,64,8192,64,8388608,8388608,256,1048576,Strict,RFC6265,true,Set(),Full,Error,Map(If-Range -> 0, If-Modified-Since -> 0, If-Unmodified-Since -> 0, default -> 12, Content-MD5 -> 0, Date -> 0, If-Match -> 0, If-None-Match -> 0, User-Agent -> 32),false,true,akka.util.ConstantFun$$$Lambda$800/1670849676@58e58d93,akka.util.ConstantFun$$$Lambda$800/1670849676@58e58d93,akka.util.ConstantFun$$$Lambda$801/636886060@14e6b8b4),None,TCPTransport),New,1 second),akka.http.scaladsl.HttpConnectionContext$@5a5e958a,akka.event.MarkerLoggingAdapter@7142f6c5))) has shut down unexpectedly
[info] JEventsTest:
[info] - showUsageOfSystemEvent
[info] - showUsageOfProtobuf
[info] - showUsageOfEventTime
[info] - showUsageOfJsonSerialization
[info] - showUniqueKeyConstraintExample
[info] - showUsageOfObserveEvent
[info] JConfigClientExampleTest:
[info] - testList
[info] - testCreateUpdateDelete
[info] - testGetById
[info] - testHistory
[info] - testActiveFileManagement
[info] - testGetActive
[info] - testGetMetadata
[info] - testGetByTime
[info] - testGetLatest
[info] - testExists
[ERROR] [11/13/2018 16:43:11.626] [framework-testkit-akka.actor.default-dispatcher-119] [akka.tcp://framework-testkit@10.14.6.37:40329/system/pool-master] connection pool for PoolGateway(hcps = HostConnectionPoolSetup(localhost,7654,ConnectionPoolSetup(ConnectionPoolSettings(4,0,5,32,1,30 seconds,ClientConnectionSettings(Some(User-Agent: akka-http/10.1.5),10 seconds,1 minute,512,None,WebSocketSettings(<function0>,ping,Duration.Inf,akka.http.impl.settings.WebSocketSettingsImpl$$$Lambda$1599/2040332714@6f911eb),List(),ParserSettings(2048,16,64,64,8192,64,8388608,8388608,256,1048576,Strict,RFC6265,true,Set(),Full,Error,Map(If-Range -> 0, If-Modified-Since -> 0, If-Unmodified-Since -> 0, default -> 12, Content-MD5 -> 0, Date -> 0, If-Match -> 0, If-None-Match -> 0, User-Agent -> 32),false,true,akka.util.ConstantFun$$$Lambda$800/1670849676@58e58d93,akka.util.ConstantFun$$$Lambda$800/1670849676@58e58d93,akka.util.ConstantFun$$$Lambda$801/636886060@14e6b8b4),None,TCPTransport),New,1 second),akka.http.scaladsl.HttpConnectionContext$@5a5e958a,akka.event.MarkerLoggingAdapter@5be5fece))) has shut down unexpectedly
[info] CommandsTest:
[info] Examples of Prefix
[info] - should show usage of utility functions (4 milliseconds)
[info] Examples of commands
[info] - Should show usage of Setup command (4 milliseconds)
[info] - Should show usage of Observe command (6 milliseconds)
[info] - Should show usage of Wait command (44 milliseconds)
[info] Examples of serialization
[info] - should show reading and writing of commands (290 milliseconds)
[info] Examples of unique key constraint
[info] - should show duplicate keys are removed (20 milliseconds)
[info] Examples of clone command
[info] - clone command creates a command from existing command with a new RunId for Setup, Observe or Wait (1 millisecond)
[info] EventsTest:
[info] Examples of EventTime
[info] - should show usage of utility functions (0 milliseconds)
[info] Examples of Events
[info] - should show usages of ObserveEvent (1 millisecond)
[info] - should show usages of SystemEvent (1 millisecond)
[info] Examples of serialization
[info] - should show reading and writing of events (3 milliseconds)
[info] Examples of unique key constraint
[info] - should show duplicate keys are removed (2 milliseconds)
[info] Examples of protobuf
[info] - should show usage of converting events to/from protobuf (1 millisecond)
[info] TestKitsExampleTest:
[info] - framework testkit example for spawning container (708 milliseconds)
[info] JCommandsTest:
[info] - showUsageOfObserveCommand
[info] - showUsageOfSetupCommand
[info] - showUniqueKeyConstraintExample
[info] - showUsageOfWaitCommand
[info] - showUsageOfUtilityFunctions
[info] - showCloneCommandExample
[info] - showJsonSerialization
[info] ConfigClientExampleTest:
[info] - exists (124 milliseconds)
[info] - getActive (97 milliseconds)
[info] - create-update-delete (368 milliseconds)
[info] - getById (109 milliseconds)
[info] - getLatest (90 milliseconds)
[info] - getByTime (118 milliseconds)
[info] - list (350 milliseconds)
[info] - history (189 milliseconds)
[info] - historyActive-setActiveVersion-resetActiveVersion-getActiveVersion-getActiveByTime (328 milliseconds)
[info] - getMetadata (35 milliseconds)
[ERROR] [11/13/2018 16:43:22.073] [framework-testkit-akka.actor.default-dispatcher-3] [akka.tcp://framework-testkit@10.14.6.37:41953/system/pool-master] connection pool for PoolGateway(hcps = HostConnectionPoolSetup(localhost,7654,ConnectionPoolSetup(ConnectionPoolSettings(4,0,5,32,1,30 seconds,ClientConnectionSettings(Some(User-Agent: akka-http/10.1.5),10 seconds,1 minute,512,None,WebSocketSettings(<function0>,ping,Duration.Inf,akka.http.impl.settings.WebSocketSettingsImpl$$$Lambda$1599/2040332714@6f911eb),List(),ParserSettings(2048,16,64,64,8192,64,8388608,8388608,256,1048576,Strict,RFC6265,true,Set(),Full,Error,Map(If-Range -> 0, If-Modified-Since -> 0, If-Unmodified-Since -> 0, default -> 12, Content-MD5 -> 0, Date -> 0, If-Match -> 0, If-None-Match -> 0, User-Agent -> 32),false,true,akka.util.ConstantFun$$$Lambda$800/1670849676@58e58d93,akka.util.ConstantFun$$$Lambda$800/1670849676@58e58d93,akka.util.ConstantFun$$$Lambda$801/636886060@14e6b8b4),None,TCPTransport),New,1 second),akka.http.scaladsl.HttpConnectionContext$@5a5e958a,akka.event.MarkerLoggingAdapter@1d8ef9d))) has shut down unexpectedly
[info] KeysAndParametersTest:
[info] Examples of keys and parameters
[info] - should show usage of primitive types (7 milliseconds)
[info] - should show usage of arrays (5 milliseconds)
[info] - should show usage of matrices (1 millisecond)
[info] - should show usage of choice (8 milliseconds)
[info] - should show usage of radec (0 milliseconds)
[info] - should show usage of struct (1 millisecond)
[info] - should show usage of units (0 milliseconds)
[info] JTestKitsExampleTest:
[info] - shouldAbleToSpawnContainerUsingTestKit
[ERROR] [11/13/2018 16:43:24.850] [csw-location-server-akka.actor.default-dispatcher-29] [akka.tcp://JSampleAssembly-system@10.14.6.37:45863/user/system/JSampleAssembly] swallowing exception during message send (akka.remote.RemoteTransportExceptionNoStackTrace: Attempted to send remote message but Remoting is not running.)
[ERROR] [11/13/2018 16:43:24.851] [csw-location-server-akka.actor.default-dispatcher-29] [akka.tcp://JSampleAssembly-system@10.14.6.37:45863/user/system/JSampleAssembly] swallowing exception during message send (akka.remote.RemoteTransportExceptionNoStackTrace: Attempted to send remote message but Remoting is not running.)
[info] StateVariablesTest:
[info] Examples of State variables
[info] - should show usages of DemandState (13 milliseconds)
[info] - should show usages of CurrentState (2 milliseconds)
[info] Examples of serialization
[info] - should show reading and writing of State variables (9 milliseconds)
[info] Examples of unique key constraint
[info] - should show duplicate keys are removed (6 milliseconds)
[info] ResultTest:
[info] Examples of Result
[info] - Should show usage of Result (3 milliseconds)
[info] Examples of serialization
[info] - should show reading and writing of commands (7 milliseconds)
[info] Examples of unique key constraint
[info] - should show duplicate keys are removed (4 milliseconds)
[info] JUnitIntegrationExampleTest:
[info] - testSpawningComponentInStandaloneMode
[ERROR] [11/13/2018 16:43:25.705] [framework-testkit-akka.actor.default-dispatcher-32] [akka.tcp://framework-testkit@10.14.6.37:44911/system/pool-master] connection pool for PoolGateway(hcps = HostConnectionPoolSetup(localhost,7654,ConnectionPoolSetup(ConnectionPoolSettings(4,0,5,32,1,30 seconds,ClientConnectionSettings(Some(User-Agent: akka-http/10.1.5),10 seconds,1 minute,512,None,WebSocketSettings(<function0>,ping,Duration.Inf,akka.http.impl.settings.WebSocketSettingsImpl$$$Lambda$1599/2040332714@6f911eb),List(),ParserSettings(2048,16,64,64,8192,64,8388608,8388608,256,1048576,Strict,RFC6265,true,Set(),Full,Error,Map(If-Range -> 0, If-Modified-Since -> 0, If-Unmodified-Since -> 0, default -> 12, Content-MD5 -> 0, Date -> 0, If-Match -> 0, If-None-Match -> 0, User-Agent -> 32),false,true,akka.util.ConstantFun$$$Lambda$800/1670849676@58e58d93,akka.util.ConstantFun$$$Lambda$800/1670849676@58e58d93,akka.util.ConstantFun$$$Lambda$801/636886060@14e6b8b4),None,TCPTransport),New,1 second),akka.http.scaladsl.HttpConnectionContext$@5a5e958a,akka.event.MarkerLoggingAdapter@769c3201))) has shut down unexpectedly
[info] JKeysAndParametersTest:
[info] - showUsageOfMatrices
[info] - showUsageOfArrays
[info] - showUsageOfChoice
[info] - showUsageOfRaDec
[info] - showUsageOfUnits
[info] - showUsageOfPrimitiveTypes
[info] - showUsageOfStruct
[info] AkkaLogAdminTest:
[info] - should able to get the current component log meta data (335 milliseconds)
[info] - should able to set log level of the component dynamically through http end point (380 milliseconds)
[info] - should give appropriate exception when component name is incorrect (84 milliseconds)
[info] - should give appropriate exception when logging level is incorrect (35 milliseconds)
[WARN] [11/13/2018 16:43:36.524] [csw-remote-actor-system-akka.actor.default-dispatcher-25] [csw-remote-actor-system/Pool(shared->http://localhost:7654)] [0 (WaitingForResponse)] Ongoing request [POST /location/unregister Strict(93 bytes)] was dropped because pool is shutting down
[WARN] [11/13/2018 16:43:36.527] [csw-remote-actor-system-akka.actor.default-dispatcher-25] [csw-remote-actor-system/Pool(shared->http://localhost:7654)] [1 (WaitingForEndOfResponseEntity)] Ongoing request [GET /location/track/Motion_Controller-hcd-akka Empty] was dropped because pool is shutting down
[WARN] [11/13/2018 16:43:36.528] [csw-remote-actor-system-akka.actor.default-dispatcher-25] [csw-remote-actor-system/Pool(shared->http://localhost:7654)] [3 (WaitingForEndOfResponseEntity)] Ongoing request [GET /location/track/Galil-hcd-akka Empty] was dropped because pool is shutting down
[info] HttpAndTcpLogAdminTest:
[info] - get component log meta data for http service not supported (44 milliseconds)
[info] - set component log level for http service not supported (8 milliseconds)
[info] - get component log meta data and set log level for tcp service not supported (7 milliseconds)
[info] - set component log level for tcp service not supported (6 milliseconds)
[ERROR] [11/13/2018 16:43:39.950] [admin-server-akka.actor.default-dispatcher-29] [akka.tcp://admin-server@10.14.6.37:33651/system/pool-master] connection pool for PoolGateway(hcps = HostConnectionPoolSetup(localhost,7654,ConnectionPoolSetup(ConnectionPoolSettings(32,0,5,32,1,30 seconds,ClientConnectionSettings(Some(User-Agent: akka-http/10.1.5),10 seconds,1 minute,512,None,WebSocketSettings(<function0>,ping,Duration.Inf,akka.http.impl.settings.WebSocketSettingsImpl$$$Lambda$1357/661557233@2ec661e),List(),ParserSettings(2048,16,64,64,8192,64,8388608,8388608,256,1048576,Strict,RFC6265,true,Set(),Full,Error,Map(If-Range -> 0, If-Modified-Since -> 0, If-Unmodified-Since -> 0, default -> 12, Content-MD5 -> 0, Date -> 0, If-Match -> 0, If-None-Match -> 0, User-Agent -> 32),false,true,akka.util.ConstantFun$$$Lambda$974/1075133426@4a83d199,akka.util.ConstantFun$$$Lambda$974/1075133426@4a83d199,akka.util.ConstantFun$$$Lambda$975/1618017567@2fd68b5b),None,TCPTransport),New,50 seconds),akka.http.scaladsl.HttpConnectionContext$@4eebd429,akka.event.MarkerLoggingAdapter@5292bfd0))) has shut down unexpectedly
[ERROR] [11/13/2018 16:43:39.951] [admin-server-akka.actor.default-dispatcher-38] [akka.tcp://admin-server@10.14.6.37:33651/system/pool-master] connection pool for PoolGateway(hcps = HostConnectionPoolSetup(10.14.6.37,7888,ConnectionPoolSetup(ConnectionPoolSettings(32,0,5,32,1,30 seconds,ClientConnectionSettings(Some(User-Agent: akka-http/10.1.5),10 seconds,1 minute,512,None,WebSocketSettings(<function0>,ping,Duration.Inf,akka.http.impl.settings.WebSocketSettingsImpl$$$Lambda$1357/661557233@2ec661e),List(),ParserSettings(2048,16,64,64,8192,64,8388608,8388608,256,1048576,Strict,RFC6265,true,Set(),Full,Error,Map(If-Range -> 0, If-Modified-Since -> 0, If-Unmodified-Since -> 0, default -> 12, Content-MD5 -> 0, Date -> 0, If-Match -> 0, If-None-Match -> 0, User-Agent -> 32),false,true,akka.util.ConstantFun$$$Lambda$974/1075133426@4a83d199,akka.util.ConstantFun$$$Lambda$974/1075133426@4a83d199,akka.util.ConstantFun$$$Lambda$975/1618017567@2fd68b5b),None,TCPTransport),New,50 seconds),akka.http.scaladsl.HttpConnectionContext$@4eebd429,akka.event.MarkerLoggingAdapter@5292bfd0))) has shut down unexpectedly
[info] ArgsParserTest:
[info] - parse without arguments (12 milliseconds)
[info] - parse when only port argument provided (2 milliseconds)
[info] - parse with all arguments (0 milliseconds)
[info] ScalaTest
[info] Run completed in 1 minute, 25 seconds.
[info] Total number of tests run: 47
[info] Suites: completed 6, aborted 0
[info] Tests: succeeded 47, failed 0, canceled 0, ignored 0, pending 0
[info] All tests passed.
[info] Passed: Total 47, Failed 0, Errors 0, Passed 47
[info] ScalaTest
[info] Run completed in 1 minute, 25 seconds.
[info] Total number of tests run: 2
[info] Suites: completed 2, aborted 0
[info] Tests: succeeded 2, failed 0, canceled 0, ignored 0, pending 0
[info] All tests passed.
[info] Passed: Total 2, Failed 0, Errors 0, Passed 2
[info] ScalaTest
[info] Run completed in 1 minute, 24 seconds.
[info] Total number of tests run: 20
[info] Suites: completed 4, aborted 0
[info] Tests: succeeded 20, failed 0, canceled 0, ignored 0, pending 0
[info] All tests passed.
[info] Passed: Total 20, Failed 0, Errors 0, Passed 20
[info] ScalaTest
[info] Run completed in 1 minute, 24 seconds.
[info] Total number of tests run: 78
[info] Suites: completed 16, aborted 0
[info] Tests: succeeded 78, failed 0, canceled 0, ignored 0, pending 0
[info] All tests passed.
[info] Passed: Total 78, Failed 0, Errors 0, Passed 78
[info] ScalaTest
[info] Run completed in 1 minute, 24 seconds.
[info] Total number of tests run: 11
[info] Suites: completed 3, aborted 0
[info] Tests: succeeded 11, failed 0, canceled 0, ignored 0, pending 0
[info] All tests passed.
[info] Passed: Total 11, Failed 0, Errors 0, Passed 11
[info] ScalaTest
[info] Run completed in 1 minute, 24 seconds.
[info] Total number of tests run: 0
[info] Suites: completed 0, aborted 0
[info] Tests: succeeded 0, failed 0, canceled 0, ignored 0, pending 0
[info] No tests were executed.
[info] Run completed in 102 milliseconds.
[info] Total number of tests run: 0
[info] Suites: completed 0, aborted 0
[info] Tests: succeeded 0, failed 0, canceled 0, ignored 0, pending 0
[info] No tests were executed.
[error] (csw-event-client / Test / test) sbt.TestsFailedException: Tests unsuccessful
[error] (csw-framework / Multi-jvm / test) sbt.TestsFailedException: Tests unsuccessful
[error] Total time: 1079 s, completed 13-Nov-2018, 4:43:47 PM
[INFO] [11/13/2018 16:43:47.925] [Thread-226] [CoordinatedShutdown(akka://sbt-web)] Starting coordinated shutdown from JVM shutdown hook
