[info] Loading settings for project global-plugins from idea.sbt ...
[info] Loading global plugins from /home/girish/.sbt/1.0/plugins
[info] Loading settings for project csw-build-build from metaplugins.sbt ...
[info] Loading project definition from /home/girish/IdeaProjects/csw/project/project
[info] Loading settings for project csw-build from plugins.sbt ...
[info] Loading project definition from /home/girish/IdeaProjects/csw/project
[info] Loading settings for project csw from build.sbt ...
[info] Resolving key references (36424 settings) ...
[info] Set current project to csw (in build file:/home/girish/IdeaProjects/csw/)
[info] BinaryUtilsTest:
[info] - testIsNotTextIsFalseForMoreThan85percentASCIICharacters (20 milliseconds)
[info] - testIsBinaryIsFalseForMoreThan85percentASCIICharacters (16 milliseconds)
[info] - testIsNotTextIsTrueForLessThan85percentASCIICharacters (1 millisecond)
[info] - testIsBinaryIsTrueForLessThan85percentASCIICharacters (1 millisecond)
[info] ConfigDataTest:
[info] - should able to retrieve string from Config Data source (474 milliseconds)
[info] - should able to generate InputStream from Config Data source (26 milliseconds)
[info] - should create source of ByteString from string (3 milliseconds)
[info] - should be able to save ConfigData to local disc (22 milliseconds)
[info] - should be able to get Config object when data is in valid HOCON format (8 milliseconds)
[info] - config object conversion should receive exception when data is NOT in valid HOCON format (7 milliseconds)
[info] Run completed in 6 seconds, 331 milliseconds.
[info] Total number of tests run: 10
[info] Suites: completed 2, aborted 0
[info] Tests: succeeded 10, failed 0, canceled 0, ignored 0, pending 0
[info] All tests passed.
[info] Run completed in 6 seconds, 206 milliseconds.
[info] Total number of tests run: 0
[info] Suites: completed 0, aborted 0
[info] Tests: succeeded 0, failed 0, canceled 0, ignored 0, pending 0
[info] No tests were executed.
[info] ILoggerActorTest:
[info] - testDefaultLogConfigurationForActor
[info] JLoggerImplAPITest:
[info] - testOverloadedDebugLogLevel
[info] - testOverloadedFatalLogLevel
[info] - testOverloadedWarnLogLevel
[info] - testOverloadedErrorLogLevel
[info] - testOverloadedInfoLogLevel
[info] - testOverloadedTraceLogLevel
[info] ILoggerMutableActorTest:
[info] - testDefaultLogConfigurationForActor
[info] FileAppenderTest:
[info] - log file is rotated every day (34 milliseconds)
[info] NonFileRotationTest:
[info] - verify log file rotation is off (13 milliseconds)
[info] ActorLoggingTest:
[info] - messages logged from actor should contain component name, file name, class name, line number and actor path (207 milliseconds)
[info] - message logged with custom Map properties should get logged (209 milliseconds)
[info] - should load default filter provided in configuration file and applied to actor messages (205 milliseconds)
[info] LoggerCompTest:
[info] - changing log level of component should only affect component specific classes (423 milliseconds)
[info] AkkaLoggerTest:
[info] - logging framework should capture akka log messages and log it (303 milliseconds)
[info] SimpleLoggingTest:
[info] - logs should contain component name and source location in terms of file name, class name and line number (112 milliseconds)
[info] - inner class logs should contain source location in terms of file name, class name and line number (122 milliseconds)
[info] - singleton object logs should contain source location in terms of file name, class name and line number (117 milliseconds)
[info] - object logs should allow user definable keys and values (111 milliseconds)
[info] - should load default filter provided in configuration file and applied to normal logging messages (205 milliseconds)
[info] - should apply default log level provided in configuration file for normal logging messages (311 milliseconds)
[info] - should able to filter logs based on configured/updated log level (covers all levels) (1 second, 255 milliseconds)
[info] - should able to filter logs based on configured/updated log level (covers all levels) with non-default level (1 second, 213 milliseconds)
[info] - alternative log message should contain @category (105 milliseconds)
[info] - should able to log exception at ERROR level with complete stacktrace (305 milliseconds)
[info] StdOutAppenderTest:
[info] - should print message to standard output stream if category is 'common' (1 millisecond)
[info] - should not print message to standard output stream if category is not 'common' (0 milliseconds)
[info] - should able to pretty-print one log message to one line (24 milliseconds)
[info] MutableActorLoggingTest:
[info] - messages logged from actor should contain component name, file name, class name, line number and actor path (203 milliseconds)
[info] - should load default filter provided in configuration file and applied to actor messages (203 milliseconds)
[info] LoggingConfigurationTest:
[info] - should log messages in the file with standard headers (149 milliseconds)
[info] - should log messages in the file without standard headers based on the log level configured in the config (251 milliseconds)
[info] - should log messages in the file and on console based on the log level configured in the file and stdout appender config (266 milliseconds)
[info] - should log messages on the console with standard headers based on the log level configured in the config (243 milliseconds)
[info] - should log messages on the console without standard headers (143 milliseconds)
[info] - should log messages on the console in one line (123 milliseconds)
[info] LoggingSystemTest:
[info] - should load default log level provided in configuration file (1 millisecond)
[info] - should able to set log level for default logger, slf4j and akka (1 millisecond)
[info] - should able to parse appenders from configuration file (1 millisecond)
[info] - should throw AppenderNotFoundException for an invalid appender configured (23 milliseconds)
[info] CustomAppenderTest:
[info] - should be able to add and configure a custom appender using an object extending from CustomAppenderBuilder (246 milliseconds)
[info] - should be able to add and configure a custom appender using a class extending from CustomAppenderBuilder (242 milliseconds)
[info] - should be able to add and configure a custom appender using a class extending from CustomAppenderBuilder showing config changes (240 milliseconds)
[info] JGenericLoggerTest:
[info] - testGenericLoggerActorWithoutComponentName
[info] - testGenericLoggerWithoutComponentName
[info] Slf4jAppenderTest:
[info] - logging framework should capture slf4j logs and log it (307 milliseconds)
[info] ComponentLoggingStateManagerTest:
[info] - should able to parse logging configuration and extract component log levels state (1 millisecond)
[info] - should able to add/update component logging level (0 milliseconds)
[info] - should return empty map if component log levels are not provided in configuration file (3 milliseconds)
[info] ComponentLoggingStateTest:
[info] - should initialize component logging state with provided level (0 milliseconds)
[info] - should able to update the log level of component (1 millisecond)
[info] ILoggerTest:
[info] - testLogLevelOfMultipleComponentsInSingleContainer
[info] - testDefaultLogConfigurationAndDefaultComponentLogLevel
[info] TimingTest:
[info] - should able to log messages to combination of standard out and file concurrently and also log time messages. (210 milliseconds)
[info] TimeServiceTest:
[info] ScalaTest
[info] Run completed in 20 seconds, 8 milliseconds.
[info] Total number of tests run: 54
[info] Suites: completed 20, aborted 0
[info] Tests: succeeded 54, failed 0, canceled 0, ignored 0, pending 0
[info] All tests passed.
[info] Passed: Total 54, Failed 0, Errors 0, Passed 54
[info] ScalaTest
[info] Run completed in 19 seconds, 864 milliseconds.
[info] Total number of tests run: 0
[info] Suites: completed 1, aborted 0
[info] Tests: succeeded 0, failed 0, canceled 0, ignored 0, pending 0
[info] No tests were executed.
[info] Passed: Total 0, Failed 0, Errors 0, Passed 0
[info] EventsTest:
[info] SystemEvent Test
[info] - should create with prefix and eventName (4 milliseconds)
[info] - should create with prefix, eventName, paramSet (2 milliseconds)
[info] - Should allow removing (0 milliseconds)
[info] - Should allow adding (1 millisecond)
[info] - Should access metadata fields (1 millisecond)
[info] - each event created should be unique (0 milliseconds)
[info] ObserveEvent Test
[info] - should create with prefix and eventName (0 milliseconds)
[info] - should create with prefix, eventName and paramSet (1 millisecond)
[info] - Should allow removing (1 millisecond)
[info] - Should allow adding (0 milliseconds)
[info] - Should access metadata fields (0 milliseconds)
[info] - each event created should be unique (0 milliseconds)
[info] IdTest:
[info] - should able to create setup commands having unique runId (8 milliseconds)
[info] - should able to create observe commands having unique runId (2 milliseconds)
[info] - should able to create wait commands having unique runId (1 millisecond)
[info] EqualityTest:
[info] Array-based long array equality
[info] - should short circuit with identical same arrays (0 milliseconds)
[info] - should be equal with identical different arrays (1 millisecond)
[info] - should fail with different valued arrays (0 milliseconds)
[info] - should work with items too when equal (1 millisecond)
[info] - should fail with items when values not equal (1 millisecond)
[info] Array-based long matrix equality
[info] - should short circuit with identical same matrices (0 milliseconds)
[info] - should be equal with identical different matrices (1 millisecond)
[info] - should fail with different valued matrices (1 millisecond)
[info] - should fail for totally different matrices (1 millisecond)
[info] Array-based byte array equality
[info] - should short circuit with identical same arrays (0 milliseconds)
[info] - should be equal with identical different arrays (0 milliseconds)
[info] - should fail with different valued arrays (0 milliseconds)
[info] - should work with items too when equal (0 milliseconds)
[info] - should fail with items when values not equal (0 milliseconds)
[info] Array-based byte matrix equality
[info] - should short circuit with identical same matrices (0 milliseconds)
[info] - should be equal with identical different matrices (1 millisecond)
[info] - should fail with different valued matrices (0 milliseconds)
[info] - should fail for totally different matrices (0 milliseconds)
[info] Array-based double array equality
[info] - should short circuit with identical same arrays (0 milliseconds)
[info] - should be equal with identical different arrays (1 millisecond)
[info] - should fail with different valued arrays (1 millisecond)
[info] - should work with items too when equal (1 millisecond)
[info] - should fail with items when values not equal (0 milliseconds)
[info] Array-based double matrix equality
[info] - should short circuit with identical same matrices (0 milliseconds)
[info] - should be equal with identical different matrices (0 milliseconds)
[info] - should fail with different valued matrices (0 milliseconds)
[info] - should fail for totally different matrices (0 milliseconds)
[info] Array-based float array equality
[info] - should short circuit with identical same arrays (0 milliseconds)
[info] - should be equal with identical different arrays (1 millisecond)
[info] - should fail with different valued arrays (0 milliseconds)
[info] - should work with items too when equal (0 milliseconds)
[info] - should fail with items when values not equal (0 milliseconds)
[info] Array-based float matrix equality
[info] - should short circuit with identical same matrices (1 millisecond)
[info] - should be equal with identical different matrices (1 millisecond)
[info] - should fail with different valued matrices (0 milliseconds)
[info] - should fail for totally different matrices (0 milliseconds)
[info] Array-based int array equality
[info] - should short circuit with identical same arrays (0 milliseconds)
[info] - should be equal with identical different arrays (1 millisecond)
[info] - should fail with different valued arrays (1 millisecond)
[info] - should work with items too when equal (0 milliseconds)
[info] - should fail with items when values not equal (0 milliseconds)
[info] Array-based int matrix equality
[info] - should short circuit with identical same matrices (1 millisecond)
[info] - should be equal with identical different matrices (0 milliseconds)
[info] - should fail with different valued matrices (0 milliseconds)
[info] - should fail for totally different matrices (1 millisecond)
[info] Array-based short array equality
[info] - should short circuit with identical same arrays (1 millisecond)
[info] - should be equal with identical different arrays (0 milliseconds)
[info] - should fail with different valued arrays (0 milliseconds)
[info] - should work with items too when equal (0 milliseconds)
[info] - should fail with items when values not equal (0 milliseconds)
[info] Array-based short matrix equality
[info] - should short circuit with identical same matrices (0 milliseconds)
[info] - should be equal with identical different matrices (0 milliseconds)
[info] - should fail with different valued matrices (0 milliseconds)
[info] - should fail for totally different matrices (0 milliseconds)
[info] KeyParameterTest:
[info] basic key tests
[info] - should have correct name (0 milliseconds)
[info] - should have equality based on name (0 milliseconds)
[info] test booleanKey
[info] - should allow single val (1 millisecond)
[info] - should work with list, withUnits (1 millisecond)
[info] - should work with list, units (0 milliseconds)
[info] test charItem
[info] - should allow single val (1 millisecond)
[info] - should work with list, withUnits (0 milliseconds)
[info] - should work with list, units (0 milliseconds)
[info] test ByteItem
[info] - should allow single val (0 milliseconds)
[info] - should work with list, withUnits (1 millisecond)
[info] - should work with list, units (0 milliseconds)
[info] test ByteArrayKey
[info] - should test single item (0 milliseconds)
[info] - should test with list, withUnits (0 milliseconds)
[info] - should test with list, units (0 milliseconds)
[info] - should test using one array with and without units (0 milliseconds)
[info] - should test using var args (0 milliseconds)
[info] test byteMatrixKey
[info] - should work with a single item (0 milliseconds)
[info] - should work with list and withUnits (0 milliseconds)
[info] - should work with list and units (0 milliseconds)
[info] - work with one matrix without and with units (1 millisecond)
[info] - work with varargs (0 milliseconds)
[info] - work with varargs as arrays (0 milliseconds)
[info] test ShortItem
[info] - should allow single val (0 milliseconds)
[info] - should work with list, withUnits (1 millisecond)
[info] - should work with list, units (0 milliseconds)
[info] test shortArrayKey
[info] - should test single item (0 milliseconds)
[info] - should test with list, withUnits (0 milliseconds)
[info] - should test with list, units (0 milliseconds)
[info] - should test using one array with and without units (1 millisecond)
[info] - should test using var args (0 milliseconds)
[info] test shortMatrixKey
[info] - should work with a single item (0 milliseconds)
[info] - should work with list and withUnits (0 milliseconds)
[info] - should work with list and units (0 milliseconds)
[info] - work with one matrix without and with units (0 milliseconds)
[info] - work with varargs (0 milliseconds)
[info] - work with varargs as arrays (0 milliseconds)
[info] test IntItem
[info] - should allow single val (0 milliseconds)
[info] - should work with list, withUnits (0 milliseconds)
[info] - should work with list, units (1 millisecond)
[info] test intArrayKey
[info] - should test single item (0 milliseconds)
[info] - should test with list, withUnits (1 millisecond)
[info] - should test with list, units (0 milliseconds)
[info] - should test using one array with and without units (1 millisecond)
[info] - should test using var args (0 milliseconds)
[info] test intMatrixKey
[info] - should work with a single item (0 milliseconds)
[info] - should work with list and withUnits (0 milliseconds)
[info] - should work with list and units (1 millisecond)
[info] - work with one matrix without and with units (0 milliseconds)
[info] - work with varargs (1 millisecond)
[info] - work with varargs as arrays (1 millisecond)
[info] test longKey
[info] - should allow single val (1 millisecond)
[info] - should work with list, withUnits (1 millisecond)
[info] - should work with list, units (1 millisecond)
[info] test LongArrayKey
[info] - should test single item (1 millisecond)
[info] - should test with list, withUnits (1 millisecond)
[info] - should test with list, units (0 milliseconds)
[info] - should test using one array with and without units (0 milliseconds)
[info] - should test using var args (0 milliseconds)
[info] test longMatrixKey
[info] - should work with a single item (0 milliseconds)
[info] - should work with list and withUnits (1 millisecond)
[info] - should work with list and units (0 milliseconds)
[info] - work with one matrix without and with units (1 millisecond)
[info] - work with varargs (0 milliseconds)
[info] - work with varargs as arrays (1 millisecond)
[info] test floatItem
[info] - should allow single val (0 milliseconds)
[info] - should work with list, withUnits (0 milliseconds)
[info] - should work with list, units (1 millisecond)
[info] test floatArrayKey
[info] - should test single item (1 millisecond)
[info] - should test with list, withUnits (1 millisecond)
[info] - should test with list, units (0 milliseconds)
[info] - should test using one array with and without units (0 milliseconds)
[info] - should test using var args (0 milliseconds)
[info] test floatMatrixKey
[info] - should work with a single item (0 milliseconds)
[info] - should work with list and withUnits (0 milliseconds)
[info] - should work with list and units (0 milliseconds)
[info] - work with one matrix without and with units (1 millisecond)
[info] - work with varargs (0 milliseconds)
[info] - work with varargs as arrays (0 milliseconds)
[info] test doubleItem
[info] - should allow single val (1 millisecond)
[info] - should work with list, withUnits (1 millisecond)
[info] - should work with list, units (0 milliseconds)
[info] test doubleArrayKey
[info] - should test single item (1 millisecond)
[info] - should test with list, withUnits (0 milliseconds)
[info] - should test with list, units (0 milliseconds)
[info] - should test using one array with and without units (0 milliseconds)
[info] - should test using var args (0 milliseconds)
[info] test doubleMatrixKey
[info] - should work with a single item (0 milliseconds)
[info] - should work with list and withUnits (0 milliseconds)
[info] - should work with list and units (0 milliseconds)
[info] - work with one matrix without and with units (0 milliseconds)
[info] - work with varargs (1 millisecond)
[info] - work with varargs as arrays (1 millisecond)
[info] test TimestampItem
[info] - should allow create a Timestamp parameter from a timestamp key (1 millisecond)
[info] - and second must be default Unit (0 milliseconds)
[info] - should work with list, withUnits (0 milliseconds)
[info] - should work with list, units (1 millisecond)
[info] testing ChoiceItem
[info] - should allow creating with Choices object (1 millisecond)
[info] - should allow creating with varargs of Strings (0 milliseconds)
[info] - should allow creation with individual Choice items (1 millisecond)
[info] test raDecKey
[info] - should allow single val (1 millisecond)
[info] - should work with list, withUnits (0 milliseconds)
[info] - should work with list, units (0 milliseconds)
[info] test stringKey
[info] - should allow single val (1 millisecond)
[info] - should work with list, withUnits (1 millisecond)
[info] - should work with list, units (1 millisecond)
[info] testing StructItem
[info] - should allow creating Struct items (1 millisecond)
[info] test setting multiple values
[info] - should allow setting a single value (0 milliseconds)
[info] - should allow setting several (1 millisecond)
[info] - should also allow setting with sequence (1 millisecond)
[info] CommandsTest:
[info] Setup config tests
[info] - Should allow adding keys using single set (2 milliseconds)
[info] - Should allow setting with units (1 millisecond)
[info] - Should allow apply which returns values (1 millisecond)
[info] - should update for the same key with set (0 milliseconds)
[info] - Should able to create with Byte Parameteret (1 millisecond)
[info] - Should allow updates (1 millisecond)
[info] - Should allow to create setup without obsId (1 millisecond)
[info] - Should create new RunId when a parameter is added or removed (1 millisecond)
[info] Observe config tests
[info] - Should allow adding keys (1 millisecond)
[info] - Should allow setting (0 milliseconds)
[info] - Should allow apply (1 millisecond)
[info] - should update for the same key with set (1 millisecond)
[info] - should update for the same key with add (1 millisecond)
[info] - Should create new RunId when a parameter is added or removed (1 millisecond)
[info] Wait config tests
[info] - Should allow adding keys (0 milliseconds)
[info] - Should allow setting (0 milliseconds)
[info] - Should allow apply (0 milliseconds)
[info] - should update for the same key with set (1 millisecond)
[info] - should update for the same key with add (1 millisecond)
[info] - Should create new RunId when a parameter is added or removed (0 milliseconds)
[info] testing for getting typed items
[info] Checking for item types in configs
[info] - Should get as IntItem (1 millisecond)
[info] Check for multi-add
[info] - Should allow vararg add (0 milliseconds)
[info] Should work with remove
[info] - Setup command should allow removing one at a time (0 milliseconds)
[info] - Observe command should allow removing one at a time (0 milliseconds)
[info] - Wait command should allow removing one at a time (0 milliseconds)
[info] should work with remove by item
[info] - Should allow removing one at a time (1 millisecond)
[info] clone command test
[info] - clone command creates a command from existing command with a new RunId for Setup, Observe or Wait (1 millisecond)
[info] UniqueKeyVerificationTest:
[info] Test Commands
[info] - Setup command is able to remove duplicate keys (5 milliseconds)
[info] - Observe command is able to remove duplicate keys (2 milliseconds)
[info] - Wait command is able to remove duplicate keys (2 milliseconds)
[info] Test Result
[info] - is able to remove duplicate keys (2 milliseconds)
[info] Test Struct
[info] - is able to remove duplicate keys (2 milliseconds)
[info] Test StateVariables
[info] - DemandState is able to remove duplicate keys (2 milliseconds)
[info] - CurrentState is able to remove duplicate keys (1 millisecond)
[info] Test Events
[info] - ObserveEvent command is able to remove duplicate keys (3 milliseconds)
[info] - SystemEvent command is able to remove duplicate keys (3 milliseconds)
[info] JsonTest:
[info] Test Subsystem JSON
[info] - should encode and decode properly (1 millisecond)
[info] Test Prefix
[info] - should encode and decode properly (1 millisecond)
[info] Test Units JSON
[info] - should encode and decode properly (6 milliseconds)
[info] Test concrete items
[info] - char item encode/decode without units (5 milliseconds)
[info] - char item encode/decode with units (1 millisecond)
[info] - short item encode/decode (2 milliseconds)
[info] - int item encode/decode (1 millisecond)
[info] - long item encode/decode (1 millisecond)
[info] - float item encode/decode (2 milliseconds)
[info] - double item encode/decode (1 millisecond)
[info] - boolean item encode/decode (2 milliseconds)
[info] - string item encode/decode (1 millisecond)
[info] Testing Items
[info] - should encode and decode items list (2 milliseconds)
[info] Commands and Events JSON
[info] - Should encode/decode a Setup (6 milliseconds)
[info] - Should encode/decode an Observe (3 milliseconds)
[info] - Should encode/decode an Wait (3 milliseconds)
[info] - Should encode/decode an ObserveEvent (8 milliseconds)
[info] - Should encode/decode an SystemEvent (3 milliseconds)
[info] - Should encode/decode an CurrentState (3 milliseconds)
[info] - Should encode/decode an DemandState (3 milliseconds)
[info] Test Custom RaDecItem
[info] - Should allow custom RaDecItem (2 milliseconds)
[info] Test Double Matrix items
[info] - Should allow double matrix values (3 milliseconds)
[info] Test Double Array items
[info] - Should allow double array values (1 millisecond)
[info] Test Int Matrix items
[info] - Should allow int matrix values (2 milliseconds)
[info] Test Int Array items
[info] - Should allow int array values (1 millisecond)
[info] Test Byte Matrix items
[info] - Should allow byte matrix values (2 milliseconds)
[info] Test Byte Array items
[info] - Should allow byte array values (3 milliseconds)
[info] Test Short Matrix items
[info] - Should allow short matrix values (2 milliseconds)
[info] Test Short Array items
[info] - Should allow short array values (1 millisecond)
[info] Test Long Matrix items
[info] - Should allow long matrix values (1 millisecond)
[info] Test Long Array items
[info] - Should allow long array values (1 millisecond)
[info] Test Choice items
[info] - Should allow choice/enum values (1 millisecond)
[info] testing StructItem JSON support
[info] - should allow Struct values (3 milliseconds)
[info] SocketUtilsTest:
[info] - should return true when server is running on given host and port (25 milliseconds)
[info] - should throw exception when server is not running on given host and port (5 seconds, 68 milliseconds)
[info] NetworksTest:
[info] - Should filter ipv6 addresses (289 milliseconds)
[info] - Should get ip4 address of interface with lowest index when interfacename is not provided (1 millisecond)
[info] - testGetIpv4Address throws NetworkInterfaceNotFound when provided interface name is not present (38 milliseconds)
[info] - testGetIpv4Address returns inet address when provided a valid interface name (2 milliseconds)
[info] Run completed in 15 seconds, 517 milliseconds.
[info] Total number of tests run: 126
[info] Suites: completed 4, aborted 0
[info] Tests: succeeded 126, failed 0, canceled 0, ignored 0, pending 0
[info] All tests passed.
[info] Run completed in 9 seconds, 967 milliseconds.
[info] Total number of tests run: 6
[info] Suites: completed 2, aborted 0
[info] Tests: succeeded 6, failed 0, canceled 0, ignored 0, pending 0
[info] All tests passed.
[info] FullAlarmSeverityTest:
[info] - should match enum values (13 milliseconds)
[info] AlarmHealthTest:
[info] - should match enum values (0 milliseconds)
[info] - severities Okay, Warning should result in Good health (1 millisecond)
[info] - severity Major should result in Ill health (0 milliseconds)
[info] - severities Disconnected, Indeterminate, Critical should result in Bad health (0 milliseconds)
[info] AlarmTypeTest:
[info] - should match enum values (1 millisecond)
[info] KeyTest:
[info] - AlarmKey should be representing a unique alarm (3 milliseconds)
[info] - SubsystemKey should be representing keys for all alarms of a subsystem (1 millisecond)
[info] - ComponentKey should be representing keys for all alarms of a component (1 millisecond)
[info] - GlobalKey should be representing keys for all alarms (1 millisecond)
[info] - AlarmKey should not allow '*' character (1 millisecond)
[info] - AlarmKey should not allow '[' character (0 milliseconds)
[info] - AlarmKey should not allow ']' character (0 milliseconds)
[info] - AlarmKey should not allow '-' character (1 millisecond)
[info] - AlarmKey should not allow '^' character (0 milliseconds)
[info] - ComponentKey should not allow '*' character (1 millisecond)
[info] - ComponentKey should not allow '[' character (1 millisecond)
[info] - ComponentKey should not allow ']' character (1 millisecond)
[info] - ComponentKey should not allow '-' character (0 milliseconds)
[info] - ComponentKey should not allow '^' character (0 milliseconds)
[info] - ComponentKey should not allow empty values (1 millisecond)
[info] - AlarmKey should not allow empty values (1 millisecond)
[info] AlarmMetadataTest:
[info] - should get alarm key from AlarmMetadata (0 milliseconds)
[info] - should always support Indeterminate and Okay severities  (0 milliseconds)
[info] - should tell if the alarm is active or not (0 milliseconds)
[info] - should be able to get description of the alarm (0 milliseconds)
[info] - should be able to get alarm type (6 milliseconds)
[info] - should get probable cause from AlarmMetadata (0 milliseconds)
[info] - should get operator response from AlarmMetadata (0 milliseconds)
[info] - should be able to determine if alarm can be auto-acknowledged (0 milliseconds)
[info] - should be able to determine if alarm can be latched (0 milliseconds)
[info] ShelveStatusTest:
[info] - should match enum values (0 milliseconds)
[info] AcknowledgementStatusTest:
[info] - should match enum values (0 milliseconds)
[info] AlarmSeverityTest:
[info] - should match enum values (1 millisecond)
[info] ActivationStatusTest:
[info] - should match enum values (0 milliseconds)
[info] ComponentIdTest:
[info] - should not contain leading or trailing spaces in component's name (145 milliseconds)
[info] - should not contain '-' in component's name (2 milliseconds)
[info] ComponentTypeTest:
[info] - ComponentType should be any one of this types : 'container', 'hcd', 'assembly' and 'service' (3 milliseconds)
[info] ConnectionTypeTest:
[info] - ConnectionType should be any one of this types : 'http', 'tcp' and 'akka' (4 milliseconds)
[info] ConnectionTest:
[info] - should able to form a string representation for akka connection for trombone HCD (5 milliseconds)
[info] - should able to form a string representation for tcp connection for redis (1 millisecond)
[info] - should able to form a string representation for http connection for config service (1 millisecond)
[info] - should able to form a string representation for akka connection for trombone container (1 millisecond)
[info] - should able to form a string representation for akka connection for trombone assembly (1 millisecond)
[info] - should able to form a connection for components from a valid string representation (4 milliseconds)
[info] - should not be able to form a connection for components from an invalid string representation (1 millisecond)
[info] Run completed in 6 seconds, 409 milliseconds.
[info] Total number of tests run: 0
[info] Suites: completed 0, aborted 0
[info] Tests: succeeded 0, failed 0, canceled 0, ignored 0, pending 0
[info] No tests were executed.
[info] Run completed in 6 seconds, 383 milliseconds.
[info] Total number of tests run: 35
[info] Suites: completed 9, aborted 0
[info] Tests: succeeded 35, failed 0, canceled 0, ignored 0, pending 0
[info] All tests passed.
[info] Run completed in 6 seconds, 236 milliseconds.
[info] Total number of tests run: 11
[info] Suites: completed 4, aborted 0
[info] Tests: succeeded 11, failed 0, canceled 0, ignored 0, pending 0
[info] All tests passed.
[info] LocationServerStatusTest:
[info] - should return true when server is running on given host and port (49 milliseconds)
[info] - should throw exception when server is not running on given host and port (5 seconds, 58 milliseconds)
[info] JDatabaseServiceTest:
[info] - shouldBeAbleToCreateTableAndInsertDataInIt
[info] - shouldBeAbleToCreateANewDatabase
[info] - shouldBeAbleToAlterOrDropATable
[info] - shouldBeAbleToDeleteRecordsFromTable
[info] - shouldBeAbleToCreateJoinAndGroupRecordsUsingForeignKey
[info] - shouldBeAbleToQueryRecordsFromTheTable
[info] - shouldBeAbleToUpdateRecord
[info] DatabaseServiceTest:
[info] - should be able to create a new Database (9 milliseconds)
[info] - should be able to alter/drop a table (156 milliseconds)
[info] - should be able to query records from the table (67 milliseconds)
[info] - should be able to create table with unique default IDs and insert data in it (96 milliseconds)
[info] - should be able to create, join and group records (3 milliseconds)
[info] - should be able to update record (3 milliseconds)
[info] - should be able to delete records (111 milliseconds)
[info] JLocationServiceImplTest:
[info] - testHttpRegistration
[info] - testTrackingConnection
[info] - testResolveTcpConnection
[info] - testRegistrationAndUnregistrationOfHttpComponent
[info] - testListComponentsByHostname
[info] - testResolveAkkaConnection
[info] - testUnregisteringDeadActorByDeathWatch
[info] - testTcpRegistration
[info] - testListComponents
[info] - testSubscribeConnection
[info] - testListakkaComponentsByPrefix
[info] - testAkkaRegistration
[info] - testLocationServiceRegisterWithAkkaHttpTcpAsSequence
[info] - testListComponentsByConnectionType
[info] - testListComponentsByComponentType
[ERROR] [11/26/2018 12:14:22.000] [csw-remote-actor-system-akka.actor.default-dispatcher-35] [akka.tcp://csw-location-server@192.168.12.210:3552/system/remote-watcher] swallowing exception during message send (akka.remote.RemoteTransportExceptionNoStackTrace: Attempted to send remote message but Remoting is not running.)
[ERROR] [11/26/2018 12:14:22.003] [csw-remote-actor-system-akka.actor.default-dispatcher-35] [akka.tcp://csw-location-server@192.168.12.210:3552/system/remote-watcher] swallowing exception during message send (akka.remote.RemoteTransportExceptionNoStackTrace: Attempted to send remote message but Remoting is not running.)
[info] LocationServiceCompTestWithCluster:
[info] - should able to register, resolve, list and unregister tcp location (2 seconds, 228 milliseconds)
[info] - should able to register, resolve, list and unregister http location (2 seconds, 32 milliseconds)
[info] - should able to register, resolve, list and unregister akka location (2 seconds, 38 milliseconds)
[info] - akka location death watch actor should unregister services whose actorRef is terminated (325 milliseconds)
[info] - should able to track tcp connection and get location updated(on registration) and remove(on unregistration) messages (930 milliseconds)
[info] - should be able to subscribe a tcp connection and receive notifications via callback (1 second, 201 milliseconds)
[info] - should able to track http and akka connection registered before tracking started (1 second, 291 milliseconds)
[info] - should able to stop tracking (704 milliseconds)
[info] - should not register a different Registration(connection + port/URI/actorRef) against already registered name (11 milliseconds)
[info] - registering an already registered Registration(connection + port/URI/actorRef) on same machine should not result in failure (9 milliseconds)
[info] - unregistering an already unregistered connection does not result in failure (5 milliseconds)
[info] - should able to resolve tcp connection (3 milliseconds)
[info] - should filter components with component type (5 milliseconds)
[info] - should filter connections based on Connection type (6 milliseconds)
[info] - should filter connections based on hostname (4 milliseconds)
[info] - should filter akka connections based on prefix (4 milliseconds)
[info] - should able to unregister all components (3 milliseconds)
[info] ArgsParserTest:
[info] - parse without arguments (9 milliseconds)
[info] - parse with all arguments without testMode (2 milliseconds)
[info] - parse with all arguments --testMode (0 milliseconds)
[info] - parse with some arguments (0 milliseconds)
[info] BlockingUtilsTest:
[info] - test that Poll method bottoms out and returns expected result (1 second, 4 milliseconds)
[info] - test that Poll method detects predicate fulfillment (207 milliseconds)
[info] MultiActorSystemTest:
[info] - ensure that location service works across two actorSystems within the same JVM (91 milliseconds)
[info] StreamExtTest:
[info] - distinctUntilChanged (3 milliseconds)
[info] ClusterSettingsTest:
[info] - exception is thrown when settings are not found for a given cluster name (3 milliseconds)
[info] - default cluster settings are used when no custom parameters are supplied (5 milliseconds)
[info] - cluster settings with custom parameters are used (1 millisecond)
[info] - cluster settings with join Local (2 milliseconds)
[info] - cluster settings with custom values (1 millisecond)
[info] - cluster settings with system properties (1 millisecond)
[info] RegistrationTest:
[info] - should able to create the AkkaRegistration which should internally create AkkaLocation (1 millisecond)
[info] - should able to create the HttpRegistration which should internally create HttpLocation (1 millisecond)
[info] - should able to create the TcpRegistration which should internally create TcpLocation (1 millisecond)
[WARN] [11/26/2018 12:14:36.256] [pool-1-thread-1-ScalaTest-running-RegistrationTest] [ManifestInfo(akka://local-actor-system)] Detected possible incompatible versions on the classpath. Please note that a given Akka version MUST be the same across all modules of Akka that you are using, e.g. if you use [2.5.18] all other modules that are released together MUST be of the same version. Make sure you're using a compatible set of libraries.Possibly conflicting versions [2.5.18, 2.5.6] in libraries [akka-multi-node-testkit:2.5.18, akka-persistence:2.5.6, akka-cluster-sharding:2.5.6, akka-protobuf:2.5.18, akka-actor-typed:2.5.18, akka-actor:2.5.18, akka-slf4j:2.5.18, akka-remote:2.5.18, akka-cluster:2.5.18, akka-distributed-data:2.5.18, akka-stream:2.5.18, akka-cluster-typed:2.5.18, akka-actor-testkit-typed:2.5.18, akka-stream-testkit:2.5.18, akka-cluster-tools:2.5.18]
[info] - should not allow AkkaRegistration using local ActorRef (34 milliseconds)
[info] LocationServiceCompTestWithHttp:
[info] - should able to register, resolve, list and unregister tcp location (2 seconds, 107 milliseconds)
[info] - should able to register, resolve, list and unregister http location (2 seconds, 87 milliseconds)
[info] - should able to register, resolve, list and unregister akka location (2 seconds, 91 milliseconds)
[info] - akka location death watch actor should unregister services whose actorRef is terminated (109 milliseconds)
[info] - should able to track tcp connection and get location updated(on registration) and remove(on unregistration) messages (988 milliseconds)
[info] - should be able to subscribe a tcp connection and receive notifications via callback (1 second, 186 milliseconds)
[info] - should able to track http and akka connection registered before tracking started (1 second, 276 milliseconds)
[info] - should able to stop tracking (714 milliseconds)
[info] - should not register a different Registration(connection + port/URI/actorRef) against already registered name (36 milliseconds)
[info] - registering an already registered Registration(connection + port/URI/actorRef) on same machine should not result in failure (18 milliseconds)
[info] - unregistering an already unregistered connection does not result in failure (9 milliseconds)
[info] - should able to resolve tcp connection (6 milliseconds)
[info] - should filter components with component type (18 milliseconds)
[info] - should filter connections based on Connection type (25 milliseconds)
[info] - should filter connections based on hostname (21 milliseconds)
[info] - should filter akka connections based on prefix (17 milliseconds)
[info] - should able to unregister all components (16 milliseconds)
[info] JHTTPLocationService:
[info] JsonTest:
[info] Test Subsystem JSON
[info] - should encode and decode properly (174 milliseconds)
[info] Test Prefix
[info] - should encode and decode properly (0 milliseconds)
[info] Test Units JSON
[info] - should encode and decode properly (11 milliseconds)
[info] Test concrete items
[info] - char item encode/decode without units (30 milliseconds)
[info] - char item encode/decode with units (0 milliseconds)
[info] - short item encode/decode (4 milliseconds)
[info] - int item encode/decode (1 millisecond)
[info] - long item encode/decode (1 millisecond)
[info] - float item encode/decode (4 milliseconds)
[info] - double item encode/decode (3 milliseconds)
[info] - boolean item encode/decode (2 milliseconds)
[info] - string item encode/decode (0 milliseconds)
[info] Testing Items
[info] - should encode and decode items list (4 milliseconds)
[info] Commands and Events JSON
[info] - Should encode/decode a Setup (20 milliseconds)
[info] - Should encode/decode an Observe (4 milliseconds)
[info] - Should encode/decode an Wait (5 milliseconds)
[info] - Should encode/decode an ObserveEvent (9 milliseconds)
[info] - Should encode/decode an SystemEvent (4 milliseconds)
[info] - Should encode/decode an CurrentState (7 milliseconds)
[info] - Should encode/decode an DemandState (4 milliseconds)
[info] Test Custom RaDecItem
[info] - Should allow custom RaDecItem (3 milliseconds)
[info] Test Double Matrix items
[info] - Should allow double matrix values (3 milliseconds)
[info] Test Double Array items
[info] - Should allow double array values (1 millisecond)
[info] Test Int Matrix items
[info] - Should allow int matrix values (1 millisecond)
[info] Test Int Array items
[info] - Should allow int array values (1 millisecond)
[info] Test Byte Matrix items
[info] - Should allow byte matrix values (1 millisecond)
[info] Test Byte Array items
[info] - Should allow byte array values (1 millisecond)
[info] Test Short Matrix items
[info] - Should allow short matrix values (1 millisecond)
[info] Test Short Array items
[info] - Should allow short array values (1 millisecond)
[info] Test Long Matrix items
[info] - Should allow long matrix values (1 millisecond)
[info] Test Long Array items
[info] - Should allow long array values (1 millisecond)
[info] Test Choice items
[info] - Should allow choice/enum values (4 milliseconds)
[info] testing StructItem JSON support
[info] - should allow Struct values (2 milliseconds)
[info] JArrayDataTest:
[info] - shouldCreateArrayDataFromJavaArray
[info] EventsTest:
[info] SystemEvent Test
[info] - should create with prefix and eventName (1 millisecond)
[info] - should create with prefix, eventName, paramSet (2 milliseconds)
[info] - Should allow removing (1 millisecond)
[info] - Should allow adding (0 milliseconds)
[info] - Should access metadata fields (9 milliseconds)
[info] - each event created should be unique (1 millisecond)
[info] ObserveEvent Test
[info] - should create with prefix and eventName (0 milliseconds)
[info] - should create with prefix, eventName and paramSet (0 milliseconds)
[info] - Should allow removing (0 milliseconds)
[info] - Should allow adding (0 milliseconds)
[info] - Should access metadata fields (0 milliseconds)
[info] - each event created should be unique (0 milliseconds)
[info] SerializationTest:
[info] - ConfigType kryo serialization (148 milliseconds)
[info] - System event kryo serialization (4 milliseconds)
[info] - CurrentStates kryo serialization (143 milliseconds)
[info] JSimpleKeyTypeTest:
[info] - testBooleanKeyParameter
[info] - testDoubleKeyParameter
[info] - testCharKeyParameter
[info] - testFloatKeyParameter
[info] - testStructKeyParameter
[info] - testIntegerKeyParameter
[info] - testStringKeyParameter
[info] - testTimestampKeyParameter
[info] - testLongKeyParameter
[info] - testShortKeyParameter
[info] - testByteKeyParameter
[info] - testRaDecKeyParameter
[info] IdTest:
[info] - should able to create setup commands having unique runId (2 milliseconds)
[info] - should able to create observe commands having unique runId (1 millisecond)
[info] - should able to create wait commands having unique runId (1 millisecond)
[info] JChoiceKeyTypeTest:
[info] - choicesAPIShouldBeAccessible
[info] - shouldThrowExceptionForInvalidChoice
[info] - shouldAbleToCreateChoiceParameterWithUnits
[info] - choiceKeyShouldHaveNameTypeAndChoices
[info] - shouldAbleToCreateChoiceParameterWithoutUnits
[info] JStructTest:
[info] - shouldAbleToCreateWithSetOfParams
[info] - shouldAbleToCreateWithVarArgs
[info] JCommandsTest:
[info] - shouldAbleToCreateAndAccessWaitCommand
[info] - shouldAbleToCreateAndAccessSetupCommand
[info] - shoulRdAbleToCloneAnExistingCommand
[info] - shouldAbleToCreateAndAccessObserveCommand
[info] JStateVariableTest:
[info] - shouldAbleToCreateDemandState
[info] - shouldAbleToCreateCurrentState
[info] - shouldAbleToCreateCurrentStatesUsingList
[info] - shouldAbleToCreateCurrentStatesUsingVargs
[info] - shouldAbleToMatchWithDefaultMatcher
[info] - shouldAbleToCreateCurrentStateFromSetup
[info] - shouldAbleToCreateDemandStateFromSetup
[info] BinaryImageByteArrayTest:
[info] test ByteArrayKey
[info] - should able to create parameter representing binary image (18 milliseconds)
[info] JMatrixDataTest:
[info] - shouldCreateMatrixDataFromJavaArrays
[info] EqualityTest:
[info] Array-based long array equality
[info] - should short circuit with identical same arrays (1 millisecond)
[info] - should be equal with identical different arrays (0 milliseconds)
[info] - should fail with different valued arrays (0 milliseconds)
[info] - should work with items too when equal (0 milliseconds)
[info] - should fail with items when values not equal (0 milliseconds)
[info] Array-based long matrix equality
[info] - should short circuit with identical same matrices (0 milliseconds)
[info] - should be equal with identical different matrices (0 milliseconds)
[info] - should fail with different valued matrices (0 milliseconds)
[info] - should fail for totally different matrices (1 millisecond)
[info] Array-based byte array equality
[info] - should short circuit with identical same arrays (0 milliseconds)
[info] - should be equal with identical different arrays (0 milliseconds)
[info] - should fail with different valued arrays (0 milliseconds)
[info] - should work with items too when equal (0 milliseconds)
[info] - should fail with items when values not equal (0 milliseconds)
[info] Array-based byte matrix equality
[info] - should short circuit with identical same matrices (0 milliseconds)
[info] - should be equal with identical different matrices (0 milliseconds)
[info] - should fail with different valued matrices (0 milliseconds)
[info] - should fail for totally different matrices (0 milliseconds)
[info] Array-based double array equality
[info] - should short circuit with identical same arrays (0 milliseconds)
[info] - should be equal with identical different arrays (0 milliseconds)
[info] - should fail with different valued arrays (0 milliseconds)
[info] - should work with items too when equal (0 milliseconds)
[info] - should fail with items when values not equal (0 milliseconds)
[info] Array-based double matrix equality
[info] - should short circuit with identical same matrices (0 milliseconds)
[info] - should be equal with identical different matrices (0 milliseconds)
[info] - should fail with different valued matrices (0 milliseconds)
[info] - should fail for totally different matrices (0 milliseconds)
[info] Array-based float array equality
[info] - should short circuit with identical same arrays (0 milliseconds)
[info] - should be equal with identical different arrays (0 milliseconds)
[info] - should fail with different valued arrays (0 milliseconds)
[info] - should work with items too when equal (0 milliseconds)
[info] - should fail with items when values not equal (0 milliseconds)
[info] Array-based float matrix equality
[info] - should short circuit with identical same matrices (0 milliseconds)
[info] - should be equal with identical different matrices (0 milliseconds)
[info] - should fail with different valued matrices (0 milliseconds)
[info] - should fail for totally different matrices (0 milliseconds)
[info] Array-based int array equality
[info] - should short circuit with identical same arrays (0 milliseconds)
[info] - should be equal with identical different arrays (0 milliseconds)
[info] - should fail with different valued arrays (0 milliseconds)
[info] - should work with items too when equal (1 millisecond)
[info] - should fail with items when values not equal (0 milliseconds)
[info] Array-based int matrix equality
[info] - should short circuit with identical same matrices (0 milliseconds)
[info] - should be equal with identical different matrices (1 millisecond)
[info] - should fail with different valued matrices (0 milliseconds)
[info] - should fail for totally different matrices (0 milliseconds)
[info] Array-based short array equality
[info] - should short circuit with identical same arrays (1 millisecond)
[info] - should be equal with identical different arrays (0 milliseconds)
[info] - should fail with different valued arrays (0 milliseconds)
[info] - should work with items too when equal (0 milliseconds)
[info] - should fail with items when values not equal (0 milliseconds)
[info] Array-based short matrix equality
[info] - should short circuit with identical same matrices (0 milliseconds)
[info] - should be equal with identical different matrices (0 milliseconds)
[info] - should fail with different valued matrices (0 milliseconds)
[info] - should fail for totally different matrices (0 milliseconds)
[info] JArrayKeyTypeTest:
[info] - testDoubleArrayKeyParameter
[info] - testByteArrayKeyParameter
[info] - testIntArrayKeyParameter
[info] - testLongArrayKeyParameter
[info] - testFloatArrayKeyParameter
[info] - testShortArrayKeyParameter
[info] UniqueKeyVerificationTest:
[info] Test Commands
[info] - Setup command is able to remove duplicate keys (8 milliseconds)
[info] - Observe command is able to remove duplicate keys (1 millisecond)
[info] - Wait command is able to remove duplicate keys (1 millisecond)
[info] Test Result
[info] - is able to remove duplicate keys (3 milliseconds)
[info] Test Struct
[info] - is able to remove duplicate keys (0 milliseconds)
[info] Test StateVariables
[info] - DemandState is able to remove duplicate keys (1 millisecond)
[info] - CurrentState is able to remove duplicate keys (1 millisecond)
[info] Test Events
[info] - ObserveEvent command is able to remove duplicate keys (1 millisecond)
[info] - SystemEvent command is able to remove duplicate keys (1 millisecond)
[info] CommandsTest:
[info] Setup config tests
[info] - Should allow adding keys using single set (1 millisecond)
[info] - Should allow setting with units (1 millisecond)
[info] - Should allow apply which returns values (0 milliseconds)
[info] - should update for the same key with set (0 milliseconds)
[info] - Should able to create with Byte Parameteret (0 milliseconds)
[info] - Should allow updates (0 milliseconds)
[info] - Should allow to create setup without obsId (1 millisecond)
[info] - Should create new RunId when a parameter is added or removed (0 milliseconds)
[info] Observe config tests
[info] - Should allow adding keys (0 milliseconds)
[info] - Should allow setting (1 millisecond)
[info] - Should allow apply (0 milliseconds)
[info] - should update for the same key with set (0 milliseconds)
[info] - should update for the same key with add (0 milliseconds)
[info] - Should create new RunId when a parameter is added or removed (0 milliseconds)
[info] Wait config tests
[info] - Should allow adding keys (1 millisecond)
[info] - Should allow setting (0 milliseconds)
[info] - Should allow apply (0 milliseconds)
[info] - should update for the same key with set (0 milliseconds)
[info] - should update for the same key with add (0 milliseconds)
[info] - Should create new RunId when a parameter is added or removed (0 milliseconds)
[info] testing for getting typed items
[info] Checking for item types in configs
[info] - Should get as IntItem (1 millisecond)
[info] Check for multi-add
[info] - Should allow vararg add (0 milliseconds)
[info] Should work with remove
[info] - Setup command should allow removing one at a time (1 millisecond)
[info] - Observe command should allow removing one at a time (0 milliseconds)
[info] - Wait command should allow removing one at a time (0 milliseconds)
[info] should work with remove by item
[info] - Should allow removing one at a time (0 milliseconds)
[info] clone command test
[info] - clone command creates a command from existing command with a new RunId for Setup, Observe or Wait (14 milliseconds)
[info] KeyParameterTest:
[info] basic key tests
[info] - should have correct name (0 milliseconds)
[info] - should have equality based on name (0 milliseconds)
[info] test booleanKey
[info] - should allow single val (7 milliseconds)
[info] - should work with list, withUnits (0 milliseconds)
[info] - should work with list, units (0 milliseconds)
[info] test charItem
[info] - should allow single val (0 milliseconds)
[info] - should work with list, withUnits (0 milliseconds)
[info] - should work with list, units (0 milliseconds)
[info] test ByteItem
[info] - should allow single val (1 millisecond)
[info] - should work with list, withUnits (0 milliseconds)
[info] - should work with list, units (0 milliseconds)
[info] test ByteArrayKey
[info] - should test single item (0 milliseconds)
[info] - should test with list, withUnits (0 milliseconds)
[info] - should test with list, units (2 milliseconds)
[info] - should test using one array with and without units (0 milliseconds)
[info] - should test using var args (0 milliseconds)
[info] test byteMatrixKey
[info] - should work with a single item (0 milliseconds)
[info] - should work with list and withUnits (0 milliseconds)
[info] - should work with list and units (0 milliseconds)
[info] - work with one matrix without and with units (0 milliseconds)
[info] - work with varargs (0 milliseconds)
[info] - work with varargs as arrays (0 milliseconds)
[info] test ShortItem
[info] - should allow single val (0 milliseconds)
[info] - should work with list, withUnits (0 milliseconds)
[info] - should work with list, units (0 milliseconds)
[info] test shortArrayKey
[info] - should test single item (0 milliseconds)
[info] - should test with list, withUnits (0 milliseconds)
[info] - should test with list, units (0 milliseconds)
[info] - should test using one array with and without units (0 milliseconds)
[info] - should test using var args (0 milliseconds)
[info] test shortMatrixKey
[info] - should work with a single item (0 milliseconds)
[info] - should work with list and withUnits (0 milliseconds)
[info] - should work with list and units (0 milliseconds)
[info] - work with one matrix without and with units (0 milliseconds)
[info] - work with varargs (0 milliseconds)
[info] - work with varargs as arrays (0 milliseconds)
[info] test IntItem
[info] - should allow single val (0 milliseconds)
[info] - should work with list, withUnits (0 milliseconds)
[info] - should work with list, units (0 milliseconds)
[info] test intArrayKey
[info] - should test single item (0 milliseconds)
[info] - should test with list, withUnits (0 milliseconds)
[info] - should test with list, units (0 milliseconds)
[info] - should test using one array with and without units (0 milliseconds)
[info] - should test using var args (0 milliseconds)
[info] test intMatrixKey
[info] - should work with a single item (0 milliseconds)
[info] - should work with list and withUnits (1 millisecond)
[info] - should work with list and units (0 milliseconds)
[info] - work with one matrix without and with units (0 milliseconds)
[info] - work with varargs (0 milliseconds)
[info] - work with varargs as arrays (0 milliseconds)
[info] test longKey
[info] - should allow single val (1 millisecond)
[info] - should work with list, withUnits (0 milliseconds)
[info] - should work with list, units (0 milliseconds)
[info] test LongArrayKey
[info] - should test single item (1 millisecond)
[info] - should test with list, withUnits (0 milliseconds)
[info] - should test with list, units (0 milliseconds)
[info] - should test using one array with and without units (0 milliseconds)
[info] - should test using var args (1 millisecond)
[info] test longMatrixKey
[info] - should work with a single item (0 milliseconds)
[info] - should work with list and withUnits (0 milliseconds)
[info] - should work with list and units (0 milliseconds)
[info] - work with one matrix without and with units (0 milliseconds)
[info] - work with varargs (0 milliseconds)
[info] - work with varargs as arrays (0 milliseconds)
[info] test floatItem
[info] - should allow single val (0 milliseconds)
[info] - should work with list, withUnits (0 milliseconds)
[info] - should work with list, units (0 milliseconds)
[info] test floatArrayKey
[info] - should test single item (1 millisecond)
[info] - should test with list, withUnits (0 milliseconds)
[info] - should test with list, units (0 milliseconds)
[info] - should test using one array with and without units (0 milliseconds)
[info] - should test using var args (1 millisecond)
[info] test floatMatrixKey
[info] - should work with a single item (0 milliseconds)
[info] - should work with list and withUnits (0 milliseconds)
[info] - should work with list and units (0 milliseconds)
[info] - work with one matrix without and with units (0 milliseconds)
[info] - work with varargs (0 milliseconds)
[info] - work with varargs as arrays (0 milliseconds)
[info] test doubleItem
[info] - should allow single val (0 milliseconds)
[info] - should work with list, withUnits (0 milliseconds)
[info] - should work with list, units (0 milliseconds)
[info] test doubleArrayKey
[info] - should test single item (0 milliseconds)
[info] - should test with list, withUnits (0 milliseconds)
[info] - should test with list, units (0 milliseconds)
[info] - should test using one array with and without units (0 milliseconds)
[info] - should test using var args (0 milliseconds)
[info] test doubleMatrixKey
[info] - should work with a single item (0 milliseconds)
[info] - should work with list and withUnits (0 milliseconds)
[info] - should work with list and units (1 millisecond)
[info] - work with one matrix without and with units (0 milliseconds)
[info] - work with varargs (0 milliseconds)
[info] - work with varargs as arrays (0 milliseconds)
[info] test TimestampItem
[info] - should allow create a Timestamp parameter from a timestamp key (0 milliseconds)
[info] - and second must be default Unit (0 milliseconds)
[info] - should work with list, withUnits (0 milliseconds)
[info] - should work with list, units (0 milliseconds)
[info] testing ChoiceItem
[info] - should allow creating with Choices object (2 milliseconds)
[info] - should allow creating with varargs of Strings (1 millisecond)
[info] - should allow creation with individual Choice items (0 milliseconds)
[info] test raDecKey
[info] - should allow single val (1 millisecond)
[info] - should work with list, withUnits (0 milliseconds)
[info] - should work with list, units (0 milliseconds)
[info] test stringKey
[info] - should allow single val (0 milliseconds)
[info] - should work with list, withUnits (0 milliseconds)
[info] - should work with list, units (0 milliseconds)
[info] testing StructItem
[info] - should allow creating Struct items (0 milliseconds)
[info] test setting multiple values
[info] - should allow setting a single value (0 milliseconds)
[info] - should allow setting several (0 milliseconds)
[info] - should also allow setting with sequence (0 milliseconds)
[info] JEventsTest:
[info] - shouldAbleToRemoveParamsInSystemEvent
[info] - shouldAbleToRemoveParamsInObserveEvent
[info] - shouldAbleToCreateAndAccessSystemEvent
[info] - shouldBeUniqueIdWhenParametersAreAddedOrRemovedForObserve
[info] - shouldBeUniqueWhenParametersAreAddedOrRemovedForSystem
[info] - shouldAbleToCreateAndAccessObserveEvent
[info] JsonContractTest:
[info] Test Sequence Commands
[info] - should adhere to specified standard Setup json format (53 milliseconds)
[info] - should adhere to specified standard Observe json format (8 milliseconds)
[info] - should adhere to specified standard Wait json format (5 milliseconds)
[info] Test Events
[info] - should adhere to specified standard ObserveEvent json format (15 milliseconds)
[info] - should adhere to specified standard SystemEvent json format (4 milliseconds)
[info] Test State Variables
[info] - should adhere to specified standard CurrentState json format (6 milliseconds)
[info] - should adhere to specified standard DemandState json format (4 milliseconds)
[info] Exercise all types of keys
[info] - should able to serialize and deserialize Setup command with all keys to and from json (8 milliseconds)
[info] Run completed in 1 minute, 8 seconds.
[info] Total number of tests run: 2
[info] Suites: completed 1, aborted 0
[info] Tests: succeeded 2, failed 0, canceled 0, ignored 0, pending 0
[info] All tests passed.
[info] ScalaTest
[info] Run completed in 1 minute, 7 seconds.
[info] Total number of tests run: 67
[info] Suites: completed 10, aborted 0
[info] Tests: succeeded 67, failed 0, canceled 0, ignored 0, pending 0
[info] All tests passed.
[info] Passed: Total 67, Failed 0, Errors 0, Passed 67
[info] ScalaTest
[info] Run completed in 1 minute, 8 seconds.
[info] Total number of tests run: 14
[info] Suites: completed 2, aborted 0
[info] Tests: succeeded 14, failed 0, canceled 0, ignored 0, pending 0
[info] All tests passed.
[info] Passed: Total 14, Failed 0, Errors 0, Passed 14
[info] * csw.location.server.http.LocationServiceTestWithHttp
[JVM-1] Run starting. Expected test count is: 2
[JVM-1] LocationServiceTestWithHttpMultiJvmNode1:
[JVM-2] Run starting. Expected test count is: 2
[JVM-2] LocationServiceTestWithHttpMultiJvmNode2:
[JVM-1] - ensure that location service is up for all the nodes
[JVM-2] - ensure that location service is up for all the nodes
[JVM-1] WARNING: An illegal reflective access operation has occurred
[JVM-1] WARNING: Illegal reflective access by com.esotericsoftware.kryo.util.UnsafeUtil (file:/home/girish/IdeaProjects/csw/csw-location-server/target/multi-run-copied-libraries/kryo-shaded-4.0.2.jar) to constructor java.nio.DirectByteBuffer(long,int,java.lang.Object)
[JVM-1] WARNING: Please consider reporting this to the maintainers of com.esotericsoftware.kryo.util.UnsafeUtil
[JVM-1] WARNING: Use --illegal-access=warn to enable warnings of further illegal reflective access operations
[JVM-1] WARNING: All illegal access operations will be denied in a future release
[JVM-2] WARNING: An illegal reflective access operation has occurred
[JVM-2] WARNING: Illegal reflective access by com.esotericsoftware.kryo.util.UnsafeUtil (file:/home/girish/IdeaProjects/csw/csw-location-server/target/multi-run-copied-libraries/kryo-shaded-4.0.2.jar) to constructor java.nio.DirectByteBuffer(long,int,java.lang.Object)
[JVM-2] WARNING: Please consider reporting this to the maintainers of com.esotericsoftware.kryo.util.UnsafeUtil
[JVM-2] WARNING: Use --illegal-access=warn to enable warnings of further illegal reflective access operations
[JVM-2] WARNING: All illegal access operations will be denied in a future release
[JVM-1] - ensure that a component registered by one node is resolved and listed on all the nodes
[JVM-2] - ensure that a component registered by one node is resolved and listed on all the nodes
[JVM-1] Run completed in 11 seconds, 530 milliseconds.
[JVM-1] Total number of tests run: 2
[JVM-1] Suites: completed 1, aborted 0
[JVM-1] Tests: succeeded 2, failed 0, canceled 0, ignored 0, pending 0
[JVM-1] All tests passed.
[JVM-2] Run completed in 11 seconds, 552 milliseconds.
[JVM-2] Total number of tests run: 2
[JVM-2] Suites: completed 1, aborted 0
[JVM-2] Tests: succeeded 2, failed 0, canceled 0, ignored 0, pending 0
[JVM-2] All tests passed.
[info] * csw.location.LocationServiceTest
[JVM-1] Run starting. Expected test count is: 2
[JVM-1] LocationServiceTestMultiJvmNode1:
[JVM-2] Run starting. Expected test count is: 2
[JVM-2] LocationServiceTestMultiJvmNode2:
[JVM-1] - ensure that location service is up for all the nodes
[JVM-2] - ensure that location service is up for all the nodes
[JVM-1] WARNING: An illegal reflective access operation has occurred
[JVM-1] WARNING: Illegal reflective access by com.esotericsoftware.kryo.util.UnsafeUtil (file:/home/girish/IdeaProjects/csw/csw-location-server/target/multi-run-copied-libraries/kryo-shaded-4.0.2.jar) to constructor java.nio.DirectByteBuffer(long,int,java.lang.Object)
[JVM-1] WARNING: Please consider reporting this to the maintainers of com.esotericsoftware.kryo.util.UnsafeUtil
[JVM-1] WARNING: Use --illegal-access=warn to enable warnings of further illegal reflective access operations
[JVM-1] WARNING: All illegal access operations will be denied in a future release
[JVM-2] WARNING: An illegal reflective access operation has occurred
[JVM-2] WARNING: Illegal reflective access by com.esotericsoftware.kryo.util.UnsafeUtil (file:/home/girish/IdeaProjects/csw/csw-location-server/target/multi-run-copied-libraries/kryo-shaded-4.0.2.jar) to constructor java.nio.DirectByteBuffer(long,int,java.lang.Object)
[JVM-2] WARNING: Please consider reporting this to the maintainers of com.esotericsoftware.kryo.util.UnsafeUtil
[JVM-2] WARNING: Use --illegal-access=warn to enable warnings of further illegal reflective access operations
[JVM-2] WARNING: All illegal access operations will be denied in a future release
[JVM-1] - ensure that a component registered by one node is resolved and listed on all the nodes
[JVM-2] - ensure that a component registered by one node is resolved and listed on all the nodes
[JVM-2] Run completed in 8 seconds, 321 milliseconds.
[JVM-2] Total number of tests run: 2
[JVM-2] Suites: completed 1, aborted 0
[JVM-2] Tests: succeeded 2, failed 0, canceled 0, ignored 0, pending 0
[JVM-2] All tests passed.
[JVM-1] Run completed in 8 seconds, 452 milliseconds.
[JVM-1] Total number of tests run: 2
[JVM-1] Suites: completed 1, aborted 0
[JVM-1] Tests: succeeded 2, failed 0, canceled 0, ignored 0, pending 0
[JVM-1] All tests passed.
[info] * csw.location.DetectAkkaComponentCrashTest
[JVM-1] Run starting. Expected test count is: 2
[JVM-1] DetectAkkaComponentCrashTestMultiJvmNode1:
[JVM-3] Run starting. Expected test count is: 2
[JVM-3] DetectAkkaComponentCrashTestMultiJvmNode3:
[JVM-2] Run starting. Expected test count is: 2
[JVM-2] DetectAkkaComponentCrashTestMultiJvmNode2:
[JVM-1] - ensure that location service is up for all the nodes
[JVM-3] - ensure that location service is up for all the nodes
[JVM-2] - ensure that location service is up for all the nodes
[JVM-3] WARNING: An illegal reflective access operation has occurred
[JVM-3] WARNING: Illegal reflective access by com.esotericsoftware.kryo.util.UnsafeUtil (file:/home/girish/IdeaProjects/csw/csw-location-server/target/multi-run-copied-libraries/kryo-shaded-4.0.2.jar) to constructor java.nio.DirectByteBuffer(long,int,java.lang.Object)
[JVM-3] WARNING: Please consider reporting this to the maintainers of com.esotericsoftware.kryo.util.UnsafeUtil
[JVM-3] WARNING: Use --illegal-access=warn to enable warnings of further illegal reflective access operations
[JVM-3] WARNING: All illegal access operations will be denied in a future release
[JVM-2] WARNING: An illegal reflective access operation has occurred
[JVM-2] WARNING: Illegal reflective access by com.esotericsoftware.kryo.util.UnsafeUtil (file:/home/girish/IdeaProjects/csw/csw-location-server/target/multi-run-copied-libraries/kryo-shaded-4.0.2.jar) to constructor java.nio.DirectByteBuffer(long,int,java.lang.Object)
[JVM-2] WARNING: Please consider reporting this to the maintainers of com.esotericsoftware.kryo.util.UnsafeUtil
[JVM-2] WARNING: Use --illegal-access=warn to enable warnings of further illegal reflective access operations
[JVM-2] WARNING: All illegal access operations will be denied in a future release
[JVM-1] WARNING: An illegal reflective access operation has occurred
[JVM-1] WARNING: Illegal reflective access by com.esotericsoftware.kryo.util.UnsafeUtil (file:/home/girish/IdeaProjects/csw/csw-location-server/target/multi-run-copied-libraries/kryo-shaded-4.0.2.jar) to constructor java.nio.DirectByteBuffer(long,int,java.lang.Object)
[JVM-1] WARNING: Please consider reporting this to the maintainers of com.esotericsoftware.kryo.util.UnsafeUtil
[JVM-1] WARNING: Use --illegal-access=warn to enable warnings of further illegal reflective access operations
[JVM-1] WARNING: All illegal access operations will be denied in a future release
[JVM-1] - akka component running on one node should detect if other component running on another node crashes
[JVM-3] - akka component running on one node should detect if other component running on another node crashes
[JVM-3] Run completed in 27 seconds, 732 milliseconds.
[JVM-3] Total number of tests run: 2
[JVM-3] Suites: completed 1, aborted 0
[JVM-3] Tests: succeeded 2, failed 0, canceled 0, ignored 0, pending 0
[JVM-3] All tests passed.
[JVM-1] Run completed in 27 seconds, 870 milliseconds.
[JVM-1] Total number of tests run: 2
[JVM-1] Suites: completed 1, aborted 0
[JVM-1] Tests: succeeded 2, failed 0, canceled 0, ignored 0, pending 0
[JVM-1] All tests passed.
[info] * csw.location.server.http.DetectComponentRestartTestWithHttp
[JVM-1] Run starting. Expected test count is: 2
[JVM-1] DetectComponentRestartTestWithHttpMultiJvmNode1:
[JVM-3] Run starting. Expected test count is: 2
[JVM-3] DetectComponentRestartTestWithHttpMultiJvmNode3:
[JVM-2] Run starting. Expected test count is: 2
[JVM-2] DetectComponentRestartTestWithHttpMultiJvmNode2:
[JVM-3] - ensure that location service is up for all the nodes
[JVM-1] - ensure that location service is up for all the nodes
[JVM-2] - ensure that location service is up for all the nodes
[JVM-1] WARNING: An illegal reflective access operation has occurred
[JVM-1] WARNING: Illegal reflective access by com.esotericsoftware.kryo.util.UnsafeUtil (file:/home/girish/IdeaProjects/csw/csw-location-server/target/multi-run-copied-libraries/kryo-shaded-4.0.2.jar) to constructor java.nio.DirectByteBuffer(long,int,java.lang.Object)
[JVM-1] WARNING: Please consider reporting this to the maintainers of com.esotericsoftware.kryo.util.UnsafeUtil
[JVM-1] WARNING: Use --illegal-access=warn to enable warnings of further illegal reflective access operations
[JVM-1] WARNING: All illegal access operations will be denied in a future release
[JVM-3] WARNING: An illegal reflective access operation has occurred
[JVM-3] WARNING: Illegal reflective access by com.esotericsoftware.kryo.util.UnsafeUtil (file:/home/girish/IdeaProjects/csw/csw-location-server/target/multi-run-copied-libraries/kryo-shaded-4.0.2.jar) to constructor java.nio.DirectByteBuffer(long,int,java.lang.Object)
[JVM-3] WARNING: Please consider reporting this to the maintainers of com.esotericsoftware.kryo.util.UnsafeUtil
[JVM-3] WARNING: Use --illegal-access=warn to enable warnings of further illegal reflective access operations
[JVM-3] WARNING: All illegal access operations will be denied in a future release
[JVM-2] WARNING: An illegal reflective access operation has occurred
[JVM-2] WARNING: Illegal reflective access by com.esotericsoftware.kryo.util.UnsafeUtil (file:/home/girish/IdeaProjects/csw/csw-location-server/target/multi-run-copied-libraries/kryo-shaded-4.0.2.jar) to constructor java.nio.DirectByteBuffer(long,int,java.lang.Object)
[JVM-2] WARNING: Please consider reporting this to the maintainers of com.esotericsoftware.kryo.util.UnsafeUtil
[JVM-2] WARNING: Use --illegal-access=warn to enable warnings of further illegal reflective access operations
[JVM-2] WARNING: All illegal access operations will be denied in a future release
[JVM-2] [WARN] [11/26/2018 12:15:57.169] [csw-location-server-akka.actor.default-dispatcher-16] [CoordinatedShutdown(akka://csw-location-server)] Coordinated shutdown phase [before-service-unbind] timed out after 5000 milliseconds
[JVM-3] - should detect re-registering of new location for a connection that has crashed/gone away
[JVM-2] - should detect re-registering of new location for a connection that has crashed/gone away
[JVM-1] - should detect re-registering of new location for a connection that has crashed/gone away
[JVM-2] Run completed in 27 seconds, 93 milliseconds.
[JVM-2] Total number of tests run: 2
[JVM-2] Suites: completed 1, aborted 0
[JVM-2] Tests: succeeded 2, failed 0, canceled 0, ignored 0, pending 0
[JVM-2] All tests passed.
[JVM-1] Run completed in 28 seconds, 389 milliseconds.
[JVM-1] Total number of tests run: 2
[JVM-1] Suites: completed 1, aborted 0
[JVM-1] Tests: succeeded 2, failed 0, canceled 0, ignored 0, pending 0
[JVM-1] All tests passed.
[JVM-3] Run completed in 28 seconds, 391 milliseconds.
[JVM-3] Total number of tests run: 2
[JVM-3] Suites: completed 1, aborted 0
[JVM-3] Tests: succeeded 2, failed 0, canceled 0, ignored 0, pending 0
[JVM-3] All tests passed.
[info] * csw.location.TrackLocationTest
[JVM-1] Run starting. Expected test count is: 2
[JVM-1] TrackLocationTestMultiJvmNode1:
[JVM-3] Run starting. Expected test count is: 2
[JVM-3] TrackLocationTestMultiJvmNode3:
[JVM-2] Run starting. Expected test count is: 2
[JVM-2] TrackLocationTestMultiJvmNode2:
[JVM-1] - ensure that location service is up for all the nodes
[JVM-3] - ensure that location service is up for all the nodes
[JVM-2] - ensure that location service is up for all the nodes
[JVM-2] WARNING: An illegal reflective access operation has occurred
[JVM-2] WARNING: Illegal reflective access by com.esotericsoftware.kryo.util.UnsafeUtil (file:/home/girish/IdeaProjects/csw/csw-location-server/target/multi-run-copied-libraries/kryo-shaded-4.0.2.jar) to constructor java.nio.DirectByteBuffer(long,int,java.lang.Object)
[JVM-2] WARNING: Please consider reporting this to the maintainers of com.esotericsoftware.kryo.util.UnsafeUtil
[JVM-2] WARNING: Use --illegal-access=warn to enable warnings of further illegal reflective access operations
[JVM-2] WARNING: All illegal access operations will be denied in a future release
[JVM-1] WARNING: An illegal reflective access operation has occurred
[JVM-1] WARNING: Illegal reflective access by com.esotericsoftware.kryo.util.UnsafeUtil (file:/home/girish/IdeaProjects/csw/csw-location-server/target/multi-run-copied-libraries/kryo-shaded-4.0.2.jar) to constructor java.nio.DirectByteBuffer(long,int,java.lang.Object)
[JVM-1] WARNING: Please consider reporting this to the maintainers of com.esotericsoftware.kryo.util.UnsafeUtil
[JVM-1] WARNING: Use --illegal-access=warn to enable warnings of further illegal reflective access operations
[JVM-1] WARNING: All illegal access operations will be denied in a future release
[JVM-3] WARNING: An illegal reflective access operation has occurred
[JVM-3] WARNING: Illegal reflective access by com.esotericsoftware.kryo.util.UnsafeUtil (file:/home/girish/IdeaProjects/csw/csw-location-server/target/multi-run-copied-libraries/kryo-shaded-4.0.2.jar) to constructor java.nio.DirectByteBuffer(long,int,java.lang.Object)
[JVM-3] WARNING: Please consider reporting this to the maintainers of com.esotericsoftware.kryo.util.UnsafeUtil
[JVM-3] WARNING: Use --illegal-access=warn to enable warnings of further illegal reflective access operations
[JVM-3] WARNING: All illegal access operations will be denied in a future release
[JVM-1] - two components should able to track same connection and single component should able to track two components
[JVM-3] - two components should able to track same connection and single component should able to track two components
[JVM-2] - two components should able to track same connection and single component should able to track two components
[JVM-3] Run completed in 12 seconds, 854 milliseconds.
[JVM-3] Total number of tests run: 2
[JVM-3] Suites: completed 1, aborted 0
[JVM-3] Tests: succeeded 2, failed 0, canceled 0, ignored 0, pending 0
[JVM-3] All tests passed.
[JVM-2] Run completed in 12 seconds, 891 milliseconds.
[JVM-2] Total number of tests run: 2
[JVM-2] Suites: completed 1, aborted 0
[JVM-2] Tests: succeeded 2, failed 0, canceled 0, ignored 0, pending 0
[JVM-2] All tests passed.
[JVM-1] Run completed in 12 seconds, 887 milliseconds.
[JVM-1] Total number of tests run: 2
[JVM-1] Suites: completed 1, aborted 0
[JVM-1] Tests: succeeded 2, failed 0, canceled 0, ignored 0, pending 0
[JVM-1] All tests passed.
[info] * csw.location.server.http.TrackLocationTestWithHttp
[JVM-1] Run starting. Expected test count is: 2
[JVM-1] TrackLocationTestWithHttpMultiJvmNode1:
[JVM-2] Run starting. Expected test count is: 2
[JVM-2] TrackLocationTestWithHttpMultiJvmNode2:
[JVM-3] Run starting. Expected test count is: 2
[JVM-3] TrackLocationTestWithHttpMultiJvmNode3:
[JVM-1] - ensure that location service is up for all the nodes
[JVM-2] - ensure that location service is up for all the nodes
[JVM-3] - ensure that location service is up for all the nodes
[JVM-1] WARNING: An illegal reflective access operation has occurred
[JVM-1] WARNING: Illegal reflective access by com.esotericsoftware.kryo.util.UnsafeUtil (file:/home/girish/IdeaProjects/csw/csw-location-server/target/multi-run-copied-libraries/kryo-shaded-4.0.2.jar) to constructor java.nio.DirectByteBuffer(long,int,java.lang.Object)
[JVM-1] WARNING: Please consider reporting this to the maintainers of com.esotericsoftware.kryo.util.UnsafeUtil
[JVM-1] WARNING: Use --illegal-access=warn to enable warnings of further illegal reflective access operations
[JVM-1] WARNING: All illegal access operations will be denied in a future release
[JVM-2] WARNING: An illegal reflective access operation has occurred
[JVM-2] WARNING: Illegal reflective access by com.esotericsoftware.kryo.util.UnsafeUtil (file:/home/girish/IdeaProjects/csw/csw-location-server/target/multi-run-copied-libraries/kryo-shaded-4.0.2.jar) to constructor java.nio.DirectByteBuffer(long,int,java.lang.Object)
[JVM-2] WARNING: Please consider reporting this to the maintainers of com.esotericsoftware.kryo.util.UnsafeUtil
[JVM-2] WARNING: Use --illegal-access=warn to enable warnings of further illegal reflective access operations
[JVM-2] WARNING: All illegal access operations will be denied in a future release
[JVM-3] WARNING: An illegal reflective access operation has occurred
[JVM-3] WARNING: Illegal reflective access by com.esotericsoftware.kryo.util.UnsafeUtil (file:/home/girish/IdeaProjects/csw/csw-location-server/target/multi-run-copied-libraries/kryo-shaded-4.0.2.jar) to constructor java.nio.DirectByteBuffer(long,int,java.lang.Object)
[JVM-3] WARNING: Please consider reporting this to the maintainers of com.esotericsoftware.kryo.util.UnsafeUtil
[JVM-3] WARNING: Use --illegal-access=warn to enable warnings of further illegal reflective access operations
[JVM-3] WARNING: All illegal access operations will be denied in a future release
[JVM-1] - two components should able to track same connection and single component should able to track two components
[JVM-3] - two components should able to track same connection and single component should able to track two components
[JVM-2] - two components should able to track same connection and single component should able to track two components
[JVM-1] Run completed in 14 seconds, 741 milliseconds.
[JVM-1] Total number of tests run: 2
[JVM-1] Suites: completed 1, aborted 0
[JVM-1] Tests: succeeded 2, failed 0, canceled 0, ignored 0, pending 0
[JVM-1] All tests passed.
[JVM-3] Run completed in 14 seconds, 765 milliseconds.
[JVM-3] Total number of tests run: 2
[JVM-3] Suites: completed 1, aborted 0
[JVM-3] Tests: succeeded 2, failed 0, canceled 0, ignored 0, pending 0
[JVM-3] All tests passed.
[JVM-2] Run completed in 14 seconds, 809 milliseconds.
[JVM-2] Total number of tests run: 2
[JVM-2] Suites: completed 1, aborted 0
[JVM-2] Tests: succeeded 2, failed 0, canceled 0, ignored 0, pending 0
[JVM-2] All tests passed.
[info] * csw.location.server.http.DetectAkkaComponentCrashWithHttp
[JVM-1] Run starting. Expected test count is: 2
[JVM-1] DetectAkkaComponentCrashWithHttpMultiJvmNode1:
[JVM-3] Run starting. Expected test count is: 2
[JVM-3] DetectAkkaComponentCrashWithHttpMultiJvmNode3:
[JVM-2] Run starting. Expected test count is: 2
[JVM-2] DetectAkkaComponentCrashWithHttpMultiJvmNode2:
[JVM-1] - ensure that location service is up for all the nodes
[JVM-3] - ensure that location service is up for all the nodes
[JVM-2] - ensure that location service is up for all the nodes
[JVM-1] WARNING: An illegal reflective access operation has occurred
[JVM-1] WARNING: Illegal reflective access by com.esotericsoftware.kryo.util.UnsafeUtil (file:/home/girish/IdeaProjects/csw/csw-location-server/target/multi-run-copied-libraries/kryo-shaded-4.0.2.jar) to constructor java.nio.DirectByteBuffer(long,int,java.lang.Object)
[JVM-1] WARNING: Please consider reporting this to the maintainers of com.esotericsoftware.kryo.util.UnsafeUtil
[JVM-1] WARNING: Use --illegal-access=warn to enable warnings of further illegal reflective access operations
[JVM-1] WARNING: All illegal access operations will be denied in a future release
[JVM-3] WARNING: An illegal reflective access operation has occurred
[JVM-3] WARNING: Illegal reflective access by com.esotericsoftware.kryo.util.UnsafeUtil (file:/home/girish/IdeaProjects/csw/csw-location-server/target/multi-run-copied-libraries/kryo-shaded-4.0.2.jar) to constructor java.nio.DirectByteBuffer(long,int,java.lang.Object)
[JVM-3] WARNING: Please consider reporting this to the maintainers of com.esotericsoftware.kryo.util.UnsafeUtil
[JVM-3] WARNING: Use --illegal-access=warn to enable warnings of further illegal reflective access operations
[JVM-3] WARNING: All illegal access operations will be denied in a future release
[JVM-2] WARNING: An illegal reflective access operation has occurred
[JVM-2] WARNING: Illegal reflective access by com.esotericsoftware.kryo.util.UnsafeUtil (file:/home/girish/IdeaProjects/csw/csw-location-server/target/multi-run-copied-libraries/kryo-shaded-4.0.2.jar) to constructor java.nio.DirectByteBuffer(long,int,java.lang.Object)
[JVM-2] WARNING: Please consider reporting this to the maintainers of com.esotericsoftware.kryo.util.UnsafeUtil
[JVM-2] WARNING: Use --illegal-access=warn to enable warnings of further illegal reflective access operations
[JVM-2] WARNING: All illegal access operations will be denied in a future release
[JVM-3] - akka component running on one node should detect if other component running on another node crashes
[JVM-1] - akka component running on one node should detect if other component running on another node crashes
[JVM-1] Run completed in 18 seconds, 577 milliseconds.
[JVM-1] Total number of tests run: 2
[JVM-1] Suites: completed 1, aborted 0
[JVM-1] Tests: succeeded 2, failed 0, canceled 0, ignored 0, pending 0
[JVM-1] All tests passed.
[JVM-3] Run completed in 19 seconds, 134 milliseconds.
[JVM-3] Total number of tests run: 2
[JVM-3] Suites: completed 1, aborted 0
[JVM-3] Tests: succeeded 2, failed 0, canceled 0, ignored 0, pending 0
[JVM-3] All tests passed.
[info] * csw.location.DetectComponentRestartTest
[JVM-1] Run starting. Expected test count is: 2
[JVM-1] DetectComponentRestartTestMultiJvmNode1:
[JVM-2] Run starting. Expected test count is: 2
[JVM-2] DetectComponentRestartTestMultiJvmNode2:
[JVM-3] Run starting. Expected test count is: 2
[JVM-3] DetectComponentRestartTestMultiJvmNode3:
[JVM-1] - ensure that location service is up for all the nodes
[JVM-2] - ensure that location service is up for all the nodes
[JVM-3] - ensure that location service is up for all the nodes
[JVM-2] WARNING: An illegal reflective access operation has occurred
[JVM-2] WARNING: Illegal reflective access by com.esotericsoftware.kryo.util.UnsafeUtil (file:/home/girish/IdeaProjects/csw/csw-location-server/target/multi-run-copied-libraries/kryo-shaded-4.0.2.jar) to constructor java.nio.DirectByteBuffer(long,int,java.lang.Object)
[JVM-2] WARNING: Please consider reporting this to the maintainers of com.esotericsoftware.kryo.util.UnsafeUtil
[JVM-2] WARNING: Use --illegal-access=warn to enable warnings of further illegal reflective access operations
[JVM-2] WARNING: All illegal access operations will be denied in a future release
[JVM-3] WARNING: An illegal reflective access operation has occurred
[JVM-3] WARNING: Illegal reflective access by org.jboss.netty.util.internal.ByteBufferUtil (file:/home/girish/IdeaProjects/csw/csw-location-server/target/multi-run-copied-libraries/netty-3.10.6.Final.jar) to method java.nio.DirectByteBuffer.cleaner()
[JVM-3] WARNING: Please consider reporting this to the maintainers of org.jboss.netty.util.internal.ByteBufferUtil
[JVM-3] WARNING: Use --illegal-access=warn to enable warnings of further illegal reflective access operations
[JVM-3] WARNING: All illegal access operations will be denied in a future release
[JVM-1] WARNING: An illegal reflective access operation has occurred
[JVM-1] WARNING: Illegal reflective access by com.esotericsoftware.kryo.util.UnsafeUtil (file:/home/girish/IdeaProjects/csw/csw-location-server/target/multi-run-copied-libraries/kryo-shaded-4.0.2.jar) to constructor java.nio.DirectByteBuffer(long,int,java.lang.Object)
[JVM-1] WARNING: Please consider reporting this to the maintainers of com.esotericsoftware.kryo.util.UnsafeUtil
[JVM-1] WARNING: Use --illegal-access=warn to enable warnings of further illegal reflective access operations
[JVM-1] WARNING: All illegal access operations will be denied in a future release
[JVM-3] - should detect re-registering of new location for a connection that has crashed/gone away
[JVM-1] - should detect re-registering of new location for a connection that has crashed/gone away
[JVM-2] - should detect re-registering of new location for a connection that has crashed/gone away
[JVM-2] Run completed in 27 seconds, 643 milliseconds.
[JVM-2] Total number of tests run: 2
[JVM-2] Suites: completed 1, aborted 0
[JVM-2] Tests: succeeded 2, failed 0, canceled 0, ignored 0, pending 0
[JVM-2] All tests passed.
[JVM-3] Run completed in 27 seconds, 774 milliseconds.
[JVM-3] Total number of tests run: 2
[JVM-3] Suites: completed 1, aborted 0
[JVM-3] Tests: succeeded 2, failed 0, canceled 0, ignored 0, pending 0
[JVM-3] All tests passed.
[JVM-1] Run completed in 30 seconds, 504 milliseconds.
[JVM-1] Total number of tests run: 2
[JVM-1] Suites: completed 1, aborted 0
[JVM-1] Tests: succeeded 2, failed 0, canceled 0, ignored 0, pending 0
[JVM-1] All tests passed.
[info] ScalaTest
[info] Run completed in 1 minute, 8 seconds.
[info] Total number of tests run: 303
[info] Suites: completed 19, aborted 0
[info] Tests: succeeded 303, failed 0, canceled 0, ignored 0, pending 0
[info] All tests passed.
[info] Passed: Total 303, Failed 0, Errors 0, Passed 303
[info] multi-jvm
[info] csw.location.server.http.LocationServiceTestWithHttp
[info] multi-jvm
[info] csw.location.LocationServiceTest
[info] multi-jvm
[info] csw.location.DetectAkkaComponentCrashTest
[info] multi-jvm
[info] csw.location.server.http.DetectComponentRestartTestWithHttp
[info] multi-jvm
[info] csw.location.TrackLocationTest
[info] multi-jvm
[info] csw.location.server.http.TrackLocationTestWithHttp
[info] multi-jvm
[info] csw.location.server.http.DetectAkkaComponentCrashWithHttp
[info] multi-jvm
[info] csw.location.DetectComponentRestartTest
[info] Passed: Total 0, Failed 0, Errors 0, Passed 0
[info] No tests to run for MultiJvm
[info] JCommandResponseManagerTest:
[info] - shouldDelegateToJQueryFinal
[info] - shouldDelegateToJQuery
[info] CommandResponseManagerBehaviorTest:
[info] - should be able to add command entry in Command Response Manager (529 milliseconds)
[info] - should be able to add correlation between parent and child via AddSubCommand (4 milliseconds)
[info] - should be able to add subscriber and publish current state to newly added subscriber (29 milliseconds)
[info] - should not get update for long running command that returns Started (205 milliseconds)
[info] - should not be able to set value to Intermediate after Final in Command Response Manager (13 milliseconds)
[info] - should be able to remove subscriber (8 milliseconds)
[info] - should be able to get current status of command on Query message (5 milliseconds)
[info] - should be able to update and publish command status to all subscribers (4 milliseconds)
[info] - should be able to infer command status when status of sub command is updated (9 milliseconds)
[info] - should be able to update command status with the status of subcommand if one of the subcommand fails (10 milliseconds)
[info] - should be able to update successful command status when all the subcommand completes with success (4 milliseconds)
[info] - CRM queryFinal actually works (4 milliseconds)
[info] - CRM should support three level tree including sequenceId as top level (5 milliseconds)
[info] - should be able subscribe before submitting command and gets added to CRM  (5 milliseconds)
[info] InterOperabilityTest:
[info] - should able to send commands/events from scala code to java and vice a versa (8 milliseconds)
[info] CommandResponseManagerTest:
[info] - should delegate to addOrUpdateCommand (1 millisecond)
[info] - should delegate to addSubCommand (1 millisecond)
[info] - should delegate to updateSubCommand (1 millisecond)
[info] - should delegate to query (1 millisecond)
[info] - queryFinal should delegate to Subscribe (1 millisecond)
[info] AkkaKryoSerializationTest:
[info] Test akka serialization of Commands
[info] - should serialize Setup (222 milliseconds)
[info] - should serialize Observe (111 milliseconds)
[info] - should serialize Wait (25 milliseconds)
[info] Test akka serialization of Events
[info] - should serialize ObserveEvent (36 milliseconds)
[info] - should serialize SystemEvent (12 milliseconds)
[info] Test akka serialization of StateVariables
[info] - should serialize CurrentState (23 milliseconds)
[info] - should serialize DemandState (8 milliseconds)
[info] csw messages
[info] - should serialize ToComponentLifecycle messages (1 millisecond)
[info] - should serialize Lifecycle messages (28 milliseconds)
[info] - should serialize Common messages for all components (14 milliseconds)
[info] - should serialize Common messages for supervisor (5 milliseconds)
[info] - should serialize Common messages for container (20 milliseconds)
[info] - should serialize CommandValidationResponse messages (2 milliseconds)
[info] - should serialize CommandExecutionResponse messages (27 milliseconds)
[info] PathValidatorTest:
[info] - should return false for invalid path (27 milliseconds)
[info] - should return true for valid file path (0 milliseconds)
[info] HttpServiceTest:
[info] - should start the http server and register with location service (1 second, 560 milliseconds)
[info] - should not register with location service if server binding fails (158 milliseconds)
[info] - should not start server if registration with location service fails (141 milliseconds)
[ERROR] [11/26/2018 12:17:55.097] [test-akka.actor.default-dispatcher-22] [akka://test/system/pool-master] connection pool for PoolGateway(hcps = HostConnectionPoolSetup(localhost,7654,ConnectionPoolSetup(ConnectionPoolSettings(4,0,5,32,1,30 seconds,ClientConnectionSettings(Some(User-Agent: akka-http/10.1.5),10 seconds,1 minute,512,None,WebSocketSettings(<function0>,ping,Duration.Inf,akka.http.impl.settings.WebSocketSettingsImpl$$$Lambda$1444/1917932244@3a9a2224),List(),ParserSettings(2048,16,64,64,8192,64,8388608,8388608,256,1048576,Strict,RFC6265,true,Set(),Full,Error,Map(If-Range -> 0, If-Modified-Since -> 0, If-Unmodified-Since -> 0, default -> 12, Content-MD5 -> 0, Date -> 0, If-Match -> 0, If-None-Match -> 0, User-Agent -> 32),false,true,akka.util.ConstantFun$$$Lambda$734/566506507@72c35074,akka.util.ConstantFun$$$Lambda$734/566506507@72c35074,akka.util.ConstantFun$$$Lambda$735/1449578523@796537db),None,TCPTransport),New,1 second),akka.http.scaladsl.HttpConnectionContext$@1285b1d1,akka.event.MarkerLoggingAdapter@39b49f1b))) has shut down unexpectedly
[info] SVNDirEntryExtTest:
[info] - should match the pattern for relative path (9 milliseconds)
[info] - should not match invalid pattern for relative path (3 milliseconds)
[info] - should detect annex and normal file based on type (5 milliseconds)
[info] ArgsParserTest:
[info] - should set init to false and port to None if no options are provided (46 milliseconds)
[info] - should set init to true if option --initRepo is provided (3 milliseconds)
[info] - should set port with the value provided with -- port option (2 milliseconds)
[info] - should set init to true if --initRepo option is provided and port with the value provided with -- port option (1 millisecond)
[info] AnnexFileServiceTest:
[info] - storing annex file (334 milliseconds)
[info] - getting annex file (20 milliseconds)
[info] ConfigServiceRouteTest:
[info] - create - success status code (468 milliseconds)
[info] - create - failure status codes (88 milliseconds)
[info] - update - success status code (271 milliseconds)
[info] - update - failure status codes (99 milliseconds)
[info] - get - success status code (99 milliseconds)
[info] - get - failure status codes (81 milliseconds)
[info] - get by date - success status code (403 milliseconds)
[info] - get by date - failure status codes (11 milliseconds)
[info] - get latest - success status code (109 milliseconds)
[info] - get latest - failure status code (6 milliseconds)
[info] - list - success status code (91 milliseconds)
[info] - list by pattern - success code (88 milliseconds)
[info] - list by pattern - rejection (39 milliseconds)
[info] - list by file type - success code (87 milliseconds)
[info] - list by file type - rejection (11 milliseconds)
[info] - list by file type and pattern - success code (337 milliseconds)
[info] - history - success  status code (144 milliseconds)
[info] - history - failure  status codes (37 milliseconds)
[info] - getActive - success status code (109 milliseconds)
[info] - getActive - failure status codes (7 milliseconds)
[info] - getActive by date - success status code (184 milliseconds)
[info] - getActive by date - failure status codes (25 milliseconds)
[info] - setActive - success status code (121 milliseconds)
[info] - setActive - failure status codes (168 milliseconds)
[info] - resetActive - success status code (260 milliseconds)
[info] - resetActive - failure status codes (9 milliseconds)
[info] - history-active - success  status code (115 milliseconds)
[info] - history-active - failure  status codes (16 milliseconds)
[info] - exists - success status code (41 milliseconds)
[info] - exists - failure status code (14 milliseconds)
[info] - getMetadata - success status code (18 milliseconds)
[info] SvnConfigServiceTest:
[info] - should able to upload and get component configurations from config service (172 milliseconds)
[info] - should able to upload and get binary configurations from config service (5 seconds, 290 milliseconds)
[info] - should able to create a file and retrieve the same (86 milliseconds)
[info] - should ignore '/' at the beginning of file path and create a file (2 seconds, 997 milliseconds)
[info] - should throw FileAlreadyExists while creating a file if it already exists in repository - assume svn first (86 milliseconds)
[info] - should throw FileAlreadyExists while creating a file if it already exists in repository - assume annex first (162 milliseconds)
[info] - should able to update existing file and get the file with updated content (868 milliseconds)
[info] - update should throw FileNotFoundException if a file does not exists in repository (9 milliseconds)
[info] - each revision of file should have unique identifier (155 milliseconds)
[info] - get call should return `None` if a file does not exists in repository (10 milliseconds)
[info] - should able to retrieve the specific version of file by config ID (208 milliseconds)
[info] - should get the correct version of file based on time (113 milliseconds)
[info] - should get the initial version of file if date provided is before the creation date (82 milliseconds)
[info] - should record datetime for creation of config file (71 milliseconds)
[info] - should record datetime when config file is updated (79 milliseconds)
[info] - should get the history of a file (83 milliseconds)
[info] - should list all the available config files (83 milliseconds)
[info] - exists should return false if file does not exist (6 milliseconds)
[info] - exists should return true if file exist (67 milliseconds)
[info] - should able to delete existing file (365 milliseconds)
[info] - deleting non existing file should throw FileNotFoundException (8 milliseconds)
[info] - delete removes all versions of a file (88 milliseconds)
[info] - should able to get, set and reset the active version of config file (185 milliseconds)
[info] - should able to get history of active versions of file (307 milliseconds)
[info] - getActive and getActiveVersion should return None if file does not exists (11 milliseconds)
[info] - set and reset active should throw FileNotFound exception if file or version does not exists (65 milliseconds)
[info] - should be able to store and retrieve file from annex store (78 milliseconds)
[info] - should list files from annex store without .$sha1 suffix (83 milliseconds)
[info] - should be able to update and retrieve the history of a file in annex store (96 milliseconds)
[info] - should able to get history of active versions of file from annex store (263 milliseconds)
[info] - should be able to get active file from annex store (677 milliseconds)
[info] - should be able to get time stamped file from annex store (119 milliseconds)
[info] - should exclude .$active files from list (159 milliseconds)
[info] - should be able to store and retrieve text file from annex store when size is greater than configured size (97 milliseconds)
[info] - should list all files in a repository (326 milliseconds)
[info] - should give empty list if pattern does not match any file (474 milliseconds)
[info] - should filter list based on the pattern (1 second, 683 milliseconds)
[info] - should filter list based on the type and pattern (175 milliseconds)
[info] - should get the correct active version of the file based on time (135 milliseconds)
[info] - should get metadata (41 milliseconds)
[info] - create call should create a normal file and active file in repo and reset should not delete active file (84 milliseconds)
[info] MainTest:
[info] - should not start HTTP server if repo does not exist (586 milliseconds)
[info] - should init svn repo and register with location service if --initRepo option is provided (1 second, 76 milliseconds)
[ERROR] [11/26/2018 12:19:19.986] [config-server-akka.actor.default-dispatcher-17] [akka://config-server/system/pool-master] connection pool for PoolGateway(hcps = HostConnectionPoolSetup(localhost,7654,ConnectionPoolSetup(ConnectionPoolSettings(4,0,5,32,1,30 seconds,ClientConnectionSettings(Some(User-Agent: akka-http/10.1.5),10 seconds,1 minute,512,None,WebSocketSettings(<function0>,ping,Duration.Inf,akka.http.impl.settings.WebSocketSettingsImpl$$$Lambda$1444/1917932244@3a9a2224),List(),ParserSettings(2048,16,64,64,8192,64,8388608,8388608,256,1048576,Strict,RFC6265,true,Set(),Full,Error,Map(If-Range -> 0, If-Modified-Since -> 0, If-Unmodified-Since -> 0, default -> 12, Content-MD5 -> 0, Date -> 0, If-Match -> 0, If-None-Match -> 0, User-Agent -> 32),false,true,akka.util.ConstantFun$$$Lambda$734/566506507@72c35074,akka.util.ConstantFun$$$Lambda$734/566506507@72c35074,akka.util.ConstantFun$$$Lambda$735/1449578523@796537db),None,TCPTransport),New,1 second),akka.http.scaladsl.HttpConnectionContext$@1285b1d1,akka.event.MarkerLoggingAdapter@1de75b1a))) has shut down unexpectedly
[info] - should not initialize svn repo if --initRepo option is not provided and should use existing repo if available (732 milliseconds)
[ERROR] [11/26/2018 12:19:20.079] [config-server-akka.actor.default-dispatcher-25] [akka://config-server/system/pool-master] connection pool for PoolGateway(hcps = HostConnectionPoolSetup(192.168.12.210,4000,ConnectionPoolSetup(ConnectionPoolSettings(4,0,5,32,1,30 seconds,ClientConnectionSettings(Some(User-Agent: akka-http/10.1.5),10 seconds,1 minute,512,None,WebSocketSettings(<function0>,ping,Duration.Inf,akka.http.impl.settings.WebSocketSettingsImpl$$$Lambda$1444/1917932244@3a9a2224),List(),ParserSettings(2048,16,64,64,8192,64,8388608,8388608,256,1048576,Strict,RFC6265,true,Set(),Full,Error,Map(If-Range -> 0, If-Modified-Since -> 0, If-Unmodified-Since -> 0, default -> 12, Content-MD5 -> 0, Date -> 0, If-Match -> 0, If-None-Match -> 0, User-Agent -> 32),false,true,akka.util.ConstantFun$$$Lambda$734/566506507@72c35074,akka.util.ConstantFun$$$Lambda$734/566506507@72c35074,akka.util.ConstantFun$$$Lambda$735/1449578523@796537db),None,TCPTransport),New,1 second),akka.http.scaladsl.HttpConnectionContext$@1285b1d1,akka.event.MarkerLoggingAdapter@42d3ff4f))) has shut down unexpectedly
[info] TimeExtensionsTest:
[info] - untilNext text (113 milliseconds)
[info] LoggingSeverityTest:
[info] - setCurrentSeverity should log a message (241 milliseconds)
[info] MetadataServiceModuleTest:
[info] - getMetadata should fetch metadata of the given Alarm key (90 milliseconds)
[info] - getMetadata should throw exception while getting metadata if key does not exist (11 milliseconds)
[info] - getMetadata should fetch all alarms for a component (211 milliseconds)
[info] - getMetadata should fetch all alarms for a subsystem (129 milliseconds)
[info] - getMetadata should fetch all alarms of whole system (47 milliseconds)
[info] - getMetadata should throw exception if no alarms are found while getting metadata by subsystem (2 milliseconds)
[info] - initAlarms should load alarms from provided config file (226 milliseconds)
[info] - initAlarms should reset the previous alarm data in redis and load with newly provided (195 milliseconds)
[info] - initAlarm with reset should not delete keys other than alarm service, for example sentinel related keys (67 milliseconds)
[info] - initAlarm with reset=false should preserve existing alarm keys (67 milliseconds)
[info] - activate should activate an inactive alarm (100 milliseconds)
[info] - deActivate should deactivate an active alarm (42 milliseconds)
[info] - should throw exception when tried to activate/deactivate alarm which is not present in alarm store (3 milliseconds)
[info] ConfigValidatorTest:
[info] - validation result should be successful for list of valid alarm's metadata (6 milliseconds)
[info] - validation result should be failed for invalid alarms metadata (11 milliseconds)
[info] JAlarmServiceFactoryTest:
[info] - shouldCreateClientAlarmServiceUsingLocationService
[info] - shouldCreateClientAlarmServiceUsingHostAndPort
[info] HealthServiceModuleTest:
[info] - getAggregatedHealth should get aggregated health for a alarm (49 milliseconds)
[info] - getAggregatedHealth should get aggregated health for a component (28 milliseconds)
[info] - getAggregatedHealth should get aggregated health for a subsystem (38 milliseconds)
[info] - getAggregatedHealth should get aggregated health for global system (82 milliseconds)
[info] - getAggregatedHealth should not consider inactive alarms for health aggregation (31 milliseconds)
[info] - getAggregatedHealth should consider shelved alarms also for health aggregation (34 milliseconds)
[info] - getAggregatedHealth should throw KeyNotFoundException when key is invalid (3 milliseconds)
[info] - getAggregatedHealth should throw InactiveAlarmException when all resolved keys are inactive (4 milliseconds)
[info] - subscribe aggregated health via callback for an alarm (3 seconds, 795 milliseconds)
[info] - subscribe aggregated health via callback for a subsystem (595 milliseconds)
[info] - subscribe aggregated health via callback for a component (269 milliseconds)
[info] - subscribeAggregatedHealthCallback should not consider inactive alarm for aggregation (373 milliseconds)
[info] - subscribeAggregatedSeverityCallback should throw KeyNotFoundException if the key does not match any key (4 milliseconds)
[info] - subscribeAggregatedHealthCallback should throw KeyNotFoundException when key is invalid (3 milliseconds)
[info] - subscribeAggregatedHealthCallback should throw InactiveAlarmException when all resolved keys are inactive (7 milliseconds)
[info] - subscribe aggregated health via actorRef for a subsystem (394 milliseconds)
[info] - shelved alarms should be considered in health aggregation (168 milliseconds)
[info] - subscribeAggregatedHealthActorRef should throw InactiveAlarmException when all resolved keys are inactive (7 milliseconds)
[info] AlarmServiceTestSetup:
[info] ConfigParserTest:
[info] - should able to parse valid alarm metadata's config file (5 milliseconds)
[info] - should throw Exception while parsing invalid alarms metadata config file (6 milliseconds)
[info] StatusServiceModuleTest:
[info] - reset should never update the alarm time (134 milliseconds)
[info] - simple test to check behavior of latch and reset (72 milliseconds)
[info] - reset should set latchedSeverity to current severity when current severity is Okay (16 milliseconds)
[info] - reset should set latchedSeverity to current severity when current severity is Warning (17 milliseconds)
[info] - reset should set latchedSeverity to current severity when current severity is Major (19 milliseconds)
[info] - reset should set latchedSeverity to current severity when current severity is Indeterminate (17 milliseconds)
[info] - reset should set latchedSeverity to current severity when current severity is Critical (17 milliseconds)
[info] - reset should set latchedSeverity to current severity when current severity is Disconnected (1 second, 541 milliseconds)
[info] - reset should throw exception if key does not exist (2 milliseconds)
[info] - acknowledge should set acknowledgementStatus to Acknowledged of an alarm (22 milliseconds)
[info] - unacknowledge should set acknowledgementStatus to Unacknowledged of an alarm (19 milliseconds)
[info] - acknowledge should throw exception if key does not exist (7 milliseconds)
[info] - unacknowledge should throw exception if key does not exist (2 milliseconds)
[info] - shelve should update the status of the alarm to shelved (9 milliseconds)
[info] - shelve alarm should automatically get unshelved on configured time (2 seconds, 14 milliseconds)
[info] - unshelve should update the alarm status to unshelved (14 milliseconds)
[info] - getStatus should throw exception if key does not exist (2 milliseconds)
[WARN] [11/26/2018 12:19:49.095] [pool-1-thread-1] [ManifestInfo(akka://AutoRefreshSeverityActorTest)] Detected possible incompatible versions on the classpath. Please note that a given Akka version MUST be the same across all modules of Akka that you are using, e.g. if you use [2.5.18] all other modules that are released together MUST be of the same version. Make sure you're using a compatible set of libraries.Possibly conflicting versions [2.5.18, 2.5.6] in libraries [akka-multi-node-testkit:2.5.18, akka-persistence:2.5.6, akka-cluster-sharding:2.5.6, akka-protobuf:2.5.18, akka-actor-typed:2.5.18, akka-actor:2.5.18, akka-slf4j:2.5.18, akka-remote:2.5.18, akka-cluster:2.5.18, akka-distributed-data:2.5.18, akka-stream:2.5.18, akka-cluster-typed:2.5.18, akka-actor-testkit-typed:2.5.18, akka-stream-testkit:2.5.18, akka-cluster-tools:2.5.18]
[info] AutoRefreshSeverityActorTest:
[info] - should refresh severity (455 milliseconds)
[info] - should set severity and refresh it (110 milliseconds)
[info] - should cancel the refreshing of alarm severity (235 milliseconds)
[info] - should refresh for multiple alarms (667 milliseconds)
[info] SeverityServiceModuleTest:
[info] - setSeverity should set severity (1 second, 25 milliseconds)
[info] - setSeverity should throw KeyNotFoundException when tried to set severity for key which does not exists in alarm store (3 milliseconds)
[info] - setSeverity should throw InvalidSeverityException when unsupported severity is provided (8 milliseconds)
[info] - setSeverity should latch alarm when it is higher than previous latched severity (458 milliseconds)
[info] - setSeverity should not auto-acknowledge alarm even when it is auto-acknowledgable (14 milliseconds)
[info] - setSeverity should not update alarm time when current severity does not change (240 milliseconds)
[info] - getCurrentSeverity should get current severity (13 milliseconds)
[info] - getCurrentSeverity should throw exception if key does not exist (1 millisecond)
[info] - getAggregatedSeverity should get aggregated severity for component (34 milliseconds)
[info] - getAggregatedSeverity should get aggregated severity for subsystem (43 milliseconds)
[info] - getAggregatedSeverity should get aggregated severity for global system (65 milliseconds)
[info] - getAggregatedSeverity should not consider inactive alarms in aggregation (19 milliseconds)
[info] - getAggregatedSeverity should consider shelved alarms also in aggregation (13 milliseconds)
[info] - getAggregatedSeverity should get aggregated to Disconnected for Warning and Critical severities (25 milliseconds)
[info] - getAggregatedSeverity should throw KeyNotFoundException when key is invalid (3 milliseconds)
[info] - getAggregatedSeverity should throw InactiveAlarmException when all resolved keys are inactive (3 milliseconds)
[info] - subscribe aggregated severity via callback for an alarm (1 second, 283 milliseconds)
[info] - subscribe aggregated severity via callback for a subsystem (1 second, 116 milliseconds)
[info] - subscribe aggregated severity via callback for two different subscriptions, one for a component and other for all (2 seconds, 601 milliseconds)
[info] - subscribeAggregatedSeverityCallback should not consider inactive alarm for aggregation (358 milliseconds)
[info] - subscribeAggregatedSeverityCallback should throw InactiveAlarmException when all resolved keys are inactive (4 milliseconds)
[info] - subscribeAggregatedSeverity should throw KeyNotFoundException when key is invalid (2 milliseconds)
[info] - subscribe aggregated severity via actorRef for a subsystem (1 second, 321 milliseconds)
[info] - subscribeAggregatedSeverityActorRef should not consider inactive alarm for aggregation (350 milliseconds)
[info] - shelved alarms should be considered while subscribing aggregated severity (34 milliseconds)
[info] - IsHigher_WasNotDisconnected (13 milliseconds)
[info] - IsHigher_WasDisconnected (14 milliseconds)
[info] - IsNotHigher_WasNotDisconnected (14 milliseconds)
[info] - IsNotHigher_WasDisconnected (14 milliseconds)
[info] - ack status should transition from Unacknowledged to Unacknowledged when severity changes from Critical to Warning & autoAck=true (13 milliseconds)
[info] - ack status should transition from Acknowledged to Unacknowledged when severity changes from Critical to Warning & autoAck=true (11 milliseconds)
[info] - ack status should transition from Acknowledged to Unacknowledged when severity changes from Critical to Warning & autoAck=false (11 milliseconds)
[info] - ack status should transition from Unacknowledged to Acknowledged when severity changes from Disconnected to Okay & autoAck=true (10 milliseconds)
[info] - ack status should transition from Unacknowledged to Acknowledged when severity changes from Critical to Okay & autoAck=true (12 milliseconds)
[info] - ack status should transition from Unacknowledged to Acknowledged when severity changes from Okay to Okay & autoAck=true (10 milliseconds)
[info] - ack status should transition from Unacknowledged to Unacknowledged when severity changes from Warning to Okay & autoAck=false (10 milliseconds)
[info] - ack status should transition from Acknowledged to Acknowledged when severity changes from Warning to Okay & autoAck=false (11 milliseconds)
[info] - ack status should transition from Acknowledged to Acknowledged when severity changes from Okay to Disconnected & autoAck=false (1 second, 117 milliseconds)
[info] - ack status should transition from Unacknowledged to Unacknowledged when severity changes from Warning to Disconnected & autoAck=false (1 second, 118 milliseconds)
[info] JSeverityServiceModuleTest:
[info] - setSeverity_shouldNotUpdateAlarmTimeWhenSeverityDoesNotChange
[info] - setSeverity_shouldLatchAlarmWhenItIsHigherThanPreviousLatchedSeverity
[info] - setSeverity_shouldNotAutoAcknowledgeAlarmEvenWhenItIsAutoAcknowlegable
[info] - setSeverity_shouldThrowInvalidSeverityExceptionWhenUnsupportedSeverityIsProvided
[info] - setSeverity_shouldSetSeverityForAGivenKey
[info] AlarmServiceFactoryTest:
[info] - should create admin alarm service using location service (9 milliseconds)
[info] - should create admin alarm service using host and port (8 milliseconds)
[info] - should create client alarm service using location service (100 milliseconds)
[info] - should create client alarm service using host and port (33 milliseconds)
[info] JPbParameterTest:
[info] - booleanParam
[info] - stringArrayParam
[info] - event
[info] ProtobufSerializationTest:
[info] Test protobuf serialization of Events
[info] - should serialize ObserveEvent (1 second, 825 milliseconds)
[info] - should serialize SystemEvent (75 milliseconds)
[info] EventPublisherTest:
[info] - should_be_able_to_maintain_ordering_while_publish(Redis)
[info] - should_be_able_to_maintain_ordering_while_publish(Kafka)
[info] - should_be_able_to_publish_an_event_with_block_genrating_future_of_event(Redis)
[info] - should_be_able_to_publish_an_event_with_block_genrating_future_of_event(Kafka) *** FAILED ***
[info]   Queue(SystemEvent(eventId=Id(-1), source=Prefix(test), eventName=system, eventTime=1969-12-31T23:59:59.999Z, paramSet=Set()), SystemEvent(eventId=Id(31), source=Prefix(test), eventName=system, eventTime=2018-11-26T06:50:30.617848Z, paramSet=Set(eventTime((10190734217689)NoUnits))), SystemEvent(eventId=Id(32), source=Prefix(test), eventName=system, eventTime=2018-11-26T06:50:30.617877Z, paramSet=Set(eventTime((10190734243200)NoUnits)))) had length 3 instead of expected length 5 (EventPublisherTest.scala:155)
[info]   org.scalatest.exceptions.TestFailedException:
[info]   at org.scalatest.MatchersHelper$.indicateFailure(MatchersHelper.scala:346)
[info]   at org.scalatest.Matchers$ShouldMethodHelper$.shouldMatcher(Matchers.scala:6668)
[info]   at org.scalatest.Matchers$AnyShouldWrapper.should(Matchers.scala:6728)
[info]   at csw.event.client.EventPublisherTest.should_be_able_to_publish_an_event_with_block_genrating_future_of_event(EventPublisherTest.scala:155)
[info]   at java.base/jdk.internal.reflect.NativeMethodAccessorImpl.invoke0(Native Method)
[info]   at java.base/jdk.internal.reflect.NativeMethodAccessorImpl.invoke(NativeMethodAccessorImpl.java:62)
[info]   at java.base/jdk.internal.reflect.DelegatingMethodAccessorImpl.invoke(DelegatingMethodAccessorImpl.java:43)
[info]   at java.base/java.lang.reflect.Method.invoke(Method.java:564)
[info]   at org.testng.internal.MethodInvocationHelper.invokeMethod(MethodInvocationHelper.java:124)
[info]   at org.testng.internal.Invoker.invokeMethod(Invoker.java:583)
[info]   at org.testng.internal.Invoker.invokeTestMethod(Invoker.java:719)
[info]   at org.testng.internal.Invoker.invokeTestMethods(Invoker.java:989)
[info]   at org.testng.internal.TestMethodWorker.invokeTestMethods(TestMethodWorker.java:125)
[info]   at org.testng.internal.TestMethodWorker.run(TestMethodWorker.java:109)
[info]   at org.testng.TestRunner.privateRun(TestRunner.java:648)
[info]   at org.testng.TestRunner.run(TestRunner.java:505)
[info]   at org.testng.SuiteRunner.runTest(SuiteRunner.java:455)
[info]   at org.testng.SuiteRunner.runSequentially(SuiteRunner.java:450)
[info]   at org.testng.SuiteRunner.privateRun(SuiteRunner.java:415)
[info]   at org.testng.SuiteRunner.run(SuiteRunner.java:364)
[info]   at org.testng.SuiteRunnerWorker.runSuite(SuiteRunnerWorker.java:52)
[info]   at org.testng.SuiteRunnerWorker.run(SuiteRunnerWorker.java:84)
[info]   at org.testng.TestNG.runSuitesSequentially(TestNG.java:1208)
[info]   at org.testng.TestNG.runSuitesLocally(TestNG.java:1137)
[info]   at org.testng.TestNG.runSuites(TestNG.java:1049)
[info]   at org.testng.TestNG.run(TestNG.java:1017)
[info]   at org.scalatest.testng.TestNGSuiteLike.run(TestNGSuiteLike.scala:261)
[info]   at org.scalatest.testng.TestNGSuiteLike.run$(TestNGSuiteLike.scala:254)
[info]   at org.scalatest.testng.TestNGSuite.run(TestNGSuite.scala:67)
[info]   at org.scalatest.testng.TestNGSuiteLike.runTestNG(TestNGSuiteLike.scala:248)
[info]   at org.scalatest.testng.TestNGSuiteLike.runTestNG$(TestNGSuiteLike.scala:227)
[info]   at org.scalatest.testng.TestNGSuite.runTestNG(TestNGSuite.scala:67)
[info]   at org.scalatest.testng.TestNGSuiteLike.run(TestNGSuiteLike.scala:149)
[info]   at org.scalatest.testng.TestNGSuiteLike.run$(TestNGSuiteLike.scala:146)
[info]   at org.scalatest.testng.TestNGSuite.run(TestNGSuite.scala:67)
[info]   at org.scalatest.tools.Framework.org$scalatest$tools$Framework$$runSuite(Framework.scala:314)
[info]   at org.scalatest.tools.Framework$ScalaTestTask.execute(Framework.scala:507)
[info]   at sbt.ForkMain$Run.lambda$runTest$1(ForkMain.java:304)
[info]   at java.base/java.util.concurrent.FutureTask.run(FutureTask.java:264)
[info]   at java.base/java.util.concurrent.ThreadPoolExecutor.runWorker(ThreadPoolExecutor.java:1135)
[info]   at java.base/java.util.concurrent.ThreadPoolExecutor$Worker.run(ThreadPoolExecutor.java:635)
[info]   at java.base/java.lang.Thread.run(Thread.java:844)
[info] - should_be_able_to_publish_an_event_with_duration(Redis)
[info] - should_be_able_to_publish_an_event_with_duration(Kafka)
[info] - should_be_able_to_publish_and_subscribe_an_event(Redis)
[info] - should_be_able_to_publish_and_subscribe_an_event(Kafka)
[info] - should_be_able_to_publish_concurrently_to_the_different_channel(Redis)
[info] - should_be_able_to_publish_concurrently_to_the_different_channel(Kafka)

===============================================
Command line suite
Total tests run: 10, Failures: 1, Skips: 0
===============================================

[info] EventSubscriptionFrequencyTest:
[info] - should_be_able_to_subscribe_an_event_with_duration_with_rate_adapter_for_fast_publisher(Redis)
[info] - should_be_able_to_subscribe_an_event_with_duration_with_rate_adapter_for_fast_publisher(Kafka) *** FAILED ***
[info]   Queue(SystemEvent(eventId=Id(2), source=Prefix(test.prefix), eventName=system_1906700385, eventTime=2018-11-26T06:50:23.671029Z, paramSet=Set()), SystemEvent(eventId=Id(3), source=Prefix(test.prefix), eventName=system_1906700385, eventTime=2018-11-26T06:50:23.671029Z, paramSet=Set()), SystemEvent(eventId=Id(4), source=Prefix(test.prefix), eventName=system_1906700385, eventTime=2018-11-26T06:50:23.671029Z, paramSet=Set()), SystemEvent(eventId=Id(5), source=Prefix(test.prefix), eventName=system_1906700385, eventTime=2018-11-26T06:50:23.671029Z, paramSet=Set()), SystemEvent(eventId=Id(6), source=Prefix(test.prefix), eventName=system_1906700385, eventTime=2018-11-26T06:50:23.671029Z, paramSet=Set()), SystemEvent(eventId=Id(7), source=Prefix(test.prefix), eventName=system_1906700385, eventTime=2018-11-26T06:50:23.671029Z, paramSet=Set()), SystemEvent(eventId=Id(8), source=Prefix(test.prefix), eventName=system_1906700385, eventTime=2018-11-26T06:50:23.671029Z, paramSet=Set()), SystemEvent(eventId=Id(9), source=Prefix(test.prefix), eventName=system_1906700385, eventTime=2018-11-26T06:50:23.671029Z, paramSet=Set()), SystemEvent(eventId=Id(10), source=Prefix(test.prefix), eventName=system_1906700385, eventTime=2018-11-26T06:50:23.671029Z, paramSet=Set()), SystemEvent(eventId=Id(11), source=Prefix(test.prefix), eventName=system_1906700385, eventTime=2018-11-26T06:50:23.671029Z, paramSet=Set()), SystemEvent(eventId=Id(12), source=Prefix(test.prefix), eventName=system_1906700385, eventTime=2018-11-26T06:50:23.671029Z, paramSet=Set()), SystemEvent(eventId=Id(13), source=Prefix(test.prefix), eventName=system_1906700385, eventTime=2018-11-26T06:50:23.671029Z, paramSet=Set()), SystemEvent(eventId=Id(14), source=Prefix(test.prefix), eventName=system_1906700385, eventTime=2018-11-26T06:50:23.671029Z, paramSet=Set()), SystemEvent(eventId=Id(15), source=Prefix(test.prefix), eventName=system_1906700385, eventTime=2018-11-26T06:50:23.671029Z, paramSet=Set()), SystemEvent(eventId=Id(16), source=Prefix(test.prefix), eventName=system_1906700385, eventTime=2018-11-26T06:50:23.671029Z, paramSet=Set()), SystemEvent(eventId=Id(17), source=Prefix(test.prefix), eventName=system_1906700385, eventTime=2018-11-26T06:50:23.671029Z, paramSet=Set()), SystemEvent(eventId=Id(18), source=Prefix(test.prefix), eventName=system_1906700385, eventTime=2018-11-26T06:50:23.671029Z, paramSet=Set()), SystemEvent(eventId=Id(19), source=Prefix(test.prefix), eventName=system_1906700385, eventTime=2018-11-26T06:50:23.671029Z, paramSet=Set())) did not contain all elements of List(SystemEvent(eventId=Id(-1), source=Prefix(test.prefix), eventName=system_1906700385, eventTime=1969-12-31T23:59:59.999Z, paramSet=Set()), SystemEvent(eventId=Id(6), source=Prefix(test.prefix), eventName=system_1906700385, eventTime=2018-11-26T06:50:23.671029Z, paramSet=Set()), SystemEvent(eventId=Id(11), source=Prefix(test.prefix), eventName=system_1906700385, eventTime=2018-11-26T06:50:23.671029Z, paramSet=Set()), SystemEvent(eventId=Id(15), source=Prefix(test.prefix), eventName=system_1906700385, eventTime=2018-11-26T06:50:23.671029Z, paramSet=Set())) (EventSubscriptionFrequencyTest.scala:130)
[info]   org.scalatest.exceptions.TestFailedException:
[info]   at org.scalatest.MatchersHelper$.indicateFailure(MatchersHelper.scala:346)
[info]   at org.scalatest.words.ResultOfContainWord.allElementsOf(ResultOfContainWord.scala:319)
[info]   at csw.event.client.EventSubscriptionFrequencyTest.should_be_able_to_subscribe_an_event_with_duration_with_rate_adapter_for_fast_publisher(EventSubscriptionFrequencyTest.scala:130)
[info]   at java.base/jdk.internal.reflect.NativeMethodAccessorImpl.invoke0(Native Method)
[info]   at java.base/jdk.internal.reflect.NativeMethodAccessorImpl.invoke(NativeMethodAccessorImpl.java:62)
[info]   at java.base/jdk.internal.reflect.DelegatingMethodAccessorImpl.invoke(DelegatingMethodAccessorImpl.java:43)
[info]   at java.base/java.lang.reflect.Method.invoke(Method.java:564)
[info]   at org.testng.internal.MethodInvocationHelper.invokeMethod(MethodInvocationHelper.java:124)
[info]   at org.testng.internal.Invoker.invokeMethod(Invoker.java:583)
[info]   at org.testng.internal.Invoker.invokeTestMethod(Invoker.java:719)
[info]   at org.testng.internal.Invoker.invokeTestMethods(Invoker.java:989)
[info]   at org.testng.internal.TestMethodWorker.invokeTestMethods(TestMethodWorker.java:125)
[info]   at org.testng.internal.TestMethodWorker.run(TestMethodWorker.java:109)
[info]   at org.testng.TestRunner.privateRun(TestRunner.java:648)
[info]   at org.testng.TestRunner.run(TestRunner.java:505)
[info]   at org.testng.SuiteRunner.runTest(SuiteRunner.java:455)
[info]   at org.testng.SuiteRunner.runSequentially(SuiteRunner.java:450)
[info]   at org.testng.SuiteRunner.privateRun(SuiteRunner.java:415)
[info]   at org.testng.SuiteRunner.run(SuiteRunner.java:364)
[info]   at org.testng.SuiteRunnerWorker.runSuite(SuiteRunnerWorker.java:52)
[info]   at org.testng.SuiteRunnerWorker.run(SuiteRunnerWorker.java:84)
[info]   at org.testng.TestNG.runSuitesSequentially(TestNG.java:1208)
[info]   at org.testng.TestNG.runSuitesLocally(TestNG.java:1137)
[info]   at org.testng.TestNG.runSuites(TestNG.java:1049)
[info]   at org.testng.TestNG.run(TestNG.java:1017)
[info]   at org.scalatest.testng.TestNGSuiteLike.run(TestNGSuiteLike.scala:261)
[info]   at org.scalatest.testng.TestNGSuiteLike.run$(TestNGSuiteLike.scala:254)
[info]   at org.scalatest.testng.TestNGSuite.run(TestNGSuite.scala:67)
[info]   at org.scalatest.testng.TestNGSuiteLike.runTestNG(TestNGSuiteLike.scala:248)
[info]   at org.scalatest.testng.TestNGSuiteLike.runTestNG$(TestNGSuiteLike.scala:227)
[info]   at org.scalatest.testng.TestNGSuite.runTestNG(TestNGSuite.scala:67)
[info]   at org.scalatest.testng.TestNGSuiteLike.run(TestNGSuiteLike.scala:149)
[info]   at org.scalatest.testng.TestNGSuiteLike.run$(TestNGSuiteLike.scala:146)
[info]   at org.scalatest.testng.TestNGSuite.run(TestNGSuite.scala:67)
[info]   at org.scalatest.tools.Framework.org$scalatest$tools$Framework$$runSuite(Framework.scala:314)
[info]   at org.scalatest.tools.Framework$ScalaTestTask.execute(Framework.scala:507)
[info]   at sbt.ForkMain$Run.lambda$runTest$1(ForkMain.java:304)
[info]   at java.base/java.util.concurrent.FutureTask.run(FutureTask.java:264)
[info]   at java.base/java.util.concurrent.ThreadPoolExecutor.runWorker(ThreadPoolExecutor.java:1135)
[info]   at java.base/java.util.concurrent.ThreadPoolExecutor$Worker.run(ThreadPoolExecutor.java:635)
[info]   at java.base/java.lang.Thread.run(Thread.java:844)
[info] - should_be_able_to_subscribe_with_duration_with_rate_adapter_mode_for_slow_publisher(Redis)
[info] - should_be_able_to_subscribe_with_duration_with_rate_adapter_mode_for_slow_publisher(Kafka) *** FAILED ***
[info]   1 was not equal to 11 (EventSubscriptionFrequencyTest.scala:88)
[info]   org.scalatest.exceptions.TestFailedException:
[info]   at org.scalatest.MatchersHelper$.indicateFailure(MatchersHelper.scala:346)
[info]   at org.scalatest.Matchers$AnyShouldWrapper.shouldBe(Matchers.scala:6864)
[info]   at csw.event.client.EventSubscriptionFrequencyTest.should_be_able_to_subscribe_with_duration_with_rate_adapter_mode_for_slow_publisher(EventSubscriptionFrequencyTest.scala:88)
[info]   at java.base/jdk.internal.reflect.NativeMethodAccessorImpl.invoke0(Native Method)
[info]   at java.base/jdk.internal.reflect.NativeMethodAccessorImpl.invoke(NativeMethodAccessorImpl.java:62)
[info]   at java.base/jdk.internal.reflect.DelegatingMethodAccessorImpl.invoke(DelegatingMethodAccessorImpl.java:43)
[info]   at java.base/java.lang.reflect.Method.invoke(Method.java:564)
[info]   at org.testng.internal.MethodInvocationHelper.invokeMethod(MethodInvocationHelper.java:124)
[info]   at org.testng.internal.Invoker.invokeMethod(Invoker.java:583)
[info]   at org.testng.internal.Invoker.invokeTestMethod(Invoker.java:719)
[info]   at org.testng.internal.Invoker.invokeTestMethods(Invoker.java:989)
[info]   at org.testng.internal.TestMethodWorker.invokeTestMethods(TestMethodWorker.java:125)
[info]   at org.testng.internal.TestMethodWorker.run(TestMethodWorker.java:109)
[info]   at org.testng.TestRunner.privateRun(TestRunner.java:648)
[info]   at org.testng.TestRunner.run(TestRunner.java:505)
[info]   at org.testng.SuiteRunner.runTest(SuiteRunner.java:455)
[info]   at org.testng.SuiteRunner.runSequentially(SuiteRunner.java:450)
[info]   at org.testng.SuiteRunner.privateRun(SuiteRunner.java:415)
[info]   at org.testng.SuiteRunner.run(SuiteRunner.java:364)
[info]   at org.testng.SuiteRunnerWorker.runSuite(SuiteRunnerWorker.java:52)
[info]   at org.testng.SuiteRunnerWorker.run(SuiteRunnerWorker.java:84)
[info]   at org.testng.TestNG.runSuitesSequentially(TestNG.java:1208)
[info]   at org.testng.TestNG.runSuitesLocally(TestNG.java:1137)
[info]   at org.testng.TestNG.runSuites(TestNG.java:1049)
[info]   at org.testng.TestNG.run(TestNG.java:1017)
[info]   at org.scalatest.testng.TestNGSuiteLike.run(TestNGSuiteLike.scala:261)
[info]   at org.scalatest.testng.TestNGSuiteLike.run$(TestNGSuiteLike.scala:254)
[info]   at org.scalatest.testng.TestNGSuite.run(TestNGSuite.scala:67)
[info]   at org.scalatest.testng.TestNGSuiteLike.runTestNG(TestNGSuiteLike.scala:248)
[info]   at org.scalatest.testng.TestNGSuiteLike.runTestNG$(TestNGSuiteLike.scala:227)
[info]   at org.scalatest.testng.TestNGSuite.runTestNG(TestNGSuite.scala:67)
[info]   at org.scalatest.testng.TestNGSuiteLike.run(TestNGSuiteLike.scala:149)
[info]   at org.scalatest.testng.TestNGSuiteLike.run$(TestNGSuiteLike.scala:146)
[info]   at org.scalatest.testng.TestNGSuite.run(TestNGSuite.scala:67)
[info]   at org.scalatest.tools.Framework.org$scalatest$tools$Framework$$runSuite(Framework.scala:314)
[info]   at org.scalatest.tools.Framework$ScalaTestTask.execute(Framework.scala:507)
[info]   at sbt.ForkMain$Run.lambda$runTest$1(ForkMain.java:304)
[info]   at java.base/java.util.concurrent.FutureTask.run(FutureTask.java:264)
[info]   at java.base/java.util.concurrent.ThreadPoolExecutor.runWorker(ThreadPoolExecutor.java:1135)
[info]   at java.base/java.util.concurrent.ThreadPoolExecutor$Worker.run(ThreadPoolExecutor.java:635)
[info]   at java.base/java.lang.Thread.run(Thread.java:844)
[info] - should_be_able_to_subscribe_with_duration_with_rate_limiter_mode_for_fast_publisher(Redis)
[info] - should_be_able_to_subscribe_with_duration_with_rate_limiter_mode_for_fast_publisher(Kafka) *** FAILED ***
[info]   3 was not equal to 5 (EventSubscriptionFrequencyTest.scala:188)
[info]   org.scalatest.exceptions.TestFailedException:
[info]   at org.scalatest.MatchersHelper$.indicateFailure(MatchersHelper.scala:346)
[info]   at org.scalatest.Matchers$AnyShouldWrapper.shouldBe(Matchers.scala:6864)
[info]   at csw.event.client.EventSubscriptionFrequencyTest.should_be_able_to_subscribe_with_duration_with_rate_limiter_mode_for_fast_publisher(EventSubscriptionFrequencyTest.scala:188)
[info]   at java.base/jdk.internal.reflect.NativeMethodAccessorImpl.invoke0(Native Method)
[info]   at java.base/jdk.internal.reflect.NativeMethodAccessorImpl.invoke(NativeMethodAccessorImpl.java:62)
[info]   at java.base/jdk.internal.reflect.DelegatingMethodAccessorImpl.invoke(DelegatingMethodAccessorImpl.java:43)
[info]   at java.base/java.lang.reflect.Method.invoke(Method.java:564)
[info]   at org.testng.internal.MethodInvocationHelper.invokeMethod(MethodInvocationHelper.java:124)
[info]   at org.testng.internal.Invoker.invokeMethod(Invoker.java:583)
[info]   at org.testng.internal.Invoker.invokeTestMethod(Invoker.java:719)
[info]   at org.testng.internal.Invoker.invokeTestMethods(Invoker.java:989)
[info]   at org.testng.internal.TestMethodWorker.invokeTestMethods(TestMethodWorker.java:125)
[info]   at org.testng.internal.TestMethodWorker.run(TestMethodWorker.java:109)
[info]   at org.testng.TestRunner.privateRun(TestRunner.java:648)
[info]   at org.testng.TestRunner.run(TestRunner.java:505)
[info]   at org.testng.SuiteRunner.runTest(SuiteRunner.java:455)
[info]   at org.testng.SuiteRunner.runSequentially(SuiteRunner.java:450)
[info]   at org.testng.SuiteRunner.privateRun(SuiteRunner.java:415)
[info]   at org.testng.SuiteRunner.run(SuiteRunner.java:364)
[info]   at org.testng.SuiteRunnerWorker.runSuite(SuiteRunnerWorker.java:52)
[info]   at org.testng.SuiteRunnerWorker.run(SuiteRunnerWorker.java:84)
[info]   at org.testng.TestNG.runSuitesSequentially(TestNG.java:1208)
[info]   at org.testng.TestNG.runSuitesLocally(TestNG.java:1137)
[info]   at org.testng.TestNG.runSuites(TestNG.java:1049)
[info]   at org.testng.TestNG.run(TestNG.java:1017)
[info]   at org.scalatest.testng.TestNGSuiteLike.run(TestNGSuiteLike.scala:261)
[info]   at org.scalatest.testng.TestNGSuiteLike.run$(TestNGSuiteLike.scala:254)
[info]   at org.scalatest.testng.TestNGSuite.run(TestNGSuite.scala:67)
[info]   at org.scalatest.testng.TestNGSuiteLike.runTestNG(TestNGSuiteLike.scala:248)
[info]   at org.scalatest.testng.TestNGSuiteLike.runTestNG$(TestNGSuiteLike.scala:227)
[info]   at org.scalatest.testng.TestNGSuite.runTestNG(TestNGSuite.scala:67)
[info]   at org.scalatest.testng.TestNGSuiteLike.run(TestNGSuiteLike.scala:149)
[info]   at org.scalatest.testng.TestNGSuiteLike.run$(TestNGSuiteLike.scala:146)
[info]   at org.scalatest.testng.TestNGSuite.run(TestNGSuite.scala:67)
[info]   at org.scalatest.tools.Framework.org$scalatest$tools$Framework$$runSuite(Framework.scala:314)
[info]   at org.scalatest.tools.Framework$ScalaTestTask.execute(Framework.scala:507)
[info]   at sbt.ForkMain$Run.lambda$runTest$1(ForkMain.java:304)
[info]   at java.base/java.util.concurrent.FutureTask.run(FutureTask.java:264)
[info]   at java.base/java.util.concurrent.ThreadPoolExecutor.runWorker(ThreadPoolExecutor.java:1135)
[info]   at java.base/java.util.concurrent.ThreadPoolExecutor$Worker.run(ThreadPoolExecutor.java:635)
[info]   at java.base/java.lang.Thread.run(Thread.java:844)
[info] - should_be_able_to_subscribe_with_duration_with_rate_limiter_mode_for_slow_publisher(Redis)
[info] - should_be_able_to_subscribe_with_duration_with_rate_limiter_mode_for_slow_publisher(Kafka) *** FAILED ***
[info]   1 was not equal to 3 (EventSubscriptionFrequencyTest.scala:161)
[info]   org.scalatest.exceptions.TestFailedException:
[info]   at org.scalatest.MatchersHelper$.indicateFailure(MatchersHelper.scala:346)
[info]   at org.scalatest.Matchers$AnyShouldWrapper.shouldBe(Matchers.scala:6864)
[info]   at csw.event.client.EventSubscriptionFrequencyTest.should_be_able_to_subscribe_with_duration_with_rate_limiter_mode_for_slow_publisher(EventSubscriptionFrequencyTest.scala:161)
[info]   at java.base/jdk.internal.reflect.NativeMethodAccessorImpl.invoke0(Native Method)
[info]   at java.base/jdk.internal.reflect.NativeMethodAccessorImpl.invoke(NativeMethodAccessorImpl.java:62)
[info]   at java.base/jdk.internal.reflect.DelegatingMethodAccessorImpl.invoke(DelegatingMethodAccessorImpl.java:43)
[info]   at java.base/java.lang.reflect.Method.invoke(Method.java:564)
[info]   at org.testng.internal.MethodInvocationHelper.invokeMethod(MethodInvocationHelper.java:124)
[info]   at org.testng.internal.Invoker.invokeMethod(Invoker.java:583)
[info]   at org.testng.internal.Invoker.invokeTestMethod(Invoker.java:719)
[info]   at org.testng.internal.Invoker.invokeTestMethods(Invoker.java:989)
[info]   at org.testng.internal.TestMethodWorker.invokeTestMethods(TestMethodWorker.java:125)
[info]   at org.testng.internal.TestMethodWorker.run(TestMethodWorker.java:109)
[info]   at org.testng.TestRunner.privateRun(TestRunner.java:648)
[info]   at org.testng.TestRunner.run(TestRunner.java:505)
[info]   at org.testng.SuiteRunner.runTest(SuiteRunner.java:455)
[info]   at org.testng.SuiteRunner.runSequentially(SuiteRunner.java:450)
[info]   at org.testng.SuiteRunner.privateRun(SuiteRunner.java:415)
[info]   at org.testng.SuiteRunner.run(SuiteRunner.java:364)
[info]   at org.testng.SuiteRunnerWorker.runSuite(SuiteRunnerWorker.java:52)
[info]   at org.testng.SuiteRunnerWorker.run(SuiteRunnerWorker.java:84)
[info]   at org.testng.TestNG.runSuitesSequentially(TestNG.java:1208)
[info]   at org.testng.TestNG.runSuitesLocally(TestNG.java:1137)
[info]   at org.testng.TestNG.runSuites(TestNG.java:1049)
[info]   at org.testng.TestNG.run(TestNG.java:1017)
[info]   at org.scalatest.testng.TestNGSuiteLike.run(TestNGSuiteLike.scala:261)
[info]   at org.scalatest.testng.TestNGSuiteLike.run$(TestNGSuiteLike.scala:254)
[info]   at org.scalatest.testng.TestNGSuite.run(TestNGSuite.scala:67)
[info]   at org.scalatest.testng.TestNGSuiteLike.runTestNG(TestNGSuiteLike.scala:248)
[info]   at org.scalatest.testng.TestNGSuiteLike.runTestNG$(TestNGSuiteLike.scala:227)
[info]   at org.scalatest.testng.TestNGSuite.runTestNG(TestNGSuite.scala:67)
[info]   at org.scalatest.testng.TestNGSuiteLike.run(TestNGSuiteLike.scala:149)
[info]   at org.scalatest.testng.TestNGSuiteLike.run$(TestNGSuiteLike.scala:146)
[info]   at org.scalatest.testng.TestNGSuite.run(TestNGSuite.scala:67)
[info]   at org.scalatest.tools.Framework.org$scalatest$tools$Framework$$runSuite(Framework.scala:314)
[info]   at org.scalatest.tools.Framework$ScalaTestTask.execute(Framework.scala:507)
[info]   at sbt.ForkMain$Run.lambda$runTest$1(ForkMain.java:304)
[info]   at java.base/java.util.concurrent.FutureTask.run(FutureTask.java:264)
[info]   at java.base/java.util.concurrent.ThreadPoolExecutor.runWorker(ThreadPoolExecutor.java:1135)
[info]   at java.base/java.util.concurrent.ThreadPoolExecutor$Worker.run(ThreadPoolExecutor.java:635)
[info]   at java.base/java.lang.Thread.run(Thread.java:844)

===============================================
Command line suite
Total tests run: 8, Failures: 4, Skips: 0
===============================================

[info] JEventSubscriberTest:
[info] - should_be_able_to_get_InvalidEvent(Redis)
[info] - should_be_able_to_get_InvalidEvent(Kafka)
[info] - should_be_able_to_get_an_event_without_subscribing_for_it(Redis)
[info] - should_be_able_to_get_an_event_without_subscribing_for_it(Kafka)
[info] - should_be_able_to_get_events_for_multiple_event_keys(Redis)
[info] - should_be_able_to_get_events_for_multiple_event_keys(Kafka)
[info] - should_be_able_to_make_independent_subscriptions(Redis)
[info] - should_be_able_to_make_independent_subscriptions(Kafka)
[info] - should_be_able_to_retrieve_InvalidEvent(Redis)
[info] - should_be_able_to_retrieve_InvalidEvent(Kafka)
[info] - should_be_able_to_retrieve_recently_published_event_on_subscription(Redis)
[info] - should_be_able_to_retrieve_recently_published_event_on_subscription(Kafka)
[info] - should_be_able_to_retrieve_valid_as_well_as_invalid_event_when_events_are_published_for_some_and_not_for_other_keys(Redis)
[info] - should_be_able_to_retrieve_valid_as_well_as_invalid_event_when_events_are_published_for_some_and_not_for_other_keys(Kafka)
[info] - should_be_able_to_subscribe_an_event(Redis)
[info] - should_be_able_to_subscribe_an_event(Kafka)
[info] - should_be_able_to_subscribe_an_event_with_pattern_from_different_subsystem(Redis)
[info] - should_be_able_to_subscribe_an_event_with_pattern_from_same_subsystem(Redis)
[info] - should_be_able_to_subscribe_with_an_ActorRef(Redis)
[info] - should_be_able_to_subscribe_with_an_ActorRef(Kafka)
[info] - should_be_able_to_subscribe_with_an_ActorRef_with_duration(Redis)
[info] - should_be_able_to_subscribe_with_an_ActorRef_with_duration(Kafka)
[info] - should_be_able_to_subscribe_with_async_callback(Redis)
[info] - should_be_able_to_subscribe_with_async_callback(Kafka)
[info] - should_be_able_to_subscribe_with_async_callback_with_duration(Redis)
[info] - should_be_able_to_subscribe_with_async_callback_with_duration(Kafka)
[info] - should_be_able_to_subscribe_with_callback(Redis)
[info] - should_be_able_to_subscribe_with_callback(Kafka)
[info] - should_be_able_to_subscribe_with_callback_with_duration(Redis)
[info] - should_be_able_to_subscribe_with_callback_with_duration(Kafka)

===============================================
Command line suite
Total tests run: 30, Failures: 0, Skips: 0
===============================================

[info] JEventSubscriptionFrequencyTest:
[info] - should_be_able_to_subscribe_with_duration_with_rate_adapter_for_fast_publisher(Redis)
[info] - should_be_able_to_subscribe_with_duration_with_rate_adapter_for_fast_publisher(Kafka)
[info] - should_be_able_to_subscribe_with_duration_with_rate_adapter_mode_for_slow_publisher(Redis)
[info] - should_be_able_to_subscribe_with_duration_with_rate_adapter_mode_for_slow_publisher(Kafka) *** FAILED ***
[info]   java.lang.AssertionError: expected [11] but found [9]
[info]   at org.testng.Assert.fail(Assert.java:96)
[info]   at org.testng.Assert.failNotEquals(Assert.java:776)
[info]   at org.testng.Assert.assertEqualsImpl(Assert.java:137)
[info]   at org.testng.Assert.assertEquals(Assert.java:118)
[info]   at org.testng.Assert.assertEquals(Assert.java:652)
[info]   at org.testng.Assert.assertEquals(Assert.java:662)
[info]   at csw.event.client.JEventSubscriptionFrequencyTest.should_be_able_to_subscribe_with_duration_with_rate_adapter_mode_for_slow_publisher(JEventSubscriptionFrequencyTest.java:114)
[info]   at java.base/jdk.internal.reflect.NativeMethodAccessorImpl.invoke0(Native Method)
[info]   at java.base/jdk.internal.reflect.NativeMethodAccessorImpl.invoke(NativeMethodAccessorImpl.java:62)
[info]   at java.base/jdk.internal.reflect.DelegatingMethodAccessorImpl.invoke(DelegatingMethodAccessorImpl.java:43)
[info]   at java.base/java.lang.reflect.Method.invoke(Method.java:564)
[info]   at org.testng.internal.MethodInvocationHelper.invokeMethod(MethodInvocationHelper.java:124)
[info]   at org.testng.internal.Invoker.invokeMethod(Invoker.java:583)
[info]   at org.testng.internal.Invoker.invokeTestMethod(Invoker.java:719)
[info]   at org.testng.internal.Invoker.invokeTestMethods(Invoker.java:989)
[info]   at org.testng.internal.TestMethodWorker.invokeTestMethods(TestMethodWorker.java:125)
[info]   at org.testng.internal.TestMethodWorker.run(TestMethodWorker.java:109)
[info]   at org.testng.TestRunner.privateRun(TestRunner.java:648)
[info]   at org.testng.TestRunner.run(TestRunner.java:505)
[info]   at org.testng.SuiteRunner.runTest(SuiteRunner.java:455)
[info]   at org.testng.SuiteRunner.runSequentially(SuiteRunner.java:450)
[info]   at org.testng.SuiteRunner.privateRun(SuiteRunner.java:415)
[info]   at org.testng.SuiteRunner.run(SuiteRunner.java:364)
[info]   at org.testng.SuiteRunnerWorker.runSuite(SuiteRunnerWorker.java:52)
[info]   at org.testng.SuiteRunnerWorker.run(SuiteRunnerWorker.java:84)
[info]   at org.testng.TestNG.runSuitesSequentially(TestNG.java:1208)
[info]   at org.testng.TestNG.runSuitesLocally(TestNG.java:1137)
[info]   at org.testng.TestNG.runSuites(TestNG.java:1049)
[info]   at org.testng.TestNG.run(TestNG.java:1017)
[info]   at org.scalatest.testng.TestNGSuiteLike.run(TestNGSuiteLike.scala:261)
[info]   at org.scalatest.testng.TestNGSuiteLike.run$(TestNGSuiteLike.scala:254)
[info]   at org.scalatest.testng.TestNGSuite.run(TestNGSuite.scala:67)
[info]   at org.scalatest.testng.TestNGSuiteLike.runTestNG(TestNGSuiteLike.scala:248)
[info]   at org.scalatest.testng.TestNGSuiteLike.runTestNG$(TestNGSuiteLike.scala:227)
[info]   at org.scalatest.testng.TestNGSuite.runTestNG(TestNGSuite.scala:67)
[info]   at org.scalatest.testng.TestNGSuiteLike.run(TestNGSuiteLike.scala:149)
[info]   at org.scalatest.testng.TestNGSuiteLike.run$(TestNGSuiteLike.scala:146)
[info]   at org.scalatest.testng.TestNGSuite.run(TestNGSuite.scala:67)
[info]   at org.scalatest.tools.Framework.org$scalatest$tools$Framework$$runSuite(Framework.scala:314)
[info]   at org.scalatest.tools.Framework$ScalaTestTask.execute(Framework.scala:507)
[info]   at sbt.ForkMain$Run.lambda$runTest$1(ForkMain.java:304)
[info]   at java.base/java.util.concurrent.FutureTask.run(FutureTask.java:264)
[info]   at java.base/java.util.concurrent.ThreadPoolExecutor.runWorker(ThreadPoolExecutor.java:1135)
[info]   at java.base/java.util.concurrent.ThreadPoolExecutor$Worker.run(ThreadPoolExecutor.java:635)
[info]   at java.base/java.lang.Thread.run(Thread.java:844)
[info] - should_be_able_to_subscribe_with_duration_with_rate_limiter_mode_for_fast_publisher(Redis)
[info] - should_be_able_to_subscribe_with_duration_with_rate_limiter_mode_for_fast_publisher(Kafka) *** FAILED ***
[info]   java.lang.AssertionError: expected [true] but found [false]
[info]   at org.testng.Assert.fail(Assert.java:96)
[info]   at org.testng.Assert.failNotEquals(Assert.java:776)
[info]   at org.testng.Assert.assertTrue(Assert.java:44)
[info]   at org.testng.Assert.assertTrue(Assert.java:54)
[info]   at csw.event.client.JEventSubscriptionFrequencyTest.should_be_able_to_subscribe_with_duration_with_rate_limiter_mode_for_fast_publisher(JEventSubscriptionFrequencyTest.java:193)
[info]   at java.base/jdk.internal.reflect.NativeMethodAccessorImpl.invoke0(Native Method)
[info]   at java.base/jdk.internal.reflect.NativeMethodAccessorImpl.invoke(NativeMethodAccessorImpl.java:62)
[info]   at java.base/jdk.internal.reflect.DelegatingMethodAccessorImpl.invoke(DelegatingMethodAccessorImpl.java:43)
[info]   at java.base/java.lang.reflect.Method.invoke(Method.java:564)
[info]   at org.testng.internal.MethodInvocationHelper.invokeMethod(MethodInvocationHelper.java:124)
[info]   at org.testng.internal.Invoker.invokeMethod(Invoker.java:583)
[info]   at org.testng.internal.Invoker.invokeTestMethod(Invoker.java:719)
[info]   at org.testng.internal.Invoker.invokeTestMethods(Invoker.java:989)
[info]   at org.testng.internal.TestMethodWorker.invokeTestMethods(TestMethodWorker.java:125)
[info]   at org.testng.internal.TestMethodWorker.run(TestMethodWorker.java:109)
[info]   at org.testng.TestRunner.privateRun(TestRunner.java:648)
[info]   at org.testng.TestRunner.run(TestRunner.java:505)
[info]   at org.testng.SuiteRunner.runTest(SuiteRunner.java:455)
[info]   at org.testng.SuiteRunner.runSequentially(SuiteRunner.java:450)
[info]   at org.testng.SuiteRunner.privateRun(SuiteRunner.java:415)
[info]   at org.testng.SuiteRunner.run(SuiteRunner.java:364)
[info]   at org.testng.SuiteRunnerWorker.runSuite(SuiteRunnerWorker.java:52)
[info]   at org.testng.SuiteRunnerWorker.run(SuiteRunnerWorker.java:84)
[info]   at org.testng.TestNG.runSuitesSequentially(TestNG.java:1208)
[info]   at org.testng.TestNG.runSuitesLocally(TestNG.java:1137)
[info]   at org.testng.TestNG.runSuites(TestNG.java:1049)
[info]   at org.testng.TestNG.run(TestNG.java:1017)
[info]   at org.scalatest.testng.TestNGSuiteLike.run(TestNGSuiteLike.scala:261)
[info]   at org.scalatest.testng.TestNGSuiteLike.run$(TestNGSuiteLike.scala:254)
[info]   at org.scalatest.testng.TestNGSuite.run(TestNGSuite.scala:67)
[info]   at org.scalatest.testng.TestNGSuiteLike.runTestNG(TestNGSuiteLike.scala:248)
[info]   at org.scalatest.testng.TestNGSuiteLike.runTestNG$(TestNGSuiteLike.scala:227)
[info]   at org.scalatest.testng.TestNGSuite.runTestNG(TestNGSuite.scala:67)
[info]   at org.scalatest.testng.TestNGSuiteLike.run(TestNGSuiteLike.scala:149)
[info]   at org.scalatest.testng.TestNGSuiteLike.run$(TestNGSuiteLike.scala:146)
[info]   at org.scalatest.testng.TestNGSuite.run(TestNGSuite.scala:67)
[info]   at org.scalatest.tools.Framework.org$scalatest$tools$Framework$$runSuite(Framework.scala:314)
[info]   at org.scalatest.tools.Framework$ScalaTestTask.execute(Framework.scala:507)
[info]   at sbt.ForkMain$Run.lambda$runTest$1(ForkMain.java:304)
[info]   at java.base/java.util.concurrent.FutureTask.run(FutureTask.java:264)
[info]   at java.base/java.util.concurrent.ThreadPoolExecutor.runWorker(ThreadPoolExecutor.java:1135)
[info]   at java.base/java.util.concurrent.ThreadPoolExecutor$Worker.run(ThreadPoolExecutor.java:635)
[info]   at java.base/java.lang.Thread.run(Thread.java:844)
[info] - should_be_able_to_subscribe_with_duration_with_rate_limiter_mode_for_slow_publisher(Redis)
[info] - should_be_able_to_subscribe_with_duration_with_rate_limiter_mode_for_slow_publisher(Kafka) *** FAILED ***
[info]   java.lang.AssertionError: expected [3] but found [4]
[info]   at org.testng.Assert.fail(Assert.java:96)
[info]   at org.testng.Assert.failNotEquals(Assert.java:776)
[info]   at org.testng.Assert.assertEqualsImpl(Assert.java:137)
[info]   at org.testng.Assert.assertEquals(Assert.java:118)
[info]   at org.testng.Assert.assertEquals(Assert.java:652)
[info]   at org.testng.Assert.assertEquals(Assert.java:662)
[info]   at csw.event.client.JEventSubscriptionFrequencyTest.should_be_able_to_subscribe_with_duration_with_rate_limiter_mode_for_slow_publisher(JEventSubscriptionFrequencyTest.java:169)
[info]   at java.base/jdk.internal.reflect.NativeMethodAccessorImpl.invoke0(Native Method)
[info]   at java.base/jdk.internal.reflect.NativeMethodAccessorImpl.invoke(NativeMethodAccessorImpl.java:62)
[info]   at java.base/jdk.internal.reflect.DelegatingMethodAccessorImpl.invoke(DelegatingMethodAccessorImpl.java:43)
[info]   at java.base/java.lang.reflect.Method.invoke(Method.java:564)
[info]   at org.testng.internal.MethodInvocationHelper.invokeMethod(MethodInvocationHelper.java:124)
[info]   at org.testng.internal.Invoker.invokeMethod(Invoker.java:583)
[info]   at org.testng.internal.Invoker.invokeTestMethod(Invoker.java:719)
[info]   at org.testng.internal.Invoker.invokeTestMethods(Invoker.java:989)
[info]   at org.testng.internal.TestMethodWorker.invokeTestMethods(TestMethodWorker.java:125)
[info]   at org.testng.internal.TestMethodWorker.run(TestMethodWorker.java:109)
[info]   at org.testng.TestRunner.privateRun(TestRunner.java:648)
[info]   at org.testng.TestRunner.run(TestRunner.java:505)
[info]   at org.testng.SuiteRunner.runTest(SuiteRunner.java:455)
[info]   at org.testng.SuiteRunner.runSequentially(SuiteRunner.java:450)
[info]   at org.testng.SuiteRunner.privateRun(SuiteRunner.java:415)
[info]   at org.testng.SuiteRunner.run(SuiteRunner.java:364)
[info]   at org.testng.SuiteRunnerWorker.runSuite(SuiteRunnerWorker.java:52)
[info]   at org.testng.SuiteRunnerWorker.run(SuiteRunnerWorker.java:84)
[info]   at org.testng.TestNG.runSuitesSequentially(TestNG.java:1208)
[info]   at org.testng.TestNG.runSuitesLocally(TestNG.java:1137)
[info]   at org.testng.TestNG.runSuites(TestNG.java:1049)
[info]   at org.testng.TestNG.run(TestNG.java:1017)
[info]   at org.scalatest.testng.TestNGSuiteLike.run(TestNGSuiteLike.scala:261)
[info]   at org.scalatest.testng.TestNGSuiteLike.run$(TestNGSuiteLike.scala:254)
[info]   at org.scalatest.testng.TestNGSuite.run(TestNGSuite.scala:67)
[info]   at org.scalatest.testng.TestNGSuiteLike.runTestNG(TestNGSuiteLike.scala:248)
[info]   at org.scalatest.testng.TestNGSuiteLike.runTestNG$(TestNGSuiteLike.scala:227)
[info]   at org.scalatest.testng.TestNGSuite.runTestNG(TestNGSuite.scala:67)
[info]   at org.scalatest.testng.TestNGSuiteLike.run(TestNGSuiteLike.scala:149)
[info]   at org.scalatest.testng.TestNGSuiteLike.run$(TestNGSuiteLike.scala:146)
[info]   at org.scalatest.testng.TestNGSuite.run(TestNGSuite.scala:67)
[info]   at org.scalatest.tools.Framework.org$scalatest$tools$Framework$$runSuite(Framework.scala:314)
[info]   at org.scalatest.tools.Framework$ScalaTestTask.execute(Framework.scala:507)
[info]   at sbt.ForkMain$Run.lambda$runTest$1(ForkMain.java:304)
[info]   at java.base/java.util.concurrent.FutureTask.run(FutureTask.java:264)
[info]   at java.base/java.util.concurrent.ThreadPoolExecutor.runWorker(ThreadPoolExecutor.java:1135)
[info]   at java.base/java.util.concurrent.ThreadPoolExecutor$Worker.run(ThreadPoolExecutor.java:635)
[info]   at java.base/java.lang.Thread.run(Thread.java:844)

===============================================
Command line suite
Total tests run: 8, Failures: 3, Skips: 0
===============================================

[info] JRedisFailureTest:
[info] - failureInPublishingShouldFailFutureWithPublishFailedException
[info] - handleFailedPublishEventWithACallback
[info] - handleFailedPublishEventWithAnEventGeneratorAndACallback
[info] - handleFailedPublishEventWithAnEventGeneratorGeneratingFutureOfEventAndACallback
[info] JEventPublisherTest:
[info] - should_be_able_to_maintain_ordering_while_publish(Redis)
[info] - should_be_able_to_maintain_ordering_while_publish(Kafka)
[info] - should_be_able_to_publish_an_event_with_block_generating_future_of_event_with_duration(Redis)
[info] - should_be_able_to_publish_an_event_with_block_generating_future_of_event_with_duration(Kafka)
[info] - should_be_able_to_publish_an_event_with_duration(Redis)
[info] - should_be_able_to_publish_an_event_with_duration(Kafka) *** FAILED ***
[info]   java.lang.AssertionError: expected [9] but found [11]
[info]   at org.testng.Assert.fail(Assert.java:96)
[info]   at org.testng.Assert.failNotEquals(Assert.java:776)
[info]   at org.testng.Assert.assertEqualsImpl(Assert.java:137)
[info]   at org.testng.Assert.assertEquals(Assert.java:118)
[info]   at org.testng.Assert.assertEquals(Assert.java:652)
[info]   at org.testng.Assert.assertEquals(Assert.java:662)
[info]   at csw.event.client.JEventPublisherTest.should_be_able_to_publish_an_event_with_duration(JEventPublisherTest.java:118)
[info]   at java.base/jdk.internal.reflect.NativeMethodAccessorImpl.invoke0(Native Method)
[info]   at java.base/jdk.internal.reflect.NativeMethodAccessorImpl.invoke(NativeMethodAccessorImpl.java:62)
[info]   at java.base/jdk.internal.reflect.DelegatingMethodAccessorImpl.invoke(DelegatingMethodAccessorImpl.java:43)
[info]   at java.base/java.lang.reflect.Method.invoke(Method.java:564)
[info]   at org.testng.internal.MethodInvocationHelper.invokeMethod(MethodInvocationHelper.java:124)
[info]   at org.testng.internal.Invoker.invokeMethod(Invoker.java:583)
[info]   at org.testng.internal.Invoker.invokeTestMethod(Invoker.java:719)
[info]   at org.testng.internal.Invoker.invokeTestMethods(Invoker.java:989)
[info]   at org.testng.internal.TestMethodWorker.invokeTestMethods(TestMethodWorker.java:125)
[info]   at org.testng.internal.TestMethodWorker.run(TestMethodWorker.java:109)
[info]   at org.testng.TestRunner.privateRun(TestRunner.java:648)
[info]   at org.testng.TestRunner.run(TestRunner.java:505)
[info]   at org.testng.SuiteRunner.runTest(SuiteRunner.java:455)
[info]   at org.testng.SuiteRunner.runSequentially(SuiteRunner.java:450)
[info]   at org.testng.SuiteRunner.privateRun(SuiteRunner.java:415)
[info]   at org.testng.SuiteRunner.run(SuiteRunner.java:364)
[info]   at org.testng.SuiteRunnerWorker.runSuite(SuiteRunnerWorker.java:52)
[info]   at org.testng.SuiteRunnerWorker.run(SuiteRunnerWorker.java:84)
[info]   at org.testng.TestNG.runSuitesSequentially(TestNG.java:1208)
[info]   at org.testng.TestNG.runSuitesLocally(TestNG.java:1137)
[info]   at org.testng.TestNG.runSuites(TestNG.java:1049)
[info]   at org.testng.TestNG.run(TestNG.java:1017)
[info]   at org.scalatest.testng.TestNGSuiteLike.run(TestNGSuiteLike.scala:261)
[info]   at org.scalatest.testng.TestNGSuiteLike.run$(TestNGSuiteLike.scala:254)
[info]   at org.scalatest.testng.TestNGSuite.run(TestNGSuite.scala:67)
[info]   at org.scalatest.testng.TestNGSuiteLike.runTestNG(TestNGSuiteLike.scala:248)
[info]   at org.scalatest.testng.TestNGSuiteLike.runTestNG$(TestNGSuiteLike.scala:227)
[info]   at org.scalatest.testng.TestNGSuite.runTestNG(TestNGSuite.scala:67)
[info]   at org.scalatest.testng.TestNGSuiteLike.run(TestNGSuiteLike.scala:149)
[info]   at org.scalatest.testng.TestNGSuiteLike.run$(TestNGSuiteLike.scala:146)
[info]   at org.scalatest.testng.TestNGSuite.run(TestNGSuite.scala:67)
[info]   at org.scalatest.tools.Framework.org$scalatest$tools$Framework$$runSuite(Framework.scala:314)
[info]   at org.scalatest.tools.Framework$ScalaTestTask.execute(Framework.scala:507)
[info]   at sbt.ForkMain$Run.lambda$runTest$1(ForkMain.java:304)
[info]   at java.base/java.util.concurrent.FutureTask.run(FutureTask.java:264)
[info]   at java.base/java.util.concurrent.ThreadPoolExecutor.runWorker(ThreadPoolExecutor.java:1135)
[info]   at java.base/java.util.concurrent.ThreadPoolExecutor$Worker.run(ThreadPoolExecutor.java:635)
[info]   at java.base/java.lang.Thread.run(Thread.java:844)
[info] - should_be_able_to_publish_and_subscribe_an_event(Redis)
[info] - should_be_able_to_publish_and_subscribe_an_event(Kafka)
[info] - should_be_able_to_publish_concurrently_to_the_different_channel(Redis) *** FAILED ***
[info]   java.lang.AssertionError: expected [16] but found [20]
[info]   at org.testng.Assert.fail(Assert.java:96)
[info]   at org.testng.Assert.failNotEquals(Assert.java:776)
[info]   at org.testng.Assert.assertEqualsImpl(Assert.java:137)
[info]   at org.testng.Assert.assertEquals(Assert.java:118)
[info]   at org.testng.Assert.assertEquals(Assert.java:652)
[info]   at org.testng.Assert.assertEquals(Assert.java:662)
[info]   at csw.event.client.JEventPublisherTest.should_be_able_to_publish_concurrently_to_the_different_channel(JEventPublisherTest.java:141)
[info]   at java.base/jdk.internal.reflect.NativeMethodAccessorImpl.invoke0(Native Method)
[info]   at java.base/jdk.internal.reflect.NativeMethodAccessorImpl.invoke(NativeMethodAccessorImpl.java:62)
[info]   at java.base/jdk.internal.reflect.DelegatingMethodAccessorImpl.invoke(DelegatingMethodAccessorImpl.java:43)
[info]   at java.base/java.lang.reflect.Method.invoke(Method.java:564)
[info]   at org.testng.internal.MethodInvocationHelper.invokeMethod(MethodInvocationHelper.java:124)
[info]   at org.testng.internal.Invoker.invokeMethod(Invoker.java:583)
[info]   at org.testng.internal.Invoker.invokeTestMethod(Invoker.java:719)
[info]   at org.testng.internal.Invoker.invokeTestMethods(Invoker.java:989)
[info]   at org.testng.internal.TestMethodWorker.invokeTestMethods(TestMethodWorker.java:125)
[info]   at org.testng.internal.TestMethodWorker.run(TestMethodWorker.java:109)
[info]   at org.testng.TestRunner.privateRun(TestRunner.java:648)
[info]   at org.testng.TestRunner.run(TestRunner.java:505)
[info]   at org.testng.SuiteRunner.runTest(SuiteRunner.java:455)
[info]   at org.testng.SuiteRunner.runSequentially(SuiteRunner.java:450)
[info]   at org.testng.SuiteRunner.privateRun(SuiteRunner.java:415)
[info]   at org.testng.SuiteRunner.run(SuiteRunner.java:364)
[info]   at org.testng.SuiteRunnerWorker.runSuite(SuiteRunnerWorker.java:52)
[info]   at org.testng.SuiteRunnerWorker.run(SuiteRunnerWorker.java:84)
[info]   at org.testng.TestNG.runSuitesSequentially(TestNG.java:1208)
[info]   at org.testng.TestNG.runSuitesLocally(TestNG.java:1137)
[info]   at org.testng.TestNG.runSuites(TestNG.java:1049)
[info]   at org.testng.TestNG.run(TestNG.java:1017)
[info]   at org.scalatest.testng.TestNGSuiteLike.run(TestNGSuiteLike.scala:261)
[info]   at org.scalatest.testng.TestNGSuiteLike.run$(TestNGSuiteLike.scala:254)
[info]   at org.scalatest.testng.TestNGSuite.run(TestNGSuite.scala:67)
[info]   at org.scalatest.testng.TestNGSuiteLike.runTestNG(TestNGSuiteLike.scala:248)
[info]   at org.scalatest.testng.TestNGSuiteLike.runTestNG$(TestNGSuiteLike.scala:227)
[info]   at org.scalatest.testng.TestNGSuite.runTestNG(TestNGSuite.scala:67)
[info]   at org.scalatest.testng.TestNGSuiteLike.run(TestNGSuiteLike.scala:149)
[info]   at org.scalatest.testng.TestNGSuiteLike.run$(TestNGSuiteLike.scala:146)
[info]   at org.scalatest.testng.TestNGSuite.run(TestNGSuite.scala:67)
[info]   at org.scalatest.tools.Framework.org$scalatest$tools$Framework$$runSuite(Framework.scala:314)
[info]   at org.scalatest.tools.Framework$ScalaTestTask.execute(Framework.scala:507)
[info]   at sbt.ForkMain$Run.lambda$runTest$1(ForkMain.java:304)
[info]   at java.base/java.util.concurrent.FutureTask.run(FutureTask.java:264)
[info]   at java.base/java.util.concurrent.ThreadPoolExecutor.runWorker(ThreadPoolExecutor.java:1135)
[info]   at java.base/java.util.concurrent.ThreadPoolExecutor$Worker.run(ThreadPoolExecutor.java:635)
[info]   at java.base/java.lang.Thread.run(Thread.java:844)
[info] - should_be_able_to_publish_concurrently_to_the_different_channel(Kafka) *** FAILED ***
[info]   java.lang.AssertionError: expected [18] but found [20]
[info]   at org.testng.Assert.fail(Assert.java:96)
[info]   at org.testng.Assert.failNotEquals(Assert.java:776)
[info]   at org.testng.Assert.assertEqualsImpl(Assert.java:137)
[info]   at org.testng.Assert.assertEquals(Assert.java:118)
[info]   at org.testng.Assert.assertEquals(Assert.java:652)
[info]   at org.testng.Assert.assertEquals(Assert.java:662)
[info]   at csw.event.client.JEventPublisherTest.should_be_able_to_publish_concurrently_to_the_different_channel(JEventPublisherTest.java:141)
[info]   at java.base/jdk.internal.reflect.NativeMethodAccessorImpl.invoke0(Native Method)
[info]   at java.base/jdk.internal.reflect.NativeMethodAccessorImpl.invoke(NativeMethodAccessorImpl.java:62)
[info]   at java.base/jdk.internal.reflect.DelegatingMethodAccessorImpl.invoke(DelegatingMethodAccessorImpl.java:43)
[info]   at java.base/java.lang.reflect.Method.invoke(Method.java:564)
[info]   at org.testng.internal.MethodInvocationHelper.invokeMethod(MethodInvocationHelper.java:124)
[info]   at org.testng.internal.Invoker.invokeMethod(Invoker.java:583)
[info]   at org.testng.internal.Invoker.invokeTestMethod(Invoker.java:719)
[info]   at org.testng.internal.Invoker.invokeTestMethods(Invoker.java:989)
[info]   at org.testng.internal.TestMethodWorker.invokeTestMethods(TestMethodWorker.java:125)
[info]   at org.testng.internal.TestMethodWorker.run(TestMethodWorker.java:109)
[info]   at org.testng.TestRunner.privateRun(TestRunner.java:648)
[info]   at org.testng.TestRunner.run(TestRunner.java:505)
[info]   at org.testng.SuiteRunner.runTest(SuiteRunner.java:455)
[info]   at org.testng.SuiteRunner.runSequentially(SuiteRunner.java:450)
[info]   at org.testng.SuiteRunner.privateRun(SuiteRunner.java:415)
[info]   at org.testng.SuiteRunner.run(SuiteRunner.java:364)
[info]   at org.testng.SuiteRunnerWorker.runSuite(SuiteRunnerWorker.java:52)
[info]   at org.testng.SuiteRunnerWorker.run(SuiteRunnerWorker.java:84)
[info]   at org.testng.TestNG.runSuitesSequentially(TestNG.java:1208)
[info]   at org.testng.TestNG.runSuitesLocally(TestNG.java:1137)
[info]   at org.testng.TestNG.runSuites(TestNG.java:1049)
[info]   at org.testng.TestNG.run(TestNG.java:1017)
[info]   at org.scalatest.testng.TestNGSuiteLike.run(TestNGSuiteLike.scala:261)
[info]   at org.scalatest.testng.TestNGSuiteLike.run$(TestNGSuiteLike.scala:254)
[info]   at org.scalatest.testng.TestNGSuite.run(TestNGSuite.scala:67)
[info]   at org.scalatest.testng.TestNGSuiteLike.runTestNG(TestNGSuiteLike.scala:248)
[info]   at org.scalatest.testng.TestNGSuiteLike.runTestNG$(TestNGSuiteLike.scala:227)
[info]   at org.scalatest.testng.TestNGSuite.runTestNG(TestNGSuite.scala:67)
[info]   at org.scalatest.testng.TestNGSuiteLike.run(TestNGSuiteLike.scala:149)
[info]   at org.scalatest.testng.TestNGSuiteLike.run$(TestNGSuiteLike.scala:146)
[info]   at org.scalatest.testng.TestNGSuite.run(TestNGSuite.scala:67)
[info]   at org.scalatest.tools.Framework.org$scalatest$tools$Framework$$runSuite(Framework.scala:314)
[info]   at org.scalatest.tools.Framework$ScalaTestTask.execute(Framework.scala:507)
[info]   at sbt.ForkMain$Run.lambda$runTest$1(ForkMain.java:304)
[info]   at java.base/java.util.concurrent.FutureTask.run(FutureTask.java:264)
[info]   at java.base/java.util.concurrent.ThreadPoolExecutor.runWorker(ThreadPoolExecutor.java:1135)
[info]   at java.base/java.util.concurrent.ThreadPoolExecutor$Worker.run(ThreadPoolExecutor.java:635)
[info]   at java.base/java.lang.Thread.run(Thread.java:844)

===============================================
Command line suite
Total tests run: 10, Failures: 3, Skips: 0
===============================================

[info] EventSubscriberTest:
[info] - should_be_able_to_get_InvalidEvent(Redis)
[info] - should_be_able_to_get_InvalidEvent(Kafka)
[info] - should_be_able_to_get_an_event_without_subscribing_for_it(Redis)
[info] - should_be_able_to_get_an_event_without_subscribing_for_it(Kafka)
[info] - should_be_able_to_get_events_for_multiple_event_keys(Redis)
[info] - should_be_able_to_get_events_for_multiple_event_keys(Kafka)
[info] - should_be_able_to_get_invalid_event_on_event_parse_failure(Redis)
[info] - should_be_able_to_get_invalid_event_on_event_parse_failure(Kafka)
[info] - should_be_able_to_make_independent_subscriptions(Redis)
[info] - should_be_able_to_make_independent_subscriptions(Kafka)
[info] - should_be_able_to_retrieve_InvalidEvent(Redis)
[info] - should_be_able_to_retrieve_InvalidEvent(Kafka)
[info] - should_be_able_to_retrieve_recently_published_event_on_subscription(Redis)
[info] - should_be_able_to_retrieve_recently_published_event_on_subscription(Kafka)
[info] - should_be_able_to_retrieve_valid_as_well_as_invalid_event_when_events_are_published_for_some_and_not_for_other_keys(Redis)
[info] - should_be_able_to_retrieve_valid_as_well_as_invalid_event_when_events_are_published_for_some_and_not_for_other_keys(Kafka)
[info] - should_be_able_to_subscribe_an_event(Redis)
[info] - should_be_able_to_subscribe_an_event(Kafka)
[info] - should_be_able_to_subscribe_an_event_with_pattern_from_different_subsystem(Redis)
[info] - should_be_able_to_subscribe_an_event_with_pattern_from_same_subsystem(Redis)
[info] - should_be_able_to_subscribe_with_an_ActorRef(Redis)
[info] - should_be_able_to_subscribe_with_an_ActorRef(Kafka)
[info] - should_be_able_to_subscribe_with_an_ActorRef_with_duration(Redis)
[info] - should_be_able_to_subscribe_with_an_ActorRef_with_duration(Kafka)
[info] - should_be_able_to_subscribe_with_async_callback(Redis)
[info] - should_be_able_to_subscribe_with_async_callback(Kafka)
[info] - should_be_able_to_subscribe_with_async_callback_with_duration(Redis)
[info] - should_be_able_to_subscribe_with_async_callback_with_duration(Kafka)
[info] - should_be_able_to_subscribe_with_callback(Redis)
[info] - should_be_able_to_subscribe_with_callback(Kafka)
[info] - should_be_able_to_subscribe_with_callback_with_duration(Redis)
[info] - should_be_able_to_subscribe_with_callback_with_duration(Kafka)

===============================================
Command line suite
Total tests run: 32, Failures: 0, Skips: 0
===============================================

[info] PbParameterTest:
[info] - should able to parse PbParameter with multiple values (316 milliseconds)
[info] - should able to parse PbParameter with sequence of values (4 milliseconds)
[info] - should able to create Boolean Items (11 milliseconds)
[info] - should able to create PbParameter with Timestamp items (11 milliseconds)
[info] - should able to create PbParameter with Byte items (10 milliseconds)
[info] - should able to create PbParameter with Choice items (0 milliseconds)
[info] - should able to create PbParameter with int items only when KeyType is Int (3 milliseconds)
[info] - should able to create PbParameter and compare with Parameter for Int and String Key (1 millisecond)
[info] - should able to create PbParameter with ArrayItems (3 milliseconds)
[info] - should able to create PbParameter with MatrixItems (2 milliseconds)
[info] - should able to change the type from/to PbParameter to/from Parameter for IntKey (0 milliseconds)
[info] - should able to change the type from/to PbParameter to/from Parameter for IntArrayKey (1 millisecond)
[info] - should able to change the type from/to PbParameter to/from Parameter for IntMatrixKey (2 milliseconds)
[info] - should able to change the type from/to PbParameter to/from Parameter using java api (0 milliseconds)
[info] - should able to change the type from/to PbParameter to/from Parameter for RaDec (22 milliseconds)
[info] KafkaFailureTest:
[info] - failure in publishing should fail future with PublishFailed exception (299 milliseconds)
[info] - handle failed publish event with a callback (8 milliseconds)
[info] - handle failed publish event with an eventGenerator and a callback (8 milliseconds)
[info] - handle failed publish event with an eventGenerator generating future of event and a callback (9 milliseconds)
[info] RedisFailureTest:
[info] - should throw PublishFailed exception on publish failure (1 second, 112 milliseconds)
[info] - should invoke onError callback on publish failure [stream API] (1 second, 26 milliseconds)
[info] - should invoke onError callback on publish failure [eventGenerator API] (1 second, 17 milliseconds)
[info] - should throw EventServerNotAvailable exception on subscription failure (92 milliseconds)
[info] - should invoke onError callback on publish failure [eventGenerator API] with future of event generator (1 second, 21 milliseconds)
[info] JKafkaFailureTest:
[info] - failureInPublishingShouldFailFutureWithPublishFailedException
[info] - handleFailedPublishEventWithACallback
[info] - handleFailedPublishEventWithAnEventGeneratorAndACallback
[info] - handleFailedPublishEventWithAnEventGeneratorGeneratingFutureOfEventAndACallback
[info] ScalaTest
[info] Run completed in 6 minutes, 10 seconds.
[info] Total number of tests run: 36
[info] Suites: completed 5, aborted 0
[info] Tests: succeeded 36, failed 0, canceled 0, ignored 0, pending 0
[info] All tests passed.
[info] Passed: Total 36, Failed 0, Errors 0, Passed 36
[info] ScalaTest
[info] Run completed in 6 minutes, 10 seconds.
[info] Total number of tests run: 89
[info] Suites: completed 8, aborted 0
[info] Tests: succeeded 89, failed 0, canceled 0, ignored 0, pending 0
[info] All tests passed.
[info] Passed: Total 89, Failed 0, Errors 0, Passed 89
[info] ScalaTest
[info] Run completed in 6 minutes, 10 seconds.
[info] Total number of tests run: 108
[info] Suites: completed 13, aborted 0
[info] Tests: succeeded 108, failed 0, canceled 0, ignored 0, pending 0
[info] All tests passed.
[info] Passed: Total 108, Failed 0, Errors 0, Passed 108
[info] ScalaTest
[info] Run completed in 6 minutes, 9 seconds.
[info] Total number of tests run: 135
[info] Suites: completed 13, aborted 0
[info] Tests: succeeded 124, failed 11, canceled 0, ignored 0, pending 0
[info] *** 11 TESTS FAILED ***
[error] Failed: Total 135, Failed 11, Errors 0, Passed 124
[error] Failed tests:
[error] 	csw.event.client.EventPublisherTest
[error] 	csw.event.client.EventSubscriptionFrequencyTest
[error] 	csw.event.client.JEventSubscriptionFrequencyTest
[error] 	csw.event.client.JEventPublisherTest
[info] * csw.event.client.perf.model_obs.ModelObsPerfTest
[JVM-2] Run starting. Expected test count is: 0
[JVM-2] ModelObsPerfTestMultiJvmNode2:
[JVM-1] Run starting. Expected test count is: 0
[JVM-1] ModelObsPerfTestMultiJvmNode1:
[JVM-2] - Perf results must be great for model observatory use case !!! IGNORED !!!
[JVM-1] - Perf results must be great for model observatory use case !!! IGNORED !!!
[JVM-2] Run completed in 4 seconds, 143 milliseconds.
[JVM-2] Total number of tests run: 0
[JVM-2] Suites: completed 1, aborted 0
[JVM-2] Tests: succeeded 0, failed 0, canceled 0, ignored 1, pending 0
[JVM-2] No tests were executed.
[JVM-1] Run completed in 4 seconds, 203 milliseconds.
[JVM-1] Total number of tests run: 0
[JVM-1] Suites: completed 1, aborted 0
[JVM-1] Tests: succeeded 0, failed 0, canceled 0, ignored 1, pending 0
[JVM-1] No tests were executed.
[info] * csw.event.client.perf.event_service.EventServicePerfTest
[JVM-2] Run starting. Expected test count is: 0
[JVM-2] EventServicePerfTestMultiJvmNode2:
[JVM-1] Run starting. Expected test count is: 0
[JVM-2] - Perf results must be great for 1-to-1-size-100 with payloadSize = 100 !!! IGNORED !!!
[JVM-2] - Perf results must be great for 1-to-5-size-100 with payloadSize = 100 !!! IGNORED !!!
[JVM-2] - Perf results must be great for 1-to-5-size-1KB with payloadSize = 1024 !!! IGNORED !!!
[JVM-1] EventServicePerfTestMultiJvmNode1:
[JVM-2] Run completed in 3 seconds, 201 milliseconds.
[JVM-2] Total number of tests run: 0
[JVM-2] Suites: completed 1, aborted 0
[JVM-2] Tests: succeeded 0, failed 0, canceled 0, ignored 3, pending 0
[JVM-2] No tests were executed.
[JVM-1] - Perf results must be great for 1-to-1-size-100 with payloadSize = 100 !!! IGNORED !!!
[JVM-1] - Perf results must be great for 1-to-5-size-100 with payloadSize = 100 !!! IGNORED !!!
[JVM-1] - Perf results must be great for 1-to-5-size-1KB with payloadSize = 1024 !!! IGNORED !!!
[JVM-1] Run completed in 3 seconds, 213 milliseconds.
[JVM-1] Total number of tests run: 0
[JVM-1] Suites: completed 1, aborted 0
[JVM-1] Tests: succeeded 0, failed 0, canceled 0, ignored 3, pending 0
[JVM-1] No tests were executed.
[info] Passed: Total 0, Failed 0, Errors 0, Passed 0
[info] No tests to run for MultiJvm
[info] multi-jvm
[info] csw.event.client.perf.model_obs.ModelObsPerfTest
[info] multi-jvm
[info] csw.event.client.perf.event_service.EventServicePerfTest
[info] Passed: Total 0, Failed 0, Errors 0, Passed 0
[info] No tests to run for MultiJvm
[info] JConfigClientApiTest:
[info] - testConfigClientApi
[info] JConfigAdminApiTest:
[info] - testFileAlreadyExistsExceptionOnCreate
[info] - testGetReturnsNoneIfFileNotExists
[info] - testUpdateExistingFile
[info] - testListIsFilteredBasedOnTypeAndPattern
[info] - testListFilesFromAnnexStoreWithoutShaSuffix
[info] - testRetrieveVersionBasedOnDate
[info] - testGetAndSetActiveConfigFileFromAnnexStore
[info] - testGetHistoryOfActiveVersionsOfFile
[info] - testListAllFiles
[info] - testActiveVersionBasedOnTime
[info] - testCreateFileInAnnexStore
[info] - testFileExistsInAnnexStore
[info] - testEachRevisionHasUniqueId
[info] - testListIsFilteredBasedOnPattern
[info] - testSpecificVersionRetrieval
[info] - testRetrieveVersionBasedOnDateForFileInAnnexStore
[info] - testGetMetadata
[info] - testHistoryOfAFile
[info] - testGetSetAndResetActiveConfigFile
[info] - testDelete
[info] - testExists
[info] - testGetActiveReturnsNoneIfFileNotExist
[info] - testUpdateReturnsFileNotFoundExceptionOnAbsenceOfFile
[info] - testUpdateAndHistoryOfFilesInAnnexStore
[info] - testActiveFilesAreExcludedInList
[info] - testCreateAndRetrieveFile
[info] ConfigServiceResolverTest:
[info] - should throw exception if not able to resolve config service http server (5 seconds, 497 milliseconds)
[info] - should give URI for resolved config service (601 milliseconds)
[info] ConfigAdminApiTest:
[info] - should able to upload and get component configurations from config service (180 milliseconds)
[info] - should able to upload and get binary configurations from config service (4 seconds, 426 milliseconds)
[info] - should able to create a file and retrieve the same (92 milliseconds)
[info] - should ignore '/' at the beginning of file path and create a file (93 milliseconds)
[info] - should throw FileAlreadyExists while creating a file if it already exists in repository - assume svn first (125 milliseconds)
[info] - should throw FileAlreadyExists while creating a file if it already exists in repository - assume annex first (139 milliseconds)
[info] - should able to update existing file and get the file with updated content (101 milliseconds)
[info] - update should throw FileNotFoundException if a file does not exists in repository (15 milliseconds)
[info] - each revision of file should have unique identifier (404 milliseconds)
[info] - get call should return `None` if a file does not exists in repository (7 milliseconds)
[info] - should able to retrieve the specific version of file by config ID (233 milliseconds)
[info] - should get the correct version of file based on time (143 milliseconds)
[info] - should get the initial version of file if date provided is before the creation date (82 milliseconds)
[info] - should record datetime for creation of config file (51 milliseconds)
[info] - should record datetime when config file is updated (67 milliseconds)
[info] - should get the history of a file (125 milliseconds)
[info] - should list all the available config files (78 milliseconds)
[info] - exists should return false if file does not exist (21 milliseconds)
[info] - exists should return true if file exist (108 milliseconds)
[info] - should able to delete existing file (89 milliseconds)
[info] - deleting non existing file should throw FileNotFoundException (21 milliseconds)
[info] - delete removes all versions of a file (185 milliseconds)
[info] - should able to get, set and reset the active version of config file (221 milliseconds)
[info] - should able to get history of active versions of file (223 milliseconds)
[info] - getActive and getActiveVersion should return None if file does not exists (21 milliseconds)
[info] - set and reset active should throw FileNotFound exception if file or version does not exists (223 milliseconds)
[info] - should be able to store and retrieve file from annex store (127 milliseconds)
[info] - should list files from annex store without .$sha1 suffix (109 milliseconds)
[info] - should be able to update and retrieve the history of a file in annex store (198 milliseconds)
[info] - should able to get history of active versions of file from annex store (188 milliseconds)
[info] - should be able to get active file from annex store (224 milliseconds)
[info] - should be able to get time stamped file from annex store (164 milliseconds)
[info] - should exclude .$active files from list (103 milliseconds)
[info] - should be able to store and retrieve text file from annex store when size is greater than configured size (1 second, 283 milliseconds)
[info] - should list all files in a repository (307 milliseconds)
[info] - should give empty list if pattern does not match any file (145 milliseconds)
[info] - should filter list based on the pattern (188 milliseconds)
[info] - should filter list based on the type and pattern (362 milliseconds)
[info] - should get the correct active version of the file based on time (711 milliseconds)
[info] - should get metadata (49 milliseconds)
[info] - should throw exception for invalid path (353 milliseconds)
[info] - should be able to store and retrieve binary file in annex dir (618 milliseconds)
[info] - should throw invalid input exception if pattern is invalid (17 milliseconds)
[info] ConfigClientApiTest:
[info] - should able to get, set and reset the active version of config file (149 milliseconds)
[ERROR] [11/26/2018 12:25:32.668] [config-server-akka.actor.default-dispatcher-7] [akka://config-server/system/pool-master] connection pool for PoolGateway(hcps = HostConnectionPoolSetup(localhost,7654,ConnectionPoolSetup(ConnectionPoolSettings(10,0,5,32,1,30 seconds,ClientConnectionSettings(Some(User-Agent: akka-http/10.1.5),10 seconds,1 minute,512,None,WebSocketSettings(<function0>,ping,Duration.Inf,akka.http.impl.settings.WebSocketSettingsImpl$$$Lambda$1417/469059693@62d5703a),List(),ParserSettings(2048,16,64,64,8192,64,8388608,8388608,256,1048576,Strict,RFC6265,true,Set(),Full,Error,Map(If-Range -> 0, If-Modified-Since -> 0, If-Unmodified-Since -> 0, default -> 12, Content-MD5 -> 0, Date -> 0, If-Match -> 0, If-None-Match -> 0, User-Agent -> 32),false,true,akka.util.ConstantFun$$$Lambda$675/1217968026@3f2fa52c,akka.util.ConstantFun$$$Lambda$675/1217968026@3f2fa52c,akka.util.ConstantFun$$$Lambda$676/368629356@4ff3abd7),None,TCPTransport),New,1 second),akka.http.scaladsl.HttpConnectionContext$@66e46b3,akka.event.MarkerLoggingAdapter@7a502592))) has shut down unexpectedly
[info] ConfigUtilsTest:
[info] - should throw exception if input file and default config is empty (95 milliseconds)
[info] - should return default config if input file if not provided (2 milliseconds)
[info] - should use input file for config (22 milliseconds)
[info] - should throw exception if input file does not exist (3 milliseconds)
[info] - should get config from remote input file (25 milliseconds)
[info] ArgsParserTest:
[info] - test arguments without specifying operation (406 milliseconds)
[info] - test create with no sub-options (3 milliseconds)
[info] - test create with all applicable sub-options (8 milliseconds)
[info] - test create with bare minimum sub-options (2 milliseconds)
[info] - test update with no sub-options (2 milliseconds)
[info] - test update with all applicable sub-options (2 milliseconds)
[info] - test get with no sub-options (1 millisecond)
[info] - test get with all applicable sub-options (2 milliseconds)
[info] - test get with date sub-option (5 milliseconds)
[info] - test get with bare minimum sub-options (1 millisecond)
[info] - test delete with no sub-options (1 millisecond)
[info] - test delete with sub-options (1 millisecond)
[info] - test list (0 milliseconds)
[info] - test list with pattern (1 millisecond)
[info] - test list with type (1 millisecond)
[info] - test list with type and pattern (1 millisecond)
[info] - test history with no sub-options (1 millisecond)
[info] - test history with all sub-options (2 milliseconds)
[info] - test history with max sub-option (1 millisecond)
[info] - test history with from and to sub-options (2 milliseconds)
[info] - test setActiveVersion with all sub-options (1 millisecond)
[info] - test resetActiveVersion with no sub-options (0 milliseconds)
[info] - test resetActiveVersion with sub-options (1 millisecond)
[info] - test getActiveVersion (1 millisecond)
[info] - test getActiveByTime with date sub-option (2 milliseconds)
[info] - test historyActive with no sub-options (2 milliseconds)
[info] - test historyActive with all sub-options (2 milliseconds)
[info] - test historyActive with max sub-option (1 millisecond)
[info] - test historyActive with from and to sub-options (2 milliseconds)
[info] - test getMetadata (1 millisecond)
[info] - test getMetadata with locationHost (1 millisecond)
[info] - test exists with no sub-options (1 millisecond)
[info] - test exists with sub-options (0 milliseconds)
[info] - test getActive (1 millisecond)
[info] CommandLineRunnerTest:
[info] - should able to create a file in repo and read it from repo to local disk (752 milliseconds)
[info] - should able to update, delete and check for existence of a file from repo (744 milliseconds)
[info] - should be able to list files and use filter pattern (535 milliseconds)
[info] - should able to set, reset and get the active version of file. (401 milliseconds)
[info] - should able to fetch history of file. (232 milliseconds)
[info] - should able to fetch history of active files. (234 milliseconds)
[info] - get repository MetaData from server (77 milliseconds)
[ERROR] [11/26/2018 12:25:59.874] [config-server-akka.actor.default-dispatcher-100] [akka://config-server/system/pool-master] connection pool for PoolGateway(hcps = HostConnectionPoolSetup(localhost,7654,ConnectionPoolSetup(ConnectionPoolSettings(4,0,5,32,1,30 seconds,ClientConnectionSettings(Some(User-Agent: akka-http/10.1.5),10 seconds,1 minute,512,None,WebSocketSettings(<function0>,ping,Duration.Inf,akka.http.impl.settings.WebSocketSettingsImpl$$$Lambda$1599/234015191@6a6cc9b5),List(),ParserSettings(2048,16,64,64,8192,64,8388608,8388608,256,1048576,Strict,RFC6265,true,Set(),Full,Error,Map(If-Range -> 0, If-Modified-Since -> 0, If-Unmodified-Since -> 0, default -> 12, Content-MD5 -> 0, Date -> 0, If-Match -> 0, If-None-Match -> 0, User-Agent -> 32),false,true,akka.util.ConstantFun$$$Lambda$878/872225515@42cbf280,akka.util.ConstantFun$$$Lambda$878/872225515@42cbf280,akka.util.ConstantFun$$$Lambda$879/288267266@6cfad7d0),None,TCPTransport),New,1 second),akka.http.scaladsl.HttpConnectionContext$@60578a9b,akka.event.MarkerLoggingAdapter@4d19977))) has shut down unexpectedly
[info] ArgsParserTest:
[info] - parse without specifying operation (914 milliseconds)
[info] - parse init command without any options (7 milliseconds)
[info] - parse init command with only mandatory options (8 milliseconds)
[info] - parse init command with all options (4 milliseconds)
[info] - parse severity without sub command (2 milliseconds)
[info] - parse set severity command (71 milliseconds)
[info] - parse get severity command (2 milliseconds)
[info] - parse subscribe severity command (2 milliseconds)
[info] - parse refresh severity command (3 milliseconds)
[info] - parse acknowledge command (3 milliseconds)
[info] - parse acknowledge without options (1 millisecond)
[info] - parse unacknowledge command (2 milliseconds)
[info] - parse unacknowledge without options (2 milliseconds)
[info] - parse activate command (2 milliseconds)
[info] - parse activate without options (2 milliseconds)
[info] - parse deactivate command (2 milliseconds)
[info] - parse deactivate without options (2 milliseconds)
[info] - parse shelve command (2 milliseconds)
[info] - parse shelve without options (1 millisecond)
[info] - parse unshelve command (2 milliseconds)
[info] - parse unshelve without options (2 milliseconds)
[info] - parse reset command (2 milliseconds)
[info] - parse reset without options (1 millisecond)
[info] - parse list command without options (0 milliseconds)
[info] - parse list command (1 millisecond)
[info] - parse list command with status with full alarm key (2 milliseconds)
[info] - parse list command with status with subsystem key (2 milliseconds)
[info] - parse list command with metadata with component key (1 millisecond)
[info] - parse list command only with subsystem and/or component options (2 milliseconds)
[info] - parse list command  with invalid options (3 milliseconds)
[info] - parse health without sub command (2 milliseconds)
[info] - parse get health command (1 millisecond)
[info] - parse health command only with subsystem and/or component options (1 millisecond)
[info] - parse subscribe health command (1 millisecond)
[info] CliAppTest:
[info] - should initialize alarms in alarm store from local config (149 milliseconds)
[info] - should initialize alarms in alarm store from remote config (2 seconds, 166 milliseconds)
config service connection=ConfigServer-service-http can not be resolved
[info] - should fail to initialize alarms in alarm store when config service is down (5 seconds, 136 milliseconds)
[info] - should acknowledge the alarm (87 milliseconds)
[info] - should unacknowledge the alarm (23 milliseconds)
[info] - should activate the alarm (40 milliseconds)
[info] - should deactivate the alarm (41 milliseconds)
[info] - should shelve the alarm (103 milliseconds)
[info] - should unshelve the alarm (38 milliseconds)
[info] - should list all alarms present in the alarm store (444 milliseconds)
[info] - should list alarms for specified subsystem (13 milliseconds)
[info] - should list alarms for specified component (14 milliseconds)
[info] - should list the alarm for specified name (7 milliseconds)
[info] - should list the metadata of alarm for specified name (5 milliseconds)
[info] - should list status of alarms (5 milliseconds)
[info] - should list no alarm for invalid key/pattern (3 milliseconds)
[info] - should reset the severity of latched alarm (114 milliseconds)
[info] - should set severity of alarm (25 milliseconds)
[info] - should get severity of alarm (63 milliseconds)
[info] - should get severity of a component (45 milliseconds)
[info] - should get severity of a subsystem (3 milliseconds)
[info] - should get severity of Alarm Service (13 milliseconds)
[info] - should subscribe severity of alarm (383 milliseconds)
[info] - should refresh severity of alarm (1 second, 827 milliseconds)
[info] - should get health of alarm (25 milliseconds)
[info] - should get health of component (23 milliseconds)
[info] - should get health of subsystem (65 milliseconds)
[info] - should get health of alarm service (3 milliseconds)
[info] - should subscribe health of subsystem/component/alarm (86 milliseconds)
[info] ComponentLifecycleTest:
[info] - running component should handle RunOffline lifecycle message (3 seconds, 92 milliseconds)
[info] - running component should not accept RunOffline lifecycle message when it is already offline (38 milliseconds)
[info] - running component should handle RunOnline lifecycle message when it is Offline (37 milliseconds)
[info] - running component should not accept RunOnline lifecycle message when it is already Online (35 milliseconds)
[info] - running component should clean up using onShutdown handler before stopping (136 milliseconds)
[info] - running component should handle Submit command (114 milliseconds)
[info] - running component should handle Oneway command (3 seconds, 45 milliseconds)
[info] - running component can send an immediate response to a submit command and avoid invoking further processing (52 milliseconds)
[info] - running component can send a oneway command that is rejected (3 seconds, 70 milliseconds)
[info] AlarmServiceIntegrationTest:
[info] - component should be able to set severity of an alarm (3 seconds, 187 milliseconds)
[WARN] [11/26/2018 12:26:58.103] [csw-remote-actor-system-akka.actor.default-dispatcher-20] [csw-remote-actor-system/Pool(shared->http://localhost:7654)] [0 (WaitingForResponse)] Ongoing request [POST /location/unregister Strict(85 bytes)] was dropped because pool is shutting down
[info] ComponentBehaviorTest:
[info] - component should send itself initialize message and handle initialization (103 milliseconds)
[info] ContainerIntegrationTest:
[info] - should start multiple components withing a single container and able to accept lifecycle messages (5 seconds, 547 milliseconds)
[info] SupervisorBehaviorTest:
[info] - Supervisor should create child actors for TLA, pub-sub actor for lifecycle and component state (184 milliseconds)
[info] - Supervisor should watch child component actor [TLA] (16 milliseconds)
[info] LockManagerTest:
[info] - should be locked when prefix is available (0 milliseconds)
[info] - should be unlocked when prefix is not available (0 milliseconds)
[info] - should able to lock (18 milliseconds)
[info] - should able to reacquire lock (1 millisecond)
[info] - should not acquire lock when invalid prefix is provided (2 milliseconds)
[info] - should able to unlock (2 milliseconds)
[info] - should not able to unlock with invalid prefix (2 milliseconds)
[info] - should not result into failure when tried to unlock already unlocked component (3 milliseconds)
[info] - should allow commands when component is not locked (1 millisecond)
[info] - should allow commands when component is locked with same prefix (2 milliseconds)
[info] - should not allow commands when component is locked with different prefix (2 milliseconds)
[info] EventServiceIntegrationTest:
[info] - should be able to publish and subscribe to events *** FAILED *** (2 seconds, 400 milliseconds)
[info]   1 was not equal to 2 (EventServiceIntegrationTest.scala:72)
[info]   org.scalatest.exceptions.TestFailedException:
[info]   at org.scalatest.MatchersHelper$.indicateFailure(MatchersHelper.scala:346)
[info]   at org.scalatest.Matchers$AnyShouldWrapper.shouldBe(Matchers.scala:6864)
[info]   at csw.framework.integration.EventServiceIntegrationTest.$anonfun$new$1(EventServiceIntegrationTest.scala:72)
[info]   at org.scalatest.OutcomeOf.outcomeOf(OutcomeOf.scala:85)
[info]   at org.scalatest.OutcomeOf.outcomeOf$(OutcomeOf.scala:83)
[info]   at org.scalatest.OutcomeOf$.outcomeOf(OutcomeOf.scala:104)
[info]   at org.scalatest.Transformer.apply(Transformer.scala:22)
[info]   at org.scalatest.Transformer.apply(Transformer.scala:20)
[info]   at org.scalatest.FunSuiteLike$$anon$1.apply(FunSuiteLike.scala:186)
[info]   at org.scalatest.TestSuite.withFixture(TestSuite.scala:196)
[info]   at org.scalatest.TestSuite.withFixture$(TestSuite.scala:195)
[info]   at org.scalatest.FunSuite.withFixture(FunSuite.scala:1560)
[info]   at org.scalatest.FunSuiteLike.invokeWithFixture$1(FunSuiteLike.scala:184)
[info]   at org.scalatest.FunSuiteLike.$anonfun$runTest$1(FunSuiteLike.scala:196)
[info]   at org.scalatest.SuperEngine.runTestImpl(Engine.scala:289)
[info]   at org.scalatest.FunSuiteLike.runTest(FunSuiteLike.scala:196)
[info]   at org.scalatest.FunSuiteLike.runTest$(FunSuiteLike.scala:178)
[info]   at csw.framework.integration.EventServiceIntegrationTest.org$scalatest$BeforeAndAfterEach$$super$runTest(EventServiceIntegrationTest.scala:25)
[info]   at org.scalatest.BeforeAndAfterEach.runTest(BeforeAndAfterEach.scala:221)
[info]   at org.scalatest.BeforeAndAfterEach.runTest$(BeforeAndAfterEach.scala:214)
[info]   at csw.framework.integration.EventServiceIntegrationTest.runTest(EventServiceIntegrationTest.scala:25)
[info]   at org.scalatest.FunSuiteLike.$anonfun$runTests$1(FunSuiteLike.scala:229)
[info]   at org.scalatest.SuperEngine.$anonfun$runTestsInBranch$1(Engine.scala:396)
[info]   at scala.collection.immutable.List.foreach(List.scala:388)
[info]   at org.scalatest.SuperEngine.traverseSubNodes$1(Engine.scala:384)
[info]   at org.scalatest.SuperEngine.runTestsInBranch(Engine.scala:379)
[info]   at org.scalatest.SuperEngine.runTestsImpl(Engine.scala:461)
[info]   at org.scalatest.FunSuiteLike.runTests(FunSuiteLike.scala:229)
[info]   at org.scalatest.FunSuiteLike.runTests$(FunSuiteLike.scala:228)
[info]   at org.scalatest.FunSuite.runTests(FunSuite.scala:1560)
[info]   at org.scalatest.Suite.run(Suite.scala:1147)
[info]   at org.scalatest.Suite.run$(Suite.scala:1129)
[info]   at org.scalatest.FunSuite.org$scalatest$FunSuiteLike$$super$run(FunSuite.scala:1560)
[info]   at org.scalatest.FunSuiteLike.$anonfun$run$1(FunSuiteLike.scala:233)
[info]   at org.scalatest.SuperEngine.runImpl(Engine.scala:521)
[info]   at org.scalatest.FunSuiteLike.run(FunSuiteLike.scala:233)
[info]   at org.scalatest.FunSuiteLike.run$(FunSuiteLike.scala:232)
[info]   at csw.framework.integration.EventServiceIntegrationTest.org$scalatest$BeforeAndAfterAll$$super$run(EventServiceIntegrationTest.scala:25)
[info]   at org.scalatest.BeforeAndAfterAll.liftedTree1$1(BeforeAndAfterAll.scala:213)
[info]   at org.scalatest.BeforeAndAfterAll.run(BeforeAndAfterAll.scala:210)
[info]   at org.scalatest.BeforeAndAfterAll.run$(BeforeAndAfterAll.scala:208)
[info]   at csw.framework.integration.EventServiceIntegrationTest.run(EventServiceIntegrationTest.scala:25)
[info]   at org.scalatest.tools.Framework.org$scalatest$tools$Framework$$runSuite(Framework.scala:314)
[info]   at org.scalatest.tools.Framework$ScalaTestTask.execute(Framework.scala:507)
[info]   at sbt.ForkMain$Run.lambda$runTest$1(ForkMain.java:304)
[info]   at java.base/java.util.concurrent.FutureTask.run(FutureTask.java:264)
[info]   at java.base/java.util.concurrent.ThreadPoolExecutor.runWorker(ThreadPoolExecutor.java:1135)
[info]   at java.base/java.util.concurrent.ThreadPoolExecutor$Worker.run(ThreadPoolExecutor.java:635)
[info]   at java.base/java.lang.Thread.run(Thread.java:844)
[ERROR] [11/26/2018 12:27:08.264] [csw-remote-actor-system-akka.actor.default-dispatcher-30] [akka.tcp://Filter-system@192.168.12.210:34813/system/remote-watcher] swallowing exception during message send (akka.remote.RemoteTransportExceptionNoStackTrace: Attempted to send remote message but Remoting is not running.)
[info] ArgsParserTest:
[info] - should able to parse when all arguments are provided (133 milliseconds)
[info] - should able to parse arguments with default value of false when local option is not provided (1 millisecond)
[info] - should not parse if inputFilePath is not provided (1 millisecond)
[info] - should not parse if no arguments provided (0 milliseconds)
[info] TrackConnectionsIntegrationTest:
[info] - should track connections when locationServiceUsage is RegisterAndTrackServices (1 second, 999 milliseconds)
[info] - component should be able to track http and tcp connections (1 second, 885 milliseconds)
[ERROR] [11/26/2018 12:27:13.482] [csw-remote-actor-system-akka.actor.default-dispatcher-32] [akka.tcp://Filter-system@192.168.12.210:37425/system/remote-watcher] swallowing exception during message send (akka.remote.RemoteTransportExceptionNoStackTrace: Attempted to send remote message but Remoting is not running.)
[ERROR] [11/26/2018 12:27:13.498] [csw-remote-actor-system-akka.actor.default-dispatcher-38] [akka.tcp://test2@192.168.12.210:43143/system/remote-watcher] swallowing exception during message send (akka.remote.RemoteTransportExceptionNoStackTrace: Attempted to send remote message but Remoting is not running.)
[info] ConfigParserTest:
[info] - should able to parse container config (33 milliseconds)
[info] - should able to throw error when 'name' is missing (7 milliseconds)
[info] - should able to throw error when 'components' is missing (3 milliseconds)
[info] - should able to throw error when 'components' is not a config object (9 milliseconds)
[info] - should able to parse standalone assembly config (5 milliseconds)
[info] - should able to throw error when 'behaviorFactoryClassName' is missing for assembly (3 milliseconds)
[info] - should able to throw error when 'prefix' is missing for assembly (2 milliseconds)
[info] - should able to throw error when 'locationServiceUsage' is missing for assembly (2 milliseconds)
[info] - should able to throw error when 'connections' is not an array for assembly (2 milliseconds)
[info] - should able to throw error when connection ingredients has typos for 'connections' in assembly (11 milliseconds)
[info] - should able to throw error when 'componentType' is missing for assembly (2 milliseconds)
[info] - should able to throw error when 'behaviorFactoryClassName' is missing for hcd (4 milliseconds)
[info] - should able to throw error when 'prefix' is missing for hcd (2 milliseconds)
[info] - should able to throw error when 'locationServiceUsage' is missing for hcd (2 milliseconds)
[info] - should able to throw error when 'componentType' is missing for hcd (11 milliseconds)
[info] - should able to throw error when 'name' is missing for standalone mode (3 milliseconds)
[info] - should able to parse host config (30 milliseconds)
[info] - should able to throw error when provided mode is invalid in host config (3 milliseconds)
[info] - should able to throw error when provided location is invalid in host config (2 milliseconds)
[info] ArgsParserTest:
[info] - should parse arguments when all arguments are provided (6 milliseconds)
[info] - should parse arguments with default value of false when standalone option is not provided (1 millisecond)
[info] - should parse arguments with default value of false when local option is not provided (1 millisecond)
[info] ContainerBehaviorTest:
[info] - should change its lifecycle state to running after all components move to running lifecycle state (61 milliseconds)
[info] - should handle restart message by changing its lifecycle state to Idle (12 milliseconds)
[info] - should change its lifecycle state from Idle to Running after all components have restarted (6 milliseconds)
[info] - should handle GoOnline and GoOffline Lifecycle messages by forwarding to all components (6 milliseconds)
[info] SupervisorLockTest:
[info] - should able to lock and unlock a component (183 milliseconds)
[info] - should forward command messages from client that locked the component and reject for other clients  (131 milliseconds)
[info] - should forward messages that are of type SupervisorLockMessage to TLA (330 milliseconds)
[info] - should expire lock after timeout (437 milliseconds)
[info] - should not publish LockExpired or LockExpiringShortly messages if component is unlocked within timeout (221 milliseconds)
[info] StandaloneComponentTest:
[ERROR] [11/26/2018 12:27:18.657] [csw-remote-actor-system-akka.actor.default-dispatcher-31] [akka.tcp://csw-remote-actor-system@192.168.12.210:38603/system/pool-master] connection pool for PoolGateway(hcps = HostConnectionPoolSetup(localhost,7654,ConnectionPoolSetup(ConnectionPoolSettings(32,0,5,32,1,30 seconds,ClientConnectionSettings(Some(User-Agent: akka-http/10.1.5),10 seconds,1 minute,512,None,WebSocketSettings(<function0>,ping,Duration.Inf,akka.http.impl.settings.WebSocketSettingsImpl$$$Lambda$1663/251544363@1912e),List(),ParserSettings(2048,16,64,64,8192,64,8388608,8388608,256,1048576,Strict,RFC6265,true,Set(),Full,Error,Map(If-Range -> 0, If-Modified-Since -> 0, If-Unmodified-Since -> 0, default -> 12, Content-MD5 -> 0, Date -> 0, If-Match -> 0, If-None-Match -> 0, User-Agent -> 32),false,true,akka.util.ConstantFun$$$Lambda$1132/1990917962@7ae8f3a3,akka.util.ConstantFun$$$Lambda$1132/1990917962@7ae8f3a3,akka.util.ConstantFun$$$Lambda$1133/769783781@77065d7b),None,TCPTransport),New,50 seconds),akka.http.scaladsl.HttpConnectionContext$@7b022a54,akka.event.MarkerLoggingAdapter@14b38289))) has shut down unexpectedly
[info] - should start a component in standalone mode and register with location service (1 second, 739 milliseconds)
[info] SupervisorBehaviorLifecycleTest:
[info] - supervisor should start in Idle lifecycle state and spawn two actors (54 milliseconds)
[info] - supervisor should accept Running message and register with Location service when LocationServiceUsage is RegisterOnly (21 milliseconds)
[info] - supervisor should accept Running message and should not register when LocationServiceUsage is DoNotRegister (21 milliseconds)
[info] - supervisor should publish state change after successful registration with location service (20 milliseconds)
[info] - supervisor should publish state change if locationServiceUsage is DoNotRegister (20 milliseconds)
[info] - supervisor should handle LifecycleStateSubscription message by coordinating with pub sub actor (21 milliseconds)
[info] - supervisor should handle lifecycle Restart message (28 milliseconds)
[info] - supervisor should handle lifecycle GoOffline message (25 milliseconds)
[info] - supervisor should handle lifecycle GoOnline message (39 milliseconds)
[info] - supervisor should handle Terminated signal for Idle lifecycle state (24 milliseconds)
[info] - supervisor should handle Command Response Manager messages by forwarding it to Command Response Manager (20 milliseconds)
[info] SupervisorModuleTest:
[info] - onInitialized and onRun hooks of comp handlers should be invoked when supervisor creates comp (733 milliseconds)
[info] - onSubmit hook should be invoked and command validation should be successful on receiving Setup config (433 milliseconds)
[info] - onOneway hook should be invoked and command validation should be successful on receiving Observe config (247 milliseconds)
[info] - component handler should be able to validate a Setup or Observe command as failure during validation (246 milliseconds)
[info] - onGoOffline and goOnline hooks of comp handlers should be invoked when supervisor receives Lifecycle messages (243 milliseconds)
[info] - should invoke onShutdown hook when supervisor restarts component using Restart external message (953 milliseconds)
[info] - running component should ignore RunOnline lifecycle message when it is already online (2 seconds, 237 milliseconds)
[info] - running component should ignore RunOffline lifecycle message when it is already offline (2 seconds, 243 milliseconds)
[info] - handle InitializeTimeout by stopping TLA (96 milliseconds)
[info] JCommandIntegrationTest:
[info] - testSupervisorLock
[info] - testCommandExecutionBetweenComponents
[info] - testSubscribeCurrentState
[info] - testCommandFailure
[info] - testSubmitAll
[info] - testSubscribeOnlyCurrentState
[info] - testCRMUsageForCompletion
[info] - testCRMUsageForSubComands
[WARN] [11/26/2018 12:27:44.535] [csw-remote-actor-system-akka.actor.default-dispatcher-32] [csw-remote-actor-system/Pool(shared->http://localhost:7654)] [0 (WaitingForResponse)] Ongoing request [POST /location/unregister Strict(113 bytes)] was dropped because pool is shutting down
[info] PubSubBehaviorTest:
[info] - message should be published to all the subscribers (4 milliseconds)
[info] - message should be published to the subscribers depending on names (3 milliseconds)
[info] - should not receive messages on un-subscription (54 milliseconds)
[info] SupervisorLifecycleFailureTest:
[info] - handle TLA failure with FailureStop exception in initialize with Restart message (375 milliseconds)
[info] - handle TLA failure with FailureRestart exception in initialize (330 milliseconds)
[info] - handle TLA failure with FailureRestart exception in Running (521 milliseconds)
[info] ScalaTest
[info] Run completed in 3 minutes, 38 seconds.
[info] Total number of tests run: 78
[info] Suites: completed 6, aborted 0
[info] Tests: succeeded 78, failed 0, canceled 0, ignored 0, pending 0
[info] All tests passed.
[info] Passed: Total 78, Failed 0, Errors 0, Passed 78
[info] ScalaTest
[info] Run completed in 3 minutes, 38 seconds.
[info] Total number of tests run: 41
[info] Suites: completed 2, aborted 0
[info] Tests: succeeded 41, failed 0, canceled 0, ignored 0, pending 0
[info] All tests passed.
[info] Passed: Total 41, Failed 0, Errors 0, Passed 41
[info] ScalaTest
[info] Run completed in 3 minutes, 38 seconds.
[info] Total number of tests run: 63
[info] Suites: completed 2, aborted 0
[info] Tests: succeeded 63, failed 0, canceled 0, ignored 0, pending 0
[info] All tests passed.
[info] Passed: Total 63, Failed 0, Errors 0, Passed 63
[info] ScalaTest
[info] Run completed in 3 minutes, 38 seconds.
[info] Total number of tests run: 98
[info] Suites: completed 19, aborted 0
[info] Tests: succeeded 97, failed 1, canceled 0, ignored 0, pending 0
[info] *** 1 TEST FAILED ***
[error] Failed: Total 98, Failed 1, Errors 0, Passed 97
[error] Failed tests:
[error] 	csw.framework.integration.EventServiceIntegrationTest
[info] * csw.config.client.ConfigServiceTest
[JVM-1] Run starting. Expected test count is: 2
[JVM-1] ConfigServiceTestMultiJvmNode1:
[JVM-2] Run starting. Expected test count is: 2
[JVM-2] ConfigServiceTestMultiJvmNode2:
[JVM-1] - ensure that location service is up for all the nodes
[JVM-2] - ensure that location service is up for all the nodes
[JVM-1] WARNING: An illegal reflective access operation has occurred
[JVM-1] WARNING: Illegal reflective access by org.jboss.netty.util.internal.ByteBufferUtil (file:/home/girish/IdeaProjects/csw/csw-config-client/target/multi-run-copied-libraries/netty-3.10.6.Final.jar) to method java.nio.DirectByteBuffer.cleaner()
[JVM-1] WARNING: Please consider reporting this to the maintainers of org.jboss.netty.util.internal.ByteBufferUtil
[JVM-1] WARNING: Use --illegal-access=warn to enable warnings of further illegal reflective access operations
[JVM-1] WARNING: All illegal access operations will be denied in a future release
[JVM-2] WARNING: An illegal reflective access operation has occurred
[JVM-2] WARNING: Illegal reflective access by com.esotericsoftware.kryo.util.UnsafeUtil (file:/home/girish/IdeaProjects/csw/csw-config-client/target/multi-run-copied-libraries/kryo-shaded-4.0.2.jar) to constructor java.nio.DirectByteBuffer(long,int,java.lang.Object)
[JVM-2] WARNING: Please consider reporting this to the maintainers of com.esotericsoftware.kryo.util.UnsafeUtil
[JVM-2] WARNING: Use --illegal-access=warn to enable warnings of further illegal reflective access operations
[JVM-2] WARNING: All illegal access operations will be denied in a future release
[JVM-2] - should start config service server on one node and client should able to create and get files from other node
[JVM-1] - should start config service server on one node and client should able to create and get files from other node
[JVM-1] Run completed in 14 seconds, 386 milliseconds.
[JVM-1] Total number of tests run: 2
[JVM-1] Suites: completed 1, aborted 0
[JVM-1] Tests: succeeded 2, failed 0, canceled 0, ignored 0, pending 0
[JVM-1] All tests passed.
[JVM-2] Run completed in 14 seconds, 412 milliseconds.
[JVM-2] Total number of tests run: 2
[JVM-2] Suites: completed 1, aborted 0
[JVM-2] Tests: succeeded 2, failed 0, canceled 0, ignored 0, pending 0
[JVM-2] All tests passed.
[JVM-2] [ERROR] [11/26/2018 12:28:18.228] [default-akka.actor.default-dispatcher-32] [akka.tcp://default@127.0.1.1:45451/system/pool-master] connection pool for PoolGateway(hcps = HostConnectionPoolSetup(192.168.12.210,4000,ConnectionPoolSetup(ConnectionPoolSettings(10,0,5,32,1,30 seconds,ClientConnectionSettings(Some(User-Agent: akka-http/10.1.5),10 seconds,1 minute,512,None,WebSocketSettings(<function0>,ping,Duration.Inf,akka.http.impl.settings.WebSocketSettingsImpl$$$Lambda$1289/1320248993@50d49d40),List(),ParserSettings(2048,16,64,64,8192,64,8388608,8388608,256,1048576,Strict,RFC6265,true,Set(),Full,Error,Map(If-Range -> 0, If-Modified-Since -> 0, If-Unmodified-Since -> 0, default -> 12, Content-MD5 -> 0, Date -> 0, If-Match -> 0, If-None-Match -> 0, User-Agent -> 32),false,true,akka.util.ConstantFun$$$Lambda$910/13001549@457cb127,akka.util.ConstantFun$$$Lambda$910/13001549@457cb127,akka.util.ConstantFun$$$Lambda$911/1710591086@5b93b368),None,TCPTransport),New,50 seconds),akka.http.scaladsl.HttpConnectionContext$@2f591bc7,akka.event.MarkerLoggingAdapter@652e8883))) has shut down unexpectedly
[info] * csw.config.ConfigCliAppTest
[JVM-1] Run starting. Expected test count is: 2
[JVM-1] ConfigCliAppTestMultiJvmNode1:
[JVM-2] Run starting. Expected test count is: 2
[JVM-2] ConfigCliAppTestMultiJvmNode2:
[JVM-3] Run starting. Expected test count is: 2
[JVM-3] ConfigCliAppTestMultiJvmNode3:
[JVM-2] - ensure that location service is up for all the nodes
[JVM-3] - ensure that location service is up for all the nodes
[JVM-1] - ensure that location service is up for all the nodes
[JVM-1] WARNING: An illegal reflective access operation has occurred
[JVM-1] WARNING: Illegal reflective access by org.jboss.netty.util.internal.ByteBufferUtil (file:/home/girish/IdeaProjects/csw/csw-config-cli/target/multi-run-copied-libraries/netty-3.10.6.Final.jar) to method java.nio.DirectByteBuffer.cleaner()
[JVM-1] WARNING: Please consider reporting this to the maintainers of org.jboss.netty.util.internal.ByteBufferUtil
[JVM-1] WARNING: Use --illegal-access=warn to enable warnings of further illegal reflective access operations
[JVM-1] WARNING: All illegal access operations will be denied in a future release
[JVM-2] WARNING: An illegal reflective access operation has occurred
[JVM-2] WARNING: Illegal reflective access by org.jboss.netty.util.internal.ByteBufferUtil (file:/home/girish/IdeaProjects/csw/csw-config-cli/target/multi-run-copied-libraries/netty-3.10.6.Final.jar) to method java.nio.DirectByteBuffer.cleaner()
[JVM-2] WARNING: Please consider reporting this to the maintainers of org.jboss.netty.util.internal.ByteBufferUtil
[JVM-2] WARNING: Use --illegal-access=warn to enable warnings of further illegal reflective access operations
[JVM-2] WARNING: All illegal access operations will be denied in a future release
[JVM-3] WARNING: An illegal reflective access operation has occurred
[JVM-3] WARNING: Illegal reflective access by org.jboss.netty.util.internal.ByteBufferUtil (file:/home/girish/IdeaProjects/csw/csw-config-cli/target/multi-run-copied-libraries/netty-3.10.6.Final.jar) to method java.nio.DirectByteBuffer.cleaner()
[JVM-3] WARNING: Please consider reporting this to the maintainers of org.jboss.netty.util.internal.ByteBufferUtil
[JVM-3] WARNING: Use --illegal-access=warn to enable warnings of further illegal reflective access operations
[JVM-3] WARNING: All illegal access operations will be denied in a future release
[JVM-1] - should upload, update, get and set active version of configuration files
[JVM-3] - should upload, update, get and set active version of configuration files
[JVM-2] - should upload, update, get and set active version of configuration files
[JVM-1] Run completed in 20 seconds, 26 milliseconds.
[JVM-1] Total number of tests run: 2
[JVM-1] Suites: completed 1, aborted 0
[JVM-1] Tests: succeeded 2, failed 0, canceled 0, ignored 0, pending 0
[JVM-1] All tests passed.
[JVM-2] Run completed in 20 seconds, 1 milliseconds.
[JVM-2] Total number of tests run: 2
[JVM-2] Suites: completed 1, aborted 0
[JVM-2] Tests: succeeded 2, failed 0, canceled 0, ignored 0, pending 0
[JVM-2] All tests passed.
[JVM-3] Run completed in 20 seconds, 27 milliseconds.
[JVM-3] Total number of tests run: 2
[JVM-3] Suites: completed 1, aborted 0
[JVM-3] Tests: succeeded 2, failed 0, canceled 0, ignored 0, pending 0
[JVM-3] All tests passed.
[info] * csw.framework.command.CommandServiceTest
[JVM-1] Run starting. Expected test count is: 2
[JVM-1] CommandServiceTestMultiJvm1:
[JVM-3] Run starting. Expected test count is: 2
[JVM-3] CommandServiceTestMultiJvm3:
[JVM-2] Run starting. Expected test count is: 2
[JVM-2] CommandServiceTestMultiJvm2:
[JVM-1] - ensure that location service is up for all the nodes
[JVM-3] - ensure that location service is up for all the nodes
[JVM-2] - ensure that location service is up for all the nodes
[JVM-2] WARNING: An illegal reflective access operation has occurred
[JVM-2] WARNING: Illegal reflective access by org.jboss.netty.util.internal.ByteBufferUtil (file:/home/girish/IdeaProjects/csw/csw-framework/target/multi-run-copied-libraries/netty-3.10.6.Final.jar) to method java.nio.DirectByteBuffer.cleaner()
[JVM-2] WARNING: Please consider reporting this to the maintainers of org.jboss.netty.util.internal.ByteBufferUtil
[JVM-2] WARNING: Use --illegal-access=warn to enable warnings of further illegal reflective access operations
[JVM-2] WARNING: All illegal access operations will be denied in a future release
[JVM-1] WARNING: An illegal reflective access operation has occurred
[JVM-1] WARNING: Illegal reflective access by org.jboss.netty.util.internal.ByteBufferUtil (file:/home/girish/IdeaProjects/csw/csw-framework/target/multi-run-copied-libraries/netty-3.10.6.Final.jar) to method java.nio.DirectByteBuffer.cleaner()
[JVM-1] WARNING: Please consider reporting this to the maintainers of org.jboss.netty.util.internal.ByteBufferUtil
[JVM-1] WARNING: Use --illegal-access=warn to enable warnings of further illegal reflective access operations
[JVM-1] WARNING: All illegal access operations will be denied in a future release
[JVM-3] WARNING: An illegal reflective access operation has occurred
[JVM-3] WARNING: Illegal reflective access by org.jboss.netty.util.internal.ByteBufferUtil (file:/home/girish/IdeaProjects/csw/csw-framework/target/multi-run-copied-libraries/netty-3.10.6.Final.jar) to method java.nio.DirectByteBuffer.cleaner()
[JVM-3] WARNING: Please consider reporting this to the maintainers of org.jboss.netty.util.internal.ByteBufferUtil
[JVM-3] WARNING: Use --illegal-access=warn to enable warnings of further illegal reflective access operations
[JVM-3] WARNING: All illegal access operations will be denied in a future release
[JVM-1] - sender of command should receive appropriate responses
[JVM-3] - sender of command should receive appropriate responses
[JVM-2] - sender of command should receive appropriate responses
[JVM-1] Run completed in 31 seconds, 206 milliseconds.
[JVM-2] Run completed in 31 seconds, 182 milliseconds.
[JVM-2] Total number of tests run: 2
[JVM-2] Suites: completed 1, aborted 0
[JVM-2] Tests: succeeded 2, failed 0, canceled 0, ignored 0, pending 0
[JVM-2] All tests passed.
[JVM-1] Total number of tests run: 2
[JVM-3] Run completed in 31 seconds, 187 milliseconds.
[JVM-3] Total number of tests run: 2
[JVM-3] Suites: completed 1, aborted 0
[JVM-3] Tests: succeeded 2, failed 0, canceled 0, ignored 0, pending 0
[JVM-3] All tests passed.
[JVM-1] Suites: completed 1, aborted 0
[JVM-1] Tests: succeeded 2, failed 0, canceled 0, ignored 0, pending 0
[JVM-1] All tests passed.
[info] * csw.framework.command.CancellableCommandTest
[JVM-1] Run starting. Expected test count is: 2
[JVM-1] CancellableCommandTestMultiJvm1:
[JVM-2] Run starting. Expected test count is: 2
[JVM-2] CancellableCommandTestMultiJvm2:
[JVM-1] - ensure that location service is up for all the nodes
[JVM-2] - ensure that location service is up for all the nodes
[JVM-1] WARNING: An illegal reflective access operation has occurred
[JVM-1] WARNING: Illegal reflective access by com.esotericsoftware.kryo.util.UnsafeUtil (file:/home/girish/IdeaProjects/csw/csw-framework/target/multi-run-copied-libraries/kryo-shaded-4.0.2.jar) to constructor java.nio.DirectByteBuffer(long,int,java.lang.Object)
[JVM-1] WARNING: Please consider reporting this to the maintainers of com.esotericsoftware.kryo.util.UnsafeUtil
[JVM-1] WARNING: Use --illegal-access=warn to enable warnings of further illegal reflective access operations
[JVM-1] WARNING: All illegal access operations will be denied in a future release
[JVM-2] WARNING: An illegal reflective access operation has occurred
[JVM-2] WARNING: Illegal reflective access by com.esotericsoftware.kryo.util.UnsafeUtil (file:/home/girish/IdeaProjects/csw/csw-framework/target/multi-run-copied-libraries/kryo-shaded-4.0.2.jar) to constructor java.nio.DirectByteBuffer(long,int,java.lang.Object)
[JVM-2] WARNING: Please consider reporting this to the maintainers of com.esotericsoftware.kryo.util.UnsafeUtil
[JVM-2] WARNING: Use --illegal-access=warn to enable warnings of further illegal reflective access operations
[JVM-2] WARNING: All illegal access operations will be denied in a future release
[JVM-1] - a long running command should be cancellable
[JVM-2] - a long running command should be cancellable
[JVM-1] Run completed in 13 seconds, 372 milliseconds.
[JVM-1] Total number of tests run: 2
[JVM-1] Suites: completed 1, aborted 0
[JVM-1] Tests: succeeded 2, failed 0, canceled 0, ignored 0, pending 0
[JVM-1] All tests passed.
[JVM-2] Run completed in 13 seconds, 370 milliseconds.
[JVM-2] Total number of tests run: 2
[JVM-2] Suites: completed 1, aborted 0
[JVM-2] Tests: succeeded 2, failed 0, canceled 0, ignored 0, pending 0
[JVM-2] All tests passed.
[info] * csw.framework.deploy.containercmd.ContainerCmdTest
[JVM-1] Run starting. Expected test count is: 2
[JVM-1] ContainerCmdTestMultiJvm1:
[JVM-3] Run starting. Expected test count is: 2
[JVM-3] ContainerCmdTestMultiJvm3:
[JVM-2] Run starting. Expected test count is: 2
[JVM-2] ContainerCmdTestMultiJvm2:
[JVM-3] - ensure that location service is up for all the nodes
[JVM-1] - ensure that location service is up for all the nodes
[JVM-2] - ensure that location service is up for all the nodes
[JVM-1] WARNING: An illegal reflective access operation has occurred
[JVM-1] WARNING: Illegal reflective access by org.jboss.netty.util.internal.ByteBufferUtil (file:/home/girish/IdeaProjects/csw/csw-framework/target/multi-run-copied-libraries/netty-3.10.6.Final.jar) to method java.nio.DirectByteBuffer.cleaner()
[JVM-1] WARNING: Please consider reporting this to the maintainers of org.jboss.netty.util.internal.ByteBufferUtil
[JVM-1] WARNING: Use --illegal-access=warn to enable warnings of further illegal reflective access operations
[JVM-1] WARNING: All illegal access operations will be denied in a future release
[JVM-2] WARNING: An illegal reflective access operation has occurred
[JVM-2] WARNING: Illegal reflective access by org.jboss.netty.util.internal.ByteBufferUtil (file:/home/girish/IdeaProjects/csw/csw-framework/target/multi-run-copied-libraries/netty-3.10.6.Final.jar) to method java.nio.DirectByteBuffer.cleaner()
[JVM-2] WARNING: Please consider reporting this to the maintainers of org.jboss.netty.util.internal.ByteBufferUtil
[JVM-2] WARNING: Use --illegal-access=warn to enable warnings of further illegal reflective access operations
[JVM-2] WARNING: All illegal access operations will be denied in a future release
[JVM-3] WARNING: An illegal reflective access operation has occurred
[JVM-3] WARNING: Illegal reflective access by org.jboss.netty.util.internal.ByteBufferUtil (file:/home/girish/IdeaProjects/csw/csw-framework/target/multi-run-copied-libraries/netty-3.10.6.Final.jar) to method java.nio.DirectByteBuffer.cleaner()
[JVM-3] WARNING: Please consider reporting this to the maintainers of org.jboss.netty.util.internal.ByteBufferUtil
[JVM-3] WARNING: Use --illegal-access=warn to enable warnings of further illegal reflective access operations
[JVM-3] WARNING: All illegal access operations will be denied in a future release
[JVM-3] [WARN] [11/26/2018 12:29:55.226] [csw-remote-actor-system-akka.actor.default-dispatcher-17] [csw-remote-actor-system/Pool(shared->http://localhost:7654)] [0 (WaitingForEndOfResponseEntity)] Ongoing request [GET /location/track/exampleHTTPService-service-http Empty] was dropped because pool is shutting down
[JVM-3] [WARN] [11/26/2018 12:29:55.228] [csw-remote-actor-system-akka.actor.default-dispatcher-17] [csw-remote-actor-system/Pool(shared->http://localhost:7654)] [1 (WaitingForEndOfResponseEntity)] Ongoing request [GET /location/track/exampleTcpService-service-tcp Empty] was dropped because pool is shutting down
[JVM-3] - should able to start components in container mode and in standalone mode through configuration service
[JVM-2] - should able to start components in container mode and in standalone mode through configuration service
[JVM-1] - should able to start components in container mode and in standalone mode through configuration service
[JVM-2] Run completed in 25 seconds, 214 milliseconds.
[JVM-2] Total number of tests run: 2
[JVM-2] Suites: completed 1, aborted 0
[JVM-2] Tests: succeeded 2, failed 0, canceled 0, ignored 0, pending 0
[JVM-2] All tests passed.
[JVM-3] Run completed in 25 seconds, 58 milliseconds.
[JVM-3] Total number of tests run: 2
[JVM-3] Suites: completed 1, aborted 0
[JVM-3] Tests: succeeded 2, failed 0, canceled 0, ignored 0, pending 0
[JVM-3] All tests passed.
[JVM-1] Run completed in 25 seconds, 101 milliseconds.
[JVM-1] Total number of tests run: 2
[JVM-1] Suites: completed 1, aborted 0
[JVM-1] Tests: succeeded 2, failed 0, canceled 0, ignored 0, pending 0
[JVM-1] All tests passed.
[info] * csw.framework.command.LongRunningCommandTest
[JVM-1] Run starting. Expected test count is: 2
[JVM-1] LongRunningCommandTestMultiJvm1:
[JVM-3] Run starting. Expected test count is: 2
[JVM-2] Run starting. Expected test count is: 2
[JVM-3] LongRunningCommandTestMultiJvm3:
[JVM-2] LongRunningCommandTestMultiJvm2:
[JVM-1] - ensure that location service is up for all the nodes
[JVM-2] - ensure that location service is up for all the nodes
[JVM-3] - ensure that location service is up for all the nodes
[JVM-1] WARNING: An illegal reflective access operation has occurred
[JVM-1] WARNING: Illegal reflective access by com.esotericsoftware.kryo.util.UnsafeUtil (file:/home/girish/IdeaProjects/csw/csw-framework/target/multi-run-copied-libraries/kryo-shaded-4.0.2.jar) to constructor java.nio.DirectByteBuffer(long,int,java.lang.Object)
[JVM-1] WARNING: Please consider reporting this to the maintainers of com.esotericsoftware.kryo.util.UnsafeUtil
[JVM-1] WARNING: Use --illegal-access=warn to enable warnings of further illegal reflective access operations
[JVM-1] WARNING: All illegal access operations will be denied in a future release
[JVM-3] WARNING: An illegal reflective access operation has occurred
[JVM-3] WARNING: Illegal reflective access by com.esotericsoftware.kryo.util.UnsafeUtil (file:/home/girish/IdeaProjects/csw/csw-framework/target/multi-run-copied-libraries/kryo-shaded-4.0.2.jar) to constructor java.nio.DirectByteBuffer(long,int,java.lang.Object)
[JVM-3] WARNING: Please consider reporting this to the maintainers of com.esotericsoftware.kryo.util.UnsafeUtil
[JVM-3] WARNING: Use --illegal-access=warn to enable warnings of further illegal reflective access operations
[JVM-3] WARNING: All illegal access operations will be denied in a future release
[JVM-2] WARNING: An illegal reflective access operation has occurred
[JVM-2] WARNING: Illegal reflective access by org.jboss.netty.util.internal.ByteBufferUtil (file:/home/girish/IdeaProjects/csw/csw-framework/target/multi-run-copied-libraries/netty-3.10.6.Final.jar) to method java.nio.DirectByteBuffer.cleaner()
[JVM-2] WARNING: Please consider reporting this to the maintainers of org.jboss.netty.util.internal.ByteBufferUtil
[JVM-2] WARNING: Use --illegal-access=warn to enable warnings of further illegal reflective access operations
[JVM-2] WARNING: All illegal access operations will be denied in a future release
[JVM-2] - should be able to send long running commands asynchronously and get the response
[JVM-1] - should be able to send long running commands asynchronously and get the response
[JVM-3] - should be able to send long running commands asynchronously and get the response
[JVM-1] Run completed in 26 seconds, 731 milliseconds.
[JVM-1] Total number of tests run: 2
[JVM-1] Suites: completed 1, aborted 0
[JVM-1] Tests: succeeded 2, failed 0, canceled 0, ignored 0, pending 0
[JVM-1] All tests passed.
[JVM-3] Run completed in 26 seconds, 714 milliseconds.
[JVM-3] Total number of tests run: 2
[JVM-3] Suites: completed 1, aborted 0
[JVM-3] Tests: succeeded 2, failed 0, canceled 0, ignored 0, pending 0
[JVM-3] All tests passed.
[JVM-2] Run completed in 26 seconds, 759 milliseconds.
[JVM-2] Total number of tests run: 2
[JVM-2] Suites: completed 1, aborted 0
[JVM-2] Tests: succeeded 2, failed 0, canceled 0, ignored 0, pending 0
[JVM-2] All tests passed.
[info] csw.config.client.ConfigServiceTest
[info] No tests to run for MultiJvm
[info] csw.config.ConfigCliAppTest
[info] No tests to run for MultiJvm
[info] multi-jvm
[info] csw.framework.command.CommandServiceTest
[info] multi-jvm
[info] csw.framework.command.CancellableCommandTest
[info] multi-jvm
[info] csw.framework.deploy.containercmd.ContainerCmdTest
[info] multi-jvm
[info] csw.framework.command.LongRunningCommandTest
[info] Passed: Total 0, Failed 0, Errors 0, Passed 0
[info] No tests to run for MultiJvm
[info] ArgsParserTest:
[info] - parse without arguments (468 milliseconds)
[info] - parse inspect command without any options (3 milliseconds)
[info] - parse inspect command with only mandatory options (10 milliseconds)
[info] - parse get command without any options (2 milliseconds)
[info] - parse get with only mandatory options (2 milliseconds)
[info] - parse get with json output (2 milliseconds)
[info] - parse get with all options (2 milliseconds)
[info] - parse publish when input data file does not exist (2 milliseconds)
[info] - parse publish with mandatory fields when input data file exist (3 milliseconds)
[info] - parse publish with all fields when input data file exist (1 millisecond)
[info] - parse publish with only params provided (111 milliseconds)
[info] ParameterArgParserTest:
[info] - should able to parse valid single param string when key name, type, units & values provided (80 milliseconds)
[info] - should able to parse valid string params (1 millisecond)
[info] - should able to parse valid string params with single quote and comma (1 millisecond)
[info] - should able to parse all valid space separated multi param string (33 milliseconds)
[info] - should throw exception when values are not provided for some of the param (1 millisecond)
[info] - should throw exception when unsupported key type provided (1 millisecond)
[info] - should throw exception when invalid unit provided (2 milliseconds)
[info] KeyArgTest:
[info] - should able to parse valid ':' separated string when key name, type and units provided (0 milliseconds)
[info] - should able to parse valid ':' separated string when units are not provided (0 milliseconds)
[info] - should throw exception when key type is missing (1 millisecond)
[info] EventOnelineTransformerTest:
[info] - should be able to inspect entire event in oneline format (178 milliseconds)
[info] - should be able to get entire event in oneline format (5 milliseconds)
[info] - should be able to get specified paths for event in oneline format (3 milliseconds)
[info] - should be able to get paths for multiple events in oneline format (5 milliseconds)
[info] - should be able to get partial struct paths from event in oneline format (3 milliseconds)
[info] - should be able to log timestamp in oneline format (2 milliseconds)
[info] - should be able to log id per event in oneline format (2 milliseconds)
[info] - should be able to log units per event in oneline format (2 milliseconds)
[info] EventJsonTransformerTest:
[info] - should be able to get entire event json when no paths are specified (80 milliseconds)
[info] - should be able to get top level non struct key from json (45 milliseconds)
[info] - should be able to get top level partial struct key from json (8 milliseconds)
[info] - should be able to get specified paths two levels deep in event in json format (12 milliseconds)
[info] - should be able to get multiple specified paths in event in json format (5 milliseconds)
[info] - should be able to get specified paths for multiple events in json format (18 milliseconds)
[info] - should be able to get full struct if both partial struct path and full path are given (4 milliseconds)
[info] CommandLineRunnerTest:
[info] - should able to inspect events containing multiple parameters including recursive structs (229 milliseconds)
[info] - should able to get events in json format (49 milliseconds)
[info] - should able to get appropriate error message when there is no event published for provided key (4 milliseconds)
[info] - should able to get events in oneline format (7 milliseconds)
[info] - should able to get events in oneline terse format (6 milliseconds)
[info] - should able to publish event when event key and event json file provided (20 milliseconds)
[info] - should able to publish event with interval (2 seconds, 569 milliseconds)
[info] - should able to publish event when params are provided (607 milliseconds)
[info] - should be able to subscribe and get json output to event key (1 second, 563 milliseconds)
[info] - should be able to subscribe to event key and get oneline output (1 second, 519 milliseconds)
[info] - should be able to subscribe to event key using terse mode and get oneline output (1 second, 514 milliseconds)
[ERROR] [11/26/2018 12:30:49.559] [event-cli-akka.actor.default-dispatcher-35] [akka.tcp://event-cli@127.0.1.1:34513/system/pool-master] connection pool for PoolGateway(hcps = HostConnectionPoolSetup(localhost,7654,ConnectionPoolSetup(ConnectionPoolSettings(20,0,5,32,1,30 seconds,ClientConnectionSettings(Some(User-Agent: akka-http/10.1.5),10 seconds,1 minute,512,None,WebSocketSettings(<function0>,ping,Duration.Inf,akka.http.impl.settings.WebSocketSettingsImpl$$$Lambda$1753/906526132@2527f24d),List(),ParserSettings(2048,16,64,64,8192,64,8388608,8388608,256,1048576,Strict,RFC6265,true,Set(),Full,Error,Map(If-Range -> 0, If-Modified-Since -> 0, If-Unmodified-Since -> 0, default -> 12, Content-MD5 -> 0, Date -> 0, If-Match -> 0, If-None-Match -> 0, User-Agent -> 32),false,true,akka.util.ConstantFun$$$Lambda$1447/893386341@5ffab8f6,akka.util.ConstantFun$$$Lambda$1447/893386341@5ffab8f6,akka.util.ConstantFun$$$Lambda$1448/1168678978@7fe2ef52),None,TCPTransport),New,50 seconds),akka.http.scaladsl.HttpConnectionContext$@65cddf79,akka.event.MarkerLoggingAdapter@6d41780f))) has shut down unexpectedly
[info] FrameworkTestKitJunitTest:
[info] - shouldStartAllProvidedCSWServices
[info] ScalaTestFrameworkTestKitSpec:
[info] - should start all the provided services (63 milliseconds)
[ERROR] [11/26/2018 12:31:01.518] [framework-testkit-akka.actor.default-dispatcher-33] [akka.tcp://framework-testkit@192.168.12.210:35615/system/pool-master] connection pool for PoolGateway(hcps = HostConnectionPoolSetup(localhost,7654,ConnectionPoolSetup(ConnectionPoolSettings(4,0,5,32,1,30 seconds,ClientConnectionSettings(Some(User-Agent: akka-http/10.1.5),10 seconds,1 minute,512,None,WebSocketSettings(<function0>,ping,Duration.Inf,akka.http.impl.settings.WebSocketSettingsImpl$$$Lambda$1377/1453850632@2097624),List(),ParserSettings(2048,16,64,64,8192,64,8388608,8388608,256,1048576,Strict,RFC6265,true,Set(),Full,Error,Map(If-Range -> 0, If-Modified-Since -> 0, If-Unmodified-Since -> 0, default -> 12, Content-MD5 -> 0, Date -> 0, If-Match -> 0, If-None-Match -> 0, User-Agent -> 32),false,true,akka.util.ConstantFun$$$Lambda$799/557982640@667adfe2,akka.util.ConstantFun$$$Lambda$799/557982640@667adfe2,akka.util.ConstantFun$$$Lambda$800/79718445@465b88b1),None,TCPTransport),New,1 second),akka.http.scaladsl.HttpConnectionContext$@f2a7e08,akka.event.MarkerLoggingAdapter@43e33428))) has shut down unexpectedly
[info] UtilsTest:
[info] - testGetFreePort (52 milliseconds)
[info] - testGetAppConfig (63 milliseconds)
[info] - testNonExistantAppConfig (0 milliseconds)
[info] CommandTest:
[info] - testParse with no options should return command with default values (116 milliseconds)
[info] - testParse with options should return executable command (1 millisecond)
[info] - testParse with config file should honour config options (2 milliseconds)
[info] - testParse with config file but undefined value (2 milliseconds)
[info] - testParse with config file port, command parameters are overridable from command line (1 millisecond)
[info] - testParse when empty command is specified, should execute a 'false' command (0 milliseconds)
[info] MainTest:
[info] - Test with command line args (2 seconds, 701 milliseconds)
[info] - Test with config file (1 second, 199 milliseconds)
[ERROR] [11/26/2018 12:31:11.401] [default-akka.actor.default-dispatcher-4] [akka://default/system/pool-master] connection pool for PoolGateway(hcps = HostConnectionPoolSetup(localhost,7654,ConnectionPoolSetup(ConnectionPoolSettings(4,0,5,32,1,30 seconds,ClientConnectionSettings(Some(User-Agent: akka-http/10.1.5),10 seconds,1 minute,512,None,WebSocketSettings(<function0>,ping,Duration.Inf,akka.http.impl.settings.WebSocketSettingsImpl$$$Lambda$1461/500304218@1a0580bc),List(),ParserSettings(2048,16,64,64,8192,64,8388608,8388608,256,1048576,Strict,RFC6265,true,Set(),Full,Error,Map(If-Range -> 0, If-Modified-Since -> 0, If-Unmodified-Since -> 0, default -> 12, Content-MD5 -> 0, Date -> 0, If-Match -> 0, If-None-Match -> 0, User-Agent -> 32),false,true,akka.util.ConstantFun$$$Lambda$882/1597617136@af67038,akka.util.ConstantFun$$$Lambda$882/1597617136@af67038,akka.util.ConstantFun$$$Lambda$883/345657981@7296b422),None,TCPTransport),New,1 second),akka.http.scaladsl.HttpConnectionContext$@44a0daac,akka.event.MarkerLoggingAdapter@6437288b))) has shut down unexpectedly
[info] ArgsParserTest:
[info] - test parser with valid arguments (20 milliseconds)
[info] - test parser with invalid service name combinations (9 milliseconds)
[info] - test parser with only --name option, should be allowed (1 millisecond)
[info] - test parser without --name option, should error out (1 millisecond)
[info] - test parser with service name containing '-' character, should error out (2 milliseconds)
[info] - test parser with list of services containing leading/trailing whitespace, should error out (1 millisecond)
[info] - test parser with service name containing leading whitespace, should error out (1 millisecond)
[info] - test parser with service name containing trailing whitespace, should error out (1 millisecond)
[info] - test parser with service name containing both leading and trailing whitespaces, error is shown (1 millisecond)
[info] JResultTest:
[info] - showUniqueKeyConstraintExample
[info] - showJsonSerialization
[info] - showUsageOfResult
[info] JStateVariablesTest:
[info] - showUsageOfCurrentState
[info] - showUniqueKeyConstraintExample
[info] - showUsageOfDemandState
[info] - showJsonSerialization
[info] ScalaTestIntegrationExampleTest:
[info] - test spawning component in standalone mode (969 milliseconds)
[info] SampleAssemblyTest:
[info] - Assembly should be locatable using Location Service (168 milliseconds)
[ERROR] [11/26/2018 12:31:25.809] [framework-testkit-akka.actor.default-dispatcher-14] [akka.tcp://framework-testkit@192.168.12.210:35707/system/pool-master] connection pool for PoolGateway(hcps = HostConnectionPoolSetup(localhost,7654,ConnectionPoolSetup(ConnectionPoolSettings(4,0,5,32,1,30 seconds,ClientConnectionSettings(Some(User-Agent: akka-http/10.1.5),10 seconds,1 minute,512,None,WebSocketSettings(<function0>,ping,Duration.Inf,akka.http.impl.settings.WebSocketSettingsImpl$$$Lambda$1598/380420753@1e4cef93),List(),ParserSettings(2048,16,64,64,8192,64,8388608,8388608,256,1048576,Strict,RFC6265,true,Set(),Full,Error,Map(If-Range -> 0, If-Modified-Since -> 0, If-Unmodified-Since -> 0, default -> 12, Content-MD5 -> 0, Date -> 0, If-Match -> 0, If-None-Match -> 0, User-Agent -> 32),false,true,akka.util.ConstantFun$$$Lambda$799/1856128687@1be1d185,akka.util.ConstantFun$$$Lambda$799/1856128687@1be1d185,akka.util.ConstantFun$$$Lambda$800/776178157@65dcb42a),None,TCPTransport),New,1 second),akka.http.scaladsl.HttpConnectionContext$@1c15ff75,akka.event.MarkerLoggingAdapter@25cb2380))) has shut down unexpectedly
[info] JEventsTest:
[info] - showUsageOfSystemEvent
[info] - showUsageOfProtobuf
[info] - showUsageOfEventTime
[info] - showUsageOfJsonSerialization
[info] - showUniqueKeyConstraintExample
[info] - showUsageOfObserveEvent
[info] JConfigClientExampleTest:
[info] - testList
[info] - testCreateUpdateDelete
[info] - testGetById
[info] - testHistory
[info] - testActiveFileManagement
[info] - testGetActive
[info] - testGetMetadata
[info] - testGetByTime
[info] - testGetLatest
[info] - testExists
[ERROR] [11/26/2018 12:31:44.719] [framework-testkit-akka.actor.default-dispatcher-142] [akka.tcp://framework-testkit@192.168.12.210:39969/system/pool-master] connection pool for PoolGateway(hcps = HostConnectionPoolSetup(localhost,7654,ConnectionPoolSetup(ConnectionPoolSettings(4,0,5,32,1,30 seconds,ClientConnectionSettings(Some(User-Agent: akka-http/10.1.5),10 seconds,1 minute,512,None,WebSocketSettings(<function0>,ping,Duration.Inf,akka.http.impl.settings.WebSocketSettingsImpl$$$Lambda$1598/380420753@1e4cef93),List(),ParserSettings(2048,16,64,64,8192,64,8388608,8388608,256,1048576,Strict,RFC6265,true,Set(),Full,Error,Map(If-Range -> 0, If-Modified-Since -> 0, If-Unmodified-Since -> 0, default -> 12, Content-MD5 -> 0, Date -> 0, If-Match -> 0, If-None-Match -> 0, User-Agent -> 32),false,true,akka.util.ConstantFun$$$Lambda$799/1856128687@1be1d185,akka.util.ConstantFun$$$Lambda$799/1856128687@1be1d185,akka.util.ConstantFun$$$Lambda$800/776178157@65dcb42a),None,TCPTransport),New,1 second),akka.http.scaladsl.HttpConnectionContext$@1c15ff75,akka.event.MarkerLoggingAdapter@4d5981dc))) has shut down unexpectedly
[info] CommandsTest:
[info] Examples of Prefix
[info] - should show usage of utility functions (11 milliseconds)
[info] Examples of commands
[info] - Should show usage of Setup command (8 milliseconds)
[info] - Should show usage of Observe command (11 milliseconds)
[info] - Should show usage of Wait command (485 milliseconds)
[info] Examples of serialization
[info] - should show reading and writing of commands (141 milliseconds)
[info] Examples of unique key constraint
[info] - should show duplicate keys are removed (20 milliseconds)
[info] Examples of clone command
[info] - clone command creates a command from existing command with a new RunId for Setup, Observe or Wait (1 millisecond)
[info] EventsTest:
[info] Examples of EventTime
[info] - should show usage of utility functions (1 millisecond)
[info] Examples of Events
[info] - should show usages of ObserveEvent (1 millisecond)
[info] - should show usages of SystemEvent (1 millisecond)
[info] Examples of serialization
[info] - should show reading and writing of events (4 milliseconds)
[info] Examples of unique key constraint
[info] - should show duplicate keys are removed (2 milliseconds)
[info] Examples of protobuf
[info] - should show usage of converting events to/from protobuf (0 milliseconds)
[info] TestKitsExampleTest:
[info] - framework testkit example for spawning container (327 milliseconds)
[info] JCommandsTest:
[info] - showUsageOfObserveCommand
[info] - showUsageOfSetupCommand
[info] - showUniqueKeyConstraintExample
[info] - showUsageOfWaitCommand
[info] - showUsageOfUtilityFunctions
[info] - showCloneCommandExample
[info] - showJsonSerialization
[info] ConfigClientExampleTest:
[info] - exists (196 milliseconds)
[info] - getActive (156 milliseconds)
[info] - create-update-delete (2 seconds, 229 milliseconds)
[info] - getById (71 milliseconds)
[info] - getLatest (87 milliseconds)
[info] - getByTime (337 milliseconds)
[info] - list (368 milliseconds)
[info] - history (143 milliseconds)
[info] - historyActive-setActiveVersion-resetActiveVersion-getActiveVersion-getActiveByTime (309 milliseconds)
[info] - getMetadata (19 milliseconds)
[ERROR] [11/26/2018 12:32:17.419] [framework-testkit-akka.actor.default-dispatcher-88] [akka.tcp://framework-testkit@192.168.12.210:33623/system/pool-master] connection pool for PoolGateway(hcps = HostConnectionPoolSetup(localhost,7654,ConnectionPoolSetup(ConnectionPoolSettings(4,0,5,32,1,30 seconds,ClientConnectionSettings(Some(User-Agent: akka-http/10.1.5),10 seconds,1 minute,512,None,WebSocketSettings(<function0>,ping,Duration.Inf,akka.http.impl.settings.WebSocketSettingsImpl$$$Lambda$1598/380420753@1e4cef93),List(),ParserSettings(2048,16,64,64,8192,64,8388608,8388608,256,1048576,Strict,RFC6265,true,Set(),Full,Error,Map(If-Range -> 0, If-Modified-Since -> 0, If-Unmodified-Since -> 0, default -> 12, Content-MD5 -> 0, Date -> 0, If-Match -> 0, If-None-Match -> 0, User-Agent -> 32),false,true,akka.util.ConstantFun$$$Lambda$799/1856128687@1be1d185,akka.util.ConstantFun$$$Lambda$799/1856128687@1be1d185,akka.util.ConstantFun$$$Lambda$800/776178157@65dcb42a),None,TCPTransport),New,1 second),akka.http.scaladsl.HttpConnectionContext$@1c15ff75,akka.event.MarkerLoggingAdapter@77843e81))) has shut down unexpectedly
[info] JSampleAssemblyTest:
[info] - testAssemblyShouldBeLocatableUsingLocationService
[ERROR] [11/26/2018 12:32:19.232] [framework-testkit-akka.actor.default-dispatcher-36] [akka.tcp://framework-testkit@192.168.12.210:45803/system/pool-master] connection pool for PoolGateway(hcps = HostConnectionPoolSetup(localhost,7654,ConnectionPoolSetup(ConnectionPoolSettings(4,0,5,32,1,30 seconds,ClientConnectionSettings(Some(User-Agent: akka-http/10.1.5),10 seconds,1 minute,512,None,WebSocketSettings(<function0>,ping,Duration.Inf,akka.http.impl.settings.WebSocketSettingsImpl$$$Lambda$1598/380420753@1e4cef93),List(),ParserSettings(2048,16,64,64,8192,64,8388608,8388608,256,1048576,Strict,RFC6265,true,Set(),Full,Error,Map(If-Range -> 0, If-Modified-Since -> 0, If-Unmodified-Since -> 0, default -> 12, Content-MD5 -> 0, Date -> 0, If-Match -> 0, If-None-Match -> 0, User-Agent -> 32),false,true,akka.util.ConstantFun$$$Lambda$799/1856128687@1be1d185,akka.util.ConstantFun$$$Lambda$799/1856128687@1be1d185,akka.util.ConstantFun$$$Lambda$800/776178157@65dcb42a),None,TCPTransport),New,1 second),akka.http.scaladsl.HttpConnectionContext$@1c15ff75,akka.event.MarkerLoggingAdapter@7942880d))) has shut down unexpectedly
[info] KeysAndParametersTest:
[info] Examples of keys and parameters
[info] - should show usage of primitive types (8 milliseconds)
[info] - should show usage of arrays (5 milliseconds)
[info] - should show usage of matrices (2 milliseconds)
[info] - should show usage of choice (10 milliseconds)
[info] - should show usage of radec (0 milliseconds)
[info] - should show usage of struct (0 milliseconds)
[info] - should show usage of units (0 milliseconds)
[info] JTestKitsExampleTest:
[info] - shouldAbleToSpawnContainerUsingTestKit
[ERROR] [11/26/2018 12:32:21.591] [framework-testkit-akka.actor.default-dispatcher-28] [akka.tcp://framework-testkit@192.168.12.210:35639/system/pool-master] connection pool for PoolGateway(hcps = HostConnectionPoolSetup(localhost,7654,ConnectionPoolSetup(ConnectionPoolSettings(4,0,5,32,1,30 seconds,ClientConnectionSettings(Some(User-Agent: akka-http/10.1.5),10 seconds,1 minute,512,None,WebSocketSettings(<function0>,ping,Duration.Inf,akka.http.impl.settings.WebSocketSettingsImpl$$$Lambda$1598/380420753@1e4cef93),List(),ParserSettings(2048,16,64,64,8192,64,8388608,8388608,256,1048576,Strict,RFC6265,true,Set(),Full,Error,Map(If-Range -> 0, If-Modified-Since -> 0, If-Unmodified-Since -> 0, default -> 12, Content-MD5 -> 0, Date -> 0, If-Match -> 0, If-None-Match -> 0, User-Agent -> 32),false,true,akka.util.ConstantFun$$$Lambda$799/1856128687@1be1d185,akka.util.ConstantFun$$$Lambda$799/1856128687@1be1d185,akka.util.ConstantFun$$$Lambda$800/776178157@65dcb42a),None,TCPTransport),New,1 second),akka.http.scaladsl.HttpConnectionContext$@1c15ff75,akka.event.MarkerLoggingAdapter@6cb282e4))) has shut down unexpectedly
[ERROR] [11/26/2018 12:32:22.433] [csw-location-server-akka.actor.default-dispatcher-5] [akka.tcp://JSampleAssembly-system@192.168.12.210:34563/user/system/JSampleAssembly] swallowing exception during message send (akka.remote.RemoteTransportExceptionNoStackTrace: Attempted to send remote message but Remoting is not running.)
[info] JSampleHcdTest:
[info] - testShouldBeAbleToSubscribeToHCDEvents
[info] - testShouldGetExecutionExceptionIfSubmitTimeoutIsTooSmall
[info] - testShouldBeAbleToSendSleepCommandToHCD
[info] - testHCDShouldBeLocatableUsingLocationService
[info] StateVariablesTest:
[info] Examples of State variables
[info] - should show usages of DemandState (7 milliseconds)
[info] - should show usages of CurrentState (1 millisecond)
[info] Examples of serialization
[info] - should show reading and writing of State variables (3 milliseconds)
[info] Examples of unique key constraint
[info] - should show duplicate keys are removed (2 milliseconds)
[info] SampleHcdTest:
[info] - HCD should be locatable using Location Service (263 milliseconds)
[info] - should be able to subscribe to HCD events (7 seconds, 9 milliseconds)
[info] - should be able to send sleep command to HCD (5 seconds, 6 milliseconds)
[info] - should get timeout exception if submit timeout is too small (1 second, 8 milliseconds)
[info] ResultTest:
[info] Examples of Result
[info] - Should show usage of Result (2 milliseconds)
[info] Examples of serialization
[info] - should show reading and writing of commands (5 milliseconds)
[info] Examples of unique key constraint
[info] - should show duplicate keys are removed (4 milliseconds)
[info] JUnitIntegrationExampleTest:
[info] - testSpawningComponentInStandaloneMode
[info] JKeysAndParametersTest:
[info] - showUsageOfMatrices
[info] - showUsageOfArrays
[info] - showUsageOfChoice
[info] - showUsageOfRaDec
[info] - showUsageOfUnits
[info] - showUsageOfPrimitiveTypes
[info] - showUsageOfStruct
[info] AkkaLogAdminTest:
[info] - should able to get the current component log meta data (239 milliseconds)
[info] - should able to set log level of the component dynamically through http end point (344 milliseconds)
[info] - should give appropriate exception when component name is incorrect (101 milliseconds)
[info] - should give appropriate exception when logging level is incorrect (23 milliseconds)
[WARN] [11/26/2018 12:33:09.149] [csw-remote-actor-system-akka.actor.default-dispatcher-2] [csw-remote-actor-system/Pool(shared->http://localhost:7654)] [0 (WaitingForResponse)] Ongoing request [POST /location/unregister Strict(93 bytes)] was dropped because pool is shutting down
[WARN] [11/26/2018 12:33:09.154] [csw-remote-actor-system-akka.actor.default-dispatcher-2] [csw-remote-actor-system/Pool(shared->http://localhost:7654)] [1 (WaitingForEndOfResponseEntity)] Ongoing request [GET /location/track/Motion_Controller-hcd-akka Empty] was dropped because pool is shutting down
[WARN] [11/26/2018 12:33:09.154] [csw-remote-actor-system-akka.actor.default-dispatcher-2] [csw-remote-actor-system/Pool(shared->http://localhost:7654)] [4 (WaitingForEndOfResponseEntity)] Ongoing request [GET /location/track/Galil-hcd-akka Empty] was dropped because pool is shutting down
[info] HttpAndTcpLogAdminTest:
[info] - get component log meta data for http service not supported (15 milliseconds)
[info] - set component log level for http service not supported (6 milliseconds)
[info] - get component log meta data and set log level for tcp service not supported (6 milliseconds)
[info] - set component log level for tcp service not supported (6 milliseconds)
[info] ArgsParserTest:
[info] - parse without arguments (9 milliseconds)
[info] - parse when only port argument provided (2 milliseconds)
[info] - parse with all arguments (0 milliseconds)
[info] ScalaTest
[info] Run completed in 2 minutes, 46 seconds.
[info] Total number of tests run: 47
[info] Suites: completed 6, aborted 0
[info] Tests: succeeded 47, failed 0, canceled 0, ignored 0, pending 0
[info] All tests passed.
[info] Passed: Total 47, Failed 0, Errors 0, Passed 47
[info] ScalaTest
[info] Run completed in 2 minutes, 45 seconds.
[info] Total number of tests run: 2
[info] Suites: completed 2, aborted 0
[info] Tests: succeeded 2, failed 0, canceled 0, ignored 0, pending 0
[info] All tests passed.
[info] Passed: Total 2, Failed 0, Errors 0, Passed 2
[info] ScalaTest
[info] Run completed in 2 minutes, 45 seconds.
[info] Total number of tests run: 20
[info] Suites: completed 4, aborted 0
[info] Tests: succeeded 20, failed 0, canceled 0, ignored 0, pending 0
[info] All tests passed.
[info] Passed: Total 20, Failed 0, Errors 0, Passed 20
[info] ScalaTest
[info] Run completed in 2 minutes, 45 seconds.
[info] Total number of tests run: 88
[info] Suites: completed 20, aborted 0
[info] Tests: succeeded 88, failed 0, canceled 0, ignored 0, pending 0
[info] All tests passed.
[info] Passed: Total 88, Failed 0, Errors 0, Passed 88
[info] ScalaTest
[info] Run completed in 2 minutes, 45 seconds.
[info] Total number of tests run: 0
[info] Suites: completed 0, aborted 0
[info] Tests: succeeded 0, failed 0, canceled 0, ignored 0, pending 0
[info] No tests were executed.
[info] ScalaTest
[info] Run completed in 2 minutes, 45 seconds.
[info] Total number of tests run: 11
[info] Suites: completed 3, aborted 0
[info] Tests: succeeded 11, failed 0, canceled 0, ignored 0, pending 0
[info] All tests passed.
[info] Passed: Total 11, Failed 0, Errors 0, Passed 11
[info] Run completed in 119 milliseconds.
[info] Total number of tests run: 0
[info] Suites: completed 0, aborted 0
[info] Tests: succeeded 0, failed 0, canceled 0, ignored 0, pending 0
[info] No tests were executed.
[error] (csw-event-client / Test / test) sbt.TestsFailedException: Tests unsuccessful
[error] (csw-framework / Test / test) sbt.TestsFailedException: Tests unsuccessful
[error] Total time: 1288 s, completed 26-Nov-2018, 12:33:20 PM
[INFO] [11/26/2018 12:33:20.324] [Thread-292] [CoordinatedShutdown(akka://sbt-web)] Starting coordinated shutdown from JVM shutdown hook
